

================================================================
== Vitis HLS Report for 'DebayerRatBorBatR_Pipeline_VITIS_LOOP_633_2'
================================================================
* Date:           Thu Nov 13 19:32:22 2025

* Version:        2024.2 (Build 5238294 on Nov  8 2024)
* Project:        prj
* Solution:       sol (Vivado IP Flow Target)
* Product family: zynquplus
* Target device:  xczu2cg-sfvc784-1-e


================================================================
== Performance Estimates
================================================================
+ Timing: 
    * Summary: 
    +--------+---------+----------+------------+
    |  Clock |  Target | Estimated| Uncertainty|
    +--------+---------+----------+------------+
    |ap_clk  |  6.67 ns|  4.808 ns|     1.80 ns|
    +--------+---------+----------+------------+

+ Latency: 
    * Summary: 
    +---------+---------+-----------+-----------+-----+------+------------------------------------------------+
    |  Latency (cycles) |   Latency (absolute)  |  Interval  |                    Pipeline                    |
    |   min   |   max   |    min    |    max    | min |  max |                      Type                      |
    +---------+---------+-----------+-----------+-----+------+------------------------------------------------+
    |        7|     1927|  46.669 ns|  12.847 us|    2|  1922|  loop auto-rewind stp (delay=0 clock cycles(s))|
    +---------+---------+-----------+-----------+-----+------+------------------------------------------------+

    + Detail: 
        * Instance: 
        N/A

        * Loop: 
        +--------------------+---------+---------+----------+-----------+-----------+----------+----------+
        |                    |  Latency (cycles) | Iteration|  Initiation Interval  |   Trip   |          |
        |      Loop Name     |   min   |   max   |  Latency |  achieved |   target  |   Count  | Pipelined|
        +--------------------+---------+---------+----------+-----------+-----------+----------+----------+
        |- VITIS_LOOP_633_2  |        5|     1925|         6|          1|          1|  1 ~ 1921|       yes|
        +--------------------+---------+---------+----------+-----------+-----------+----------+----------+



================================================================
== Utilization Estimates
================================================================
* Summary: 
+-----------------+---------+-----+-------+-------+-----+
|       Name      | BRAM_18K| DSP |   FF  |  LUT  | URAM|
+-----------------+---------+-----+-------+-------+-----+
|DSP              |        -|    -|      -|      -|    -|
|Expression       |        -|    -|      0|   1044|    -|
|FIFO             |        -|    -|      -|      -|    -|
|Instance         |        -|    -|      -|      -|    -|
|Memory           |        8|    -|      0|      0|    0|
|Multiplexer      |        -|    -|      0|    533|    -|
|Register         |        -|    -|   2051|    608|    -|
+-----------------+---------+-----+-------+-------+-----+
|Total            |        8|    0|   2051|   2185|    0|
+-----------------+---------+-----+-------+-------+-----+
|Available        |      300|  240|  94464|  47232|    0|
+-----------------+---------+-----+-------+-------+-----+
|Utilization (%)  |        2|    0|      2|      4|    0|
+-----------------+---------+-----+-------+-------+-----+

+ Detail: 
    * Instance: 
    N/A

    * DSP: 
    N/A

    * Memory: 
    +----------------+------------------------------------------------------------------------+---------+---+----+-----+------+-----+------+-------------+
    |     Memory     |                                 Module                                 | BRAM_18K| FF| LUT| URAM| Words| Bits| Banks| W*Bits*Banks|
    +----------------+------------------------------------------------------------------------+---------+---+----+-----+------+-----+------+-------------+
    |lineBuffer_1_U  |DebayerRatBorBatR_Pipeline_VITIS_LOOP_633_2_lineBuffer_1_RAM_AUTO_1R1W  |        4|  0|   0|    0|  1921|   30|     1|        57630|
    |lineBuffer_U    |DebayerRatBorBatR_Pipeline_VITIS_LOOP_633_2_lineBuffer_1_RAM_AUTO_1R1W  |        4|  0|   0|    0|  1921|   30|     1|        57630|
    +----------------+------------------------------------------------------------------------+---------+---+----+-----+------+-----+------+-------------+
    |Total           |                                                                        |        8|  0|   0|    0|  3842|   60|     2|       115260|
    +----------------+------------------------------------------------------------------------+---------+---+----+-----+------+-----+------+-------------+

    * FIFO: 
    N/A

    * Expression: 
    +-----------------------------------+----------+----+---+----+------------+------------+
    |           Variable Name           | Operation| DSP| FF| LUT| Bitwidth P0| Bitwidth P1|
    +-----------------------------------+----------+----+---+----+------------+------------+
    |add_ln817_fu_1784_p2               |         +|   0|  0|  19|          12|          12|
    |add_ln820_1_fu_1828_p2             |         +|   0|  0|  19|          12|          12|
    |add_ln820_fu_1838_p2               |         +|   0|  0|  20|          13|          13|
    |x_5_fu_908_p2                      |         +|   0|  0|  18|          11|           1|
    |CV_fu_1896_p2                      |         -|   0|  0|  19|          12|          12|
    |sub_ln61_1_fu_1432_p2              |         -|   0|  0|  17|           1|          10|
    |sub_ln61_2_fu_1468_p2              |         -|   0|  0|  17|           1|          10|
    |sub_ln61_3_fu_1504_p2              |         -|   0|  0|  17|           1|          10|
    |sub_ln61_fu_1396_p2                |         -|   0|  0|  17|           1|          10|
    |sub_ln790_fu_1386_p2               |         -|   0|  0|  18|          11|          11|
    |sub_ln791_fu_1422_p2               |         -|   0|  0|  18|          11|          11|
    |sub_ln792_fu_1458_p2               |         -|   0|  0|  18|          11|          11|
    |sub_ln793_fu_1494_p2               |         -|   0|  0|  18|          11|          11|
    |sub_ln817_fu_1585_p2               |         -|   0|  0|  18|          11|          11|
    |sub_ln818_fu_1602_p2               |         -|   0|  0|  18|          11|          11|
    |sub_ln819_fu_1619_p2               |         -|   0|  0|  18|          11|          11|
    |sub_ln820_1_fu_1852_p2             |         -|   0|  0|  20|           1|          13|
    |sub_ln820_2_fu_1868_p2             |         -|   0|  0|  19|           1|          12|
    |sub_ln820_fu_1636_p2               |         -|   0|  0|  18|          11|          11|
    |and_ln817_fu_1758_p2               |       and|   0|  0|  11|          11|          11|
    |and_ln818_fu_1775_p2               |       and|   0|  0|  11|          11|          11|
    |and_ln819_fu_1798_p2               |       and|   0|  0|  11|          11|          11|
    |and_ln820_fu_1819_p2               |       and|   0|  0|  11|          11|          11|
    |and_ln833_fu_964_p2                |       and|   0|  0|   2|           1|           1|
    |ap_block_pp0                       |       and|   0|  0|   2|           1|           1|
    |ap_block_state2_pp0_stage0_iter1   |       and|   0|  0|   2|           1|           1|
    |ap_block_state6_pp0_stage0_iter5   |       and|   0|  0|   2|           1|           1|
    |ap_condition_1587                  |       and|   0|  0|   2|           1|           1|
    |ap_condition_291                   |       and|   0|  0|   2|           1|           1|
    |ap_enable_state1_pp0_iter0_stage0  |       and|   0|  0|   2|           1|           1|
    |ap_enable_state2_pp0_iter1_stage0  |       and|   0|  0|   2|           1|           1|
    |ap_predicate_op113_load_state2     |       and|   0|  0|   2|           1|           1|
    |ap_predicate_op122_read_state2     |       and|   0|  0|   2|           1|           1|
    |ap_predicate_op82_load_state1      |       and|   0|  0|   2|           1|           1|
    |cmp161_i_fu_930_p2                 |      icmp|   0|  0|  18|          11|           1|
    |cmp203_i_fu_813_p2                 |      icmp|   0|  0|  18|          11|           1|
    |cmp59_i_fu_807_p2                  |      icmp|   0|  0|  18|          11|          11|
    |enable_fu_1526_p2                  |      icmp|   0|  0|  17|          10|          10|
    |icmp_ln633_fu_902_p2               |      icmp|   0|  0|  18|          11|          11|
    |icmp_ln643_fu_924_p2               |      icmp|   0|  0|  18|          11|          11|
    |icmp_ln772_fu_952_p2               |      icmp|   0|  0|  22|          15|          15|
    |icmp_ln796_fu_1532_p2              |      icmp|   0|  0|  17|          10|          10|
    |icmp_ln797_fu_1538_p2              |      icmp|   0|  0|  17|          10|          10|
    |icmp_ln798_fu_1544_p2              |      icmp|   0|  0|  17|          10|          10|
    |icmp_ln799_fu_1550_p2              |      icmp|   0|  0|  17|          10|          10|
    |icmp_ln800_fu_1556_p2              |      icmp|   0|  0|  17|          10|          10|
    |icmp_ln827_fu_1937_p2              |      icmp|   0|  0|   9|           2|           1|
    |icmp_ln829_fu_1993_p2              |      icmp|   0|  0|   9|           2|           1|
    |icmp_ln833_fu_958_p2               |      icmp|   0|  0|  18|          11|           1|
    |red_fu_801_p2                      |      icmp|   0|  0|  22|          15|          15|
    |ap_block_pp0_stage0_01001          |        or|   0|  0|   2|           1|           1|
    |or_ln827_fu_1961_p2                |        or|   0|  0|   2|           1|           1|
    |or_ln829_fu_2017_p2                |        or|   0|  0|   2|           1|           1|
    |CH_fu_1743_p3                      |    select|   0|  0|   9|           1|          10|
    |agdiff_1_fu_1446_p3                |    select|   0|  0|   9|           1|          10|
    |agdiff_2_fu_1482_p3                |    select|   0|  0|   9|           1|          10|
    |agdiff_3_fu_1518_p3                |    select|   0|  0|   9|           1|          10|
    |agdiff_fu_1410_p3                  |    select|   0|  0|   9|           1|          10|
    |b_fu_1912_p3                       |    select|   0|  0|  12|           1|          12|
    |enable_1_fu_1652_p3                |    select|   0|  0|   2|           1|           2|
    |enable_3_fu_1671_p3                |    select|   0|  0|   3|           1|           3|
    |enable_4_fu_1690_p3                |    select|   0|  0|   4|           1|           4|
    |enable_6_fu_1709_p3                |    select|   0|  0|   5|           1|           5|
    |enable_7_fu_1728_p3                |    select|   0|  0|   6|           1|           6|
    |r_fu_1905_p3                       |    select|   0|  0|  12|           1|          12|
    |select_ln710_10_fu_1169_p3         |    select|   0|  0|   9|           1|          10|
    |select_ln710_11_fu_1176_p3         |    select|   0|  0|   9|           1|          10|
    |select_ln710_12_fu_1183_p3         |    select|   0|  0|   9|           1|          10|
    |select_ln710_13_fu_1191_p3         |    select|   0|  0|   9|           1|          10|
    |select_ln710_14_fu_1199_p3         |    select|   0|  0|   9|           1|          10|
    |select_ln710_1_fu_1103_p3          |    select|   0|  0|   9|           1|          10|
    |select_ln710_2_fu_1110_p3          |    select|   0|  0|   9|           1|          10|
    |select_ln710_3_fu_1117_p3          |    select|   0|  0|   9|           1|          10|
    |select_ln710_4_fu_1124_p3          |    select|   0|  0|   9|           1|          10|
    |select_ln710_5_fu_1131_p3          |    select|   0|  0|   9|           1|          10|
    |select_ln710_6_fu_1138_p3          |    select|   0|  0|   9|           1|          10|
    |select_ln710_7_fu_1146_p3          |    select|   0|  0|   9|           1|          10|
    |select_ln710_8_fu_1154_p3          |    select|   0|  0|   9|           1|          10|
    |select_ln710_9_fu_1162_p3          |    select|   0|  0|   9|           1|          10|
    |select_ln710_fu_1096_p3            |    select|   0|  0|   9|           1|          10|
    |select_ln817_1_fu_1750_p3          |    select|   0|  0|   2|           1|           2|
    |select_ln817_fu_1574_p3            |    select|   0|  0|   9|           1|          10|
    |select_ln818_1_fu_1767_p3          |    select|   0|  0|   2|           1|           2|
    |select_ln818_fu_1591_p3            |    select|   0|  0|   9|           1|          10|
    |select_ln819_1_fu_1790_p3          |    select|   0|  0|   2|           1|           2|
    |select_ln819_fu_1608_p3            |    select|   0|  0|   9|           1|          10|
    |select_ln820_1_fu_1884_p3          |    select|   0|  0|  12|           1|          12|
    |select_ln820_2_fu_1811_p3          |    select|   0|  0|   2|           1|           2|
    |select_ln820_fu_1625_p3            |    select|   0|  0|   9|           1|          10|
    |select_ln827_1_fu_1953_p3          |    select|   0|  0|   2|           1|           2|
    |select_ln827_fu_1967_p3            |    select|   0|  0|   9|           1|          10|
    |select_ln829_1_fu_2009_p3          |    select|   0|  0|   2|           1|           2|
    |select_ln829_fu_2023_p3            |    select|   0|  0|   9|           1|          10|
    |storemerge_1_in_i_fu_1255_p3       |    select|   0|  0|  42|           1|          42|
    |ap_enable_pp0                      |       xor|   0|  0|   2|           1|           2|
    |xor_ln772_1_fu_942_p2              |       xor|   0|  0|   2|           1|           2|
    |xor_ln772_fu_936_p2                |       xor|   0|  0|   2|           1|           1|
    |xor_ln827_fu_1947_p2               |       xor|   0|  0|   2|           1|           2|
    |xor_ln829_fu_2003_p2               |       xor|   0|  0|   2|           1|           2|
    +-----------------------------------+----------+----+---+----+------------+------------+
    |Total                              |          |   0|  0|1044|         418|         768|
    +-----------------------------------+----------+----+---+----+------------+------------+

    * Multiplexer: 
    +------------------------------------------------+----+-----------+-----+-----------+
    |                      Name                      | LUT| Input Size| Bits| Total Bits|
    +------------------------------------------------+----+-----------+-----+-----------+
    |ap_done_int                                     |   9|          2|    1|          2|
    |ap_enable_reg_pp0_iter2                         |   9|          2|    1|          2|
    |ap_phi_mux_b_1_phi_fu_791_p4                    |   9|          2|   12|         24|
    |ap_phi_mux_p_0_0_09391396_i_phi_fu_559_p4       |  14|          3|   10|         30|
    |ap_phi_mux_p_0_0_0939_21426_i_phi_fu_532_p4     |  14|          3|   10|         30|
    |ap_phi_mux_p_0_0_0939_21474_ph_i_phi_fu_505_p4  |  14|          3|   10|         30|
    |ap_phi_mux_p_0_0_09401393_i_phi_fu_568_p4       |  14|          3|   10|         30|
    |ap_phi_mux_p_0_0_0940_21423_i_phi_fu_541_p4     |  14|          3|   10|         30|
    |ap_phi_mux_p_0_0_0940_21472_ph_i_phi_fu_514_p4  |  14|          3|   10|         30|
    |ap_phi_mux_p_0_0_09411390_i_phi_fu_577_p4       |  14|          3|   10|         30|
    |ap_phi_mux_p_0_0_0941_21420_i_phi_fu_550_p4     |  14|          3|   10|         30|
    |ap_phi_mux_p_0_0_0941_21470_ph_i_phi_fu_523_p4  |  14|          3|   10|         30|
    |ap_phi_mux_r_1_phi_fu_782_p4                    |   9|          2|   12|         24|
    |ap_phi_reg_pp0_iter2_downleft_1_reg_592         |  14|          3|   10|         30|
    |ap_phi_reg_pp0_iter2_downleft_2_reg_583         |  14|          3|   10|         30|
    |ap_phi_reg_pp0_iter2_downleft_reg_601           |  14|          3|   10|         30|
    |ap_phi_reg_pp0_iter2_pix_3_reg_620              |  14|          3|   10|         30|
    |ap_phi_reg_pp0_iter2_pix_4_reg_610              |  14|          3|   10|         30|
    |ap_phi_reg_pp0_iter2_pix_reg_630                |  14|          3|   10|         30|
    |ap_phi_reg_pp0_iter2_upleft_1_reg_649           |  14|          3|   10|         30|
    |ap_phi_reg_pp0_iter2_upleft_2_reg_640           |  14|          3|   10|         30|
    |ap_phi_reg_pp0_iter2_upleft_reg_658             |  14|          3|   10|         30|
    |ap_phi_reg_pp0_iter4_en_rgd_1_reg_723           |  14|          3|    1|          3|
    |ap_phi_reg_pp0_iter4_en_rgd_2_reg_695           |  14|          3|    1|          3|
    |ap_phi_reg_pp0_iter4_en_rgd_3_reg_667           |  14|          3|    1|          3|
    |ap_phi_reg_pp0_iter4_en_rgd_reg_751             |  14|          3|    1|          3|
    |ap_phi_reg_pp0_iter5_b_1_reg_788                |   9|          2|   12|         24|
    |ap_phi_reg_pp0_iter5_r_1_reg_779                |   9|          2|   12|         24|
    |ap_sig_allocacmp_z                              |   9|          2|   11|         22|
    |imgG_blk_n                                      |   9|          2|    1|          2|
    |imgRB_blk_n                                     |   9|          2|    1|          2|
    |p_0_0_09391395_i_fu_286                         |   9|          2|   10|         20|
    |p_0_0_0939_114861497_i_fu_262                   |   9|          2|   10|         20|
    |p_0_0_0939_21425_i_fu_298                       |   9|          2|   10|         20|
    |p_0_0_09401392_i_fu_282                         |   9|          2|   10|         20|
    |p_0_0_0940_114841495_i_fu_258                   |   9|          2|   10|         20|
    |p_0_0_0940_21422_i_fu_294                       |   9|          2|   10|         20|
    |p_0_0_09411389_i_fu_278                         |   9|          2|   10|         20|
    |p_0_0_0941_114821493_i_fu_254                   |   9|          2|   10|         20|
    |p_0_0_0941_21419_i_fu_290                       |   9|          2|   10|         20|
    |p_0_0_0_0_09081500_i_fu_266                     |   9|          2|   10|         20|
    |p_0_0_0_0_09141488_i_fu_242                     |   9|          2|   10|         20|
    |p_0_1_0_0_09091502_i_fu_270                     |   9|          2|   10|         20|
    |p_0_1_0_0_09151490_i_fu_246                     |   9|          2|   10|         20|
    |p_0_2_0_0_09101504_i_fu_274                     |   9|          2|   10|         20|
    |p_0_2_0_0_09161492_i_fu_250                     |   9|          2|   10|         20|
    |x_fu_238                                        |   9|          2|   11|         22|
    +------------------------------------------------+----+-----------+-----+-----------+
    |Total                                           | 533|        116|  408|       1000|
    +------------------------------------------------+----+-----------+-----+-----------+

    * Register: 
    +-------------------------------------------+----+----+-----+-----------+
    |                    Name                   | FF | LUT| Bits| Const Bits|
    +-------------------------------------------+----+----+-----+-----------+
    |CH_reg_2496                                |  10|   0|   10|          0|
    |CV_reg_2501                                |  12|   0|   12|          0|
    |and_ln833_reg_2298                         |   1|   0|    1|          0|
    |ap_CS_fsm                                  |   1|   0|    1|          0|
    |ap_block_pp0_stage0_subdone_grp0_done_reg  |   1|   0|    1|          0|
    |ap_done_reg                                |   1|   0|    1|          0|
    |ap_enable_reg_pp0_iter1                    |   1|   0|    1|          0|
    |ap_enable_reg_pp0_iter2                    |   1|   0|    1|          0|
    |ap_enable_reg_pp0_iter3                    |   1|   0|    1|          0|
    |ap_enable_reg_pp0_iter4                    |   1|   0|    1|          0|
    |ap_enable_reg_pp0_iter5                    |   1|   0|    1|          0|
    |ap_loop_exit_ready_pp0_iter1_reg           |   1|   0|    1|          0|
    |ap_loop_exit_ready_pp0_iter2_reg           |   1|   0|    1|          0|
    |ap_loop_exit_ready_pp0_iter3_reg           |   1|   0|    1|          0|
    |ap_loop_exit_ready_pp0_iter4_reg           |   1|   0|    1|          0|
    |ap_phi_reg_pp0_iter1_b_1_reg_788           |  12|   0|   12|          0|
    |ap_phi_reg_pp0_iter1_downleft_1_reg_592    |  10|   0|   10|          0|
    |ap_phi_reg_pp0_iter1_downleft_2_reg_583    |  10|   0|   10|          0|
    |ap_phi_reg_pp0_iter1_downleft_reg_601      |  10|   0|   10|          0|
    |ap_phi_reg_pp0_iter1_en_rgd_1_reg_723      |   1|   0|    1|          0|
    |ap_phi_reg_pp0_iter1_en_rgd_2_reg_695      |   1|   0|    1|          0|
    |ap_phi_reg_pp0_iter1_en_rgd_3_reg_667      |   1|   0|    1|          0|
    |ap_phi_reg_pp0_iter1_en_rgd_reg_751        |   1|   0|    1|          0|
    |ap_phi_reg_pp0_iter1_pix_3_reg_620         |  10|   0|   10|          0|
    |ap_phi_reg_pp0_iter1_pix_4_reg_610         |  10|   0|   10|          0|
    |ap_phi_reg_pp0_iter1_pix_reg_630           |  10|   0|   10|          0|
    |ap_phi_reg_pp0_iter1_r_1_reg_779           |  12|   0|   12|          0|
    |ap_phi_reg_pp0_iter1_upleft_1_reg_649      |  10|   0|   10|          0|
    |ap_phi_reg_pp0_iter1_upleft_2_reg_640      |  10|   0|   10|          0|
    |ap_phi_reg_pp0_iter1_upleft_reg_658        |  10|   0|   10|          0|
    |ap_phi_reg_pp0_iter2_b_1_reg_788           |  12|   0|   12|          0|
    |ap_phi_reg_pp0_iter2_downleft_1_reg_592    |  10|   0|   10|          0|
    |ap_phi_reg_pp0_iter2_downleft_2_reg_583    |  10|   0|   10|          0|
    |ap_phi_reg_pp0_iter2_downleft_reg_601      |  10|   0|   10|          0|
    |ap_phi_reg_pp0_iter2_en_rgd_1_reg_723      |   1|   0|    1|          0|
    |ap_phi_reg_pp0_iter2_en_rgd_2_reg_695      |   1|   0|    1|          0|
    |ap_phi_reg_pp0_iter2_en_rgd_3_reg_667      |   1|   0|    1|          0|
    |ap_phi_reg_pp0_iter2_en_rgd_reg_751        |   1|   0|    1|          0|
    |ap_phi_reg_pp0_iter2_pix_3_reg_620         |  10|   0|   10|          0|
    |ap_phi_reg_pp0_iter2_pix_4_reg_610         |  10|   0|   10|          0|
    |ap_phi_reg_pp0_iter2_pix_reg_630           |  10|   0|   10|          0|
    |ap_phi_reg_pp0_iter2_r_1_reg_779           |  12|   0|   12|          0|
    |ap_phi_reg_pp0_iter2_upleft_1_reg_649      |  10|   0|   10|          0|
    |ap_phi_reg_pp0_iter2_upleft_2_reg_640      |  10|   0|   10|          0|
    |ap_phi_reg_pp0_iter2_upleft_reg_658        |  10|   0|   10|          0|
    |ap_phi_reg_pp0_iter3_b_1_reg_788           |  12|   0|   12|          0|
    |ap_phi_reg_pp0_iter3_en_rgd_1_reg_723      |   1|   0|    1|          0|
    |ap_phi_reg_pp0_iter3_en_rgd_2_reg_695      |   1|   0|    1|          0|
    |ap_phi_reg_pp0_iter3_en_rgd_3_reg_667      |   1|   0|    1|          0|
    |ap_phi_reg_pp0_iter3_en_rgd_reg_751        |   1|   0|    1|          0|
    |ap_phi_reg_pp0_iter3_r_1_reg_779           |  12|   0|   12|          0|
    |ap_phi_reg_pp0_iter4_b_1_reg_788           |  12|   0|   12|          0|
    |ap_phi_reg_pp0_iter4_en_rgd_1_reg_723      |   1|   0|    1|          0|
    |ap_phi_reg_pp0_iter4_en_rgd_2_reg_695      |   1|   0|    1|          0|
    |ap_phi_reg_pp0_iter4_en_rgd_3_reg_667      |   1|   0|    1|          0|
    |ap_phi_reg_pp0_iter4_en_rgd_reg_751        |   1|   0|    1|          0|
    |ap_phi_reg_pp0_iter4_r_1_reg_779           |  12|   0|   12|          0|
    |ap_phi_reg_pp0_iter5_b_1_reg_788           |  12|   0|   12|          0|
    |ap_phi_reg_pp0_iter5_r_1_reg_779           |  12|   0|   12|          0|
    |cmp161_i_reg_2275                          |   1|   0|    1|          0|
    |cmp203_i_reg_2250                          |   1|   0|    1|          0|
    |cmp59_i_reg_2246                           |   1|   0|    1|          0|
    |enable_reg_2431                            |   1|   0|    1|          0|
    |icmp_ln633_reg_2255                        |   1|   0|    1|          0|
    |icmp_ln643_reg_2259                        |   1|   0|    1|          0|
    |icmp_ln772_reg_2294                        |   1|   0|    1|          0|
    |icmp_ln796_reg_2437                        |   1|   0|    1|          0|
    |icmp_ln797_reg_2442                        |   1|   0|    1|          0|
    |icmp_ln798_reg_2447                        |   1|   0|    1|          0|
    |icmp_ln799_reg_2452                        |   1|   0|    1|          0|
    |icmp_ln800_reg_2457                        |   1|   0|    1|          0|
    |lineBuffer_1_addr_reg_2269                 |  11|   0|   11|          0|
    |lineBuffer_addr_reg_2263                   |  11|   0|   11|          0|
    |p_0_0_09391395_i_fu_286                    |  10|   0|   10|          0|
    |p_0_0_09391395_i_load_reg_2362             |  10|   0|   10|          0|
    |p_0_0_0939_114861497_i_fu_262              |  10|   0|   10|          0|
    |p_0_0_0939_114861497_i_load_reg_2329       |  10|   0|   10|          0|
    |p_0_0_0939_21425_i_fu_298                  |  10|   0|   10|          0|
    |p_0_0_0939_21425_i_load_reg_2380           |  10|   0|   10|          0|
    |p_0_0_09401392_i_fu_282                    |  10|   0|   10|          0|
    |p_0_0_09401392_i_load_reg_2356             |  10|   0|   10|          0|
    |p_0_0_0940_114841495_i_fu_258              |  10|   0|   10|          0|
    |p_0_0_0940_114841495_i_load_reg_2323       |  10|   0|   10|          0|
    |p_0_0_0940_21422_i_fu_294                  |  10|   0|   10|          0|
    |p_0_0_0940_21422_i_load_reg_2374           |  10|   0|   10|          0|
    |p_0_0_09411389_i_fu_278                    |  10|   0|   10|          0|
    |p_0_0_09411389_i_load_reg_2350             |  10|   0|   10|          0|
    |p_0_0_0941_114821493_i_fu_254              |  10|   0|   10|          0|
    |p_0_0_0941_114821493_i_load_reg_2317       |  10|   0|   10|          0|
    |p_0_0_0941_21419_i_fu_290                  |  10|   0|   10|          0|
    |p_0_0_0941_21419_i_load_reg_2368           |  10|   0|   10|          0|
    |p_0_0_0_0_09081500_i_fu_266                |  10|   0|   10|          0|
    |p_0_0_0_0_09081500_i_load_reg_2335         |  10|   0|   10|          0|
    |p_0_0_0_0_09141488_i_fu_242                |  10|   0|   10|          0|
    |p_0_0_0_0_09141488_i_load_reg_2302         |  10|   0|   10|          0|
    |p_0_1_0_0_09091502_i_fu_270                |  10|   0|   10|          0|
    |p_0_1_0_0_09091502_i_load_reg_2340         |  10|   0|   10|          0|
    |p_0_1_0_0_09151490_i_fu_246                |  10|   0|   10|          0|
    |p_0_1_0_0_09151490_i_load_reg_2307         |  10|   0|   10|          0|
    |p_0_2_0_0_09101504_i_fu_274                |  10|   0|   10|          0|
    |p_0_2_0_0_09101504_i_load_reg_2345         |  10|   0|   10|          0|
    |p_0_2_0_0_09161492_i_fu_250                |  10|   0|   10|          0|
    |p_0_2_0_0_09161492_i_load_reg_2312         |  10|   0|   10|          0|
    |pix_3_reg_620                              |  10|   0|   10|          0|
    |pix_4_reg_610                              |  10|   0|   10|          0|
    |pix_4_reg_610_pp0_iter3_reg                |  10|   0|   10|          0|
    |pix_reg_630                                |  10|   0|   10|          0|
    |pix_reg_630_pp0_iter3_reg                  |  10|   0|   10|          0|
    |red_reg_2235                               |   1|   0|    1|          0|
    |sub_ln817_reg_2462                         |  11|   0|   11|          0|
    |sub_ln817_reg_2462_pp0_iter3_reg           |  11|   0|   11|          0|
    |sub_ln818_reg_2467                         |  11|   0|   11|          0|
    |sub_ln818_reg_2467_pp0_iter3_reg           |  11|   0|   11|          0|
    |sub_ln819_reg_2472                         |  11|   0|   11|          0|
    |sub_ln819_reg_2472_pp0_iter3_reg           |  11|   0|   11|          0|
    |sub_ln820_reg_2477                         |  11|   0|   11|          0|
    |sub_ln820_reg_2477_pp0_iter3_reg           |  11|   0|   11|          0|
    |x_fu_238                                   |  11|   0|   11|          0|
    |and_ln833_reg_2298                         |  64|  32|    1|          0|
    |icmp_ln633_reg_2255                        |  64|  32|    1|          0|
    |icmp_ln772_reg_2294                        |  64|  32|    1|          0|
    |p_0_0_09391395_i_load_reg_2362             |  64|  32|   10|          0|
    |p_0_0_0939_114861497_i_load_reg_2329       |  64|  32|   10|          0|
    |p_0_0_0939_21425_i_load_reg_2380           |  64|  32|   10|          0|
    |p_0_0_09401392_i_load_reg_2356             |  64|  32|   10|          0|
    |p_0_0_0940_114841495_i_load_reg_2323       |  64|  32|   10|          0|
    |p_0_0_0940_21422_i_load_reg_2374           |  64|  32|   10|          0|
    |p_0_0_09411389_i_load_reg_2350             |  64|  32|   10|          0|
    |p_0_0_0941_114821493_i_load_reg_2317       |  64|  32|   10|          0|
    |p_0_0_0941_21419_i_load_reg_2368           |  64|  32|   10|          0|
    |p_0_0_0_0_09081500_i_load_reg_2335         |  64|  32|   10|          0|
    |p_0_0_0_0_09141488_i_load_reg_2302         |  64|  32|   10|          0|
    |p_0_1_0_0_09091502_i_load_reg_2340         |  64|  32|   10|          0|
    |p_0_1_0_0_09151490_i_load_reg_2307         |  64|  32|   10|          0|
    |p_0_2_0_0_09101504_i_load_reg_2345         |  64|  32|   10|          0|
    |p_0_2_0_0_09161492_i_load_reg_2312         |  64|  32|   10|          0|
    |pix_3_reg_620                              |  64|  32|   10|          0|
    +-------------------------------------------+----+----+-----+-----------+
    |Total                                      |2051| 608|  998|          0|
    +-------------------------------------------+----+----+-----+-----------+



================================================================
== Interface
================================================================
* Summary: 
+-----------------------------------+-----+-----+------------+---------------------------------------------+--------------+
|             RTL Ports             | Dir | Bits|  Protocol  |                Source Object                |    C Type    |
+-----------------------------------+-----+-----+------------+---------------------------------------------+--------------+
|ap_clk                             |   in|    1|  ap_ctrl_hs|  DebayerRatBorBatR_Pipeline_VITIS_LOOP_633_2|  return value|
|ap_rst                             |   in|    1|  ap_ctrl_hs|  DebayerRatBorBatR_Pipeline_VITIS_LOOP_633_2|  return value|
|ap_start                           |   in|    1|  ap_ctrl_hs|  DebayerRatBorBatR_Pipeline_VITIS_LOOP_633_2|  return value|
|ap_done                            |  out|    1|  ap_ctrl_hs|  DebayerRatBorBatR_Pipeline_VITIS_LOOP_633_2|  return value|
|ap_idle                            |  out|    1|  ap_ctrl_hs|  DebayerRatBorBatR_Pipeline_VITIS_LOOP_633_2|  return value|
|ap_ready                           |  out|    1|  ap_ctrl_hs|  DebayerRatBorBatR_Pipeline_VITIS_LOOP_633_2|  return value|
|imgG_dout                          |   in|   30|     ap_fifo|                                         imgG|       pointer|
|imgG_empty_n                       |   in|    1|     ap_fifo|                                         imgG|       pointer|
|imgG_read                          |  out|    1|     ap_fifo|                                         imgG|       pointer|
|imgG_num_data_valid                |   in|    3|     ap_fifo|                                         imgG|       pointer|
|imgG_fifo_cap                      |   in|    3|     ap_fifo|                                         imgG|       pointer|
|imgRB_din                          |  out|   30|     ap_fifo|                                        imgRB|       pointer|
|imgRB_full_n                       |   in|    1|     ap_fifo|                                        imgRB|       pointer|
|imgRB_write                        |  out|    1|     ap_fifo|                                        imgRB|       pointer|
|imgRB_num_data_valid               |   in|   32|     ap_fifo|                                        imgRB|       pointer|
|imgRB_fifo_cap                     |   in|   32|     ap_fifo|                                        imgRB|       pointer|
|p_0_2_0_0_09101503_lcssa1540_i     |   in|   10|     ap_none|               p_0_2_0_0_09101503_lcssa1540_i|        scalar|
|p_0_1_0_0_09091501_lcssa1538_i     |   in|   10|     ap_none|               p_0_1_0_0_09091501_lcssa1538_i|        scalar|
|p_0_0_0_0_09081499_lcssa1536_i     |   in|   10|     ap_none|               p_0_0_0_0_09081499_lcssa1536_i|        scalar|
|p_0_0_0939_114861498_lcssa1534_i   |   in|   10|     ap_none|             p_0_0_0939_114861498_lcssa1534_i|        scalar|
|p_0_0_0940_114841496_lcssa1532_i   |   in|   10|     ap_none|             p_0_0_0940_114841496_lcssa1532_i|        scalar|
|p_0_0_0941_114821494_lcssa1530_i   |   in|   10|     ap_none|             p_0_0_0941_114821494_lcssa1530_i|        scalar|
|p_0_2_0_0_09161491_lcssa1528_i     |   in|   10|     ap_none|               p_0_2_0_0_09161491_lcssa1528_i|        scalar|
|p_0_1_0_0_09151489_lcssa1526_i     |   in|   10|     ap_none|               p_0_1_0_0_09151489_lcssa1526_i|        scalar|
|p_0_0_0_0_09141487_lcssa1524_i     |   in|   10|     ap_none|               p_0_0_0_0_09141487_lcssa1524_i|        scalar|
|p_0_0_0939_21426_lcssa1458_i       |   in|   10|     ap_none|                 p_0_0_0939_21426_lcssa1458_i|        scalar|
|p_0_0_0940_21423_lcssa1456_i       |   in|   10|     ap_none|                 p_0_0_0940_21423_lcssa1456_i|        scalar|
|p_0_0_0941_21420_lcssa1454_i       |   in|   10|     ap_none|                 p_0_0_0941_21420_lcssa1454_i|        scalar|
|p_0_0_09391396_lcssa1446_i         |   in|   10|     ap_none|                   p_0_0_09391396_lcssa1446_i|        scalar|
|p_0_0_09401393_lcssa1444_i         |   in|   10|     ap_none|                   p_0_0_09401393_lcssa1444_i|        scalar|
|p_0_0_09411390_lcssa1442_i         |   in|   10|     ap_none|                   p_0_0_09411390_lcssa1442_i|        scalar|
|loopWidth                          |   in|   11|     ap_none|                                    loopWidth|        scalar|
|empty_58                           |   in|    1|     ap_none|                                     empty_58|        scalar|
|xor_i                              |   in|   15|     ap_none|                                        xor_i|        scalar|
|width_val8_load                    |   in|   11|     ap_none|                              width_val8_load|        scalar|
|and310_cast_i                      |   in|    1|     ap_none|                                and310_cast_i|        scalar|
|trunc_ln                           |   in|   15|     ap_none|                                     trunc_ln|        scalar|
|empty                              |   in|    1|     ap_none|                                        empty|        scalar|
|y                                  |   in|   11|     ap_none|                                            y|        scalar|
|height_val4_load                   |   in|   11|     ap_none|                             height_val4_load|        scalar|
|p_0_2_0_0_09101504_i_out           |  out|   10|      ap_vld|                     p_0_2_0_0_09101504_i_out|       pointer|
|p_0_2_0_0_09101504_i_out_ap_vld    |  out|    1|      ap_vld|                     p_0_2_0_0_09101504_i_out|       pointer|
|p_0_1_0_0_09091502_i_out           |  out|   10|      ap_vld|                     p_0_1_0_0_09091502_i_out|       pointer|
|p_0_1_0_0_09091502_i_out_ap_vld    |  out|    1|      ap_vld|                     p_0_1_0_0_09091502_i_out|       pointer|
|p_0_0_0_0_09081500_i_out           |  out|   10|      ap_vld|                     p_0_0_0_0_09081500_i_out|       pointer|
|p_0_0_0_0_09081500_i_out_ap_vld    |  out|    1|      ap_vld|                     p_0_0_0_0_09081500_i_out|       pointer|
|p_0_0_0939_114861497_i_out         |  out|   10|      ap_vld|                   p_0_0_0939_114861497_i_out|       pointer|
|p_0_0_0939_114861497_i_out_ap_vld  |  out|    1|      ap_vld|                   p_0_0_0939_114861497_i_out|       pointer|
|p_0_0_0940_114841495_i_out         |  out|   10|      ap_vld|                   p_0_0_0940_114841495_i_out|       pointer|
|p_0_0_0940_114841495_i_out_ap_vld  |  out|    1|      ap_vld|                   p_0_0_0940_114841495_i_out|       pointer|
|p_0_0_0941_114821493_i_out         |  out|   10|      ap_vld|                   p_0_0_0941_114821493_i_out|       pointer|
|p_0_0_0941_114821493_i_out_ap_vld  |  out|    1|      ap_vld|                   p_0_0_0941_114821493_i_out|       pointer|
|p_0_2_0_0_09161492_i_out           |  out|   10|      ap_vld|                     p_0_2_0_0_09161492_i_out|       pointer|
|p_0_2_0_0_09161492_i_out_ap_vld    |  out|    1|      ap_vld|                     p_0_2_0_0_09161492_i_out|       pointer|
|p_0_1_0_0_09151490_i_out           |  out|   10|      ap_vld|                     p_0_1_0_0_09151490_i_out|       pointer|
|p_0_1_0_0_09151490_i_out_ap_vld    |  out|    1|      ap_vld|                     p_0_1_0_0_09151490_i_out|       pointer|
|p_0_0_0_0_09141488_i_out           |  out|   10|      ap_vld|                     p_0_0_0_0_09141488_i_out|       pointer|
|p_0_0_0_0_09141488_i_out_ap_vld    |  out|    1|      ap_vld|                     p_0_0_0_0_09141488_i_out|       pointer|
|p_0_0_0939_21425_i_out             |  out|   10|      ap_vld|                       p_0_0_0939_21425_i_out|       pointer|
|p_0_0_0939_21425_i_out_ap_vld      |  out|    1|      ap_vld|                       p_0_0_0939_21425_i_out|       pointer|
|p_0_0_0940_21422_i_out             |  out|   10|      ap_vld|                       p_0_0_0940_21422_i_out|       pointer|
|p_0_0_0940_21422_i_out_ap_vld      |  out|    1|      ap_vld|                       p_0_0_0940_21422_i_out|       pointer|
|p_0_0_0941_21419_i_out             |  out|   10|      ap_vld|                       p_0_0_0941_21419_i_out|       pointer|
|p_0_0_0941_21419_i_out_ap_vld      |  out|    1|      ap_vld|                       p_0_0_0941_21419_i_out|       pointer|
|p_0_0_09391395_i_out               |  out|   10|      ap_vld|                         p_0_0_09391395_i_out|       pointer|
|p_0_0_09391395_i_out_ap_vld        |  out|    1|      ap_vld|                         p_0_0_09391395_i_out|       pointer|
|p_0_0_09401392_i_out               |  out|   10|      ap_vld|                         p_0_0_09401392_i_out|       pointer|
|p_0_0_09401392_i_out_ap_vld        |  out|    1|      ap_vld|                         p_0_0_09401392_i_out|       pointer|
|p_0_0_09411389_i_out               |  out|   10|      ap_vld|                         p_0_0_09411389_i_out|       pointer|
|p_0_0_09411389_i_out_ap_vld        |  out|    1|      ap_vld|                         p_0_0_09411389_i_out|       pointer|
+-----------------------------------+-----+-----+------------+---------------------------------------------+--------------+

