

================================================================
== Vitis HLS Report for 'DebayerG_Pipeline_VITIS_LOOP_318_4'
================================================================
* Date:           Thu Nov 13 19:32:19 2025

* Version:        2024.2 (Build 5238294 on Nov  8 2024)
* Project:        prj
* Solution:       sol (Vivado IP Flow Target)
* Product family: zynquplus
* Target device:  xczu2cg-sfvc784-1-e


================================================================
== Performance Estimates
================================================================
+ Timing: 
    * Summary: 
    +--------+---------+----------+------------+
    |  Clock |  Target | Estimated| Uncertainty|
    +--------+---------+----------+------------+
    |ap_clk  |  6.67 ns|  4.835 ns|     1.80 ns|
    +--------+---------+----------+------------+

+ Latency: 
    * Summary: 
    +---------+---------+----------+----------+-----+-------+------------------------------------------------+
    |  Latency (cycles) |  Latency (absolute) |   Interval  |                    Pipeline                    |
    |   min   |   max   |    min   |    max   | min |  max  |                      Type                      |
    +---------+---------+----------+----------+-----+-------+------------------------------------------------+
    |       16|    65551|  0.107 us|  0.437 ms|    3|  65538|  loop auto-rewind stp (delay=0 clock cycles(s))|
    +---------+---------+----------+----------+-----+-------+------------------------------------------------+

    + Detail: 
        * Instance: 
        N/A

        * Loop: 
        +--------------------+---------+---------+----------+-----------+-----------+-----------+----------+
        |                    |  Latency (cycles) | Iteration|  Initiation Interval  |    Trip   |          |
        |      Loop Name     |   min   |   max   |  Latency |  achieved |   target  |   Count   | Pipelined|
        +--------------------+---------+---------+----------+-----------+-----------+-----------+----------+
        |- VITIS_LOOP_318_4  |       14|    65549|        14|          1|          1|  2 ~ 65537|       yes|
        +--------------------+---------+---------+----------+-----------+-----------+-----------+----------+



================================================================
== Utilization Estimates
================================================================
* Summary: 
+-----------------+---------+-----+-------+-------+-----+
|       Name      | BRAM_18K| DSP |   FF  |  LUT  | URAM|
+-----------------+---------+-----+-------+-------+-----+
|DSP              |        -|    2|      -|      -|    -|
|Expression       |        -|    -|      0|   2967|    -|
|FIFO             |        -|    -|      -|      -|    -|
|Instance         |        -|    6|      0|     30|    -|
|Memory           |       14|    -|      0|      0|    0|
|Multiplexer      |        -|    -|      0|    682|    -|
|Register         |        -|    -|   3261|    960|    -|
+-----------------+---------+-----+-------+-------+-----+
|Total            |       14|    8|   3261|   4639|    0|
+-----------------+---------+-----+-------+-------+-----+
|Available        |      300|  240|  94464|  47232|    0|
+-----------------+---------+-----+-------+-------+-----+
|Utilization (%)  |        4|    3|      3|      9|    0|
+-----------------+---------+-----+-------+-------+-----+

+ Detail: 
    * Instance: 
    +-------------------------+---------------------+---------+----+---+----+-----+
    |         Instance        |        Module       | BRAM_18K| DSP| FF| LUT| URAM|
    +-------------------------+---------------------+---------+----+---+----+-----+
    |mul_14s_10ns_24_1_1_U60  |mul_14s_10ns_24_1_1  |        0|   1|  0|   5|    0|
    |mul_14s_10ns_24_1_1_U61  |mul_14s_10ns_24_1_1  |        0|   1|  0|   5|    0|
    |mul_18s_8ns_18_1_1_U57   |mul_18s_8ns_18_1_1   |        0|   1|  0|   5|    0|
    |mul_18s_8ns_18_1_1_U58   |mul_18s_8ns_18_1_1   |        0|   1|  0|   5|    0|
    |mul_18s_9ns_18_1_1_U56   |mul_18s_9ns_18_1_1   |        0|   1|  0|   5|    0|
    |mul_18s_9ns_18_1_1_U59   |mul_18s_9ns_18_1_1   |        0|   1|  0|   5|    0|
    +-------------------------+---------------------+---------+----+---+----+-----+
    |Total                    |                     |        0|   6|  0|  30|    0|
    +-------------------------+---------------------+---------+----+---+----+-----+

    * DSP: 
    +------------------------------------+--------------------------------+--------------+
    |              Instance              |             Module             |  Expression  |
    +------------------------------------+--------------------------------+--------------+
    |mac_muladd_14s_10ns_24s_25_4_1_U62  |mac_muladd_14s_10ns_24s_25_4_1  |  i0 + i1 * i2|
    |mac_muladd_14s_10ns_24s_25_4_1_U63  |mac_muladd_14s_10ns_24s_25_4_1  |  i0 + i1 * i2|
    +------------------------------------+--------------------------------+--------------+

    * Memory: 
    +-----------------+----------------------------------------------------------------+---------+---+----+-----+------+-----+------+-------------+
    |      Memory     |                             Module                             | BRAM_18K| FF| LUT| URAM| Words| Bits| Banks| W*Bits*Banks|
    +-----------------+----------------------------------------------------------------+---------+---+----+-----+------+-----+------+-------------+
    |DIV1_TABLE_U     |DebayerG_Pipeline_VITIS_LOOP_318_4_DIV1_TABLE_ROM_AUTO_1R       |        2|  0|   0|    0|  1024|   10|     1|        10240|
    |DIV2_TABLE_U     |DebayerG_Pipeline_VITIS_LOOP_318_4_DIV2_TABLE_ROM_AUTO_1R       |        4|  0|   0|    0|  4096|   18|     1|        73728|
    |linebuf_yuv_3_U  |DebayerG_Pipeline_VITIS_LOOP_318_4_linebuf_yuv_3_RAM_AUTO_1R1W  |        2|  0|   0|    0|  1921|   10|     1|        19210|
    |linebuf_yuv_2_U  |DebayerG_Pipeline_VITIS_LOOP_318_4_linebuf_yuv_3_RAM_AUTO_1R1W  |        2|  0|   0|    0|  1921|   10|     1|        19210|
    |linebuf_yuv_1_U  |DebayerG_Pipeline_VITIS_LOOP_318_4_linebuf_yuv_3_RAM_AUTO_1R1W  |        2|  0|   0|    0|  1921|   10|     1|        19210|
    |linebuf_yuv_U    |DebayerG_Pipeline_VITIS_LOOP_318_4_linebuf_yuv_3_RAM_AUTO_1R1W  |        2|  0|   0|    0|  1921|   10|     1|        19210|
    +-----------------+----------------------------------------------------------------+---------+---+----+-----+------+-----+------+-------------+
    |Total            |                                                                |       14|  0|   0|    0| 12804|   68|     6|       160808|
    +-----------------+----------------------------------------------------------------+---------+---+----+-----+------+-----+------+-------------+

    * FIFO: 
    N/A

    * Expression: 
    +------------------------------------+----------+----+---+----+------------+------------+
    |            Variable Name           | Operation| DSP| FF| LUT| Bitwidth P0| Bitwidth P1|
    +------------------------------------+----------+----+---+----+------------+------------+
    |add_ln451_fu_1498_p2                |         +|   0|  0|  18|          11|          11|
    |add_ln453_fu_1558_p2                |         +|   0|  0|  18|          11|          11|
    |add_ln455_fu_1626_p2                |         +|   0|  0|  18|          11|          11|
    |add_ln457_fu_1682_p2                |         +|   0|  0|  18|          11|          11|
    |add_ln458_fu_1714_p2                |         +|   0|  0|  18|          11|          11|
    |add_ln459_fu_1742_p2                |         +|   0|  0|  18|          11|          11|
    |add_ln460_fu_1774_p2                |         +|   0|  0|  18|          11|          11|
    |add_ln461_fu_1802_p2                |         +|   0|  0|  18|          11|          11|
    |add_ln465_1_fu_2158_p2              |         +|   0|  0|  20|          13|          13|
    |add_ln465_fu_2148_p2                |         +|   0|  0|  20|          13|          13|
    |add_ln466_1_fu_1844_p2              |         +|   0|  0|  20|          13|          13|
    |add_ln466_fu_1834_p2                |         +|   0|  0|  20|          13|          13|
    |add_ln467_fu_1872_p2                |         +|   0|  0|  20|          13|          13|
    |add_ln468_1_fu_2194_p2              |         +|   0|  0|  20|          13|          13|
    |add_ln468_fu_2184_p2                |         +|   0|  0|  20|          13|          13|
    |add_ln476_1_fu_2845_p2              |         +|   0|  0|  20|          13|          13|
    |add_ln476_2_fu_2855_p2              |         +|   0|  0|  21|          14|          14|
    |add_ln476_fu_2835_p2                |         +|   0|  0|  20|          13|          13|
    |add_ln477_1_fu_2498_p2              |         +|   0|  0|  20|          13|          13|
    |add_ln477_2_fu_2877_p2              |         +|   0|  0|  21|          14|          14|
    |add_ln477_fu_2492_p2                |         +|   0|  0|  20|          13|          13|
    |add_ln478_1_fu_2670_p2              |         +|   0|  0|  20|          13|          13|
    |add_ln478_2_fu_2899_p2              |         +|   0|  0|  21|          14|          14|
    |add_ln478_fu_2664_p2                |         +|   0|  0|  20|          13|          13|
    |add_ln479_1_fu_3084_p2              |         +|   0|  0|  20|          13|          13|
    |add_ln479_2_fu_3094_p2              |         +|   0|  0|  21|          14|          14|
    |add_ln479_fu_3074_p2                |         +|   0|  0|  20|          13|          13|
    |add_ln483_fu_2032_p2                |         +|   0|  0|  18|          11|          11|
    |add_ln484_fu_2120_p2                |         +|   0|  0|  18|          11|          11|
    |add_ln492_1_fu_3126_p2              |         +|   0|  0|  20|          13|          13|
    |add_ln492_2_fu_3142_p2              |         +|   0|  0|  18|          11|           1|
    |add_ln492_3_fu_3152_p2              |         +|   0|  0|  20|          13|          13|
    |add_ln492_4_fu_3173_p2              |         +|   0|  0|  20|          13|          13|
    |add_ln492_5_fu_3194_p2              |         +|   0|  0|  20|          13|          13|
    |add_ln492_fu_3116_p2                |         +|   0|  0|  18|          11|           1|
    |add_ln495_1_fu_3282_p2              |         +|   0|  0|  17|          10|          10|
    |add_ln495_fu_3272_p2                |         +|   0|  0|  16|           9|           9|
    |add_ln504_2_fu_3429_p2              |         +|   0|  0|  33|          26|          26|
    |ave_1_fu_1854_p2                    |         +|   0|  0|  21|          14|          14|
    |ave_2_fu_1882_p2                    |         +|   0|  0|  21|          14|          14|
    |ave_3_fu_2204_p2                    |         +|   0|  0|  21|          14|          14|
    |ave_fu_2168_p2                      |         +|   0|  0|  21|          14|          14|
    |g_fu_3495_p2                        |         +|   0|  0|  21|          14|          14|
    |out_x_fu_1012_p2                    |         +|   0|  0|  24|          17|           3|
    |sw_1_fu_3292_p2                     |         +|   0|  0|  18|          11|          11|
    |x_11_fu_998_p2                      |         +|   0|  0|  24|          17|           1|
    |K_10_fu_1784_p2                     |         -|   0|  0|  19|          12|          12|
    |K_11_fu_1812_p2                     |         -|   0|  0|  19|          12|          12|
    |K_1_fu_1508_p2                      |         -|   0|  0|  19|          12|          12|
    |K_2_fu_1540_p2                      |         -|   0|  0|  17|          12|          12|
    |K_3_fu_1568_p2                      |         -|   0|  0|  19|          12|          12|
    |K_4_fu_1600_p2                      |         -|   0|  0|  17|          12|          12|
    |K_5_fu_1636_p2                      |         -|   0|  0|  19|          12|          12|
    |K_6_fu_1660_p2                      |         -|   0|  0|  17|          12|          12|
    |K_7_fu_1692_p2                      |         -|   0|  0|  19|          12|          12|
    |K_8_fu_1724_p2                      |         -|   0|  0|  19|          12|          12|
    |K_9_fu_1752_p2                      |         -|   0|  0|  19|          12|          12|
    |K_fu_1472_p2                        |         -|   0|  0|  17|          12|          12|
    |sub_ln450_fu_1466_p2                |         -|   0|  0|  17|          12|          12|
    |sub_ln452_fu_1534_p2                |         -|   0|  0|  17|          12|          12|
    |sub_ln454_fu_1594_p2                |         -|   0|  0|  17|          12|          12|
    |sub_ln456_fu_1654_p2                |         -|   0|  0|  17|          12|          12|
    |sub_ln472_1_fu_2248_p2              |         -|   0|  0|  19|           1|          12|
    |sub_ln472_2_fu_1900_p2              |         -|   0|  0|  22|           1|          15|
    |sub_ln472_3_fu_2262_p2              |         -|   0|  0|  19|           1|          12|
    |sub_ln472_4_fu_1934_p2              |         -|   0|  0|  22|           1|          15|
    |sub_ln472_5_fu_2273_p2              |         -|   0|  0|  19|           1|          12|
    |sub_ln472_6_fu_2292_p2              |         -|   0|  0|  22|           1|          15|
    |sub_ln472_7_fu_2318_p2              |         -|   0|  0|  19|           1|          12|
    |sub_ln472_fu_2222_p2                |         -|   0|  0|  22|           1|          15|
    |sub_ln476_1_fu_2718_p2              |         -|   0|  0|  20|          13|          13|
    |sub_ln476_2_fu_2757_p2              |         -|   0|  0|  20|          13|          13|
    |sub_ln476_3_fu_2796_p2              |         -|   0|  0|  20|          13|          13|
    |sub_ln476_fu_2679_p2                |         -|   0|  0|  20|          13|          13|
    |sub_ln477_1_fu_2375_p2              |         -|   0|  0|  20|          13|          13|
    |sub_ln477_2_fu_2414_p2              |         -|   0|  0|  20|          13|          13|
    |sub_ln477_3_fu_2453_p2              |         -|   0|  0|  20|          13|          13|
    |sub_ln477_fu_2336_p2                |         -|   0|  0|  20|          13|          13|
    |sub_ln478_1_fu_2547_p2              |         -|   0|  0|  20|          13|          13|
    |sub_ln478_2_fu_2586_p2              |         -|   0|  0|  20|          13|          13|
    |sub_ln478_3_fu_2625_p2              |         -|   0|  0|  20|          13|          13|
    |sub_ln478_fu_2508_p2                |         -|   0|  0|  20|          13|          13|
    |sub_ln479_1_fu_2957_p2              |         -|   0|  0|  20|          13|          13|
    |sub_ln479_2_fu_2996_p2              |         -|   0|  0|  20|          13|          13|
    |sub_ln479_3_fu_3035_p2              |         -|   0|  0|  20|          13|          13|
    |sub_ln479_fu_2918_p2                |         -|   0|  0|  20|          13|          13|
    |sub_ln483_1_fu_1996_p2              |         -|   0|  0|  18|          11|          11|
    |sub_ln483_fu_1960_p2                |         -|   0|  0|  18|          11|          11|
    |sub_ln484_1_fu_2084_p2              |         -|   0|  0|  18|          11|          11|
    |sub_ln484_fu_2048_p2                |         -|   0|  0|  18|          11|          11|
    |sub_ln504_1_fu_3467_p2              |         -|   0|  0|  20|           1|          13|
    |sub_ln504_fu_3451_p2                |         -|   0|  0|  34|           1|          27|
    |sub_ln61_10_fu_2770_p2              |         -|   0|  0|  19|           1|          12|
    |sub_ln61_11_fu_2809_p2              |         -|   0|  0|  19|           1|          12|
    |sub_ln61_12_fu_2349_p2              |         -|   0|  0|  19|           1|          12|
    |sub_ln61_13_fu_2388_p2              |         -|   0|  0|  19|           1|          12|
    |sub_ln61_14_fu_2427_p2              |         -|   0|  0|  19|           1|          12|
    |sub_ln61_15_fu_2466_p2              |         -|   0|  0|  19|           1|          12|
    |sub_ln61_16_fu_2521_p2              |         -|   0|  0|  19|           1|          12|
    |sub_ln61_17_fu_2560_p2              |         -|   0|  0|  19|           1|          12|
    |sub_ln61_18_fu_2599_p2              |         -|   0|  0|  19|           1|          12|
    |sub_ln61_19_fu_2638_p2              |         -|   0|  0|  19|           1|          12|
    |sub_ln61_20_fu_2931_p2              |         -|   0|  0|  19|           1|          12|
    |sub_ln61_21_fu_2970_p2              |         -|   0|  0|  19|           1|          12|
    |sub_ln61_22_fu_3009_p2              |         -|   0|  0|  19|           1|          12|
    |sub_ln61_23_fu_3048_p2              |         -|   0|  0|  19|           1|          12|
    |sub_ln61_24_fu_1970_p2              |         -|   0|  0|  17|           1|          10|
    |sub_ln61_25_fu_2006_p2              |         -|   0|  0|  17|           1|          10|
    |sub_ln61_26_fu_2058_p2              |         -|   0|  0|  17|           1|          10|
    |sub_ln61_27_fu_2094_p2              |         -|   0|  0|  17|           1|          10|
    |sub_ln61_9_fu_2731_p2               |         -|   0|  0|  19|           1|          12|
    |sub_ln61_fu_2692_p2                 |         -|   0|  0|  19|           1|          12|
    |ap_block_pp0                        |       and|   0|  0|   2|           1|           1|
    |ap_block_state14_pp0_stage0_iter13  |       and|   0|  0|   2|           1|           1|
    |ap_block_state2_pp0_stage0_iter1    |       and|   0|  0|   2|           1|           1|
    |ap_condition_2878                   |       and|   0|  0|   2|           1|           1|
    |ap_condition_406                    |       and|   0|  0|   2|           1|           1|
    |ap_enable_state1_pp0_iter0_stage0   |       and|   0|  0|   2|           1|           1|
    |ap_enable_state2_pp0_iter1_stage0   |       and|   0|  0|   2|           1|           1|
    |ap_predicate_op110_load_state1      |       and|   0|  0|   2|           1|           1|
    |ap_predicate_op149_load_state2      |       and|   0|  0|   2|           1|           1|
    |ap_predicate_op154_read_state2      |       and|   0|  0|   2|           1|           1|
    |cmp147_fu_1028_p2                   |      icmp|   0|  0|  24|          17|           1|
    |cmp170_fu_872_p2                    |      icmp|   0|  0|  24|          17|           1|
    |cmp689_fu_878_p2                    |      icmp|   0|  0|  22|          15|          15|
    |cmp84_fu_866_p2                     |      icmp|   0|  0|  24|          17|          17|
    |icmp_ln318_fu_992_p2                |      icmp|   0|  0|  24|          17|          17|
    |icmp_ln328_fu_1022_p2               |      icmp|   0|  0|  24|          17|          17|
    |icmp_ln439_fu_1044_p2               |      icmp|   0|  0|  22|          15|          15|
    |icmp_ln510_fu_3556_p2               |      icmp|   0|  0|  12|           4|           1|
    |ap_block_pp0_stage0_01001           |        or|   0|  0|   2|           1|           1|
    |or_ln510_fu_3580_p2                 |        or|   0|  0|   2|           1|           1|
    |or_ln585_fu_1050_p2                 |        or|   0|  0|  17|          17|          17|
    |LineBufVal_10_fu_1307_p3            |    select|   0|  0|   9|           1|          10|
    |LineBufVal_9_fu_1315_p3             |    select|   0|  0|   9|           1|          10|
    |g_1_fu_3522_p3                      |    select|   0|  0|  14|           1|          14|
    |mean_1_fu_2267_p3                   |    select|   0|  0|  12|           1|          12|
    |mean_2_fu_2278_p3                   |    select|   0|  0|  12|           1|          12|
    |mean_3_fu_2324_p3                   |    select|   0|  0|  12|           1|          12|
    |mean_fu_2254_p3                     |    select|   0|  0|  12|           1|          12|
    |phi_ln509_fu_3515_p3                |    select|   0|  0|   9|           1|          10|
    |phi_ln511_fu_3531_p3                |    select|   0|  0|   9|           1|          10|
    |phitmp9_fu_3508_p3                  |    select|   0|  0|   9|           1|           1|
    |phitmp_fu_3501_p3                   |    select|   0|  0|   9|           1|          10|
    |select_ln387_10_fu_1222_p3          |    select|   0|  0|   9|           1|          10|
    |select_ln387_11_fu_1229_p3          |    select|   0|  0|   9|           1|          10|
    |select_ln387_12_fu_1237_p3          |    select|   0|  0|   9|           1|          10|
    |select_ln387_13_fu_1245_p3          |    select|   0|  0|   9|           1|          10|
    |select_ln387_14_fu_1253_p3          |    select|   0|  0|   9|           1|          10|
    |select_ln387_15_fu_1260_p3          |    select|   0|  0|   9|           1|          10|
    |select_ln387_16_fu_1268_p3          |    select|   0|  0|   9|           1|          10|
    |select_ln387_17_fu_1276_p3          |    select|   0|  0|   9|           1|          10|
    |select_ln387_18_fu_1284_p3          |    select|   0|  0|   9|           1|          10|
    |select_ln387_19_fu_1291_p3          |    select|   0|  0|   9|           1|          10|
    |select_ln387_1_fu_1152_p3           |    select|   0|  0|   9|           1|          10|
    |select_ln387_2_fu_1160_p3           |    select|   0|  0|   9|           1|          10|
    |select_ln387_3_fu_1167_p3           |    select|   0|  0|   9|           1|          10|
    |select_ln387_4_fu_1175_p3           |    select|   0|  0|   9|           1|          10|
    |select_ln387_5_fu_1183_p3           |    select|   0|  0|   9|           1|          10|
    |select_ln387_6_fu_1191_p3           |    select|   0|  0|   9|           1|          10|
    |select_ln387_7_fu_1198_p3           |    select|   0|  0|   9|           1|          10|
    |select_ln387_8_fu_1206_p3           |    select|   0|  0|   9|           1|          10|
    |select_ln387_9_fu_1214_p3           |    select|   0|  0|   9|           1|          10|
    |select_ln387_fu_1144_p3             |    select|   0|  0|   9|           1|          10|
    |select_ln403_fu_1299_p3             |    select|   0|  0|   9|           1|          10|
    |select_ln504_fu_3483_p3             |    select|   0|  0|  13|           1|          13|
    |select_ln510_1_fu_3572_p3           |    select|   0|  0|   2|           1|           2|
    |select_ln510_fu_3586_p3             |    select|   0|  0|   9|           1|          10|
    |select_ln61_10_fu_2613_p3           |    select|   0|  0|  12|           1|          12|
    |select_ln61_11_fu_2652_p3           |    select|   0|  0|  12|           1|          12|
    |select_ln61_12_fu_2945_p3           |    select|   0|  0|  12|           1|          12|
    |select_ln61_13_fu_2984_p3           |    select|   0|  0|  12|           1|          12|
    |select_ln61_14_fu_3023_p3           |    select|   0|  0|  12|           1|          12|
    |select_ln61_15_fu_3062_p3           |    select|   0|  0|  12|           1|          12|
    |select_ln61_16_fu_1984_p3           |    select|   0|  0|   9|           1|          10|
    |select_ln61_17_fu_2020_p3           |    select|   0|  0|   9|           1|          10|
    |select_ln61_18_fu_2072_p3           |    select|   0|  0|   9|           1|          10|
    |select_ln61_19_fu_2108_p3           |    select|   0|  0|   9|           1|          10|
    |select_ln61_1_fu_2745_p3            |    select|   0|  0|  12|           1|          12|
    |select_ln61_2_fu_2784_p3            |    select|   0|  0|  12|           1|          12|
    |select_ln61_3_fu_2823_p3            |    select|   0|  0|  12|           1|          12|
    |select_ln61_4_fu_2363_p3            |    select|   0|  0|  12|           1|          12|
    |select_ln61_5_fu_2402_p3            |    select|   0|  0|  12|           1|          12|
    |select_ln61_6_fu_2441_p3            |    select|   0|  0|  12|           1|          12|
    |select_ln61_7_fu_2480_p3            |    select|   0|  0|  12|           1|          12|
    |select_ln61_8_fu_2535_p3            |    select|   0|  0|  12|           1|          12|
    |select_ln61_9_fu_2574_p3            |    select|   0|  0|  12|           1|          12|
    |select_ln61_fu_2706_p3              |    select|   0|  0|  12|           1|          12|
    |ap_enable_pp0                       |       xor|   0|  0|   2|           1|           2|
    |xor_ln439_fu_1034_p2                |       xor|   0|  0|   2|           1|           1|
    |xor_ln510_fu_3566_p2                |       xor|   0|  0|   2|           1|           2|
    +------------------------------------+----------+----+---+----+------------+------------+
    |Total                               |          |   0|  0|2967|        1275|        2067|
    +------------------------------------+----------+----+---+----+------------+------------+

    * Multiplexer: 
    +----------------------------------------+----+-----------+-----+-----------+
    |                  Name                  | LUT| Input Size| Bits| Total Bits|
    +----------------------------------------+----+-----------+-----+-----------+
    |ap_done_int                             |   9|          2|    1|          2|
    |ap_enable_reg_pp0_iter2                 |   9|          2|    1|          2|
    |ap_phi_mux_empty_175_phi_fu_666_p4      |  14|          3|   10|         30|
    |ap_phi_mux_empty_176_phi_fu_676_p4      |  14|          3|   10|         30|
    |ap_phi_mux_empty_178_phi_fu_686_p4      |  14|          3|   10|         30|
    |ap_phi_mux_empty_179_phi_fu_696_p4      |  14|          3|   10|         30|
    |ap_phi_mux_empty_180_phi_fu_705_p4      |  14|          3|   10|         30|
    |ap_phi_mux_empty_182_phi_fu_715_p4      |  14|          3|   10|         30|
    |ap_phi_mux_empty_183_phi_fu_724_p4      |  14|          3|   10|         30|
    |ap_phi_mux_empty_185_phi_fu_744_p4      |  14|          3|   10|         30|
    |ap_phi_mux_empty_186_phi_fu_754_p4      |  14|          3|   10|         30|
    |ap_phi_mux_empty_187_phi_fu_763_p4      |  14|          3|   10|         30|
    |ap_phi_mux_empty_189_phi_fu_773_p4      |  14|          3|   10|         30|
    |ap_phi_mux_empty_190_phi_fu_782_p4      |  14|          3|   10|         30|
    |ap_phi_mux_empty_191_phi_fu_792_p4      |  14|          3|   10|         30|
    |ap_phi_mux_empty_193_phi_fu_802_p4      |  14|          3|   10|         30|
    |ap_phi_mux_g_2_phi_fu_734_p4            |  14|          3|   10|         30|
    |ap_phi_mux_p_ph_phi_fu_655_p4           |  14|          3|   10|         30|
    |ap_phi_reg_pp0_iter2_empty_177_reg_809  |  14|          3|   10|         30|
    |ap_phi_reg_pp0_iter2_empty_181_reg_818  |  14|          3|   10|         30|
    |ap_phi_reg_pp0_iter2_empty_184_reg_827  |  14|          3|   10|         30|
    |ap_phi_reg_pp0_iter2_empty_188_reg_836  |  14|          3|   10|         30|
    |ap_phi_reg_pp0_iter2_empty_192_reg_845  |  14|          3|   10|         30|
    |ap_sig_allocacmp_z                      |   9|          2|   17|         34|
    |empty_155_fu_238                        |   9|          2|   10|         20|
    |empty_156_fu_242                        |   9|          2|   10|         20|
    |empty_157_fu_246                        |   9|          2|   10|         20|
    |empty_158_fu_250                        |   9|          2|   10|         20|
    |empty_159_fu_254                        |   9|          2|   10|         20|
    |empty_160_fu_258                        |   9|          2|   10|         20|
    |empty_161_fu_262                        |   9|          2|   10|         20|
    |empty_162_fu_266                        |   9|          2|   10|         20|
    |empty_163_fu_270                        |   9|          2|   10|         20|
    |empty_164_fu_274                        |   9|          2|   10|         20|
    |empty_165_fu_278                        |   9|          2|   10|         20|
    |empty_166_fu_282                        |   9|          2|   10|         20|
    |empty_167_fu_286                        |   9|          2|   10|         20|
    |empty_168_fu_290                        |   9|          2|   10|         20|
    |empty_169_fu_294                        |   9|          2|   10|         20|
    |empty_170_fu_298                        |   9|          2|   10|         20|
    |empty_171_fu_302                        |   9|          2|   10|         20|
    |empty_172_fu_306                        |   9|          2|   10|         20|
    |empty_173_fu_310                        |   9|          2|   10|         20|
    |empty_174_fu_314                        |   9|          2|   10|         20|
    |empty_175_reg_663                       |  14|          3|   10|         30|
    |empty_176_reg_673                       |  14|          3|   10|         30|
    |empty_178_reg_683                       |  14|          3|   10|         30|
    |empty_180_reg_702                       |  14|          3|   10|         30|
    |empty_183_reg_721                       |  14|          3|   10|         30|
    |empty_185_reg_741                       |  14|          3|   10|         30|
    |empty_187_reg_760                       |  14|          3|   10|         30|
    |empty_190_reg_779                       |  14|          3|   10|         30|
    |empty_191_reg_789                       |  14|          3|   10|         30|
    |empty_193_reg_799                       |  14|          3|   10|         30|
    |g_2_reg_731                             |  14|          3|   10|         30|
    |imgBayer_blk_n                          |   9|          2|    1|          2|
    |imgG_blk_n                              |   9|          2|    1|          2|
    |x_fu_234                                |   9|          2|   17|         34|
    +----------------------------------------+----+-----------+-----+-----------+
    |Total                                   | 682|        148|  558|       1436|
    +----------------------------------------+----+-----------+-----+-----------+

    * Register: 
    +-------------------------------------------+----+----+-----+-----------+
    |                    Name                   | FF | LUT| Bits| Const Bits|
    +-------------------------------------------+----+----+-----+-----------+
    |K_10_reg_4112                              |  12|   0|   12|          0|
    |K_2_reg_4092                               |  12|   0|   12|          0|
    |K_4_reg_4097                               |  12|   0|   12|          0|
    |K_6_reg_4102                               |  12|   0|   12|          0|
    |K_8_reg_4107                               |  12|   0|   12|          0|
    |K_reg_4087                                 |  12|   0|   12|          0|
    |SD_1_reg_4194                              |  10|   0|   10|          0|
    |SD_1_reg_4194_pp0_iter3_reg                |  10|   0|   10|          0|
    |SD_reg_4189                                |  10|   0|   10|          0|
    |SD_reg_4189_pp0_iter3_reg                  |  10|   0|   10|          0|
    |add_ln477_1_reg_4256                       |  13|   0|   13|          0|
    |add_ln477_reg_4251                         |  13|   0|   13|          0|
    |add_ln478_1_reg_4266                       |  13|   0|   13|          0|
    |add_ln478_reg_4261                         |  13|   0|   13|          0|
    |add_ln504_1_reg_4383                       |  25|   0|   25|          0|
    |add_ln504_reg_4378                         |  25|   0|   25|          0|
    |ap_CS_fsm                                  |   1|   0|    1|          0|
    |ap_block_pp0_stage0_subdone_grp0_done_reg  |   1|   0|    1|          0|
    |ap_done_reg                                |   1|   0|    1|          0|
    |ap_enable_reg_pp0_iter1                    |   1|   0|    1|          0|
    |ap_enable_reg_pp0_iter10                   |   1|   0|    1|          0|
    |ap_enable_reg_pp0_iter11                   |   1|   0|    1|          0|
    |ap_enable_reg_pp0_iter12                   |   1|   0|    1|          0|
    |ap_enable_reg_pp0_iter13                   |   1|   0|    1|          0|
    |ap_enable_reg_pp0_iter2                    |   1|   0|    1|          0|
    |ap_enable_reg_pp0_iter3                    |   1|   0|    1|          0|
    |ap_enable_reg_pp0_iter4                    |   1|   0|    1|          0|
    |ap_enable_reg_pp0_iter5                    |   1|   0|    1|          0|
    |ap_enable_reg_pp0_iter6                    |   1|   0|    1|          0|
    |ap_enable_reg_pp0_iter7                    |   1|   0|    1|          0|
    |ap_enable_reg_pp0_iter8                    |   1|   0|    1|          0|
    |ap_enable_reg_pp0_iter9                    |   1|   0|    1|          0|
    |ap_loop_exit_ready_pp0_iter10_reg          |   1|   0|    1|          0|
    |ap_loop_exit_ready_pp0_iter11_reg          |   1|   0|    1|          0|
    |ap_loop_exit_ready_pp0_iter12_reg          |   1|   0|    1|          0|
    |ap_loop_exit_ready_pp0_iter1_reg           |   1|   0|    1|          0|
    |ap_loop_exit_ready_pp0_iter2_reg           |   1|   0|    1|          0|
    |ap_loop_exit_ready_pp0_iter3_reg           |   1|   0|    1|          0|
    |ap_loop_exit_ready_pp0_iter4_reg           |   1|   0|    1|          0|
    |ap_loop_exit_ready_pp0_iter5_reg           |   1|   0|    1|          0|
    |ap_loop_exit_ready_pp0_iter6_reg           |   1|   0|    1|          0|
    |ap_loop_exit_ready_pp0_iter7_reg           |   1|   0|    1|          0|
    |ap_loop_exit_ready_pp0_iter8_reg           |   1|   0|    1|          0|
    |ap_loop_exit_ready_pp0_iter9_reg           |   1|   0|    1|          0|
    |ap_phi_reg_pp0_iter1_empty_177_reg_809     |  10|   0|   10|          0|
    |ap_phi_reg_pp0_iter1_empty_181_reg_818     |  10|   0|   10|          0|
    |ap_phi_reg_pp0_iter1_empty_184_reg_827     |  10|   0|   10|          0|
    |ap_phi_reg_pp0_iter1_empty_188_reg_836     |  10|   0|   10|          0|
    |ap_phi_reg_pp0_iter1_empty_192_reg_845     |  10|   0|   10|          0|
    |ap_phi_reg_pp0_iter2_empty_177_reg_809     |  10|   0|   10|          0|
    |ap_phi_reg_pp0_iter2_empty_181_reg_818     |  10|   0|   10|          0|
    |ap_phi_reg_pp0_iter2_empty_184_reg_827     |  10|   0|   10|          0|
    |ap_phi_reg_pp0_iter2_empty_188_reg_836     |  10|   0|   10|          0|
    |ap_phi_reg_pp0_iter2_empty_192_reg_845     |  10|   0|   10|          0|
    |ave_1_reg_4139                             |  14|   0|   14|          0|
    |ave_2_reg_4154                             |  14|   0|   14|          0|
    |ave_3_reg_4236                             |  14|   0|   14|          0|
    |ave_reg_4221                               |  14|   0|   14|          0|
    |cmp147_reg_3922                            |   1|   0|    1|          0|
    |cmp170_reg_3877                            |   1|   0|    1|          0|
    |cmp689_reg_3884                            |   1|   0|    1|          0|
    |cmp84_reg_3873                             |   1|   0|    1|          0|
    |empty_155_fu_238                           |  10|   0|   10|          0|
    |empty_156_fu_242                           |  10|   0|   10|          0|
    |empty_157_fu_246                           |  10|   0|   10|          0|
    |empty_158_fu_250                           |  10|   0|   10|          0|
    |empty_159_fu_254                           |  10|   0|   10|          0|
    |empty_160_fu_258                           |  10|   0|   10|          0|
    |empty_161_fu_262                           |  10|   0|   10|          0|
    |empty_162_fu_266                           |  10|   0|   10|          0|
    |empty_163_fu_270                           |  10|   0|   10|          0|
    |empty_164_fu_274                           |  10|   0|   10|          0|
    |empty_165_fu_278                           |  10|   0|   10|          0|
    |empty_166_fu_282                           |  10|   0|   10|          0|
    |empty_167_fu_286                           |  10|   0|   10|          0|
    |empty_168_fu_290                           |  10|   0|   10|          0|
    |empty_169_fu_294                           |  10|   0|   10|          0|
    |empty_170_fu_298                           |  10|   0|   10|          0|
    |empty_171_fu_302                           |  10|   0|   10|          0|
    |empty_172_fu_306                           |  10|   0|   10|          0|
    |empty_173_fu_310                           |  10|   0|   10|          0|
    |empty_174_fu_314                           |  10|   0|   10|          0|
    |empty_175_reg_663                          |  10|   0|   10|          0|
    |empty_176_reg_673                          |  10|   0|   10|          0|
    |empty_178_reg_683                          |  10|   0|   10|          0|
    |empty_180_reg_702                          |  10|   0|   10|          0|
    |empty_183_reg_721                          |  10|   0|   10|          0|
    |empty_185_reg_741                          |  10|   0|   10|          0|
    |empty_187_reg_760                          |  10|   0|   10|          0|
    |empty_190_reg_779                          |  10|   0|   10|          0|
    |empty_191_reg_789                          |  10|   0|   10|          0|
    |empty_193_reg_799                          |  10|   0|   10|          0|
    |g_2_reg_731                                |  10|   0|   10|          0|
    |g_reg_4393                                 |  14|   0|   14|          0|
    |icmp_ln318_reg_3890                        |   1|   0|    1|          0|
    |icmp_ln328_reg_3894                        |   1|   0|    1|          0|
    |icmp_ln439_reg_3946                        |   1|   0|    1|          0|
    |linebuf_yuv_1_addr_reg_3904                |  11|   0|   11|          0|
    |linebuf_yuv_2_addr_reg_3910                |  11|   0|   11|          0|
    |linebuf_yuv_3_addr_reg_3916                |  11|   0|   11|          0|
    |linebuf_yuv_addr_reg_3898                  |  11|   0|   11|          0|
    |lshr_ln1_reg_4296                          |   8|   0|    8|          0|
    |lshr_ln1_reg_4296_pp0_iter6_reg            |   8|   0|    8|          0|
    |lshr_ln2_reg_4328                          |  10|   0|   10|          0|
    |lshr_ln492_3_reg_4286                      |  10|   0|   10|          0|
    |lshr_ln494_1_reg_4302                      |   8|   0|    8|          0|
    |lshr_ln494_1_reg_4302_pp0_iter6_reg        |   8|   0|    8|          0|
    |lshr_ln494_2_reg_4318                      |   9|   0|    9|          0|
    |lshr_ln501_1_reg_4333                      |  10|   0|   10|          0|
    |lshr_ln501_2_reg_4338                      |  10|   0|   10|          0|
    |lshr_ln501_3_reg_4343                      |  10|   0|   10|          0|
    |lshr_ln_reg_4271                           |  10|   0|   10|          0|
    |mean_3_reg_4246                            |  12|   0|   12|          0|
    |mean_reg_4241                              |  12|   0|   12|          0|
    |p_load10_reg_4004                          |  10|   0|   10|          0|
    |p_load11_reg_3998                          |  10|   0|   10|          0|
    |p_load12_reg_3993                          |  10|   0|   10|          0|
    |p_load13_reg_3988                          |  10|   0|   10|          0|
    |p_load14_reg_3982                          |  10|   0|   10|          0|
    |p_load15_reg_3977                          |  10|   0|   10|          0|
    |p_load17_reg_3972                          |  10|   0|   10|          0|
    |p_load19_reg_3967                          |  10|   0|   10|          0|
    |p_load1_reg_4052                           |  10|   0|   10|          0|
    |p_load21_reg_3962                          |  10|   0|   10|          0|
    |p_load23_reg_3957                          |  10|   0|   10|          0|
    |p_load2_reg_4046                           |  10|   0|   10|          0|
    |p_load3_reg_4041                           |  10|   0|   10|          0|
    |p_load4_reg_4036                           |  10|   0|   10|          0|
    |p_load5_reg_4030                           |  10|   0|   10|          0|
    |p_load6_reg_4025                           |  10|   0|   10|          0|
    |p_load7_reg_4020                           |  10|   0|   10|          0|
    |p_load8_reg_4014                           |  10|   0|   10|          0|
    |p_load9_reg_4009                           |  10|   0|   10|          0|
    |p_load_reg_4057                            |  10|   0|   10|          0|
    |sext_ln465_1_reg_4205                      |  13|   0|   13|          0|
    |sext_ln465_2_reg_4210                      |  13|   0|   13|          0|
    |sext_ln465_3_reg_4215                      |  13|   0|   13|          0|
    |sext_ln465_reg_4199                        |  13|   0|   13|          0|
    |sext_ln466_1_reg_4122                      |  13|   0|   13|          0|
    |sext_ln466_2_reg_4128                      |  13|   0|   13|          0|
    |sext_ln466_3_reg_4134                      |  13|   0|   13|          0|
    |sext_ln466_reg_4117                        |  13|   0|   13|          0|
    |sext_ln467_1_reg_4149                      |  13|   0|   13|          0|
    |sext_ln467_reg_4144                        |  13|   0|   13|          0|
    |sext_ln468_1_reg_4231                      |  13|   0|   13|          0|
    |sext_ln468_reg_4226                        |  13|   0|   13|          0|
    |sw_reg_4313                                |   9|   0|    9|          0|
    |tmp_26_reg_4159                            |   1|   0|    1|          0|
    |tmp_27_reg_4174                            |   1|   0|    1|          0|
    |tmp_52_reg_3953                            |   1|   0|    1|          0|
    |trunc_ln472_4_cast_reg_4164                |  12|   0|   12|          0|
    |trunc_ln472_5_reg_4169                     |  12|   0|   12|          0|
    |trunc_ln472_7_cast_reg_4179                |  12|   0|   12|          0|
    |trunc_ln472_8_reg_4184                     |  12|   0|   12|          0|
    |x_fu_234                                   |  17|   0|   17|          0|
    |zext_ln504_4_reg_4388                      |  10|   0|   14|          4|
    |ave_1_reg_4139                             |  64|  32|   14|          0|
    |ave_2_reg_4154                             |  64|  32|   14|          0|
    |ave_3_reg_4236                             |  64|  32|   14|          0|
    |ave_reg_4221                               |  64|  32|   14|          0|
    |g_2_reg_731                                |  64|  32|   10|          0|
    |icmp_ln318_reg_3890                        |  64|  32|    1|          0|
    |icmp_ln439_reg_3946                        |  64|  32|    1|          0|
    |lshr_ln501_1_reg_4333                      |  64|  32|   10|          0|
    |lshr_ln501_2_reg_4338                      |  64|  32|   10|          0|
    |p_load10_reg_4004                          |  64|  32|   10|          0|
    |p_load11_reg_3998                          |  64|  32|   10|          0|
    |p_load12_reg_3993                          |  64|  32|   10|          0|
    |p_load13_reg_3988                          |  64|  32|   10|          0|
    |p_load14_reg_3982                          |  64|  32|   10|          0|
    |p_load15_reg_3977                          |  64|  32|   10|          0|
    |p_load17_reg_3972                          |  64|  32|   10|          0|
    |p_load19_reg_3967                          |  64|  32|   10|          0|
    |p_load1_reg_4052                           |  64|  32|   10|          0|
    |p_load21_reg_3962                          |  64|  32|   10|          0|
    |p_load23_reg_3957                          |  64|  32|   10|          0|
    |p_load2_reg_4046                           |  64|  32|   10|          0|
    |p_load3_reg_4041                           |  64|  32|   10|          0|
    |p_load4_reg_4036                           |  64|  32|   10|          0|
    |p_load5_reg_4030                           |  64|  32|   10|          0|
    |p_load6_reg_4025                           |  64|  32|   10|          0|
    |p_load7_reg_4020                           |  64|  32|   10|          0|
    |p_load8_reg_4014                           |  64|  32|   10|          0|
    |p_load9_reg_4009                           |  64|  32|   10|          0|
    |p_load_reg_4057                            |  64|  32|   10|          0|
    |tmp_52_reg_3953                            |  64|  32|    1|          0|
    +-------------------------------------------+----+----+-----+-----------+
    |Total                                      |3261| 960| 1634|          4|
    +-------------------------------------------+----+----+-----+-----------+



================================================================
== Interface
================================================================
* Summary: 
+-------------------------+-----+-----+------------+------------------------------------+--------------+
|        RTL Ports        | Dir | Bits|  Protocol  |            Source Object           |    C Type    |
+-------------------------+-----+-----+------------+------------------------------------+--------------+
|ap_clk                   |   in|    1|  ap_ctrl_hs|  DebayerG_Pipeline_VITIS_LOOP_318_4|  return value|
|ap_rst                   |   in|    1|  ap_ctrl_hs|  DebayerG_Pipeline_VITIS_LOOP_318_4|  return value|
|ap_start                 |   in|    1|  ap_ctrl_hs|  DebayerG_Pipeline_VITIS_LOOP_318_4|  return value|
|ap_done                  |  out|    1|  ap_ctrl_hs|  DebayerG_Pipeline_VITIS_LOOP_318_4|  return value|
|ap_idle                  |  out|    1|  ap_ctrl_hs|  DebayerG_Pipeline_VITIS_LOOP_318_4|  return value|
|ap_ready                 |  out|    1|  ap_ctrl_hs|  DebayerG_Pipeline_VITIS_LOOP_318_4|  return value|
|imgBayer_dout            |   in|   10|     ap_fifo|                            imgBayer|       pointer|
|imgBayer_empty_n         |   in|    1|     ap_fifo|                            imgBayer|       pointer|
|imgBayer_read            |  out|    1|     ap_fifo|                            imgBayer|       pointer|
|imgBayer_num_data_valid  |   in|    3|     ap_fifo|                            imgBayer|       pointer|
|imgBayer_fifo_cap        |   in|    3|     ap_fifo|                            imgBayer|       pointer|
|imgG_din                 |  out|   30|     ap_fifo|                                imgG|       pointer|
|imgG_full_n              |   in|    1|     ap_fifo|                                imgG|       pointer|
|imgG_write               |  out|    1|     ap_fifo|                                imgG|       pointer|
|imgG_num_data_valid      |   in|   32|     ap_fifo|                                imgG|       pointer|
|imgG_fifo_cap            |   in|   32|     ap_fifo|                                imgG|       pointer|
|p_lcssa51575167          |   in|   10|     ap_none|                     p_lcssa51575167|        scalar|
|p_lcssa51565165          |   in|   10|     ap_none|                     p_lcssa51565165|        scalar|
|p_lcssa51555163          |   in|   10|     ap_none|                     p_lcssa51555163|        scalar|
|p_lcssa51545161          |   in|   10|     ap_none|                     p_lcssa51545161|        scalar|
|p_lcssa51535159          |   in|   10|     ap_none|                     p_lcssa51535159|        scalar|
|p_lcssa49945036          |   in|   10|     ap_none|                     p_lcssa49945036|        scalar|
|p_lcssa49935034          |   in|   10|     ap_none|                     p_lcssa49935034|        scalar|
|p_lcssa49915032          |   in|   10|     ap_none|                     p_lcssa49915032|        scalar|
|p_lcssa49905030          |   in|   10|     ap_none|                     p_lcssa49905030|        scalar|
|p_lcssa49895028          |   in|   10|     ap_none|                     p_lcssa49895028|        scalar|
|p_lcssa49875026          |   in|   10|     ap_none|                     p_lcssa49875026|        scalar|
|p_lcssa49865024          |   in|   10|     ap_none|                     p_lcssa49865024|        scalar|
|p_lcssa49855022          |   in|   10|     ap_none|                     p_lcssa49855022|        scalar|
|p_lcssa49835020          |   in|   10|     ap_none|                     p_lcssa49835020|        scalar|
|p_lcssa49825018          |   in|   10|     ap_none|                     p_lcssa49825018|        scalar|
|p_lcssa49815016          |   in|   10|     ap_none|                     p_lcssa49815016|        scalar|
|p_lcssa49795014          |   in|   10|     ap_none|                     p_lcssa49795014|        scalar|
|p_lcssa49785012          |   in|   10|     ap_none|                     p_lcssa49785012|        scalar|
|p_lcssa49775010          |   in|   10|     ap_none|                     p_lcssa49775010|        scalar|
|p_lcssa49755008          |   in|   10|     ap_none|                     p_lcssa49755008|        scalar|
|loopWidth                |   in|   17|   ap_stable|                           loopWidth|        scalar|
|empty                    |   in|    1|     ap_none|                               empty|        scalar|
|xor_r                    |   in|   15|     ap_none|                               xor_r|        scalar|
|out_y                    |   in|   17|     ap_none|                               out_y|        scalar|
|zext_ln275               |   in|   16|   ap_stable|                          zext_ln275|        scalar|
|y                        |   in|   17|     ap_none|                                   y|        scalar|
|zext_ln274               |   in|   16|   ap_stable|                          zext_ln274|        scalar|
|and226_cast              |   in|    1|     ap_none|                         and226_cast|        scalar|
|trunc_ln                 |   in|   15|     ap_none|                            trunc_ln|        scalar|
|p_out                    |  out|   10|      ap_vld|                               p_out|       pointer|
|p_out_ap_vld             |  out|    1|      ap_vld|                               p_out|       pointer|
|p_out1                   |  out|   10|      ap_vld|                              p_out1|       pointer|
|p_out1_ap_vld            |  out|    1|      ap_vld|                              p_out1|       pointer|
|p_out2                   |  out|   10|      ap_vld|                              p_out2|       pointer|
|p_out2_ap_vld            |  out|    1|      ap_vld|                              p_out2|       pointer|
|p_out3                   |  out|   10|      ap_vld|                              p_out3|       pointer|
|p_out3_ap_vld            |  out|    1|      ap_vld|                              p_out3|       pointer|
|p_out4                   |  out|   10|      ap_vld|                              p_out4|       pointer|
|p_out4_ap_vld            |  out|    1|      ap_vld|                              p_out4|       pointer|
|p_out5                   |  out|   10|      ap_vld|                              p_out5|       pointer|
|p_out5_ap_vld            |  out|    1|      ap_vld|                              p_out5|       pointer|
|p_out6                   |  out|   10|      ap_vld|                              p_out6|       pointer|
|p_out6_ap_vld            |  out|    1|      ap_vld|                              p_out6|       pointer|
|p_out7                   |  out|   10|      ap_vld|                              p_out7|       pointer|
|p_out7_ap_vld            |  out|    1|      ap_vld|                              p_out7|       pointer|
|p_out8                   |  out|   10|      ap_vld|                              p_out8|       pointer|
|p_out8_ap_vld            |  out|    1|      ap_vld|                              p_out8|       pointer|
|p_out9                   |  out|   10|      ap_vld|                              p_out9|       pointer|
|p_out9_ap_vld            |  out|    1|      ap_vld|                              p_out9|       pointer|
|p_out10                  |  out|   10|      ap_vld|                             p_out10|       pointer|
|p_out10_ap_vld           |  out|    1|      ap_vld|                             p_out10|       pointer|
|p_out11                  |  out|   10|      ap_vld|                             p_out11|       pointer|
|p_out11_ap_vld           |  out|    1|      ap_vld|                             p_out11|       pointer|
|p_out12                  |  out|   10|      ap_vld|                             p_out12|       pointer|
|p_out12_ap_vld           |  out|    1|      ap_vld|                             p_out12|       pointer|
|p_out13                  |  out|   10|      ap_vld|                             p_out13|       pointer|
|p_out13_ap_vld           |  out|    1|      ap_vld|                             p_out13|       pointer|
|p_out14                  |  out|   10|      ap_vld|                             p_out14|       pointer|
|p_out14_ap_vld           |  out|    1|      ap_vld|                             p_out14|       pointer|
|p_out15                  |  out|   10|      ap_vld|                             p_out15|       pointer|
|p_out15_ap_vld           |  out|    1|      ap_vld|                             p_out15|       pointer|
|p_out16                  |  out|   10|      ap_vld|                             p_out16|       pointer|
|p_out16_ap_vld           |  out|    1|      ap_vld|                             p_out16|       pointer|
|p_out17                  |  out|   10|      ap_vld|                             p_out17|       pointer|
|p_out17_ap_vld           |  out|    1|      ap_vld|                             p_out17|       pointer|
|p_out18                  |  out|   10|      ap_vld|                             p_out18|       pointer|
|p_out18_ap_vld           |  out|    1|      ap_vld|                             p_out18|       pointer|
|p_out19                  |  out|   10|      ap_vld|                             p_out19|       pointer|
|p_out19_ap_vld           |  out|    1|      ap_vld|                             p_out19|       pointer|
+-------------------------+-----+-----+------------+------------------------------------+--------------+

