

================================================================
== Vitis HLS Report for 'DebayerRandBatG'
================================================================
* Date:           Thu Nov 13 19:32:14 2025

* Version:        2024.2 (Build 5238294 on Nov  8 2024)
* Project:        prj
* Solution:       sol (Vivado IP Flow Target)
* Product family: zynquplus
* Target device:  xczu2cg-sfvc784-1-e


================================================================
== Performance Estimates
================================================================
+ Timing: 
    * Summary: 
    +--------+---------+----------+------------+
    |  Clock |  Target | Estimated| Uncertainty|
    +--------+---------+----------+------------+
    |ap_clk  |  6.67 ns|  4.712 ns|     1.80 ns|
    +--------+---------+----------+------------+

+ Latency: 
    * Summary: 
    +---------+---------+-----------+-----------+-----+---------+---------+
    |  Latency (cycles) |   Latency (absolute)  |    Interval   | Pipeline|
    |   min   |   max   |    min    |    max    | min |   max   |   Type  |
    +---------+---------+-----------+-----------+-----+---------+---------+
    |        9|  2084169|  60.003 ns|  13.895 ms|    9|  2084169|       no|
    +---------+---------+-----------+-----------+-----+---------+---------+

    + Detail: 
        * Instance: 
        N/A

        * Loop: 
        +--------------------+---------+---------+----------+-----------+-----------+----------+----------+
        |                    |  Latency (cycles) | Iteration|  Initiation Interval  |   Trip   |          |
        |      Loop Name     |   min   |   max   |  Latency |  achieved |   target  |   Count  | Pipelined|
        +--------------------+---------+---------+----------+-----------+-----------+----------+----------+
        |- VITIS_LOOP_878_1  |        8|  2084168|  8 ~ 1928|          -|          -|  1 ~ 1081|        no|
        +--------------------+---------+---------+----------+-----------+-----------+----------+----------+

============================================================
+ Verbose Summary: Synthesis Manager
============================================================
InlineROM: 1
ExposeGlobal: 0
============================================================
+ Verbose Summary: CDFG Model
============================================================
IsTopModel: 0
ResetActiveHigh: 1
IsCombinational: 2
IsDatapathOnly: 0
HasWiredReturn: 1
HasMFsm: 0
HasVarLatency: 1
IsPipeline: 0
IsRtlPipelined: 0
IsInstanceOverlapped: 0
IsDontTouch: 0
HasImplIP: 0
IsGatedGlobalClock: 0


============================================================
+ Verbose Summary: Schedule
============================================================
* Number of FSM states : 4
* Pipeline : 0
* Dataflow Pipeline: 0

* FSM state transitions: 
1 --> 2 
2 --> 3 
3 --> 4 
4 --> 2 

* FSM state operations: 

State 1 <SV = 0> <Delay = 3.11>
ST_1 : Operation 5 [1/1] (0.00ns)   --->   "%y = alloca i32 1" [E:/Dev/QianSai/mipi_dp_vivado/mipi_dp.runs/design_1_v_demosaic_1_0_synth_1/prj/sol/.autopilot/db/v_demosaic.cpp:851->E:/Dev/QianSai/mipi_dp_vivado/mipi_dp.runs/design_1_v_demosaic_1_0_synth_1/prj/sol/.autopilot/db/v_demosaic.cpp:1073]   --->   Operation 5 'alloca' 'y' <Predicate = true> <Delay = 0.00>
ST_1 : Operation 6 [1/1] (0.00ns)   --->   "%p_0_0_0_0_011551658_lcssa1702_i = alloca i32 1"   --->   Operation 6 'alloca' 'p_0_0_0_0_011551658_lcssa1702_i' <Predicate = true> <Delay = 0.00>
ST_1 : Operation 7 [1/1] (0.00ns)   --->   "%p_0_1_0_0_011561661_lcssa1704_i = alloca i32 1"   --->   Operation 7 'alloca' 'p_0_1_0_0_011561661_lcssa1704_i' <Predicate = true> <Delay = 0.00>
ST_1 : Operation 8 [1/1] (0.00ns)   --->   "%p_0_2_0_0_011571664_lcssa1706_i = alloca i32 1"   --->   Operation 8 'alloca' 'p_0_2_0_0_011571664_lcssa1706_i' <Predicate = true> <Delay = 0.00>
ST_1 : Operation 9 [1/1] (0.00ns)   --->   "%p_0_0_0116317361748_lcssa1784_i = alloca i32 1"   --->   Operation 9 'alloca' 'p_0_0_0116317361748_lcssa1784_i' <Predicate = true> <Delay = 0.00>
ST_1 : Operation 10 [1/1] (0.00ns)   --->   "%p_0_0_0116217381750_lcssa1786_i = alloca i32 1"   --->   Operation 10 'alloca' 'p_0_0_0116217381750_lcssa1786_i' <Predicate = true> <Delay = 0.00>
ST_1 : Operation 11 [1/1] (0.00ns)   --->   "%p_0_0_0116117401752_lcssa1788_i = alloca i32 1"   --->   Operation 11 'alloca' 'p_0_0_0116117401752_lcssa1788_i' <Predicate = true> <Delay = 0.00>
ST_1 : Operation 12 [1/1] (0.00ns)   --->   "%p_0_0_0_0_011491753_lcssa1790_i = alloca i32 1"   --->   Operation 12 'alloca' 'p_0_0_0_0_011491753_lcssa1790_i' <Predicate = true> <Delay = 0.00>
ST_1 : Operation 13 [1/1] (0.00ns)   --->   "%p_0_1_0_0_011501755_lcssa1792_i = alloca i32 1"   --->   Operation 13 'alloca' 'p_0_1_0_0_011501755_lcssa1792_i' <Predicate = true> <Delay = 0.00>
ST_1 : Operation 14 [1/1] (0.00ns)   --->   "%p_0_2_0_0_011511757_lcssa1794_i = alloca i32 1"   --->   Operation 14 'alloca' 'p_0_2_0_0_011511757_lcssa1794_i' <Predicate = true> <Delay = 0.00>
ST_1 : Operation 15 [1/1] (0.00ns)   --->   "%p_0_0_01176_217301760_lcssa1796_i = alloca i32 1"   --->   Operation 15 'alloca' 'p_0_0_01176_217301760_lcssa1796_i' <Predicate = true> <Delay = 0.00>
ST_1 : Operation 16 [1/1] (0.00ns)   --->   "%p_0_0_01175_217321762_lcssa1798_i = alloca i32 1"   --->   Operation 16 'alloca' 'p_0_0_01175_217321762_lcssa1798_i' <Predicate = true> <Delay = 0.00>
ST_1 : Operation 17 [1/1] (0.00ns)   --->   "%p_0_0_01174_217341764_lcssa1800_i = alloca i32 1"   --->   Operation 17 'alloca' 'p_0_0_01174_217341764_lcssa1800_i' <Predicate = true> <Delay = 0.00>
ST_1 : Operation 18 [1/1] (0.00ns)   --->   "%specinterface_ln0 = specinterface void @_ssdm_op_SpecInterface, i16 %bayerPhase_val11, void @ap_fifo_str, i32 0, i32 0, void @p_str, i32 0, i32 0, void @p_str, void @p_str, void @p_str, i32 2, i32 2, i32 16, i32 16, void @p_str, void @ScalarProp_str, i32 4294967295, i32 0, i32 0"   --->   Operation 18 'specinterface' 'specinterface_ln0' <Predicate = true> <Delay = 0.00>
ST_1 : Operation 19 [1/1] ( I:2.16ns O:2.16ns )   --->   "%bayerPhase_val11_read = read i16 @_ssdm_op_Read.ap_fifo.i16P0A, i16 %bayerPhase_val11"   --->   Operation 19 'read' 'bayerPhase_val11_read' <Predicate = true> <Delay = 2.16> <CoreInst = "FIFO_SRL">   --->   Core 80 'FIFO_SRL' <Latency = 0> <II = 1> <Delay = 2.16> <Storage> <Opcode : 'read' 'write' 'nbread' 'nbwrite'> <Ports = 0> <Width = 16> <Depth = 2> <FIFO>
ST_1 : Operation 20 [1/1] (0.00ns)   --->   "%specinterface_ln0 = specinterface void @_ssdm_op_SpecInterface, i11 %width_val8, void @ap_fifo_str, i32 0, i32 0, void @p_str, i32 0, i32 0, void @p_str, void @p_str, void @p_str, i32 2, i32 2, i32 16, i32 16, void @p_str, void @ScalarProp_str, i32 4294967295, i32 0, i32 0"   --->   Operation 20 'specinterface' 'specinterface_ln0' <Predicate = true> <Delay = 0.00>
ST_1 : Operation 21 [1/1] ( I:2.16ns O:2.16ns )   --->   "%width_val8_read = read i11 @_ssdm_op_Read.ap_fifo.i11P0A, i11 %width_val8"   --->   Operation 21 'read' 'width_val8_read' <Predicate = true> <Delay = 2.16> <CoreInst = "FIFO_SRL">   --->   Core 80 'FIFO_SRL' <Latency = 0> <II = 1> <Delay = 2.16> <Storage> <Opcode : 'read' 'write' 'nbread' 'nbwrite'> <Ports = 0> <Width = 11> <Depth = 2> <FIFO>
ST_1 : Operation 22 [1/1] (0.00ns)   --->   "%specinterface_ln0 = specinterface void @_ssdm_op_SpecInterface, i11 %height_val4, void @ap_fifo_str, i32 0, i32 0, void @p_str, i32 0, i32 0, void @p_str, void @p_str, void @p_str, i32 2, i32 2, i32 16, i32 16, void @p_str, void @ScalarProp_str, i32 4294967295, i32 0, i32 0"   --->   Operation 22 'specinterface' 'specinterface_ln0' <Predicate = true> <Delay = 0.00>
ST_1 : Operation 23 [1/1] ( I:2.16ns O:2.16ns )   --->   "%height_val4_read = read i11 @_ssdm_op_Read.ap_fifo.i11P0A, i11 %height_val4"   --->   Operation 23 'read' 'height_val4_read' <Predicate = true> <Delay = 2.16> <CoreInst = "FIFO_SRL">   --->   Core 80 'FIFO_SRL' <Latency = 0> <II = 1> <Delay = 2.16> <Storage> <Opcode : 'read' 'write' 'nbread' 'nbwrite'> <Ports = 0> <Width = 11> <Depth = 2> <FIFO>
ST_1 : Operation 24 [1/1] (0.00ns)   --->   "%x_phase = trunc i16 %bayerPhase_val11_read"   --->   Operation 24 'trunc' 'x_phase' <Predicate = true> <Delay = 0.00>
ST_1 : Operation 25 [1/1] (0.00ns)   --->   "%specinterface_ln0 = specinterface void @_ssdm_op_SpecInterface, i30 %imgRB, void @empty_20, i32 0, i32 0, void @empty_14, i32 0, i32 0, void @empty_14, void @empty_14, void @empty_14, i32 0, i32 0, i32 0, i32 0, void @empty_14, void @empty_14, i32 4294967295, i32 0, i32 0"   --->   Operation 25 'specinterface' 'specinterface_ln0' <Predicate = true> <Delay = 0.00>
ST_1 : Operation 26 [1/1] (0.00ns)   --->   "%specinterface_ln0 = specinterface void @_ssdm_op_SpecInterface, i30 %imgRgb, void @empty_20, i32 0, i32 0, void @empty_14, i32 0, i32 0, void @empty_14, void @empty_14, void @empty_14, i32 0, i32 0, i32 0, i32 0, void @empty_14, void @empty_14, i32 4294967295, i32 0, i32 0"   --->   Operation 26 'specinterface' 'specinterface_ln0' <Predicate = true> <Delay = 0.00>
ST_1 : Operation 27 [1/1] (0.94ns)   --->   "%loopHeight = add i11 %height_val4_read, i11 1" [E:/Dev/QianSai/mipi_dp_vivado/mipi_dp.runs/design_1_v_demosaic_1_0_synth_1/prj/sol/.autopilot/db/v_demosaic.cpp:854->E:/Dev/QianSai/mipi_dp_vivado/mipi_dp.runs/design_1_v_demosaic_1_0_synth_1/prj/sol/.autopilot/db/v_demosaic.cpp:1073]   --->   Operation 27 'add' 'loopHeight' <Predicate = true> <Delay = 0.94> <CoreInst = "Adder">   --->   Core 1 'Adder' <Latency = 0> <II = 1> <Delay = 0.94> <FuncUnit> <Opcode : 'add' 'sub'> <InPorts = 2> <OutPorts = 1>
ST_1 : Operation 28 [1/1] (0.94ns)   --->   "%loopWidth = add i11 %width_val8_read, i11 1" [E:/Dev/QianSai/mipi_dp_vivado/mipi_dp.runs/design_1_v_demosaic_1_0_synth_1/prj/sol/.autopilot/db/v_demosaic.cpp:855->E:/Dev/QianSai/mipi_dp_vivado/mipi_dp.runs/design_1_v_demosaic_1_0_synth_1/prj/sol/.autopilot/db/v_demosaic.cpp:1073]   --->   Operation 28 'add' 'loopWidth' <Predicate = true> <Delay = 0.94> <CoreInst = "Adder">   --->   Core 1 'Adder' <Latency = 0> <II = 1> <Delay = 0.94> <FuncUnit> <Opcode : 'add' 'sub'> <InPorts = 2> <OutPorts = 1>
ST_1 : Operation 29 [1/1] (0.00ns)   --->   "%trunc_ln = partselect i15 @_ssdm_op_PartSelect.i15.i16.i32.i32, i16 %bayerPhase_val11_read, i32 1, i32 15" [E:/Dev/QianSai/mipi_dp_vivado/mipi_dp.runs/design_1_v_demosaic_1_0_synth_1/prj/sol/.autopilot/db/v_demosaic.cpp:870->E:/Dev/QianSai/mipi_dp_vivado/mipi_dp.runs/design_1_v_demosaic_1_0_synth_1/prj/sol/.autopilot/db/v_demosaic.cpp:1073]   --->   Operation 29 'partselect' 'trunc_ln' <Predicate = true> <Delay = 0.00>
ST_1 : Operation 30 [1/1] (0.48ns)   --->   "%store_ln851 = store i11 0, i11 %y" [E:/Dev/QianSai/mipi_dp_vivado/mipi_dp.runs/design_1_v_demosaic_1_0_synth_1/prj/sol/.autopilot/db/v_demosaic.cpp:851->E:/Dev/QianSai/mipi_dp_vivado/mipi_dp.runs/design_1_v_demosaic_1_0_synth_1/prj/sol/.autopilot/db/v_demosaic.cpp:1073]   --->   Operation 30 'store' 'store_ln851' <Predicate = true> <Delay = 0.48>
ST_1 : Operation 31 [1/1] (0.00ns)   --->   "%br_ln878 = br void %VITIS_LOOP_881_2.i" [E:/Dev/QianSai/mipi_dp_vivado/mipi_dp.runs/design_1_v_demosaic_1_0_synth_1/prj/sol/.autopilot/db/v_demosaic.cpp:878->E:/Dev/QianSai/mipi_dp_vivado/mipi_dp.runs/design_1_v_demosaic_1_0_synth_1/prj/sol/.autopilot/db/v_demosaic.cpp:1073]   --->   Operation 31 'br' 'br_ln878' <Predicate = true> <Delay = 0.00>

State 2 <SV = 1> <Delay = 1.43>
ST_2 : Operation 32 [1/1] (0.00ns)   --->   "%y_5 = load i11 %y" [E:/Dev/QianSai/mipi_dp_vivado/mipi_dp.runs/design_1_v_demosaic_1_0_synth_1/prj/sol/.autopilot/db/v_demosaic.cpp:878->E:/Dev/QianSai/mipi_dp_vivado/mipi_dp.runs/design_1_v_demosaic_1_0_synth_1/prj/sol/.autopilot/db/v_demosaic.cpp:1073]   --->   Operation 32 'load' 'y_5' <Predicate = true> <Delay = 0.00>
ST_2 : Operation 33 [1/1] (0.94ns)   --->   "%icmp_ln878 = icmp_eq  i11 %y_5, i11 %loopHeight" [E:/Dev/QianSai/mipi_dp_vivado/mipi_dp.runs/design_1_v_demosaic_1_0_synth_1/prj/sol/.autopilot/db/v_demosaic.cpp:878->E:/Dev/QianSai/mipi_dp_vivado/mipi_dp.runs/design_1_v_demosaic_1_0_synth_1/prj/sol/.autopilot/db/v_demosaic.cpp:1073]   --->   Operation 33 'icmp' 'icmp_ln878' <Predicate = true> <Delay = 0.94> <CoreInst = "Cmp">   --->   Core 9 'Cmp' <Latency = 0> <II = 1> <Delay = 0.94> <FuncUnit> <Opcode : 'seteq' 'setne' 'setle' 'setge' 'setlt' 'setgt'> <InPorts = 2> <OutPorts = 1>
ST_2 : Operation 34 [1/1] (0.00ns)   --->   "%speclooptripcount_ln0 = speclooptripcount void @_ssdm_op_SpecLoopTripCount, i64 1, i64 1081, i64 0"   --->   Operation 34 'speclooptripcount' 'speclooptripcount_ln0' <Predicate = true> <Delay = 0.00>
ST_2 : Operation 35 [1/1] (0.94ns)   --->   "%y_6 = add i11 %y_5, i11 1" [E:/Dev/QianSai/mipi_dp_vivado/mipi_dp.runs/design_1_v_demosaic_1_0_synth_1/prj/sol/.autopilot/db/v_demosaic.cpp:878->E:/Dev/QianSai/mipi_dp_vivado/mipi_dp.runs/design_1_v_demosaic_1_0_synth_1/prj/sol/.autopilot/db/v_demosaic.cpp:1073]   --->   Operation 35 'add' 'y_6' <Predicate = true> <Delay = 0.94> <CoreInst = "Adder">   --->   Core 1 'Adder' <Latency = 0> <II = 1> <Delay = 0.94> <FuncUnit> <Opcode : 'add' 'sub'> <InPorts = 2> <OutPorts = 1>
ST_2 : Operation 36 [1/1] (0.00ns)   --->   "%br_ln878 = br i1 %icmp_ln878, void %VITIS_LOOP_881_2.split.i, void %DebayerRandBatG.exit" [E:/Dev/QianSai/mipi_dp_vivado/mipi_dp.runs/design_1_v_demosaic_1_0_synth_1/prj/sol/.autopilot/db/v_demosaic.cpp:878->E:/Dev/QianSai/mipi_dp_vivado/mipi_dp.runs/design_1_v_demosaic_1_0_synth_1/prj/sol/.autopilot/db/v_demosaic.cpp:1073]   --->   Operation 36 'br' 'br_ln878' <Predicate = true> <Delay = 0.00>
ST_2 : Operation 37 [1/1] (0.00ns)   --->   "%p_0_0_0_0_011551658_lcssa1702_i_load = load i10 %p_0_0_0_0_011551658_lcssa1702_i"   --->   Operation 37 'load' 'p_0_0_0_0_011551658_lcssa1702_i_load' <Predicate = (!icmp_ln878)> <Delay = 0.00>
ST_2 : Operation 38 [1/1] (0.00ns)   --->   "%p_0_1_0_0_011561661_lcssa1704_i_load = load i10 %p_0_1_0_0_011561661_lcssa1704_i"   --->   Operation 38 'load' 'p_0_1_0_0_011561661_lcssa1704_i_load' <Predicate = (!icmp_ln878)> <Delay = 0.00>
ST_2 : Operation 39 [1/1] (0.00ns)   --->   "%p_0_2_0_0_011571664_lcssa1706_i_load = load i10 %p_0_2_0_0_011571664_lcssa1706_i"   --->   Operation 39 'load' 'p_0_2_0_0_011571664_lcssa1706_i_load' <Predicate = (!icmp_ln878)> <Delay = 0.00>
ST_2 : Operation 40 [1/1] (0.00ns)   --->   "%p_0_0_0116317361748_lcssa1784_i_load = load i10 %p_0_0_0116317361748_lcssa1784_i"   --->   Operation 40 'load' 'p_0_0_0116317361748_lcssa1784_i_load' <Predicate = (!icmp_ln878)> <Delay = 0.00>
ST_2 : Operation 41 [1/1] (0.00ns)   --->   "%p_0_0_0116217381750_lcssa1786_i_load = load i10 %p_0_0_0116217381750_lcssa1786_i"   --->   Operation 41 'load' 'p_0_0_0116217381750_lcssa1786_i_load' <Predicate = (!icmp_ln878)> <Delay = 0.00>
ST_2 : Operation 42 [1/1] (0.00ns)   --->   "%p_0_0_0116117401752_lcssa1788_i_load = load i10 %p_0_0_0116117401752_lcssa1788_i"   --->   Operation 42 'load' 'p_0_0_0116117401752_lcssa1788_i_load' <Predicate = (!icmp_ln878)> <Delay = 0.00>
ST_2 : Operation 43 [1/1] (0.00ns)   --->   "%p_0_0_0_0_011491753_lcssa1790_i_load = load i10 %p_0_0_0_0_011491753_lcssa1790_i"   --->   Operation 43 'load' 'p_0_0_0_0_011491753_lcssa1790_i_load' <Predicate = (!icmp_ln878)> <Delay = 0.00>
ST_2 : Operation 44 [1/1] (0.00ns)   --->   "%p_0_1_0_0_011501755_lcssa1792_i_load = load i10 %p_0_1_0_0_011501755_lcssa1792_i"   --->   Operation 44 'load' 'p_0_1_0_0_011501755_lcssa1792_i_load' <Predicate = (!icmp_ln878)> <Delay = 0.00>
ST_2 : Operation 45 [1/1] (0.00ns)   --->   "%p_0_2_0_0_011511757_lcssa1794_i_load = load i10 %p_0_2_0_0_011511757_lcssa1794_i"   --->   Operation 45 'load' 'p_0_2_0_0_011511757_lcssa1794_i_load' <Predicate = (!icmp_ln878)> <Delay = 0.00>
ST_2 : Operation 46 [1/1] (0.00ns)   --->   "%p_0_0_01176_217301760_lcssa1796_i_load = load i10 %p_0_0_01176_217301760_lcssa1796_i"   --->   Operation 46 'load' 'p_0_0_01176_217301760_lcssa1796_i_load' <Predicate = (!icmp_ln878)> <Delay = 0.00>
ST_2 : Operation 47 [1/1] (0.00ns)   --->   "%p_0_0_01175_217321762_lcssa1798_i_load = load i10 %p_0_0_01175_217321762_lcssa1798_i"   --->   Operation 47 'load' 'p_0_0_01175_217321762_lcssa1798_i_load' <Predicate = (!icmp_ln878)> <Delay = 0.00>
ST_2 : Operation 48 [1/1] (0.00ns)   --->   "%p_0_0_01174_217341764_lcssa1800_i_load = load i10 %p_0_0_01174_217341764_lcssa1800_i"   --->   Operation 48 'load' 'p_0_0_01174_217341764_lcssa1800_i_load' <Predicate = (!icmp_ln878)> <Delay = 0.00>
ST_2 : Operation 49 [1/1] (0.48ns)   --->   "%store_ln851 = store i11 %y_6, i11 %y" [E:/Dev/QianSai/mipi_dp_vivado/mipi_dp.runs/design_1_v_demosaic_1_0_synth_1/prj/sol/.autopilot/db/v_demosaic.cpp:851->E:/Dev/QianSai/mipi_dp_vivado/mipi_dp.runs/design_1_v_demosaic_1_0_synth_1/prj/sol/.autopilot/db/v_demosaic.cpp:1073]   --->   Operation 49 'store' 'store_ln851' <Predicate = (!icmp_ln878)> <Delay = 0.48>
ST_2 : Operation 50 [1/1] (0.00ns)   --->   "%ret_ln1073 = ret" [E:/Dev/QianSai/mipi_dp_vivado/mipi_dp.runs/design_1_v_demosaic_1_0_synth_1/prj/sol/.autopilot/db/v_demosaic.cpp:1073]   --->   Operation 50 'ret' 'ret_ln1073' <Predicate = (icmp_ln878)> <Delay = 0.00>

State 3 <SV = 2> <Delay = 1.85>
ST_3 : Operation 51 [1/1] (0.00ns) (grouped into LUT with out node xor_i)   --->   "%trunc_ln878 = trunc i11 %y_5" [E:/Dev/QianSai/mipi_dp_vivado/mipi_dp.runs/design_1_v_demosaic_1_0_synth_1/prj/sol/.autopilot/db/v_demosaic.cpp:878->E:/Dev/QianSai/mipi_dp_vivado/mipi_dp.runs/design_1_v_demosaic_1_0_synth_1/prj/sol/.autopilot/db/v_demosaic.cpp:1073]   --->   Operation 51 'trunc' 'trunc_ln878' <Predicate = true> <Delay = 0.00>
ST_3 : Operation 52 [1/1] (0.00ns) (grouped into LUT with out node xor_i)   --->   "%tmp = xor i1 %trunc_ln878, i1 1" [E:/Dev/QianSai/mipi_dp_vivado/mipi_dp.runs/design_1_v_demosaic_1_0_synth_1/prj/sol/.autopilot/db/v_demosaic.cpp:878->E:/Dev/QianSai/mipi_dp_vivado/mipi_dp.runs/design_1_v_demosaic_1_0_synth_1/prj/sol/.autopilot/db/v_demosaic.cpp:1073]   --->   Operation 52 'xor' 'tmp' <Predicate = true> <Delay = 0.00> <CoreInst = "LogicGate">   --->   Core 74 'LogicGate' <Latency = 0> <II = 1> <Delay = 0.33> <FuncUnit> <Opcode : 'and' 'or' 'xor'> <InPorts = 2> <OutPorts = 1>
ST_3 : Operation 53 [1/1] (0.00ns) (grouped into LUT with out node xor_i)   --->   "%tmp_cast = zext i1 %tmp" [E:/Dev/QianSai/mipi_dp_vivado/mipi_dp.runs/design_1_v_demosaic_1_0_synth_1/prj/sol/.autopilot/db/v_demosaic.cpp:878->E:/Dev/QianSai/mipi_dp_vivado/mipi_dp.runs/design_1_v_demosaic_1_0_synth_1/prj/sol/.autopilot/db/v_demosaic.cpp:1073]   --->   Operation 53 'zext' 'tmp_cast' <Predicate = true> <Delay = 0.00>
ST_3 : Operation 54 [1/1] (0.42ns) (out node of the LUT)   --->   "%xor_i = xor i15 %tmp_cast, i15 %trunc_ln" [E:/Dev/QianSai/mipi_dp_vivado/mipi_dp.runs/design_1_v_demosaic_1_0_synth_1/prj/sol/.autopilot/db/v_demosaic.cpp:878->E:/Dev/QianSai/mipi_dp_vivado/mipi_dp.runs/design_1_v_demosaic_1_0_synth_1/prj/sol/.autopilot/db/v_demosaic.cpp:1073]   --->   Operation 54 'xor' 'xor_i' <Predicate = true> <Delay = 0.42> <CoreInst = "LogicGate">   --->   Core 74 'LogicGate' <Latency = 0> <II = 1> <Delay = 0.42> <FuncUnit> <Opcode : 'and' 'or' 'xor'> <InPorts = 2> <OutPorts = 1>
ST_3 : Operation 55 [2/2] (1.43ns)   --->   "%call_ln855 = call void @DebayerRandBatG_Pipeline_VITIS_LOOP_881_2, i10 %p_0_0_01174_217341764_lcssa1800_i_load, i10 %p_0_0_01175_217321762_lcssa1798_i_load, i10 %p_0_0_01176_217301760_lcssa1796_i_load, i10 %p_0_2_0_0_011511757_lcssa1794_i_load, i10 %p_0_1_0_0_011501755_lcssa1792_i_load, i10 %p_0_0_0_0_011491753_lcssa1790_i_load, i10 %p_0_0_0116117401752_lcssa1788_i_load, i10 %p_0_0_0116217381750_lcssa1786_i_load, i10 %p_0_0_0116317361748_lcssa1784_i_load, i10 %p_0_2_0_0_011571664_lcssa1706_i_load, i10 %p_0_1_0_0_011561661_lcssa1704_i_load, i10 %p_0_0_0_0_011551658_lcssa1702_i_load, i11 %loopWidth, i1 %x_phase, i15 %xor_i, i11 %width_val8_read, i30 %imgRB, i30 %imgRgb, i11 %y_5, i11 %height_val4_read, i10 %p_0_0_01174_217341764_lcssa1800_i, i10 %p_0_0_01175_217321762_lcssa1798_i, i10 %p_0_0_01176_217301760_lcssa1796_i, i10 %p_0_2_0_0_011511757_lcssa1794_i, i10 %p_0_1_0_0_011501755_lcssa1792_i, i10 %p_0_0_0_0_011491753_lcssa1790_i, i10 %p_0_0_0116117401752_lcssa1788_i, i10 %p_0_0_0116217381750_lcssa1786_i, i10 %p_0_0_0116317361748_lcssa1784_i, i10 %p_0_2_0_0_011571664_lcssa1706_i, i10 %p_0_1_0_0_011561661_lcssa1704_i, i10 %p_0_0_0_0_011551658_lcssa1702_i" [E:/Dev/QianSai/mipi_dp_vivado/mipi_dp.runs/design_1_v_demosaic_1_0_synth_1/prj/sol/.autopilot/db/v_demosaic.cpp:855->E:/Dev/QianSai/mipi_dp_vivado/mipi_dp.runs/design_1_v_demosaic_1_0_synth_1/prj/sol/.autopilot/db/v_demosaic.cpp:1073]   --->   Operation 55 'call' 'call_ln855' <Predicate = true> <Delay = 1.43> <CoreType = "Generic">   --->   Generic Core

State 4 <SV = 3> <Delay = 0.00>
ST_4 : Operation 56 [1/1] (0.00ns)   --->   "%specloopname_ln878 = specloopname void @_ssdm_op_SpecLoopName, void @empty_18" [E:/Dev/QianSai/mipi_dp_vivado/mipi_dp.runs/design_1_v_demosaic_1_0_synth_1/prj/sol/.autopilot/db/v_demosaic.cpp:878->E:/Dev/QianSai/mipi_dp_vivado/mipi_dp.runs/design_1_v_demosaic_1_0_synth_1/prj/sol/.autopilot/db/v_demosaic.cpp:1073]   --->   Operation 56 'specloopname' 'specloopname_ln878' <Predicate = true> <Delay = 0.00>
ST_4 : Operation 57 [1/2] (0.00ns)   --->   "%call_ln855 = call void @DebayerRandBatG_Pipeline_VITIS_LOOP_881_2, i10 %p_0_0_01174_217341764_lcssa1800_i_load, i10 %p_0_0_01175_217321762_lcssa1798_i_load, i10 %p_0_0_01176_217301760_lcssa1796_i_load, i10 %p_0_2_0_0_011511757_lcssa1794_i_load, i10 %p_0_1_0_0_011501755_lcssa1792_i_load, i10 %p_0_0_0_0_011491753_lcssa1790_i_load, i10 %p_0_0_0116117401752_lcssa1788_i_load, i10 %p_0_0_0116217381750_lcssa1786_i_load, i10 %p_0_0_0116317361748_lcssa1784_i_load, i10 %p_0_2_0_0_011571664_lcssa1706_i_load, i10 %p_0_1_0_0_011561661_lcssa1704_i_load, i10 %p_0_0_0_0_011551658_lcssa1702_i_load, i11 %loopWidth, i1 %x_phase, i15 %xor_i, i11 %width_val8_read, i30 %imgRB, i30 %imgRgb, i11 %y_5, i11 %height_val4_read, i10 %p_0_0_01174_217341764_lcssa1800_i, i10 %p_0_0_01175_217321762_lcssa1798_i, i10 %p_0_0_01176_217301760_lcssa1796_i, i10 %p_0_2_0_0_011511757_lcssa1794_i, i10 %p_0_1_0_0_011501755_lcssa1792_i, i10 %p_0_0_0_0_011491753_lcssa1790_i, i10 %p_0_0_0116117401752_lcssa1788_i, i10 %p_0_0_0116217381750_lcssa1786_i, i10 %p_0_0_0116317361748_lcssa1784_i, i10 %p_0_2_0_0_011571664_lcssa1706_i, i10 %p_0_1_0_0_011561661_lcssa1704_i, i10 %p_0_0_0_0_011551658_lcssa1702_i" [E:/Dev/QianSai/mipi_dp_vivado/mipi_dp.runs/design_1_v_demosaic_1_0_synth_1/prj/sol/.autopilot/db/v_demosaic.cpp:855->E:/Dev/QianSai/mipi_dp_vivado/mipi_dp.runs/design_1_v_demosaic_1_0_synth_1/prj/sol/.autopilot/db/v_demosaic.cpp:1073]   --->   Operation 57 'call' 'call_ln855' <Predicate = true> <Delay = 0.00> <CoreType = "Generic">   --->   Generic Core
ST_4 : Operation 58 [1/1] (0.00ns)   --->   "%br_ln878 = br void %VITIS_LOOP_881_2.i" [E:/Dev/QianSai/mipi_dp_vivado/mipi_dp.runs/design_1_v_demosaic_1_0_synth_1/prj/sol/.autopilot/db/v_demosaic.cpp:878->E:/Dev/QianSai/mipi_dp_vivado/mipi_dp.runs/design_1_v_demosaic_1_0_synth_1/prj/sol/.autopilot/db/v_demosaic.cpp:1073]   --->   Operation 58 'br' 'br_ln878' <Predicate = true> <Delay = 0.00>


============================================================
+ Verbose Summary: Timing violations
============================================================
Target clock period: 6.667ns, clock uncertainty: 1.800ns.

 <State 1>: 3.115ns
The critical path consists of the following:
	fifo read operation ('height_val4_read') on port 'height_val4' [24]  (2.167 ns)
	'add' operation 11 bit ('loopHeight', E:/Dev/QianSai/mipi_dp_vivado/mipi_dp.runs/design_1_v_demosaic_1_0_synth_1/prj/sol/.autopilot/db/v_demosaic.cpp:854->E:/Dev/QianSai/mipi_dp_vivado/mipi_dp.runs/design_1_v_demosaic_1_0_synth_1/prj/sol/.autopilot/db/v_demosaic.cpp:1073) [28]  (0.948 ns)

 <State 2>: 1.437ns
The critical path consists of the following:
	'load' operation 11 bit ('y', E:/Dev/QianSai/mipi_dp_vivado/mipi_dp.runs/design_1_v_demosaic_1_0_synth_1/prj/sol/.autopilot/db/v_demosaic.cpp:878->E:/Dev/QianSai/mipi_dp_vivado/mipi_dp.runs/design_1_v_demosaic_1_0_synth_1/prj/sol/.autopilot/db/v_demosaic.cpp:1073) on local variable 'y', E:/Dev/QianSai/mipi_dp_vivado/mipi_dp.runs/design_1_v_demosaic_1_0_synth_1/prj/sol/.autopilot/db/v_demosaic.cpp:851->E:/Dev/QianSai/mipi_dp_vivado/mipi_dp.runs/design_1_v_demosaic_1_0_synth_1/prj/sol/.autopilot/db/v_demosaic.cpp:1073 [34]  (0.000 ns)
	'icmp' operation 1 bit ('icmp_ln878', E:/Dev/QianSai/mipi_dp_vivado/mipi_dp.runs/design_1_v_demosaic_1_0_synth_1/prj/sol/.autopilot/db/v_demosaic.cpp:878->E:/Dev/QianSai/mipi_dp_vivado/mipi_dp.runs/design_1_v_demosaic_1_0_synth_1/prj/sol/.autopilot/db/v_demosaic.cpp:1073) [35]  (0.948 ns)
	'store' operation 0 bit ('store_ln851', E:/Dev/QianSai/mipi_dp_vivado/mipi_dp.runs/design_1_v_demosaic_1_0_synth_1/prj/sol/.autopilot/db/v_demosaic.cpp:851->E:/Dev/QianSai/mipi_dp_vivado/mipi_dp.runs/design_1_v_demosaic_1_0_synth_1/prj/sol/.autopilot/db/v_demosaic.cpp:1073) of variable 'y', E:/Dev/QianSai/mipi_dp_vivado/mipi_dp.runs/design_1_v_demosaic_1_0_synth_1/prj/sol/.autopilot/db/v_demosaic.cpp:878->E:/Dev/QianSai/mipi_dp_vivado/mipi_dp.runs/design_1_v_demosaic_1_0_synth_1/prj/sol/.autopilot/db/v_demosaic.cpp:1073 on local variable 'y', E:/Dev/QianSai/mipi_dp_vivado/mipi_dp.runs/design_1_v_demosaic_1_0_synth_1/prj/sol/.autopilot/db/v_demosaic.cpp:851->E:/Dev/QianSai/mipi_dp_vivado/mipi_dp.runs/design_1_v_demosaic_1_0_synth_1/prj/sol/.autopilot/db/v_demosaic.cpp:1073 [58]  (0.489 ns)

 <State 3>: 1.858ns
The critical path consists of the following:
	'xor' operation 1 bit ('tmp', E:/Dev/QianSai/mipi_dp_vivado/mipi_dp.runs/design_1_v_demosaic_1_0_synth_1/prj/sol/.autopilot/db/v_demosaic.cpp:878->E:/Dev/QianSai/mipi_dp_vivado/mipi_dp.runs/design_1_v_demosaic_1_0_synth_1/prj/sol/.autopilot/db/v_demosaic.cpp:1073) [54]  (0.000 ns)
	'xor' operation 15 bit ('xor_i', E:/Dev/QianSai/mipi_dp_vivado/mipi_dp.runs/design_1_v_demosaic_1_0_synth_1/prj/sol/.autopilot/db/v_demosaic.cpp:878->E:/Dev/QianSai/mipi_dp_vivado/mipi_dp.runs/design_1_v_demosaic_1_0_synth_1/prj/sol/.autopilot/db/v_demosaic.cpp:1073) [56]  (0.421 ns)
	'call' operation 0 bit ('call_ln855', E:/Dev/QianSai/mipi_dp_vivado/mipi_dp.runs/design_1_v_demosaic_1_0_synth_1/prj/sol/.autopilot/db/v_demosaic.cpp:855->E:/Dev/QianSai/mipi_dp_vivado/mipi_dp.runs/design_1_v_demosaic_1_0_synth_1/prj/sol/.autopilot/db/v_demosaic.cpp:1073) to 'DebayerRandBatG_Pipeline_VITIS_LOOP_881_2' [57]  (1.437 ns)

 <State 4>: 0.000ns
The critical path consists of the following:


============================================================
+ Verbose Summary: Binding
============================================================
N/A
* FSMD analyzer results:
  - Output states:
 - Input state : 
  - Chain level:
	State 1
	State 2
	State 3
	State 4


============================================================
+ Verbose Summary: Datapath Resource usage 
============================================================
N/A
