

================================================================
== Vitis HLS Report for 'DebayerG'
================================================================
* Date:           Thu Nov 13 19:32:11 2025

* Version:        2024.2 (Build 5238294 on Nov  8 2024)
* Project:        prj
* Solution:       sol (Vivado IP Flow Target)
* Product family: zynquplus
* Target device:  xczu2cg-sfvc784-1-e


================================================================
== Performance Estimates
================================================================
+ Timing: 
    * Summary: 
    +--------+---------+----------+------------+
    |  Clock |  Target | Estimated| Uncertainty|
    +--------+---------+----------+------------+
    |ap_clk  |  6.67 ns|  4.835 ns|     1.80 ns|
    +--------+---------+----------+------------+

+ Latency: 
    * Summary: 
    +---------+------------+----------+------------+-----+------------+---------+
    |   Latency (cycles)   |   Latency (absolute)  |     Interval     | Pipeline|
    |   min   |     max    |    min   |     max    | min |     max    |   Type  |
    +---------+------------+----------+------------+-----+------------+---------+
    |       39|  4296212499|  0.260 us|  28.643 sec|   39|  4296212499|       no|
    +---------+------------+----------+------------+-----+------------+---------+

    + Detail: 
        * Instance: 
        N/A

        * Loop: 
        +--------------------+---------+------------+------------+-----------+-----------+-----------+----------+
        |                    |   Latency (cycles)   |  Iteration |  Initiation Interval  |    Trip   |          |
        |      Loop Name     |   min   |     max    |   Latency  |  achieved |   target  |   Count   | Pipelined|
        +--------------------+---------+------------+------------+-----------+-----------+-----------+----------+
        |- VITIS_LOOP_315_3  |       38|  4296212498|  19 ~ 65554|          -|          -|  2 ~ 65537|        no|
        +--------------------+---------+------------+------------+-----------+-----------+-----------+----------+

============================================================
+ Verbose Summary: Synthesis Manager
============================================================
InlineROM: 1
ExposeGlobal: 0
============================================================
+ Verbose Summary: CDFG Model
============================================================
IsTopModel: 0
ResetActiveHigh: 1
IsCombinational: 2
IsDatapathOnly: 0
HasWiredReturn: 1
HasMFsm: 0
HasVarLatency: 1
IsPipeline: 0
IsRtlPipelined: 0
IsInstanceOverlapped: 0
IsDontTouch: 0
HasImplIP: 0
IsGatedGlobalClock: 0


============================================================
+ Verbose Summary: Schedule
============================================================
* Number of FSM states : 4
* Pipeline : 0
* Dataflow Pipeline: 0

* FSM state transitions: 
1 --> 2 
2 --> 3 
3 --> 4 
4 --> 2 

* FSM state operations: 

State 1 <SV = 0> <Delay = 4.33>
ST_1 : Operation 5 [1/1] (0.00ns)   --->   "%y = alloca i32 1" [E:/Dev/QianSai/mipi_dp_vivado/mipi_dp.runs/design_1_v_demosaic_1_0_synth_1/prj/sol/.autopilot/db/v_demosaic.cpp:271]   --->   Operation 5 'alloca' 'y' <Predicate = true> <Delay = 0.00>
ST_1 : Operation 6 [1/1] (0.00ns)   --->   "%p_lcssa49755008 = alloca i32 1"   --->   Operation 6 'alloca' 'p_lcssa49755008' <Predicate = true> <Delay = 0.00>
ST_1 : Operation 7 [1/1] (0.00ns)   --->   "%p_lcssa49775010 = alloca i32 1"   --->   Operation 7 'alloca' 'p_lcssa49775010' <Predicate = true> <Delay = 0.00>
ST_1 : Operation 8 [1/1] (0.00ns)   --->   "%p_lcssa49785012 = alloca i32 1"   --->   Operation 8 'alloca' 'p_lcssa49785012' <Predicate = true> <Delay = 0.00>
ST_1 : Operation 9 [1/1] (0.00ns)   --->   "%p_lcssa49795014 = alloca i32 1"   --->   Operation 9 'alloca' 'p_lcssa49795014' <Predicate = true> <Delay = 0.00>
ST_1 : Operation 10 [1/1] (0.00ns)   --->   "%p_lcssa49815016 = alloca i32 1"   --->   Operation 10 'alloca' 'p_lcssa49815016' <Predicate = true> <Delay = 0.00>
ST_1 : Operation 11 [1/1] (0.00ns)   --->   "%p_lcssa49825018 = alloca i32 1"   --->   Operation 11 'alloca' 'p_lcssa49825018' <Predicate = true> <Delay = 0.00>
ST_1 : Operation 12 [1/1] (0.00ns)   --->   "%p_lcssa49835020 = alloca i32 1"   --->   Operation 12 'alloca' 'p_lcssa49835020' <Predicate = true> <Delay = 0.00>
ST_1 : Operation 13 [1/1] (0.00ns)   --->   "%p_lcssa49855022 = alloca i32 1"   --->   Operation 13 'alloca' 'p_lcssa49855022' <Predicate = true> <Delay = 0.00>
ST_1 : Operation 14 [1/1] (0.00ns)   --->   "%p_lcssa49865024 = alloca i32 1"   --->   Operation 14 'alloca' 'p_lcssa49865024' <Predicate = true> <Delay = 0.00>
ST_1 : Operation 15 [1/1] (0.00ns)   --->   "%p_lcssa49875026 = alloca i32 1"   --->   Operation 15 'alloca' 'p_lcssa49875026' <Predicate = true> <Delay = 0.00>
ST_1 : Operation 16 [1/1] (0.00ns)   --->   "%p_lcssa49895028 = alloca i32 1"   --->   Operation 16 'alloca' 'p_lcssa49895028' <Predicate = true> <Delay = 0.00>
ST_1 : Operation 17 [1/1] (0.00ns)   --->   "%p_lcssa49905030 = alloca i32 1"   --->   Operation 17 'alloca' 'p_lcssa49905030' <Predicate = true> <Delay = 0.00>
ST_1 : Operation 18 [1/1] (0.00ns)   --->   "%p_lcssa49915032 = alloca i32 1"   --->   Operation 18 'alloca' 'p_lcssa49915032' <Predicate = true> <Delay = 0.00>
ST_1 : Operation 19 [1/1] (0.00ns)   --->   "%p_lcssa49935034 = alloca i32 1"   --->   Operation 19 'alloca' 'p_lcssa49935034' <Predicate = true> <Delay = 0.00>
ST_1 : Operation 20 [1/1] (0.00ns)   --->   "%p_lcssa49945036 = alloca i32 1"   --->   Operation 20 'alloca' 'p_lcssa49945036' <Predicate = true> <Delay = 0.00>
ST_1 : Operation 21 [1/1] (0.00ns)   --->   "%p_lcssa51535159 = alloca i32 1"   --->   Operation 21 'alloca' 'p_lcssa51535159' <Predicate = true> <Delay = 0.00>
ST_1 : Operation 22 [1/1] (0.00ns)   --->   "%p_lcssa51545161 = alloca i32 1"   --->   Operation 22 'alloca' 'p_lcssa51545161' <Predicate = true> <Delay = 0.00>
ST_1 : Operation 23 [1/1] (0.00ns)   --->   "%p_lcssa51555163 = alloca i32 1"   --->   Operation 23 'alloca' 'p_lcssa51555163' <Predicate = true> <Delay = 0.00>
ST_1 : Operation 24 [1/1] (0.00ns)   --->   "%p_lcssa51565165 = alloca i32 1"   --->   Operation 24 'alloca' 'p_lcssa51565165' <Predicate = true> <Delay = 0.00>
ST_1 : Operation 25 [1/1] (0.00ns)   --->   "%p_lcssa51575167 = alloca i32 1"   --->   Operation 25 'alloca' 'p_lcssa51575167' <Predicate = true> <Delay = 0.00>
ST_1 : Operation 26 [1/1] (0.00ns)   --->   "%width_val_read = read i16 @_ssdm_op_Read.ap_auto.i16, i16 %width_val"   --->   Operation 26 'read' 'width_val_read' <Predicate = true> <Delay = 0.00>
ST_1 : Operation 27 [1/1] (0.00ns)   --->   "%height_val_read = read i16 @_ssdm_op_Read.ap_auto.i16, i16 %height_val"   --->   Operation 27 'read' 'height_val_read' <Predicate = true> <Delay = 0.00>
ST_1 : Operation 28 [1/1] (0.00ns)   --->   "%empty = trunc i16 %height_val_read"   --->   Operation 28 'trunc' 'empty' <Predicate = true> <Delay = 0.00>
ST_1 : Operation 29 [1/1] (0.00ns)   --->   "%empty_194 = trunc i16 %width_val_read"   --->   Operation 29 'trunc' 'empty_194' <Predicate = true> <Delay = 0.00>
ST_1 : Operation 30 [1/1] (0.00ns)   --->   "%specinterface_ln0 = specinterface void @_ssdm_op_SpecInterface, i16 %bayerPhase_val, void @ap_fifo_str, i32 0, i32 0, void @p_str, i32 0, i32 0, void @p_str, void @p_str, void @p_str, i32 2, i32 2, i32 16, i32 16, void @p_str, void @ScalarProp_str, i32 4294967295, i32 0, i32 0"   --->   Operation 30 'specinterface' 'specinterface_ln0' <Predicate = true> <Delay = 0.00>
ST_1 : Operation 31 [1/1] ( I:2.16ns O:2.16ns )   --->   "%bayerPhase_val_read = read i16 @_ssdm_op_Read.ap_fifo.i16P0A, i16 %bayerPhase_val"   --->   Operation 31 'read' 'bayerPhase_val_read' <Predicate = true> <Delay = 2.16> <CoreInst = "FIFO_SRL">   --->   Core 80 'FIFO_SRL' <Latency = 0> <II = 1> <Delay = 2.16> <Storage> <Opcode : 'read' 'write' 'nbread' 'nbwrite'> <Ports = 0> <Width = 16> <Depth = 3> <FIFO>
ST_1 : Operation 32 [1/1] (0.00ns)   --->   "%specinterface_ln0 = specinterface void @_ssdm_op_SpecInterface, i16 %bayerPhase_val11_c5, void @ap_fifo_str, i32 0, i32 0, void @p_str, i32 0, i32 0, void @p_str, void @p_str, void @p_str, i32 2, i32 2, i32 16, i32 16, void @p_str, void @ScalarProp_str, i32 4294967295, i32 0, i32 0"   --->   Operation 32 'specinterface' 'specinterface_ln0' <Predicate = true> <Delay = 0.00>
ST_1 : Operation 33 [1/1] ( I:2.16ns O:2.16ns )   --->   "%write_ln0 = write void @_ssdm_op_Write.ap_fifo.i16P0A, i16 %bayerPhase_val11_c5, i16 %bayerPhase_val_read"   --->   Operation 33 'write' 'write_ln0' <Predicate = true> <Delay = 2.16> <CoreInst = "FIFO_SRL">   --->   Core 80 'FIFO_SRL' <Latency = 0> <II = 1> <Delay = 2.16> <Storage> <Opcode : 'read' 'write' 'nbread' 'nbwrite'> <Ports = 0> <Width = 16> <Depth = 2> <FIFO>
ST_1 : Operation 34 [1/1] (0.00ns)   --->   "%specinterface_ln0 = specinterface void @_ssdm_op_SpecInterface, i11 %width_val8_c4, void @ap_fifo_str, i32 0, i32 0, void @p_str, i32 0, i32 0, void @p_str, void @p_str, void @p_str, i32 2, i32 2, i32 16, i32 16, void @p_str, void @ScalarProp_str, i32 4294967295, i32 0, i32 0"   --->   Operation 34 'specinterface' 'specinterface_ln0' <Predicate = true> <Delay = 0.00>
ST_1 : Operation 35 [1/1] ( I:2.16ns O:2.16ns )   --->   "%write_ln0 = write void @_ssdm_op_Write.ap_fifo.i11P0A, i11 %width_val8_c4, i11 %empty_194"   --->   Operation 35 'write' 'write_ln0' <Predicate = true> <Delay = 2.16> <CoreInst = "FIFO_SRL">   --->   Core 80 'FIFO_SRL' <Latency = 0> <II = 1> <Delay = 2.16> <Storage> <Opcode : 'read' 'write' 'nbread' 'nbwrite'> <Ports = 0> <Width = 11> <Depth = 2> <FIFO>
ST_1 : Operation 36 [1/1] (0.00ns)   --->   "%specinterface_ln0 = specinterface void @_ssdm_op_SpecInterface, i11 %height_val4_c3, void @ap_fifo_str, i32 0, i32 0, void @p_str, i32 0, i32 0, void @p_str, void @p_str, void @p_str, i32 2, i32 2, i32 16, i32 16, void @p_str, void @ScalarProp_str, i32 4294967295, i32 0, i32 0"   --->   Operation 36 'specinterface' 'specinterface_ln0' <Predicate = true> <Delay = 0.00>
ST_1 : Operation 37 [1/1] ( I:2.16ns O:2.16ns )   --->   "%write_ln0 = write void @_ssdm_op_Write.ap_fifo.i11P0A, i11 %height_val4_c3, i11 %empty"   --->   Operation 37 'write' 'write_ln0' <Predicate = true> <Delay = 2.16> <CoreInst = "FIFO_SRL">   --->   Core 80 'FIFO_SRL' <Latency = 0> <II = 1> <Delay = 2.16> <Storage> <Opcode : 'read' 'write' 'nbread' 'nbwrite'> <Ports = 0> <Width = 11> <Depth = 2> <FIFO>
ST_1 : Operation 38 [1/1] (0.00ns)   --->   "%x_phase = trunc i16 %bayerPhase_val_read"   --->   Operation 38 'trunc' 'x_phase' <Predicate = true> <Delay = 0.00>
ST_1 : Operation 39 [1/1] (0.00ns)   --->   "%specinterface_ln0 = specinterface void @_ssdm_op_SpecInterface, i30 %imgG, void @empty_20, i32 0, i32 0, void @empty_14, i32 0, i32 0, void @empty_14, void @empty_14, void @empty_14, i32 0, i32 0, i32 0, i32 0, void @empty_14, void @empty_14, i32 4294967295, i32 0, i32 0"   --->   Operation 39 'specinterface' 'specinterface_ln0' <Predicate = true> <Delay = 0.00>
ST_1 : Operation 40 [1/1] (0.00ns)   --->   "%specinterface_ln0 = specinterface void @_ssdm_op_SpecInterface, i10 %imgBayer, void @empty_20, i32 0, i32 0, void @empty_14, i32 0, i32 0, void @empty_14, void @empty_14, void @empty_14, i32 0, i32 0, i32 0, i32 0, void @empty_14, void @empty_14, i32 4294967295, i32 0, i32 0"   --->   Operation 40 'specinterface' 'specinterface_ln0' <Predicate = true> <Delay = 0.00>
ST_1 : Operation 41 [1/1] (0.00ns)   --->   "%zext_ln274 = zext i16 %height_val_read" [E:/Dev/QianSai/mipi_dp_vivado/mipi_dp.runs/design_1_v_demosaic_1_0_synth_1/prj/sol/.autopilot/db/v_demosaic.cpp:274]   --->   Operation 41 'zext' 'zext_ln274' <Predicate = true> <Delay = 0.00>
ST_1 : Operation 42 [1/1] (1.01ns)   --->   "%loopHeight = add i17 %zext_ln274, i17 2" [E:/Dev/QianSai/mipi_dp_vivado/mipi_dp.runs/design_1_v_demosaic_1_0_synth_1/prj/sol/.autopilot/db/v_demosaic.cpp:274]   --->   Operation 42 'add' 'loopHeight' <Predicate = true> <Delay = 1.01> <CoreInst = "Adder">   --->   Core 1 'Adder' <Latency = 0> <II = 1> <Delay = 1.01> <FuncUnit> <Opcode : 'add' 'sub'> <InPorts = 2> <OutPorts = 1>
ST_1 : Operation 43 [1/1] (0.00ns)   --->   "%zext_ln275 = zext i16 %width_val_read" [E:/Dev/QianSai/mipi_dp_vivado/mipi_dp.runs/design_1_v_demosaic_1_0_synth_1/prj/sol/.autopilot/db/v_demosaic.cpp:275]   --->   Operation 43 'zext' 'zext_ln275' <Predicate = true> <Delay = 0.00>
ST_1 : Operation 44 [1/1] (1.01ns)   --->   "%loopWidth = add i17 %zext_ln275, i17 2" [E:/Dev/QianSai/mipi_dp_vivado/mipi_dp.runs/design_1_v_demosaic_1_0_synth_1/prj/sol/.autopilot/db/v_demosaic.cpp:275]   --->   Operation 44 'add' 'loopWidth' <Predicate = true> <Delay = 1.01> <CoreInst = "Adder">   --->   Core 1 'Adder' <Latency = 0> <II = 1> <Delay = 1.01> <FuncUnit> <Opcode : 'add' 'sub'> <InPorts = 2> <OutPorts = 1>
ST_1 : Operation 45 [1/1] (0.00ns)   --->   "%trunc_ln = partselect i15 @_ssdm_op_PartSelect.i15.i16.i32.i32, i16 %bayerPhase_val_read, i32 1, i32 15" [E:/Dev/QianSai/mipi_dp_vivado/mipi_dp.runs/design_1_v_demosaic_1_0_synth_1/prj/sol/.autopilot/db/v_demosaic.cpp:293]   --->   Operation 45 'partselect' 'trunc_ln' <Predicate = true> <Delay = 0.00>
ST_1 : Operation 46 [1/1] (0.48ns)   --->   "%store_ln271 = store i17 0, i17 %y" [E:/Dev/QianSai/mipi_dp_vivado/mipi_dp.runs/design_1_v_demosaic_1_0_synth_1/prj/sol/.autopilot/db/v_demosaic.cpp:271]   --->   Operation 46 'store' 'store_ln271' <Predicate = true> <Delay = 0.48>
ST_1 : Operation 47 [1/1] (0.00ns)   --->   "%br_ln315 = br void %VITIS_LOOP_318_4" [E:/Dev/QianSai/mipi_dp_vivado/mipi_dp.runs/design_1_v_demosaic_1_0_synth_1/prj/sol/.autopilot/db/v_demosaic.cpp:315]   --->   Operation 47 'br' 'br_ln315' <Predicate = true> <Delay = 0.00>

State 2 <SV = 1> <Delay = 1.51>
ST_2 : Operation 48 [1/1] (0.00ns)   --->   "%y_7 = load i17 %y"   --->   Operation 48 'load' 'y_7' <Predicate = true> <Delay = 0.00>
ST_2 : Operation 49 [1/1] (1.02ns)   --->   "%icmp_ln315 = icmp_eq  i17 %y_7, i17 %loopHeight" [E:/Dev/QianSai/mipi_dp_vivado/mipi_dp.runs/design_1_v_demosaic_1_0_synth_1/prj/sol/.autopilot/db/v_demosaic.cpp:315]   --->   Operation 49 'icmp' 'icmp_ln315' <Predicate = true> <Delay = 1.02> <CoreInst = "Cmp">   --->   Core 9 'Cmp' <Latency = 0> <II = 1> <Delay = 1.02> <FuncUnit> <Opcode : 'seteq' 'setne' 'setle' 'setge' 'setlt' 'setgt'> <InPorts = 2> <OutPorts = 1>
ST_2 : Operation 50 [1/1] (1.02ns)   --->   "%y_8 = add i17 %y_7, i17 1" [E:/Dev/QianSai/mipi_dp_vivado/mipi_dp.runs/design_1_v_demosaic_1_0_synth_1/prj/sol/.autopilot/db/v_demosaic.cpp:315]   --->   Operation 50 'add' 'y_8' <Predicate = true> <Delay = 1.02> <CoreInst = "Adder">   --->   Core 1 'Adder' <Latency = 0> <II = 1> <Delay = 1.02> <FuncUnit> <Opcode : 'add' 'sub'> <InPorts = 2> <OutPorts = 1>
ST_2 : Operation 51 [1/1] (0.00ns)   --->   "%br_ln315 = br i1 %icmp_ln315, void %VITIS_LOOP_318_4.split, void %for.end749" [E:/Dev/QianSai/mipi_dp_vivado/mipi_dp.runs/design_1_v_demosaic_1_0_synth_1/prj/sol/.autopilot/db/v_demosaic.cpp:315]   --->   Operation 51 'br' 'br_ln315' <Predicate = true> <Delay = 0.00>
ST_2 : Operation 52 [1/1] (0.00ns)   --->   "%p_lcssa49755008_load = load i10 %p_lcssa49755008"   --->   Operation 52 'load' 'p_lcssa49755008_load' <Predicate = (!icmp_ln315)> <Delay = 0.00>
ST_2 : Operation 53 [1/1] (0.00ns)   --->   "%p_lcssa49775010_load = load i10 %p_lcssa49775010"   --->   Operation 53 'load' 'p_lcssa49775010_load' <Predicate = (!icmp_ln315)> <Delay = 0.00>
ST_2 : Operation 54 [1/1] (0.00ns)   --->   "%p_lcssa49785012_load = load i10 %p_lcssa49785012"   --->   Operation 54 'load' 'p_lcssa49785012_load' <Predicate = (!icmp_ln315)> <Delay = 0.00>
ST_2 : Operation 55 [1/1] (0.00ns)   --->   "%p_lcssa49795014_load = load i10 %p_lcssa49795014"   --->   Operation 55 'load' 'p_lcssa49795014_load' <Predicate = (!icmp_ln315)> <Delay = 0.00>
ST_2 : Operation 56 [1/1] (0.00ns)   --->   "%p_lcssa49815016_load = load i10 %p_lcssa49815016"   --->   Operation 56 'load' 'p_lcssa49815016_load' <Predicate = (!icmp_ln315)> <Delay = 0.00>
ST_2 : Operation 57 [1/1] (0.00ns)   --->   "%p_lcssa49825018_load = load i10 %p_lcssa49825018"   --->   Operation 57 'load' 'p_lcssa49825018_load' <Predicate = (!icmp_ln315)> <Delay = 0.00>
ST_2 : Operation 58 [1/1] (0.00ns)   --->   "%p_lcssa49835020_load = load i10 %p_lcssa49835020"   --->   Operation 58 'load' 'p_lcssa49835020_load' <Predicate = (!icmp_ln315)> <Delay = 0.00>
ST_2 : Operation 59 [1/1] (0.00ns)   --->   "%p_lcssa49855022_load = load i10 %p_lcssa49855022"   --->   Operation 59 'load' 'p_lcssa49855022_load' <Predicate = (!icmp_ln315)> <Delay = 0.00>
ST_2 : Operation 60 [1/1] (0.00ns)   --->   "%p_lcssa49865024_load = load i10 %p_lcssa49865024"   --->   Operation 60 'load' 'p_lcssa49865024_load' <Predicate = (!icmp_ln315)> <Delay = 0.00>
ST_2 : Operation 61 [1/1] (0.00ns)   --->   "%p_lcssa49875026_load = load i10 %p_lcssa49875026"   --->   Operation 61 'load' 'p_lcssa49875026_load' <Predicate = (!icmp_ln315)> <Delay = 0.00>
ST_2 : Operation 62 [1/1] (0.00ns)   --->   "%p_lcssa49895028_load = load i10 %p_lcssa49895028"   --->   Operation 62 'load' 'p_lcssa49895028_load' <Predicate = (!icmp_ln315)> <Delay = 0.00>
ST_2 : Operation 63 [1/1] (0.00ns)   --->   "%p_lcssa49905030_load = load i10 %p_lcssa49905030"   --->   Operation 63 'load' 'p_lcssa49905030_load' <Predicate = (!icmp_ln315)> <Delay = 0.00>
ST_2 : Operation 64 [1/1] (0.00ns)   --->   "%p_lcssa49915032_load = load i10 %p_lcssa49915032"   --->   Operation 64 'load' 'p_lcssa49915032_load' <Predicate = (!icmp_ln315)> <Delay = 0.00>
ST_2 : Operation 65 [1/1] (0.00ns)   --->   "%p_lcssa49935034_load = load i10 %p_lcssa49935034"   --->   Operation 65 'load' 'p_lcssa49935034_load' <Predicate = (!icmp_ln315)> <Delay = 0.00>
ST_2 : Operation 66 [1/1] (0.00ns)   --->   "%p_lcssa49945036_load = load i10 %p_lcssa49945036"   --->   Operation 66 'load' 'p_lcssa49945036_load' <Predicate = (!icmp_ln315)> <Delay = 0.00>
ST_2 : Operation 67 [1/1] (0.00ns)   --->   "%p_lcssa51535159_load = load i10 %p_lcssa51535159"   --->   Operation 67 'load' 'p_lcssa51535159_load' <Predicate = (!icmp_ln315)> <Delay = 0.00>
ST_2 : Operation 68 [1/1] (0.00ns)   --->   "%p_lcssa51545161_load = load i10 %p_lcssa51545161"   --->   Operation 68 'load' 'p_lcssa51545161_load' <Predicate = (!icmp_ln315)> <Delay = 0.00>
ST_2 : Operation 69 [1/1] (0.00ns)   --->   "%p_lcssa51555163_load = load i10 %p_lcssa51555163"   --->   Operation 69 'load' 'p_lcssa51555163_load' <Predicate = (!icmp_ln315)> <Delay = 0.00>
ST_2 : Operation 70 [1/1] (0.00ns)   --->   "%p_lcssa51565165_load = load i10 %p_lcssa51565165"   --->   Operation 70 'load' 'p_lcssa51565165_load' <Predicate = (!icmp_ln315)> <Delay = 0.00>
ST_2 : Operation 71 [1/1] (0.00ns)   --->   "%p_lcssa51575167_load = load i10 %p_lcssa51575167"   --->   Operation 71 'load' 'p_lcssa51575167_load' <Predicate = (!icmp_ln315)> <Delay = 0.00>
ST_2 : Operation 72 [1/1] (0.48ns)   --->   "%store_ln271 = store i17 %y_8, i17 %y" [E:/Dev/QianSai/mipi_dp_vivado/mipi_dp.runs/design_1_v_demosaic_1_0_synth_1/prj/sol/.autopilot/db/v_demosaic.cpp:271]   --->   Operation 72 'store' 'store_ln271' <Predicate = (!icmp_ln315)> <Delay = 0.48>
ST_2 : Operation 73 [1/1] (0.00ns)   --->   "%ret_ln591 = ret" [E:/Dev/QianSai/mipi_dp_vivado/mipi_dp.runs/design_1_v_demosaic_1_0_synth_1/prj/sol/.autopilot/db/v_demosaic.cpp:591]   --->   Operation 73 'ret' 'ret_ln591' <Predicate = (icmp_ln315)> <Delay = 0.00>

State 3 <SV = 2> <Delay = 2.96>
ST_3 : Operation 74 [1/1] (1.02ns)   --->   "%out_y = add i17 %y_7, i17 131070"   --->   Operation 74 'add' 'out_y' <Predicate = true> <Delay = 1.02> <CoreInst = "Adder">   --->   Core 1 'Adder' <Latency = 0> <II = 1> <Delay = 1.02> <FuncUnit> <Opcode : 'add' 'sub'> <InPorts = 2> <OutPorts = 1>
ST_3 : Operation 75 [1/1] (0.00ns)   --->   "%empty_195 = trunc i17 %out_y"   --->   Operation 75 'trunc' 'empty_195' <Predicate = true> <Delay = 0.00>
ST_3 : Operation 76 [1/1] (0.00ns)   --->   "%and226_cast = zext i1 %empty_195"   --->   Operation 76 'zext' 'and226_cast' <Predicate = true> <Delay = 0.00>
ST_3 : Operation 77 [1/1] (0.42ns)   --->   "%xor = xor i15 %trunc_ln, i15 %and226_cast" [E:/Dev/QianSai/mipi_dp_vivado/mipi_dp.runs/design_1_v_demosaic_1_0_synth_1/prj/sol/.autopilot/db/v_demosaic.cpp:293]   --->   Operation 77 'xor' 'xor' <Predicate = true> <Delay = 0.42> <CoreInst = "LogicGate">   --->   Core 74 'LogicGate' <Latency = 0> <II = 1> <Delay = 0.42> <FuncUnit> <Opcode : 'and' 'or' 'xor'> <InPorts = 2> <OutPorts = 1>
ST_3 : Operation 78 [2/2] (1.51ns)   --->   "%call_ln275 = call void @DebayerG_Pipeline_VITIS_LOOP_318_4, i10 %p_lcssa51575167_load, i10 %p_lcssa51565165_load, i10 %p_lcssa51555163_load, i10 %p_lcssa51545161_load, i10 %p_lcssa51535159_load, i10 %p_lcssa49945036_load, i10 %p_lcssa49935034_load, i10 %p_lcssa49915032_load, i10 %p_lcssa49905030_load, i10 %p_lcssa49895028_load, i10 %p_lcssa49875026_load, i10 %p_lcssa49865024_load, i10 %p_lcssa49855022_load, i10 %p_lcssa49835020_load, i10 %p_lcssa49825018_load, i10 %p_lcssa49815016_load, i10 %p_lcssa49795014_load, i10 %p_lcssa49785012_load, i10 %p_lcssa49775010_load, i10 %p_lcssa49755008_load, i17 %loopWidth, i30 %imgG, i1 %x_phase, i15 %xor, i17 %out_y, i16 %width_val_read, i10 %imgBayer, i17 %y_7, i16 %height_val_read, i1 %empty_195, i15 %trunc_ln, i10 %p_lcssa51575167, i10 %p_lcssa51565165, i10 %p_lcssa51555163, i10 %p_lcssa51545161, i10 %p_lcssa51535159, i10 %p_lcssa49945036, i10 %p_lcssa49935034, i10 %p_lcssa49915032, i10 %p_lcssa49905030, i10 %p_lcssa49895028, i10 %p_lcssa49875026, i10 %p_lcssa49865024, i10 %p_lcssa49855022, i10 %p_lcssa49835020, i10 %p_lcssa49825018, i10 %p_lcssa49815016, i10 %p_lcssa49795014, i10 %p_lcssa49785012, i10 %p_lcssa49775010, i10 %p_lcssa49755008, i10 %DIV1_TABLE, i18 %DIV2_TABLE" [E:/Dev/QianSai/mipi_dp_vivado/mipi_dp.runs/design_1_v_demosaic_1_0_synth_1/prj/sol/.autopilot/db/v_demosaic.cpp:275]   --->   Operation 78 'call' 'call_ln275' <Predicate = true> <Delay = 1.51> <CoreType = "Generic">   --->   Generic Core

State 4 <SV = 3> <Delay = 0.00>
ST_4 : Operation 79 [1/1] (0.00ns)   --->   "%speclooptripcount_ln282 = speclooptripcount void @_ssdm_op_SpecLoopTripCount, i64 2, i64 65537, i64 32769" [E:/Dev/QianSai/mipi_dp_vivado/mipi_dp.runs/design_1_v_demosaic_1_0_synth_1/prj/sol/.autopilot/db/v_demosaic.cpp:282]   --->   Operation 79 'speclooptripcount' 'speclooptripcount_ln282' <Predicate = true> <Delay = 0.00>
ST_4 : Operation 80 [1/1] (0.00ns)   --->   "%specloopname_ln315 = specloopname void @_ssdm_op_SpecLoopName, void @empty_5" [E:/Dev/QianSai/mipi_dp_vivado/mipi_dp.runs/design_1_v_demosaic_1_0_synth_1/prj/sol/.autopilot/db/v_demosaic.cpp:315]   --->   Operation 80 'specloopname' 'specloopname_ln315' <Predicate = true> <Delay = 0.00>
ST_4 : Operation 81 [1/2] (0.00ns)   --->   "%call_ln275 = call void @DebayerG_Pipeline_VITIS_LOOP_318_4, i10 %p_lcssa51575167_load, i10 %p_lcssa51565165_load, i10 %p_lcssa51555163_load, i10 %p_lcssa51545161_load, i10 %p_lcssa51535159_load, i10 %p_lcssa49945036_load, i10 %p_lcssa49935034_load, i10 %p_lcssa49915032_load, i10 %p_lcssa49905030_load, i10 %p_lcssa49895028_load, i10 %p_lcssa49875026_load, i10 %p_lcssa49865024_load, i10 %p_lcssa49855022_load, i10 %p_lcssa49835020_load, i10 %p_lcssa49825018_load, i10 %p_lcssa49815016_load, i10 %p_lcssa49795014_load, i10 %p_lcssa49785012_load, i10 %p_lcssa49775010_load, i10 %p_lcssa49755008_load, i17 %loopWidth, i30 %imgG, i1 %x_phase, i15 %xor, i17 %out_y, i16 %width_val_read, i10 %imgBayer, i17 %y_7, i16 %height_val_read, i1 %empty_195, i15 %trunc_ln, i10 %p_lcssa51575167, i10 %p_lcssa51565165, i10 %p_lcssa51555163, i10 %p_lcssa51545161, i10 %p_lcssa51535159, i10 %p_lcssa49945036, i10 %p_lcssa49935034, i10 %p_lcssa49915032, i10 %p_lcssa49905030, i10 %p_lcssa49895028, i10 %p_lcssa49875026, i10 %p_lcssa49865024, i10 %p_lcssa49855022, i10 %p_lcssa49835020, i10 %p_lcssa49825018, i10 %p_lcssa49815016, i10 %p_lcssa49795014, i10 %p_lcssa49785012, i10 %p_lcssa49775010, i10 %p_lcssa49755008, i10 %DIV1_TABLE, i18 %DIV2_TABLE" [E:/Dev/QianSai/mipi_dp_vivado/mipi_dp.runs/design_1_v_demosaic_1_0_synth_1/prj/sol/.autopilot/db/v_demosaic.cpp:275]   --->   Operation 81 'call' 'call_ln275' <Predicate = true> <Delay = 0.00> <CoreType = "Generic">   --->   Generic Core
ST_4 : Operation 82 [1/1] (0.00ns)   --->   "%br_ln315 = br void %VITIS_LOOP_318_4" [E:/Dev/QianSai/mipi_dp_vivado/mipi_dp.runs/design_1_v_demosaic_1_0_synth_1/prj/sol/.autopilot/db/v_demosaic.cpp:315]   --->   Operation 82 'br' 'br_ln315' <Predicate = true> <Delay = 0.00>


============================================================
+ Verbose Summary: Timing violations
============================================================
Target clock period: 6.667ns, clock uncertainty: 1.800ns.

 <State 1>: 4.334ns
The critical path consists of the following:
	fifo read operation ('bayerPhase_val_read') on port 'bayerPhase_val' [37]  (2.167 ns)
	fifo write operation ('write_ln0') on port 'bayerPhase_val11_c5' [39]  (2.167 ns)

 <State 2>: 1.517ns
The critical path consists of the following:
	'load' operation 17 bit ('y') on local variable 'y', E:/Dev/QianSai/mipi_dp_vivado/mipi_dp.runs/design_1_v_demosaic_1_0_synth_1/prj/sol/.autopilot/db/v_demosaic.cpp:271 [55]  (0.000 ns)
	'icmp' operation 1 bit ('icmp_ln315', E:/Dev/QianSai/mipi_dp_vivado/mipi_dp.runs/design_1_v_demosaic_1_0_synth_1/prj/sol/.autopilot/db/v_demosaic.cpp:315) [56]  (1.028 ns)
	'store' operation 0 bit ('store_ln271', E:/Dev/QianSai/mipi_dp_vivado/mipi_dp.runs/design_1_v_demosaic_1_0_synth_1/prj/sol/.autopilot/db/v_demosaic.cpp:271) of variable 'y', E:/Dev/QianSai/mipi_dp_vivado/mipi_dp.runs/design_1_v_demosaic_1_0_synth_1/prj/sol/.autopilot/db/v_demosaic.cpp:315 on local variable 'y', E:/Dev/QianSai/mipi_dp_vivado/mipi_dp.runs/design_1_v_demosaic_1_0_synth_1/prj/sol/.autopilot/db/v_demosaic.cpp:271 [87]  (0.489 ns)

 <State 3>: 2.965ns
The critical path consists of the following:
	'add' operation 17 bit ('out_y') [82]  (1.028 ns)
	'xor' operation 15 bit ('xor', E:/Dev/QianSai/mipi_dp_vivado/mipi_dp.runs/design_1_v_demosaic_1_0_synth_1/prj/sol/.autopilot/db/v_demosaic.cpp:293) [85]  (0.421 ns)
	'call' operation 0 bit ('call_ln275', E:/Dev/QianSai/mipi_dp_vivado/mipi_dp.runs/design_1_v_demosaic_1_0_synth_1/prj/sol/.autopilot/db/v_demosaic.cpp:275) to 'DebayerG_Pipeline_VITIS_LOOP_318_4' [86]  (1.517 ns)

 <State 4>: 0.000ns
The critical path consists of the following:


============================================================
+ Verbose Summary: Binding
============================================================
N/A
* FSMD analyzer results:
  - Output states:
 - Input state : 
  - Chain level:
	State 1
	State 2
	State 3
	State 4


============================================================
+ Verbose Summary: Datapath Resource usage 
============================================================
N/A
