Copyright 1986-2022 Xilinx, Inc. All Rights Reserved. Copyright 2022-2024 Advanced Micro Devices, Inc. All Rights Reserved.
---------------------------------------------------------------------------------------------------------------------------------------------
| Tool Version : Vivado v.2024.2 (win64) Build 5239630 Fri Nov 08 22:35:27 MST 2024
| Date         : Sun Nov 16 18:23:05 2025
| Host         : Win10-zsd running 64-bit major release  (build 9200)
| Command      : report_drc -file design_1_wrapper_drc_opted.rpt -pb design_1_wrapper_drc_opted.pb -rpx design_1_wrapper_drc_opted.rpx
| Design       : design_1_wrapper
| Device       : xczu2cg-sfvc784-1-e
| Speed File   : -1
| Design State : Synthesized
---------------------------------------------------------------------------------------------------------------------------------------------

Report DRC

Table of Contents
-----------------
1. REPORT SUMMARY
2. REPORT DETAILS

1. REPORT SUMMARY
-----------------
            Netlist: netlist
          Floorplan: design_1
      Design limits: <entire design considered>
           Ruledeck: default
             Max checks: <unlimited>
             Checks found: 21
+--------+------------------+----------------------------+--------+
| Rule   | Severity         | Description                | Checks |
+--------+------------------+----------------------------+--------+
| UCIO-1 | Critical Warning | Unconstrained Logical Port | 1      |
| DPIP-2 | Warning          | Input pipelining           | 4      |
| DPOP-3 | Warning          | PREG Output pipelining     | 4      |
| DPOP-4 | Warning          | MREG Output pipelining     | 12     |
+--------+------------------+----------------------------+--------+

2. REPORT DETAILS
-----------------
UCIO-1#1 Critical Warning
Unconstrained Logical Port  
93 out of 111 logical ports have no user assigned specific location constraint (LOC). This may cause I/O contention or incompatibility with the board power or connectivity affecting performance, signal integrity or in extreme cases cause damage to the device or the components to which it is connected. To correct this violation, specify all pin locations. This design will fail to generate a bitstream unless all logical ports have a user specified site LOC constraint defined.  To allow bitstream creation with unspecified pin locations (not recommended), use this command: set_property SEVERITY {Warning} [get_drc_checks UCIO-1].  NOTE: When using the Vivado Runs infrastructure (e.g. launch_runs Tcl command), add this command to a .tcl file and add that file as a pre-hook for write_bitstream step for the implementation run.  Problem ports: cam_gpio_tri_io[80], cam_gpio_tri_io[81], cam_gpio_tri_io[82],
cam_gpio_tri_io[83], cam_gpio_tri_io[84], cam_gpio_tri_io[85],
cam_gpio_tri_io[86], cam_gpio_tri_io[87], cam_gpio_tri_io[88],
cam_gpio_tri_io[89], cam_gpio_tri_io[90], cam_gpio_tri_io[91],
cam_gpio_tri_io[92], cam_gpio_tri_io[93], cam_gpio_tri_io[94]
 (the first 15 of 93 listed).
Related violations: <none>

DPIP-2#1 Warning
Input pipelining  
DSP design_1_i/v_demosaic_0/inst/Debayer_U0/DebayerG_U0/grp_DebayerG_Pipeline_VITIS_LOOP_318_4_fu_200/mac_muladd_14s_10ns_24s_25_4_1_U62/design_1_v_demosaic_1_0_mac_muladd_14s_10ns_24s_25_4_1_DSP48_0_U/p_reg_reg input design_1_i/v_demosaic_0/inst/Debayer_U0/DebayerG_U0/grp_DebayerG_Pipeline_VITIS_LOOP_318_4_fu_200/mac_muladd_14s_10ns_24s_25_4_1_U62/design_1_v_demosaic_1_0_mac_muladd_14s_10ns_24s_25_4_1_DSP48_0_U/p_reg_reg/C[47:0] is not pipelined. Pipelining DSP48 input will improve performance.
Related violations: <none>

DPIP-2#2 Warning
Input pipelining  
DSP design_1_i/v_demosaic_0/inst/Debayer_U0/DebayerG_U0/grp_DebayerG_Pipeline_VITIS_LOOP_318_4_fu_200/mac_muladd_14s_10ns_24s_25_4_1_U63/design_1_v_demosaic_1_0_mac_muladd_14s_10ns_24s_25_4_1_DSP48_0_U/p_reg_reg input design_1_i/v_demosaic_0/inst/Debayer_U0/DebayerG_U0/grp_DebayerG_Pipeline_VITIS_LOOP_318_4_fu_200/mac_muladd_14s_10ns_24s_25_4_1_U63/design_1_v_demosaic_1_0_mac_muladd_14s_10ns_24s_25_4_1_DSP48_0_U/p_reg_reg/C[47:0] is not pipelined. Pipelining DSP48 input will improve performance.
Related violations: <none>

DPIP-2#3 Warning
Input pipelining  
DSP design_1_i/v_demosaic_1/inst/Debayer_U0/DebayerG_U0/grp_DebayerG_Pipeline_VITIS_LOOP_318_4_fu_200/mac_muladd_14s_10ns_24s_25_4_1_U62/design_1_v_demosaic_1_0_mac_muladd_14s_10ns_24s_25_4_1_DSP48_0_U/p_reg_reg input design_1_i/v_demosaic_1/inst/Debayer_U0/DebayerG_U0/grp_DebayerG_Pipeline_VITIS_LOOP_318_4_fu_200/mac_muladd_14s_10ns_24s_25_4_1_U62/design_1_v_demosaic_1_0_mac_muladd_14s_10ns_24s_25_4_1_DSP48_0_U/p_reg_reg/C[47:0] is not pipelined. Pipelining DSP48 input will improve performance.
Related violations: <none>

DPIP-2#4 Warning
Input pipelining  
DSP design_1_i/v_demosaic_1/inst/Debayer_U0/DebayerG_U0/grp_DebayerG_Pipeline_VITIS_LOOP_318_4_fu_200/mac_muladd_14s_10ns_24s_25_4_1_U63/design_1_v_demosaic_1_0_mac_muladd_14s_10ns_24s_25_4_1_DSP48_0_U/p_reg_reg input design_1_i/v_demosaic_1/inst/Debayer_U0/DebayerG_U0/grp_DebayerG_Pipeline_VITIS_LOOP_318_4_fu_200/mac_muladd_14s_10ns_24s_25_4_1_U63/design_1_v_demosaic_1_0_mac_muladd_14s_10ns_24s_25_4_1_DSP48_0_U/p_reg_reg/C[47:0] is not pipelined. Pipelining DSP48 input will improve performance.
Related violations: <none>

DPOP-3#1 Warning
PREG Output pipelining  
DSP design_1_i/v_demosaic_0/inst/Debayer_U0/DebayerG_U0/grp_DebayerG_Pipeline_VITIS_LOOP_318_4_fu_200/mul_14s_10ns_24_1_1_U60/tmp_product output design_1_i/v_demosaic_0/inst/Debayer_U0/DebayerG_U0/grp_DebayerG_Pipeline_VITIS_LOOP_318_4_fu_200/mul_14s_10ns_24_1_1_U60/tmp_product/P[47:0] is not pipelined (PREG=0). Pipelining the DSP48 output will improve performance and often saves power so it is suggested whenever possible to fully pipeline this function.  If this DSP48 function was inferred, it is suggested to describe an additional register stage after this function.  If the DSP48 was instantiated in the design, it is suggested to set the PREG attribute to 1.
Related violations: <none>

DPOP-3#2 Warning
PREG Output pipelining  
DSP design_1_i/v_demosaic_0/inst/Debayer_U0/DebayerG_U0/grp_DebayerG_Pipeline_VITIS_LOOP_318_4_fu_200/mul_14s_10ns_24_1_1_U61/tmp_product output design_1_i/v_demosaic_0/inst/Debayer_U0/DebayerG_U0/grp_DebayerG_Pipeline_VITIS_LOOP_318_4_fu_200/mul_14s_10ns_24_1_1_U61/tmp_product/P[47:0] is not pipelined (PREG=0). Pipelining the DSP48 output will improve performance and often saves power so it is suggested whenever possible to fully pipeline this function.  If this DSP48 function was inferred, it is suggested to describe an additional register stage after this function.  If the DSP48 was instantiated in the design, it is suggested to set the PREG attribute to 1.
Related violations: <none>

DPOP-3#3 Warning
PREG Output pipelining  
DSP design_1_i/v_demosaic_1/inst/Debayer_U0/DebayerG_U0/grp_DebayerG_Pipeline_VITIS_LOOP_318_4_fu_200/mul_14s_10ns_24_1_1_U60/tmp_product output design_1_i/v_demosaic_1/inst/Debayer_U0/DebayerG_U0/grp_DebayerG_Pipeline_VITIS_LOOP_318_4_fu_200/mul_14s_10ns_24_1_1_U60/tmp_product/P[47:0] is not pipelined (PREG=0). Pipelining the DSP48 output will improve performance and often saves power so it is suggested whenever possible to fully pipeline this function.  If this DSP48 function was inferred, it is suggested to describe an additional register stage after this function.  If the DSP48 was instantiated in the design, it is suggested to set the PREG attribute to 1.
Related violations: <none>

DPOP-3#4 Warning
PREG Output pipelining  
DSP design_1_i/v_demosaic_1/inst/Debayer_U0/DebayerG_U0/grp_DebayerG_Pipeline_VITIS_LOOP_318_4_fu_200/mul_14s_10ns_24_1_1_U61/tmp_product output design_1_i/v_demosaic_1/inst/Debayer_U0/DebayerG_U0/grp_DebayerG_Pipeline_VITIS_LOOP_318_4_fu_200/mul_14s_10ns_24_1_1_U61/tmp_product/P[47:0] is not pipelined (PREG=0). Pipelining the DSP48 output will improve performance and often saves power so it is suggested whenever possible to fully pipeline this function.  If this DSP48 function was inferred, it is suggested to describe an additional register stage after this function.  If the DSP48 was instantiated in the design, it is suggested to set the PREG attribute to 1.
Related violations: <none>

DPOP-4#1 Warning
MREG Output pipelining  
DSP design_1_i/v_demosaic_0/inst/Debayer_U0/DebayerG_U0/grp_DebayerG_Pipeline_VITIS_LOOP_318_4_fu_200/lshr_ln2_reg_4328_reg multiplier stage design_1_i/v_demosaic_0/inst/Debayer_U0/DebayerG_U0/grp_DebayerG_Pipeline_VITIS_LOOP_318_4_fu_200/lshr_ln2_reg_4328_reg/P[47:0] is not pipelined (MREG=0). Pipelining the multiplier function will improve performance and will save significant power so it is suggested whenever possible to fully pipeline this function.  If this multiplier was inferred, it is suggested to describe an additional register stage after this function.  If there is no registered adder/accumulator following the multiply function, two pipeline stages are suggested to allow both the MREG and PREG registers to be used.  If the DSP48 was instantiated in the design, it is suggested to set both the MREG and PREG attributes to 1 when performing multiply functions.
Related violations: <none>

DPOP-4#2 Warning
MREG Output pipelining  
DSP design_1_i/v_demosaic_0/inst/Debayer_U0/DebayerG_U0/grp_DebayerG_Pipeline_VITIS_LOOP_318_4_fu_200/lshr_ln501_1_reg_4333_reg multiplier stage design_1_i/v_demosaic_0/inst/Debayer_U0/DebayerG_U0/grp_DebayerG_Pipeline_VITIS_LOOP_318_4_fu_200/lshr_ln501_1_reg_4333_reg/P[47:0] is not pipelined (MREG=0). Pipelining the multiplier function will improve performance and will save significant power so it is suggested whenever possible to fully pipeline this function.  If this multiplier was inferred, it is suggested to describe an additional register stage after this function.  If there is no registered adder/accumulator following the multiply function, two pipeline stages are suggested to allow both the MREG and PREG registers to be used.  If the DSP48 was instantiated in the design, it is suggested to set both the MREG and PREG attributes to 1 when performing multiply functions.
Related violations: <none>

DPOP-4#3 Warning
MREG Output pipelining  
DSP design_1_i/v_demosaic_0/inst/Debayer_U0/DebayerG_U0/grp_DebayerG_Pipeline_VITIS_LOOP_318_4_fu_200/lshr_ln501_2_reg_4338_reg multiplier stage design_1_i/v_demosaic_0/inst/Debayer_U0/DebayerG_U0/grp_DebayerG_Pipeline_VITIS_LOOP_318_4_fu_200/lshr_ln501_2_reg_4338_reg/P[47:0] is not pipelined (MREG=0). Pipelining the multiplier function will improve performance and will save significant power so it is suggested whenever possible to fully pipeline this function.  If this multiplier was inferred, it is suggested to describe an additional register stage after this function.  If there is no registered adder/accumulator following the multiply function, two pipeline stages are suggested to allow both the MREG and PREG registers to be used.  If the DSP48 was instantiated in the design, it is suggested to set both the MREG and PREG attributes to 1 when performing multiply functions.
Related violations: <none>

DPOP-4#4 Warning
MREG Output pipelining  
DSP design_1_i/v_demosaic_0/inst/Debayer_U0/DebayerG_U0/grp_DebayerG_Pipeline_VITIS_LOOP_318_4_fu_200/lshr_ln501_3_reg_4343_reg multiplier stage design_1_i/v_demosaic_0/inst/Debayer_U0/DebayerG_U0/grp_DebayerG_Pipeline_VITIS_LOOP_318_4_fu_200/lshr_ln501_3_reg_4343_reg/P[47:0] is not pipelined (MREG=0). Pipelining the multiplier function will improve performance and will save significant power so it is suggested whenever possible to fully pipeline this function.  If this multiplier was inferred, it is suggested to describe an additional register stage after this function.  If there is no registered adder/accumulator following the multiply function, two pipeline stages are suggested to allow both the MREG and PREG registers to be used.  If the DSP48 was instantiated in the design, it is suggested to set both the MREG and PREG attributes to 1 when performing multiply functions.
Related violations: <none>

DPOP-4#5 Warning
MREG Output pipelining  
DSP design_1_i/v_demosaic_0/inst/Debayer_U0/DebayerG_U0/grp_DebayerG_Pipeline_VITIS_LOOP_318_4_fu_200/mul_14s_10ns_24_1_1_U60/tmp_product multiplier stage design_1_i/v_demosaic_0/inst/Debayer_U0/DebayerG_U0/grp_DebayerG_Pipeline_VITIS_LOOP_318_4_fu_200/mul_14s_10ns_24_1_1_U60/tmp_product/P[47:0] is not pipelined (MREG=0). Pipelining the multiplier function will improve performance and will save significant power so it is suggested whenever possible to fully pipeline this function.  If this multiplier was inferred, it is suggested to describe an additional register stage after this function.  If there is no registered adder/accumulator following the multiply function, two pipeline stages are suggested to allow both the MREG and PREG registers to be used.  If the DSP48 was instantiated in the design, it is suggested to set both the MREG and PREG attributes to 1 when performing multiply functions.
Related violations: <none>

DPOP-4#6 Warning
MREG Output pipelining  
DSP design_1_i/v_demosaic_0/inst/Debayer_U0/DebayerG_U0/grp_DebayerG_Pipeline_VITIS_LOOP_318_4_fu_200/mul_14s_10ns_24_1_1_U61/tmp_product multiplier stage design_1_i/v_demosaic_0/inst/Debayer_U0/DebayerG_U0/grp_DebayerG_Pipeline_VITIS_LOOP_318_4_fu_200/mul_14s_10ns_24_1_1_U61/tmp_product/P[47:0] is not pipelined (MREG=0). Pipelining the multiplier function will improve performance and will save significant power so it is suggested whenever possible to fully pipeline this function.  If this multiplier was inferred, it is suggested to describe an additional register stage after this function.  If there is no registered adder/accumulator following the multiply function, two pipeline stages are suggested to allow both the MREG and PREG registers to be used.  If the DSP48 was instantiated in the design, it is suggested to set both the MREG and PREG attributes to 1 when performing multiply functions.
Related violations: <none>

DPOP-4#7 Warning
MREG Output pipelining  
DSP design_1_i/v_demosaic_1/inst/Debayer_U0/DebayerG_U0/grp_DebayerG_Pipeline_VITIS_LOOP_318_4_fu_200/lshr_ln2_reg_4328_reg multiplier stage design_1_i/v_demosaic_1/inst/Debayer_U0/DebayerG_U0/grp_DebayerG_Pipeline_VITIS_LOOP_318_4_fu_200/lshr_ln2_reg_4328_reg/P[47:0] is not pipelined (MREG=0). Pipelining the multiplier function will improve performance and will save significant power so it is suggested whenever possible to fully pipeline this function.  If this multiplier was inferred, it is suggested to describe an additional register stage after this function.  If there is no registered adder/accumulator following the multiply function, two pipeline stages are suggested to allow both the MREG and PREG registers to be used.  If the DSP48 was instantiated in the design, it is suggested to set both the MREG and PREG attributes to 1 when performing multiply functions.
Related violations: <none>

DPOP-4#8 Warning
MREG Output pipelining  
DSP design_1_i/v_demosaic_1/inst/Debayer_U0/DebayerG_U0/grp_DebayerG_Pipeline_VITIS_LOOP_318_4_fu_200/lshr_ln501_1_reg_4333_reg multiplier stage design_1_i/v_demosaic_1/inst/Debayer_U0/DebayerG_U0/grp_DebayerG_Pipeline_VITIS_LOOP_318_4_fu_200/lshr_ln501_1_reg_4333_reg/P[47:0] is not pipelined (MREG=0). Pipelining the multiplier function will improve performance and will save significant power so it is suggested whenever possible to fully pipeline this function.  If this multiplier was inferred, it is suggested to describe an additional register stage after this function.  If there is no registered adder/accumulator following the multiply function, two pipeline stages are suggested to allow both the MREG and PREG registers to be used.  If the DSP48 was instantiated in the design, it is suggested to set both the MREG and PREG attributes to 1 when performing multiply functions.
Related violations: <none>

DPOP-4#9 Warning
MREG Output pipelining  
DSP design_1_i/v_demosaic_1/inst/Debayer_U0/DebayerG_U0/grp_DebayerG_Pipeline_VITIS_LOOP_318_4_fu_200/lshr_ln501_2_reg_4338_reg multiplier stage design_1_i/v_demosaic_1/inst/Debayer_U0/DebayerG_U0/grp_DebayerG_Pipeline_VITIS_LOOP_318_4_fu_200/lshr_ln501_2_reg_4338_reg/P[47:0] is not pipelined (MREG=0). Pipelining the multiplier function will improve performance and will save significant power so it is suggested whenever possible to fully pipeline this function.  If this multiplier was inferred, it is suggested to describe an additional register stage after this function.  If there is no registered adder/accumulator following the multiply function, two pipeline stages are suggested to allow both the MREG and PREG registers to be used.  If the DSP48 was instantiated in the design, it is suggested to set both the MREG and PREG attributes to 1 when performing multiply functions.
Related violations: <none>

DPOP-4#10 Warning
MREG Output pipelining  
DSP design_1_i/v_demosaic_1/inst/Debayer_U0/DebayerG_U0/grp_DebayerG_Pipeline_VITIS_LOOP_318_4_fu_200/lshr_ln501_3_reg_4343_reg multiplier stage design_1_i/v_demosaic_1/inst/Debayer_U0/DebayerG_U0/grp_DebayerG_Pipeline_VITIS_LOOP_318_4_fu_200/lshr_ln501_3_reg_4343_reg/P[47:0] is not pipelined (MREG=0). Pipelining the multiplier function will improve performance and will save significant power so it is suggested whenever possible to fully pipeline this function.  If this multiplier was inferred, it is suggested to describe an additional register stage after this function.  If there is no registered adder/accumulator following the multiply function, two pipeline stages are suggested to allow both the MREG and PREG registers to be used.  If the DSP48 was instantiated in the design, it is suggested to set both the MREG and PREG attributes to 1 when performing multiply functions.
Related violations: <none>

DPOP-4#11 Warning
MREG Output pipelining  
DSP design_1_i/v_demosaic_1/inst/Debayer_U0/DebayerG_U0/grp_DebayerG_Pipeline_VITIS_LOOP_318_4_fu_200/mul_14s_10ns_24_1_1_U60/tmp_product multiplier stage design_1_i/v_demosaic_1/inst/Debayer_U0/DebayerG_U0/grp_DebayerG_Pipeline_VITIS_LOOP_318_4_fu_200/mul_14s_10ns_24_1_1_U60/tmp_product/P[47:0] is not pipelined (MREG=0). Pipelining the multiplier function will improve performance and will save significant power so it is suggested whenever possible to fully pipeline this function.  If this multiplier was inferred, it is suggested to describe an additional register stage after this function.  If there is no registered adder/accumulator following the multiply function, two pipeline stages are suggested to allow both the MREG and PREG registers to be used.  If the DSP48 was instantiated in the design, it is suggested to set both the MREG and PREG attributes to 1 when performing multiply functions.
Related violations: <none>

DPOP-4#12 Warning
MREG Output pipelining  
DSP design_1_i/v_demosaic_1/inst/Debayer_U0/DebayerG_U0/grp_DebayerG_Pipeline_VITIS_LOOP_318_4_fu_200/mul_14s_10ns_24_1_1_U61/tmp_product multiplier stage design_1_i/v_demosaic_1/inst/Debayer_U0/DebayerG_U0/grp_DebayerG_Pipeline_VITIS_LOOP_318_4_fu_200/mul_14s_10ns_24_1_1_U61/tmp_product/P[47:0] is not pipelined (MREG=0). Pipelining the multiplier function will improve performance and will save significant power so it is suggested whenever possible to fully pipeline this function.  If this multiplier was inferred, it is suggested to describe an additional register stage after this function.  If there is no registered adder/accumulator following the multiply function, two pipeline stages are suggested to allow both the MREG and PREG registers to be used.  If the DSP48 was instantiated in the design, it is suggested to set both the MREG and PREG attributes to 1 when performing multiply functions.
Related violations: <none>


