Copyright 1986-2022 Xilinx, Inc. All Rights Reserved. Copyright 2022-2024 Advanced Micro Devices, Inc. All Rights Reserved.
----------------------------------------------------------------------------------------------------------------------------------------------------------------------
| Tool Version     : Vivado v.2024.2 (win64) Build 5239630 Fri Nov 08 22:35:27 MST 2024
| Date             : Thu Nov 13 22:46:24 2025
| Host             : Win10-zsd running 64-bit major release  (build 9200)
| Command          : report_power -file design_1_wrapper_power_routed.rpt -pb design_1_wrapper_power_summary_routed.pb -rpx design_1_wrapper_power_routed.rpx
| Design           : design_1_wrapper
| Device           : xczu2cg-sfvc784-1-e
| Design State     : routed
| Grade            : extended
| Process          : typical
| Characterization : Production
----------------------------------------------------------------------------------------------------------------------------------------------------------------------

Power Report

Table of Contents
-----------------
1. Summary
1.1 On-Chip Components
1.2 Power Supply Summary
1.3 Confidence Level
2. Settings
2.1 Environment
2.2 Clock Constraints
3. Detailed Reports
3.1 By Hierarchy

1. Summary
----------

+--------------------------+--------------+
| Total On-Chip Power (W)  | 3.000        |
| Design Power Budget (W)  | Unspecified* |
| Power Budget Margin (W)  | NA           |
| Dynamic (W)              | 2.663        |
| Device Static (W)        | 0.337        |
| Effective TJA (C/W)      | 2.4          |
| Max Ambient (C)          | 92.9         |
| Junction Temperature (C) | 32.1         |
| Confidence Level         | Low          |
| Setting File             | ---          |
| Simulation Activity File | ---          |
| Design Nets Matched      | NA           |
+--------------------------+--------------+
* Specify Design Power Budget using, set_operating_conditions -design_power_budget <value in Watts>


1.1 On-Chip Components
----------------------

+--------------------------+-----------+----------+-----------+-----------------+
| On-Chip                  | Power (W) | Used     | Available | Utilization (%) |
+--------------------------+-----------+----------+-----------+-----------------+
| Clocks                   |     0.133 |       15 |       --- |             --- |
| CLB Logic                |     0.145 |    67273 |       --- |             --- |
|   LUT as Logic           |     0.102 |    22753 |     47232 |           48.17 |
|   LUT as Distributed RAM |     0.016 |      456 |     28800 |            1.58 |
|   LUT as Shift Register  |     0.013 |     1229 |     28800 |            4.27 |
|   Register               |     0.009 |    32998 |     94464 |           34.93 |
|   CARRY8                 |     0.005 |      615 |      8820 |            6.97 |
|   Others                 |     0.000 |     2338 |       --- |             --- |
|   F7/F8 Muxes            |     0.000 |      414 |     70560 |            0.59 |
|   BUFG                   |     0.000 |        1 |        24 |            4.17 |
| Signals                  |     0.174 |    51632 |       --- |             --- |
| Block RAM                |     0.074 |       56 |       150 |           37.33 |
| PLL                      |     0.125 |        2 |       --- |             --- |
| DSPs                     |     0.019 |       16 |       240 |            6.67 |
| I/O                      |     0.242 |      111 |       252 |           44.05 |
| PS8                      |     1.752 |        1 |       --- |             --- |
| Static Power             |     0.337 |          |           |                 |
|   PS Static              |     0.096 |          |           |                 |
|   PL Static              |     0.241 |          |           |                 |
| Total                    |     3.000 |          |           |                 |
+--------------------------+-----------+----------+-----------+-----------------+


1.2 Power Supply Summary
------------------------

+-----------------+-------------+-----------+-------------+------------+-------------+-------------+------------+
| Source          | Voltage (V) | Total (A) | Dynamic (A) | Static (A) | Powerup (A) | Budget (A)  | Margin (A) |
+-----------------+-------------+-----------+-------------+------------+-------------+-------------+------------+
| Vccint          |       0.850 |     0.699 |       0.642 |      0.058 |       NA    | Unspecified | NA         |
| Vccint_io       |       0.850 |     0.045 |       0.018 |      0.027 |       NA    | Unspecified | NA         |
| Vccbram         |       0.850 |     0.005 |       0.005 |      0.001 |       NA    | Unspecified | NA         |
| Vccaux          |       1.800 |     0.115 |       0.068 |      0.047 |       NA    | Unspecified | NA         |
| Vccaux_io       |       1.800 |     0.059 |       0.034 |      0.025 |       NA    | Unspecified | NA         |
| Vcco33          |       3.300 |     0.018 |       0.011 |      0.007 |       NA    | Unspecified | NA         |
| Vcco25          |       2.500 |     0.000 |       0.000 |      0.000 |       NA    | Unspecified | NA         |
| Vcco18          |       1.800 |     0.070 |       0.070 |      0.000 |       NA    | Unspecified | NA         |
| Vcco15          |       1.500 |     0.000 |       0.000 |      0.000 |       NA    | Unspecified | NA         |
| Vcco135         |       1.350 |     0.000 |       0.000 |      0.000 |       NA    | Unspecified | NA         |
| Vcco12          |       1.200 |     0.002 |       0.002 |      0.000 |       NA    | Unspecified | NA         |
| Vcco10          |       1.000 |     0.000 |       0.000 |      0.000 |       NA    | Unspecified | NA         |
| Vccadc          |       1.800 |     0.008 |       0.000 |      0.008 |       NA    | Unspecified | NA         |
| VCC_PSINTFP     |       0.850 |     0.441 |       0.411 |      0.030 |       NA    | Unspecified | NA         |
| VCC_PSINTLP     |       0.850 |     0.257 |       0.250 |      0.008 |       NA    | Unspecified | NA         |
| VPS_MGTRAVCC    |       0.850 |     0.119 |       0.118 |      0.001 |       NA    | Unspecified | NA         |
| VCC_PSINTFP_DDR |       0.850 |     0.597 |       0.592 |      0.005 |       NA    | Unspecified | NA         |
| VCC_PSPLL       |       1.200 |     0.073 |       0.071 |      0.002 |       NA    | Unspecified | NA         |
| VPS_MGTRAVTT    |       1.800 |     0.034 |       0.033 |      0.001 |       NA    | Unspecified | NA         |
| VCCO_PSDDR_504  |       1.200 |     0.401 |       0.367 |      0.034 |       NA    | Unspecified | NA         |
| VCC_PSAUX       |       1.800 |     0.002 |       0.000 |      0.002 |       NA    | Unspecified | NA         |
| VCC_PSBATT      |       1.200 |     0.000 |       0.000 |      0.000 |       NA    | Unspecified | NA         |
| VCC_PSDDR_PLL   |       1.800 |     0.001 |       0.000 |      0.001 |       NA    | Unspecified | NA         |
| VCCO_PSIO0_500  |       1.800 |     0.001 |       0.000 |      0.001 |       NA    | Unspecified | NA         |
| VCCO_PSIO1_501  |       1.800 |     0.001 |       0.000 |      0.001 |       NA    | Unspecified | NA         |
| VCCO_PSIO2_502  |       1.800 |     0.001 |       0.000 |      0.001 |       NA    | Unspecified | NA         |
| VCCO_PSIO3_503  |       3.300 |     0.001 |       0.000 |      0.001 |       NA    | Unspecified | NA         |
| VCC_PSADC       |       1.800 |     0.002 |       0.000 |      0.002 |       NA    | Unspecified | NA         |
+-----------------+-------------+-----------+-------------+------------+-------------+-------------+------------+


1.3 Confidence Level
--------------------

+-----------------------------+------------+--------------------------------------------------------+------------------------------------------------------------------------------------------------------------+
| User Input Data             | Confidence | Details                                                | Action                                                                                                     |
+-----------------------------+------------+--------------------------------------------------------+------------------------------------------------------------------------------------------------------------+
| Design implementation state | High       | Design is routed                                       |                                                                                                            |
| Clock nodes activity        | High       | User specified more than 95% of clocks                 |                                                                                                            |
| I/O nodes activity          | Low        | More than 75% of inputs are missing user specification | Provide missing input activity with simulation results or by editing the "By Resource Type -> I/Os" view   |
| Internal nodes activity     | Medium     | User specified less than 25% of internal nodes         | Provide missing internal nodes activity with simulation results or by editing the "By Resource Type" views |
| Device models               | High       | Device models are Production                           |                                                                                                            |
|                             |            |                                                        |                                                                                                            |
| Overall confidence level    | Low        |                                                        |                                                                                                            |
+-----------------------------+------------+--------------------------------------------------------+------------------------------------------------------------------------------------------------------------+


2. Settings
-----------

2.1 Environment
---------------

+-----------------------+--------------------------+
| Ambient Temp (C)      | 25.0                     |
| ThetaJA (C/W)         | 2.4                      |
| Airflow (LFM)         | 250                      |
| Heat Sink             | medium (Medium Profile)  |
| ThetaSA (C/W)         | 5.5                      |
| Board Selection       | medium (10"x10")         |
| # of Board Layers     | 12to15 (12 to 15 Layers) |
| Board Temperature (C) | 25.0                     |
+-----------------------+--------------------------+


2.2 Clock Constraints
---------------------

+------------------------------------+-------------------------------------------------------------------------------------------------------------------------------------------------------------------------------------------------+-----------------+
| Clock                              | Domain                                                                                                                                                                                          | Constraint (ns) |
+------------------------------------+-------------------------------------------------------------------------------------------------------------------------------------------------------------------------------------------------+-----------------+
| GEN_PLL_IN_IP_USP.pll0_clkout0     | design_1_i/mipi_csi2_rx_subsyst_0/inst/phy/inst/inst/bd_d10d_phy_0_rx_support_i/slave_rx.bd_d10d_phy_0_rx_hssio_i/inst/top_inst/clk_rst_top_inst/clk_scheme_inst/GEN_PLL_IN_IP_USP.pll0_clkout0 |             5.3 |
| GEN_PLL_IN_IP_USP.pll0_clkout0_1   | design_1_i/mipi_csi2_rx_subsyst_1/inst/phy/inst/inst/bd_115c_phy_0_rx_support_i/slave_rx.bd_115c_phy_0_rx_hssio_i/inst/top_inst/clk_rst_top_inst/clk_scheme_inst/GEN_PLL_IN_IP_USP.pll0_clkout0 |             5.3 |
| clk_pl_0                           | design_1_i/zynq_ultra_ps_e_0/inst/pl_clk_unbuffered[0]                                                                                                                                          |             6.7 |
| clk_pl_1                           | design_1_i/zynq_ultra_ps_e_0/inst/pl_clk1                                                                                                                                                       |             5.0 |
| clkoutphy_out                      | design_1_i/mipi_csi2_rx_subsyst_0/inst/phy/inst/inst/bd_d10d_phy_0_rx_support_i/slave_rx.bd_d10d_phy_0_rx_hssio_i/inst/top_inst/clk_rst_top_inst/clk_scheme_inst/shared_pll0_clkoutphy_out      |             0.7 |
| clkoutphy_out_1                    | design_1_i/mipi_csi2_rx_subsyst_1/inst/phy/inst/inst/bd_115c_phy_0_rx_support_i/slave_rx.bd_115c_phy_0_rx_hssio_i/inst/top_inst/clk_rst_top_inst/clk_scheme_inst/shared_pll0_clkoutphy_out      |             0.7 |
| clkoutphy_out_1_DIV                | design_1_i/mipi_csi2_rx_subsyst_1/inst/phy/inst/inst/bd_115c_phy_0_rx_support_i/slave_rx.bd_115c_phy_0_rx_hssio_i/inst/top_inst/bs_ctrl_top_inst/rx_bs0_tx_bit_ctrl_in[26]                      |             5.3 |
| clkoutphy_out_DIV                  | design_1_i/mipi_csi2_rx_subsyst_0/inst/phy/inst/inst/bd_d10d_phy_0_rx_support_i/slave_rx.bd_d10d_phy_0_rx_hssio_i/inst/top_inst/bs_ctrl_top_inst/rx_bs0_tx_bit_ctrl_in[26]                      |             5.3 |
| mipi_phy_if_0_clk_p                | mipi_phy_if_0_clk_p                                                                                                                                                                             |             2.0 |
| mipi_phy_if_0_clk_p_FIFO_WRCLK_OUT | design_1_i/mipi_csi2_rx_subsyst_0/inst/phy/inst/inst/bd_d10d_phy_0_rx_support_i/slave_rx.bd_d10d_phy_0_rx_hssio_i/inst/top_inst/bs_top_inst/u_rx_bs/fifo_wr_clk_0                               |             8.0 |
| mipi_phy_if_1_clk_p                | mipi_phy_if_1_clk_p                                                                                                                                                                             |             2.0 |
| mipi_phy_if_1_clk_p_FIFO_WRCLK_OUT | design_1_i/mipi_csi2_rx_subsyst_1/inst/phy/inst/inst/bd_115c_phy_0_rx_support_i/slave_rx.bd_115c_phy_0_rx_hssio_i/inst/top_inst/bs_top_inst/u_rx_bs/fifo_wr_clk_0                               |             8.0 |
+------------------------------------+-------------------------------------------------------------------------------------------------------------------------------------------------------------------------------------------------+-----------------+


3. Detailed Reports
-------------------

3.1 By Hierarchy
----------------

+----------------------------+-----------+
| Name                       | Power (W) |
+----------------------------+-----------+
| design_1_wrapper           |     2.663 |
|   cam0_i2c_scl_iobuf       |     0.008 |
|   cam0_i2c_sda_iobuf       |     0.008 |
|   cam1_i2c_scl_iobuf       |     0.008 |
|   cam1_i2c_sda_iobuf       |     0.008 |
|   cam_gpio_tri_iobuf_0     |     0.008 |
|   cam_gpio_tri_iobuf_1     |     0.008 |
|   cam_gpio_tri_iobuf_10    |     0.001 |
|   cam_gpio_tri_iobuf_11    |     0.001 |
|   cam_gpio_tri_iobuf_12    |     0.001 |
|   cam_gpio_tri_iobuf_13    |     0.002 |
|   cam_gpio_tri_iobuf_14    |     0.002 |
|   cam_gpio_tri_iobuf_15    |     0.002 |
|   cam_gpio_tri_iobuf_16    |     0.002 |
|   cam_gpio_tri_iobuf_17    |     0.001 |
|   cam_gpio_tri_iobuf_18    |     0.001 |
|   cam_gpio_tri_iobuf_19    |     0.001 |
|   cam_gpio_tri_iobuf_2     |     0.002 |
|   cam_gpio_tri_iobuf_20    |     0.001 |
|   cam_gpio_tri_iobuf_21    |     0.001 |
|   cam_gpio_tri_iobuf_22    |     0.002 |
|   cam_gpio_tri_iobuf_23    |     0.002 |
|   cam_gpio_tri_iobuf_24    |     0.002 |
|   cam_gpio_tri_iobuf_25    |     0.003 |
|   cam_gpio_tri_iobuf_26    |     0.003 |
|   cam_gpio_tri_iobuf_27    |     0.003 |
|   cam_gpio_tri_iobuf_28    |     0.003 |
|   cam_gpio_tri_iobuf_29    |     0.003 |
|   cam_gpio_tri_iobuf_3     |     0.002 |
|   cam_gpio_tri_iobuf_30    |     0.003 |
|   cam_gpio_tri_iobuf_31    |     0.003 |
|   cam_gpio_tri_iobuf_32    |     0.003 |
|   cam_gpio_tri_iobuf_33    |     0.003 |
|   cam_gpio_tri_iobuf_34    |     0.003 |
|   cam_gpio_tri_iobuf_35    |     0.003 |
|   cam_gpio_tri_iobuf_36    |     0.003 |
|   cam_gpio_tri_iobuf_37    |     0.003 |
|   cam_gpio_tri_iobuf_38    |     0.003 |
|   cam_gpio_tri_iobuf_39    |     0.003 |
|   cam_gpio_tri_iobuf_4     |     0.002 |
|   cam_gpio_tri_iobuf_40    |     0.003 |
|   cam_gpio_tri_iobuf_41    |     0.003 |
|   cam_gpio_tri_iobuf_42    |     0.003 |
|   cam_gpio_tri_iobuf_43    |     0.003 |
|   cam_gpio_tri_iobuf_44    |     0.003 |
|   cam_gpio_tri_iobuf_45    |     0.003 |
|   cam_gpio_tri_iobuf_46    |     0.001 |
|   cam_gpio_tri_iobuf_47    |     0.001 |
|   cam_gpio_tri_iobuf_48    |     0.002 |
|   cam_gpio_tri_iobuf_49    |     0.002 |
|   cam_gpio_tri_iobuf_5     |     0.002 |
|   cam_gpio_tri_iobuf_50    |     0.002 |
|   cam_gpio_tri_iobuf_51    |     0.002 |
|   cam_gpio_tri_iobuf_52    |     0.002 |
|   cam_gpio_tri_iobuf_53    |     0.001 |
|   cam_gpio_tri_iobuf_54    |     0.001 |
|   cam_gpio_tri_iobuf_55    |     0.001 |
|   cam_gpio_tri_iobuf_56    |     0.001 |
|   cam_gpio_tri_iobuf_57    |     0.002 |
|   cam_gpio_tri_iobuf_58    |     0.002 |
|   cam_gpio_tri_iobuf_59    |     0.002 |
|   cam_gpio_tri_iobuf_6     |     0.002 |
|   cam_gpio_tri_iobuf_60    |     0.002 |
|   cam_gpio_tri_iobuf_61    |     0.002 |
|   cam_gpio_tri_iobuf_62    |     0.002 |
|   cam_gpio_tri_iobuf_63    |     0.002 |
|   cam_gpio_tri_iobuf_64    |     0.002 |
|   cam_gpio_tri_iobuf_65    |     0.002 |
|   cam_gpio_tri_iobuf_66    |     0.002 |
|   cam_gpio_tri_iobuf_67    |     0.002 |
|   cam_gpio_tri_iobuf_68    |     0.002 |
|   cam_gpio_tri_iobuf_69    |     0.002 |
|   cam_gpio_tri_iobuf_7     |     0.002 |
|   cam_gpio_tri_iobuf_70    |     0.002 |
|   cam_gpio_tri_iobuf_71    |     0.002 |
|   cam_gpio_tri_iobuf_72    |     0.002 |
|   cam_gpio_tri_iobuf_73    |     0.002 |
|   cam_gpio_tri_iobuf_74    |     0.002 |
|   cam_gpio_tri_iobuf_75    |     0.002 |
|   cam_gpio_tri_iobuf_76    |     0.002 |
|   cam_gpio_tri_iobuf_77    |     0.002 |
|   cam_gpio_tri_iobuf_78    |     0.002 |
|   cam_gpio_tri_iobuf_79    |     0.002 |
|   cam_gpio_tri_iobuf_8     |     0.002 |
|   cam_gpio_tri_iobuf_80    |     0.002 |
|   cam_gpio_tri_iobuf_81    |     0.002 |
|   cam_gpio_tri_iobuf_82    |     0.002 |
|   cam_gpio_tri_iobuf_83    |     0.002 |
|   cam_gpio_tri_iobuf_84    |     0.002 |
|   cam_gpio_tri_iobuf_85    |     0.002 |
|   cam_gpio_tri_iobuf_86    |     0.002 |
|   cam_gpio_tri_iobuf_87    |     0.002 |
|   cam_gpio_tri_iobuf_88    |     0.002 |
|   cam_gpio_tri_iobuf_89    |     0.002 |
|   cam_gpio_tri_iobuf_9     |     0.001 |
|   cam_gpio_tri_iobuf_90    |     0.002 |
|   cam_gpio_tri_iobuf_91    |     0.002 |
|   cam_gpio_tri_iobuf_92    |     0.002 |
|   cam_gpio_tri_iobuf_93    |     0.002 |
|   cam_gpio_tri_iobuf_94    |     0.002 |
|   design_1_i               |     2.432 |
|     axi_vdma_0             |     0.017 |
|       U0                   |     0.017 |
|     axi_vdma_1             |     0.013 |
|       U0                   |     0.013 |
|     mipi_csi2_rx_subsyst_0 |     0.114 |
|       inst                 |     0.114 |
|     mipi_csi2_rx_subsyst_1 |     0.113 |
|       inst                 |     0.113 |
|     ps8_0_axi_periph       |     0.050 |
|       m00_couplers         |     0.005 |
|       m01_couplers         |     0.005 |
|       m02_couplers         |     0.004 |
|       m03_couplers         |     0.004 |
|       m04_couplers         |     0.004 |
|       m05_couplers         |     0.004 |
|       m08_couplers         |     0.006 |
|       m09_couplers         |     0.006 |
|       xbar                 |     0.012 |
|     smartconnect_0         |     0.035 |
|       inst                 |     0.035 |
|     v_demosaic_0           |     0.135 |
|       inst                 |     0.135 |
|     v_demosaic_1           |     0.134 |
|       inst                 |     0.134 |
|     v_gamma_lut_0          |     0.016 |
|       inst                 |     0.016 |
|     v_gamma_lut_1          |     0.017 |
|       inst                 |     0.017 |
|     zynq_ultra_ps_e_0      |     1.788 |
|       inst                 |     1.788 |
+----------------------------+-----------+


