Copyright 1986-2022 Xilinx, Inc. All Rights Reserved. Copyright 2022-2024 Advanced Micro Devices, Inc. All Rights Reserved.
---------------------------------------------------------------------------------------------------------------------------------------------
| Tool Version : Vivado v.2024.2 (win64) Build 5239630 Fri Nov 08 22:35:27 MST 2024
| Date         : Sun Nov 16 18:27:28 2025
| Host         : Win10-zsd running 64-bit major release  (build 9200)
| Command      : report_utilization -file design_1_wrapper_utilization_placed.rpt -pb design_1_wrapper_utilization_placed.pb
| Design       : design_1_wrapper
| Device       : xczu2cg-sfvc784-1-e
| Speed File   : -1
| Design State : Fully Placed
---------------------------------------------------------------------------------------------------------------------------------------------

Utilization Design Information

Table of Contents
-----------------
1. CLB Logic
1.1 Summary of Registers by Type
2. CLB Logic Distribution
3. BLOCKRAM
4. ARITHMETIC
5. I/O
6. CLOCK
7. ADVANCED
8. CONFIGURATION
9. Primitives
10. Black Boxes
11. Instantiated Netlists

1. CLB Logic
------------

+----------------------------+-------+-------+------------+-----------+-------+
|          Site Type         |  Used | Fixed | Prohibited | Available | Util% |
+----------------------------+-------+-------+------------+-----------+-------+
| CLB LUTs                   | 21798 |     0 |          0 |     47232 | 46.15 |
|   LUT as Logic             | 20410 |     0 |          0 |     47232 | 43.21 |
|   LUT as Memory            |  1388 |     0 |          0 |     28800 |  4.82 |
|     LUT as Distributed RAM |   608 |     0 |            |           |       |
|     LUT as Shift Register  |   780 |     0 |            |           |       |
| CLB Registers              | 29901 |     0 |          0 |     94464 | 31.65 |
|   Register as Flip Flop    | 29901 |     0 |          0 |     94464 | 31.65 |
|   Register as Latch        |     0 |     0 |          0 |     94464 |  0.00 |
| CARRY8                     |   620 |     0 |          0 |      8820 |  7.03 |
| F7 Muxes                   |   352 |     0 |          0 |     35280 |  1.00 |
| F8 Muxes                   |    72 |     0 |          0 |     17640 |  0.41 |
| F9 Muxes                   |     0 |     0 |          0 |      8820 |  0.00 |
+----------------------------+-------+-------+------------+-----------+-------+
* Warning! LUT value is adjusted to account for LUT combining.


1.1 Summary of Registers by Type
--------------------------------

+-------+--------------+-------------+--------------+
| Total | Clock Enable | Synchronous | Asynchronous |
+-------+--------------+-------------+--------------+
| 0     |            _ |           - |            - |
| 0     |            _ |           - |          Set |
| 0     |            _ |           - |        Reset |
| 0     |            _ |         Set |            - |
| 0     |            _ |       Reset |            - |
| 0     |          Yes |           - |            - |
| 166   |          Yes |           - |          Set |
| 703   |          Yes |           - |        Reset |
| 625   |          Yes |         Set |            - |
| 28407 |          Yes |       Reset |            - |
+-------+--------------+-------------+--------------+


2. CLB Logic Distribution
-------------------------

+--------------------------------------------+-------+-------+------------+-----------+-------+
|                  Site Type                 |  Used | Fixed | Prohibited | Available | Util% |
+--------------------------------------------+-------+-------+------------+-----------+-------+
| CLB                                        |  4512 |     0 |          0 |      8820 | 51.16 |
|   CLBL                                     |  2761 |     0 |            |           |       |
|   CLBM                                     |  1751 |     0 |            |           |       |
| LUT as Logic                               | 20410 |     0 |          0 |     47232 | 43.21 |
|   using O5 output only                     |   613 |       |            |           |       |
|   using O6 output only                     | 14947 |       |            |           |       |
|   using O5 and O6                          |  4850 |       |            |           |       |
| LUT as Memory                              |  1388 |     0 |          0 |     28800 |  4.82 |
|   LUT as Distributed RAM                   |   608 |     0 |            |           |       |
|     using O5 output only                   |     0 |       |            |           |       |
|     using O6 output only                   |     4 |       |            |           |       |
|     using O5 and O6                        |   604 |       |            |           |       |
|   LUT as Shift Register                    |   780 |     0 |            |           |       |
|     using O5 output only                   |     0 |       |            |           |       |
|     using O6 output only                   |   466 |       |            |           |       |
|     using O5 and O6                        |   314 |       |            |           |       |
| CLB Registers                              | 29901 |     0 |          0 |     94464 | 31.65 |
|   Register driven from within the CLB      | 15625 |       |            |           |       |
|   Register driven from outside the CLB     | 14276 |       |            |           |       |
|     LUT in front of the register is unused |  9054 |       |            |           |       |
|     LUT in front of the register is used   |  5222 |       |            |           |       |
| Unique Control Sets                        |  1228 |       |          0 |     17640 |  6.96 |
+--------------------------------------------+-------+-------+------------+-----------+-------+
* * Note: Available Control Sets calculated as Slices * 2, Review the Control Sets Report for more information regarding control sets.


3. BLOCKRAM
-----------

+-------------------+------+-------+------------+-----------+-------+
|     Site Type     | Used | Fixed | Prohibited | Available | Util% |
+-------------------+------+-------+------------+-----------+-------+
| Block RAM Tile    |   57 |     0 |          0 |       150 | 38.00 |
|   RAMB36/FIFO*    |   50 |     0 |          0 |       150 | 33.33 |
|     RAMB36E2 only |   50 |       |            |           |       |
|   RAMB18          |   14 |     0 |          0 |       300 |  4.67 |
|     RAMB18E2 only |   14 |       |            |           |       |
+-------------------+------+-------+------------+-----------+-------+
* Note: Each Block RAM Tile only has one FIFO logic available and therefore can accommodate only one FIFO36E2 or one FIFO18E2. However, if a FIFO18E2 occupies a Block RAM Tile, that tile can still accommodate a RAMB18E2


4. ARITHMETIC
-------------

+----------------+------+-------+------------+-----------+-------+
|    Site Type   | Used | Fixed | Prohibited | Available | Util% |
+----------------+------+-------+------------+-----------+-------+
| DSPs           |   16 |     0 |          0 |       240 |  6.67 |
|   DSP48E2 only |   16 |       |            |           |       |
+----------------+------+-------+------------+-----------+-------+


5. I/O
------

+------------------+------+-------+------------+-----------+-------+
|     Site Type    | Used | Fixed | Prohibited | Available | Util% |
+------------------+------+-------+------------+-----------+-------+
| Bonded IOB       |  111 |    18 |          0 |       252 | 44.05 |
| HPIOB_M          |   17 |     6 |          0 |        72 | 23.61 |
|   INPUT          |    6 |       |            |           |       |
|   OUTPUT         |    0 |       |            |           |       |
|   BIDIR          |   11 |       |            |           |       |
| HPIOB_S          |   16 |     6 |          0 |        72 | 22.22 |
|   INPUT          |    6 |       |            |           |       |
|   OUTPUT         |    0 |       |            |           |       |
|   BIDIR          |   10 |       |            |           |       |
| HDIOB_M          |   38 |     2 |          0 |        48 | 79.17 |
|   INPUT          |    0 |       |            |           |       |
|   OUTPUT         |    0 |       |            |           |       |
|   BIDIR          |   38 |       |            |           |       |
| HDIOB_S          |   40 |     4 |          0 |        48 | 83.33 |
|   INPUT          |    0 |       |            |           |       |
|   OUTPUT         |    0 |       |            |           |       |
|   BIDIR          |   40 |       |            |           |       |
| HPIOB_SNGL       |    0 |     0 |          0 |        12 |  0.00 |
| HPIOBDIFFINBUF   |    6 |     6 |          0 |        72 |  8.33 |
| HPIOBDIFFOUTBUF  |    0 |     0 |          0 |        72 |  0.00 |
| HDIOBDIFFINBUF   |    0 |     0 |          0 |        48 |  0.00 |
| BITSLICE_CONTROL |    2 |     0 |          0 |        24 |  8.33 |
| BITSLICE_RX_TX   |    6 |     6 |          0 |       936 |  0.64 |
|   RX_BITSLICE    |    6 |     6 |            |           |       |
| BITSLICE_TX      |    0 |     0 |          0 |        24 |  0.00 |
| RIU_OR           |    0 |     0 |          0 |        12 |  0.00 |
+------------------+------+-------+------------+-----------+-------+


6. CLOCK
--------

+------------+------+-------+------------+-----------+-------+
|  Site Type | Used | Fixed | Prohibited | Available | Util% |
+------------+------+-------+------------+-----------+-------+
| BUFGCE     |    5 |     0 |          0 |        88 |  5.68 |
| BUFGCE_DIV |    0 |     0 |          0 |        12 |  0.00 |
| BUFG_PS    |    2 |     0 |          0 |        72 |  2.78 |
| BUFGCTRL*  |    0 |     0 |          0 |        24 |  0.00 |
| PLL        |    2 |     0 |          0 |         6 | 33.33 |
| MMCM       |    0 |     0 |          0 |         3 |  0.00 |
+------------+------+-------+------------+-----------+-------+
* Note: Each used BUFGCTRL counts as two GLOBAL CLOCK BUFFERs. This table does not include global clocking resources, only buffer cell usage. See the Clock Utilization Report (report_clock_utilization) for detailed accounting of global clocking resource availability.


7. ADVANCED
-----------

+-----------+------+-------+------------+-----------+--------+
| Site Type | Used | Fixed | Prohibited | Available |  Util% |
+-----------+------+-------+------------+-----------+--------+
| PS8       |    1 |     0 |          0 |         1 | 100.00 |
| SYSMONE4  |    0 |     0 |          0 |         1 |   0.00 |
+-----------+------+-------+------------+-----------+--------+


8. CONFIGURATION
----------------

+-------------+------+-------+------------+-----------+-------+
|  Site Type  | Used | Fixed | Prohibited | Available | Util% |
+-------------+------+-------+------------+-----------+-------+
| BSCANE2     |    0 |     0 |          0 |         4 |  0.00 |
| DNA_PORTE2  |    0 |     0 |          0 |         1 |  0.00 |
| EFUSE_USR   |    0 |     0 |          0 |         1 |  0.00 |
| FRAME_ECCE4 |    0 |     0 |          0 |         1 |  0.00 |
| ICAPE3      |    0 |     0 |          0 |         2 |  0.00 |
| MASTER_JTAG |    0 |     0 |          0 |         1 |  0.00 |
| STARTUPE3   |    0 |     0 |          0 |         1 |  0.00 |
+-------------+------+-------+------------+-----------+-------+


9. Primitives
-------------

+------------------+-------+---------------------+
|     Ref Name     |  Used | Functional Category |
+------------------+-------+---------------------+
| FDRE             | 28407 |            Register |
| LUT6             |  7602 |                 CLB |
| LUT3             |  4600 |                 CLB |
| LUT5             |  4362 |                 CLB |
| LUT4             |  4092 |                 CLB |
| LUT2             |  3648 |                 CLB |
| SRL16E           |  1094 |                 CLB |
| RAMD32           |  1060 |                 CLB |
| LUT1             |   956 |                 CLB |
| FDCE             |   703 |            Register |
| FDSE             |   625 |            Register |
| CARRY8           |   620 |                 CLB |
| MUXF7            |   352 |                 CLB |
| FDPE             |   166 |            Register |
| RAMS32           |   152 |                 CLB |
| IBUFCTRL         |   105 |              Others |
| OBUFT            |    99 |                 I/O |
| INBUF            |    99 |                 I/O |
| MUXF8            |    72 |                 CLB |
| RAMB36E2         |    50 |            BLOCKRAM |
| DSP48E2          |    16 |          Arithmetic |
| RAMB18E2         |    14 |            BLOCKRAM |
| RX_BITSLICE      |     6 |                 I/O |
| DPHY_DIFFINBUF   |     6 |              Others |
| BUFGCE           |     5 |               Clock |
| PLLE4_ADV        |     2 |               Clock |
| BUFG_PS          |     2 |               Clock |
| BITSLICE_CONTROL |     2 |                 I/O |
| PS8              |     1 |            Advanced |
+------------------+-------+---------------------+


10. Black Boxes
---------------

+----------+------+
| Ref Name | Used |
+----------+------+


11. Instantiated Netlists
-------------------------

+------------------------------------+------+
|              Ref Name              | Used |
+------------------------------------+------+
| design_1_zynq_ultra_ps_e_0_0       |    1 |
| design_1_v_gamma_lut_1_0           |    1 |
| design_1_v_gamma_lut_0_0           |    1 |
| design_1_v_demosaic_1_0            |    1 |
| design_1_v_demosaic_0_2            |    1 |
| design_1_smartconnect_1_0          |    1 |
| design_1_smartconnect_0_0          |    1 |
| design_1_proc_sys_reset_150M_0     |    1 |
| design_1_mipi_csi2_rx_subsyst_1_0  |    1 |
| design_1_mipi_csi2_rx_subsyst_0_0  |    1 |
| design_1_axis_subset_converter_1_0 |    1 |
| design_1_axis_subset_converter_0_0 |    1 |
| design_1_axi_vdma_1_0              |    1 |
| design_1_axi_vdma_0_0              |    1 |
| bd_d10d_xbar_0                     |    1 |
| bd_d10d_vfb_0_0                    |    1 |
| bd_d10d_rx_0                       |    1 |
| bd_d10d_r_sync_0                   |    1 |
| bd_d10d_phy_0                      |    1 |
| bd_115c_xbar_0                     |    1 |
| bd_115c_vfb_0_0                    |    1 |
| bd_115c_rx_0                       |    1 |
| bd_115c_r_sync_0                   |    1 |
| bd_115c_phy_0                      |    1 |
+------------------------------------+------+


