Copyright 1986-2022 Xilinx, Inc. All Rights Reserved. Copyright 2022-2024 Advanced Micro Devices, Inc. All Rights Reserved.
--------------------------------------------------------------------------------------------------------------------------------------------------------------------------------------
| Tool Version : Vivado v.2024.2 (win64) Build 5239630 Fri Nov 08 22:35:27 MST 2024
| Date         : Tue Nov  4 15:57:29 2025
| Host         : Win10-zsd running 64-bit major release  (build 9200)
| Command      : report_methodology -file design_1_wrapper_methodology_drc_routed.rpt -pb design_1_wrapper_methodology_drc_routed.pb -rpx design_1_wrapper_methodology_drc_routed.rpx
| Design       : design_1_wrapper
| Device       : xczu2cg-sfvc784-1-i
| Speed File   : -1
| Design State : Fully Routed
--------------------------------------------------------------------------------------------------------------------------------------------------------------------------------------

Report Methodology

Table of Contents
-----------------
1. REPORT SUMMARY
2. REPORT DETAILS

1. REPORT SUMMARY
-----------------
            Netlist: netlist
          Floorplan: design_1
      Design limits: <entire design considered>
             Max checks: <unlimited>
             Checks found: 8
+-----------+----------+-------------------------------------------+--------+
| Rule      | Severity | Description                               | Checks |
+-----------+----------+-------------------------------------------+--------+
| LUTAR-1   | Warning  | LUT drives async reset alert              | 2      |
| TIMING-18 | Warning  | Missing input or output delay             | 4      |
| CLKC-58   | Advisory | PLLE4 with global clock driver has no LOC | 2      |
+-----------+----------+-------------------------------------------+--------+

2. REPORT DETAILS
-----------------
LUTAR-1#1 Warning
LUT drives async reset alert  
LUT cell design_1_i/mipi_csi2_rx_subsyst_0/inst/rx/mipi_csi2_rx_ctrl_v1_0_11_top_dut/AXI_LITE.reg_inf/gen_spkt_fifo/xpm_arst_03_i_1, with 2 or more inputs, drives asynchronous preset/clear pin(s) design_1_i/mipi_csi2_rx_subsyst_0/inst/rx/mipi_csi2_rx_ctrl_v1_0_11_top_dut/AXI_LITE.reg_inf/gen_spkt_fifo/xpm_arst_03/arststages_ff_reg[0]/CLR,
design_1_i/mipi_csi2_rx_subsyst_0/inst/rx/mipi_csi2_rx_ctrl_v1_0_11_top_dut/AXI_LITE.reg_inf/gen_spkt_fifo/xpm_arst_03/arststages_ff_reg[1]/CLR
design_1_i/mipi_csi2_rx_subsyst_0/inst/rx/mipi_csi2_rx_ctrl_v1_0_11_top_dut/AXI_LITE.reg_inf/gen_spkt_fifo/xpm_arst_03/arststages_ff_reg[2]/CLR. The LUT may glitch and trigger an unexpected reset, even if it is a properly timed path.
Related violations: <none>

LUTAR-1#2 Warning
LUT drives async reset alert  
LUT cell design_1_i/mipi_csi2_rx_subsyst_1/inst/rx/mipi_csi2_rx_ctrl_v1_0_11_top_dut/AXI_LITE.reg_inf/gen_spkt_fifo/xpm_arst_03_i_1, with 2 or more inputs, drives asynchronous preset/clear pin(s) design_1_i/mipi_csi2_rx_subsyst_1/inst/rx/mipi_csi2_rx_ctrl_v1_0_11_top_dut/AXI_LITE.reg_inf/gen_spkt_fifo/xpm_arst_03/arststages_ff_reg[0]/CLR,
design_1_i/mipi_csi2_rx_subsyst_1/inst/rx/mipi_csi2_rx_ctrl_v1_0_11_top_dut/AXI_LITE.reg_inf/gen_spkt_fifo/xpm_arst_03/arststages_ff_reg[1]/CLR
design_1_i/mipi_csi2_rx_subsyst_1/inst/rx/mipi_csi2_rx_ctrl_v1_0_11_top_dut/AXI_LITE.reg_inf/gen_spkt_fifo/xpm_arst_03/arststages_ff_reg[2]/CLR. The LUT may glitch and trigger an unexpected reset, even if it is a properly timed path.
Related violations: <none>

TIMING-18#1 Warning
Missing input or output delay  
An input delay is missing on mipi_phy_if_0_data_p[0] relative to the rising and/or falling clock edge(s) of clk_pl_1.
Related violations: <none>

TIMING-18#2 Warning
Missing input or output delay  
An input delay is missing on mipi_phy_if_0_data_p[1] relative to the rising and/or falling clock edge(s) of clk_pl_1.
Related violations: <none>

TIMING-18#3 Warning
Missing input or output delay  
An input delay is missing on mipi_phy_if_1_data_p[0] relative to the rising and/or falling clock edge(s) of clk_pl_1.
Related violations: <none>

TIMING-18#4 Warning
Missing input or output delay  
An input delay is missing on mipi_phy_if_1_data_p[1] relative to the rising and/or falling clock edge(s) of clk_pl_1.
Related violations: <none>

CLKC-58#1 Advisory
PLLE4 with global clock driver has no LOC  
The PLLE4_ADV cell design_1_i/mipi_csi2_rx_subsyst_0/inst/phy/inst/inst/bd_d10d_phy_0_rx_support_i/slave_rx.bd_d10d_phy_0_rx_hssio_i/inst/top_inst/clk_rst_top_inst/clk_scheme_inst/GEN_PLL_IN_IP_USP.plle4_adv_pll0_inst CLKIN pin is driven by global Clock buffer design_1_i/zynq_ultra_ps_e_0/inst/pl_clk1_BUFG_inst and does not have a LOC constraint. It is recommended to LOC the PLL and use the CLOCK_DEDICATED_ROUTE constraint on the net driven by the global Clock buffer.
Related violations: <none>

CLKC-58#2 Advisory
PLLE4 with global clock driver has no LOC  
The PLLE4_ADV cell design_1_i/mipi_csi2_rx_subsyst_1/inst/phy/inst/inst/bd_115c_phy_0_rx_support_i/slave_rx.bd_115c_phy_0_rx_hssio_i/inst/top_inst/clk_rst_top_inst/clk_scheme_inst/GEN_PLL_IN_IP_USP.plle4_adv_pll0_inst CLKIN pin is driven by global Clock buffer design_1_i/zynq_ultra_ps_e_0/inst/pl_clk1_BUFG_inst and does not have a LOC constraint. It is recommended to LOC the PLL and use the CLOCK_DEDICATED_ROUTE constraint on the net driven by the global Clock buffer.
Related violations: <none>


