Copyright 1986-2022 Xilinx, Inc. All Rights Reserved. Copyright 2022-2024 Advanced Micro Devices, Inc. All Rights Reserved.
---------------------------------------------------------------------------------------------------------------------------------------------
| Tool Version : Vivado v.2024.2 (win64) Build 5239630 Fri Nov 08 22:35:27 MST 2024
| Date         : Tue Nov  4 15:56:47 2025
| Host         : Win10-zsd running 64-bit major release  (build 9200)
| Command      : report_drc -file design_1_wrapper_drc_routed.rpt -pb design_1_wrapper_drc_routed.pb -rpx design_1_wrapper_drc_routed.rpx
| Design       : design_1_wrapper
| Device       : xczu2cg-sfvc784-1-i
| Speed File   : -1
| Design State : Fully Routed
---------------------------------------------------------------------------------------------------------------------------------------------

Report DRC

Table of Contents
-----------------
1. REPORT SUMMARY
2. REPORT DETAILS

1. REPORT SUMMARY
-----------------
            Netlist: netlist
          Floorplan: design_1
      Design limits: <entire design considered>
           Ruledeck: default
             Max checks: <unlimited>
             Checks found: 89
+-----------+------------------+----------------------------+--------+
| Rule      | Severity         | Description                | Checks |
+-----------+------------------+----------------------------+--------+
| UCIO-1    | Critical Warning | Unconstrained Logical Port | 1      |
| DPIP-2    | Warning          | Input pipelining           | 30     |
| DPOP-3    | Warning          | PREG Output pipelining     | 16     |
| DPOP-4    | Warning          | MREG Output pipelining     | 38     |
| PDRC-138  | Warning          | SLICE_PairEqSame_D6D5_WARN | 1      |
| PDRC-146  | Warning          | SLICE_PairEqSame_D6D5_WARN | 2      |
| RTSTAT-10 | Warning          | No routable loads          | 1      |
+-----------+------------------+----------------------------+--------+

2. REPORT DETAILS
-----------------
UCIO-1#1 Critical Warning
Unconstrained Logical Port  
93 out of 111 logical ports have no user assigned specific location constraint (LOC). This may cause I/O contention or incompatibility with the board power or connectivity affecting performance, signal integrity or in extreme cases cause damage to the device or the components to which it is connected. To correct this violation, specify all pin locations. This design will fail to generate a bitstream unless all logical ports have a user specified site LOC constraint defined.  To allow bitstream creation with unspecified pin locations (not recommended), use this command: set_property SEVERITY {Warning} [get_drc_checks UCIO-1].  NOTE: When using the Vivado Runs infrastructure (e.g. launch_runs Tcl command), add this command to a .tcl file and add that file as a pre-hook for write_bitstream step for the implementation run.  Problem ports: cam_gpio_tri_io[80], cam_gpio_tri_io[81], cam_gpio_tri_io[82],
cam_gpio_tri_io[83], cam_gpio_tri_io[84], cam_gpio_tri_io[85],
cam_gpio_tri_io[86], cam_gpio_tri_io[87], cam_gpio_tri_io[88],
cam_gpio_tri_io[89], cam_gpio_tri_io[90], cam_gpio_tri_io[91],
cam_gpio_tri_io[92], cam_gpio_tri_io[93], cam_gpio_tri_io[94]
 (the first 15 of 93 listed).
Related violations: <none>

DPIP-2#1 Warning
Input pipelining  
DSP design_1_i/isp_placeholder_0/inst/resize_1_16_1080_1920_540_960_1_false_2_2_2_2_U0/grp_resizeNNBilinear_16_1080_1920_1_false_2_2_540_960_1_2_s_fu_16/grp_resizeNNBilinear_Pipeline_VITIS_LOOP_404_4_VITIS_LOOP_411_5_fu_102/P2_1_reg_1981_reg input design_1_i/isp_placeholder_0/inst/resize_1_16_1080_1920_540_960_1_false_2_2_2_2_U0/grp_resizeNNBilinear_16_1080_1920_1_false_2_2_540_960_1_2_s_fu_16/grp_resizeNNBilinear_Pipeline_VITIS_LOOP_404_4_VITIS_LOOP_411_5_fu_102/P2_1_reg_1981_reg/B[17:0] is not pipelined. Pipelining DSP48 input will improve performance.
Related violations: <none>

DPIP-2#2 Warning
Input pipelining  
DSP design_1_i/isp_placeholder_0/inst/resize_1_16_1080_1920_540_960_1_false_2_2_2_2_U0/grp_resizeNNBilinear_16_1080_1920_1_false_2_2_540_960_1_2_s_fu_16/grp_resizeNNBilinear_Pipeline_VITIS_LOOP_404_4_VITIS_LOOP_411_5_fu_102/P2_reg_1959_reg input design_1_i/isp_placeholder_0/inst/resize_1_16_1080_1920_540_960_1_false_2_2_2_2_U0/grp_resizeNNBilinear_16_1080_1920_1_false_2_2_540_960_1_2_s_fu_16/grp_resizeNNBilinear_Pipeline_VITIS_LOOP_404_4_VITIS_LOOP_411_5_fu_102/P2_reg_1959_reg/B[17:0] is not pipelined. Pipelining DSP48 input will improve performance.
Related violations: <none>

DPIP-2#3 Warning
Input pipelining  
DSP design_1_i/isp_placeholder_0/inst/resize_1_16_1080_1920_540_960_1_false_2_2_2_2_U0/grp_resizeNNBilinear_16_1080_1920_1_false_2_2_540_960_1_2_s_fu_16/grp_resizeNNBilinear_Pipeline_VITIS_LOOP_404_4_VITIS_LOOP_411_5_fu_102/Wxy_reg_1939_reg input design_1_i/isp_placeholder_0/inst/resize_1_16_1080_1920_540_960_1_false_2_2_2_2_U0/grp_resizeNNBilinear_16_1080_1920_1_false_2_2_540_960_1_2_s_fu_16/grp_resizeNNBilinear_Pipeline_VITIS_LOOP_404_4_VITIS_LOOP_411_5_fu_102/Wxy_reg_1939_reg/A[29:0] is not pipelined. Pipelining DSP48 input will improve performance.
Related violations: <none>

DPIP-2#4 Warning
Input pipelining  
DSP design_1_i/isp_placeholder_0/inst/resize_1_16_1080_1920_540_960_1_false_2_2_2_2_U0/grp_resizeNNBilinear_16_1080_1920_1_false_2_2_540_960_1_2_s_fu_16/grp_resizeNNBilinear_Pipeline_VITIS_LOOP_404_4_VITIS_LOOP_411_5_fu_102/grp_scaleCompute_17_42_20_48_16_1_s_fu_461/mul_48ns_42s_74_1_1_U102/tmp_product__0 input design_1_i/isp_placeholder_0/inst/resize_1_16_1080_1920_540_960_1_false_2_2_2_2_U0/grp_resizeNNBilinear_16_1080_1920_1_false_2_2_540_960_1_2_s_fu_16/grp_resizeNNBilinear_Pipeline_VITIS_LOOP_404_4_VITIS_LOOP_411_5_fu_102/grp_scaleCompute_17_42_20_48_16_1_s_fu_461/mul_48ns_42s_74_1_1_U102/tmp_product__0/A[29:0] is not pipelined. Pipelining DSP48 input will improve performance.
Related violations: <none>

DPIP-2#5 Warning
Input pipelining  
DSP design_1_i/isp_placeholder_0/inst/resize_1_16_1080_1920_540_960_1_false_2_2_2_2_U0/grp_resizeNNBilinear_16_1080_1920_1_false_2_2_540_960_1_2_s_fu_16/grp_resizeNNBilinear_Pipeline_VITIS_LOOP_404_4_VITIS_LOOP_411_5_fu_102/grp_scaleCompute_17_42_20_48_16_1_s_fu_461/mul_48ns_42s_74_1_1_U102/tmp_product__1 input design_1_i/isp_placeholder_0/inst/resize_1_16_1080_1920_540_960_1_false_2_2_2_2_U0/grp_resizeNNBilinear_16_1080_1920_1_false_2_2_540_960_1_2_s_fu_16/grp_resizeNNBilinear_Pipeline_VITIS_LOOP_404_4_VITIS_LOOP_411_5_fu_102/grp_scaleCompute_17_42_20_48_16_1_s_fu_461/mul_48ns_42s_74_1_1_U102/tmp_product__1/A[29:0] is not pipelined. Pipelining DSP48 input will improve performance.
Related violations: <none>

DPIP-2#6 Warning
Input pipelining  
DSP design_1_i/isp_placeholder_0/inst/resize_1_16_1080_1920_540_960_1_false_2_2_2_2_U0/grp_resizeNNBilinear_16_1080_1920_1_false_2_2_540_960_1_2_s_fu_16/grp_resizeNNBilinear_Pipeline_VITIS_LOOP_404_4_VITIS_LOOP_411_5_fu_102/grp_scaleCompute_17_42_20_48_16_1_s_fu_461/mul_48ns_42s_74_1_1_U102/tmp_product__2 input design_1_i/isp_placeholder_0/inst/resize_1_16_1080_1920_540_960_1_false_2_2_2_2_U0/grp_resizeNNBilinear_16_1080_1920_1_false_2_2_540_960_1_2_s_fu_16/grp_resizeNNBilinear_Pipeline_VITIS_LOOP_404_4_VITIS_LOOP_411_5_fu_102/grp_scaleCompute_17_42_20_48_16_1_s_fu_461/mul_48ns_42s_74_1_1_U102/tmp_product__2/A[29:0] is not pipelined. Pipelining DSP48 input will improve performance.
Related violations: <none>

DPIP-2#7 Warning
Input pipelining  
DSP design_1_i/isp_placeholder_0/inst/resize_1_16_1080_1920_540_960_1_false_2_2_2_2_U0/grp_resizeNNBilinear_16_1080_1920_1_false_2_2_540_960_1_2_s_fu_16/grp_resizeNNBilinear_Pipeline_VITIS_LOOP_404_4_VITIS_LOOP_411_5_fu_102/grp_scaleCompute_17_42_20_48_16_1_s_fu_461/mul_48ns_42s_74_1_1_U102/tmp_product__2 input design_1_i/isp_placeholder_0/inst/resize_1_16_1080_1920_540_960_1_false_2_2_2_2_U0/grp_resizeNNBilinear_16_1080_1920_1_false_2_2_540_960_1_2_s_fu_16/grp_resizeNNBilinear_Pipeline_VITIS_LOOP_404_4_VITIS_LOOP_411_5_fu_102/grp_scaleCompute_17_42_20_48_16_1_s_fu_461/mul_48ns_42s_74_1_1_U102/tmp_product__2/B[17:0] is not pipelined. Pipelining DSP48 input will improve performance.
Related violations: <none>

DPIP-2#8 Warning
Input pipelining  
DSP design_1_i/isp_placeholder_0/inst/resize_1_16_1080_1920_540_960_1_false_2_2_2_2_U0/grp_resizeNNBilinear_16_1080_1920_1_false_2_2_540_960_1_2_s_fu_16/grp_resizeNNBilinear_Pipeline_VITIS_LOOP_404_4_VITIS_LOOP_411_5_fu_102/grp_scaleCompute_17_42_20_48_16_1_s_fu_461/mul_48ns_42s_74_1_1_U102/tmp_product__3 input design_1_i/isp_placeholder_0/inst/resize_1_16_1080_1920_540_960_1_false_2_2_2_2_U0/grp_resizeNNBilinear_16_1080_1920_1_false_2_2_540_960_1_2_s_fu_16/grp_resizeNNBilinear_Pipeline_VITIS_LOOP_404_4_VITIS_LOOP_411_5_fu_102/grp_scaleCompute_17_42_20_48_16_1_s_fu_461/mul_48ns_42s_74_1_1_U102/tmp_product__3/A[29:0] is not pipelined. Pipelining DSP48 input will improve performance.
Related violations: <none>

DPIP-2#9 Warning
Input pipelining  
DSP design_1_i/isp_placeholder_0/inst/resize_1_16_1080_1920_540_960_1_false_2_2_2_2_U0/grp_resizeNNBilinear_16_1080_1920_1_false_2_2_540_960_1_2_s_fu_16/grp_resizeNNBilinear_Pipeline_VITIS_LOOP_404_4_VITIS_LOOP_411_5_fu_102/grp_scaleCompute_17_42_20_48_16_1_s_fu_461/mul_48ns_42s_74_1_1_U102/tmp_product__4 input design_1_i/isp_placeholder_0/inst/resize_1_16_1080_1920_540_960_1_false_2_2_2_2_U0/grp_resizeNNBilinear_16_1080_1920_1_false_2_2_540_960_1_2_s_fu_16/grp_resizeNNBilinear_Pipeline_VITIS_LOOP_404_4_VITIS_LOOP_411_5_fu_102/grp_scaleCompute_17_42_20_48_16_1_s_fu_461/mul_48ns_42s_74_1_1_U102/tmp_product__4/A[29:0] is not pipelined. Pipelining DSP48 input will improve performance.
Related violations: <none>

DPIP-2#10 Warning
Input pipelining  
DSP design_1_i/isp_placeholder_0/inst/resize_1_16_1080_1920_540_960_1_false_2_2_2_2_U0/grp_resizeNNBilinear_16_1080_1920_1_false_2_2_540_960_1_2_s_fu_16/grp_resizeNNBilinear_Pipeline_VITIS_LOOP_404_4_VITIS_LOOP_411_5_fu_102/grp_scaleCompute_17_42_20_48_16_1_s_fu_461/mul_48ns_42s_74_1_1_U102/tmp_product__4 input design_1_i/isp_placeholder_0/inst/resize_1_16_1080_1920_540_960_1_false_2_2_2_2_U0/grp_resizeNNBilinear_16_1080_1920_1_false_2_2_540_960_1_2_s_fu_16/grp_resizeNNBilinear_Pipeline_VITIS_LOOP_404_4_VITIS_LOOP_411_5_fu_102/grp_scaleCompute_17_42_20_48_16_1_s_fu_461/mul_48ns_42s_74_1_1_U102/tmp_product__4/B[17:0] is not pipelined. Pipelining DSP48 input will improve performance.
Related violations: <none>

DPIP-2#11 Warning
Input pipelining  
DSP design_1_i/isp_placeholder_0/inst/resize_1_16_1080_1920_540_960_1_false_2_2_2_U0/grp_resizeNNBilinear_16_1080_1920_1_false_2_2_540_960_1_2_s_fu_16/grp_resizeNNBilinear_Pipeline_VITIS_LOOP_404_4_VITIS_LOOP_411_5_fu_102/P2_1_reg_1981_reg input design_1_i/isp_placeholder_0/inst/resize_1_16_1080_1920_540_960_1_false_2_2_2_U0/grp_resizeNNBilinear_16_1080_1920_1_false_2_2_540_960_1_2_s_fu_16/grp_resizeNNBilinear_Pipeline_VITIS_LOOP_404_4_VITIS_LOOP_411_5_fu_102/P2_1_reg_1981_reg/B[17:0] is not pipelined. Pipelining DSP48 input will improve performance.
Related violations: <none>

DPIP-2#12 Warning
Input pipelining  
DSP design_1_i/isp_placeholder_0/inst/resize_1_16_1080_1920_540_960_1_false_2_2_2_U0/grp_resizeNNBilinear_16_1080_1920_1_false_2_2_540_960_1_2_s_fu_16/grp_resizeNNBilinear_Pipeline_VITIS_LOOP_404_4_VITIS_LOOP_411_5_fu_102/P2_reg_1959_reg input design_1_i/isp_placeholder_0/inst/resize_1_16_1080_1920_540_960_1_false_2_2_2_U0/grp_resizeNNBilinear_16_1080_1920_1_false_2_2_540_960_1_2_s_fu_16/grp_resizeNNBilinear_Pipeline_VITIS_LOOP_404_4_VITIS_LOOP_411_5_fu_102/P2_reg_1959_reg/B[17:0] is not pipelined. Pipelining DSP48 input will improve performance.
Related violations: <none>

DPIP-2#13 Warning
Input pipelining  
DSP design_1_i/isp_placeholder_0/inst/resize_1_16_1080_1920_540_960_1_false_2_2_2_U0/grp_resizeNNBilinear_16_1080_1920_1_false_2_2_540_960_1_2_s_fu_16/grp_resizeNNBilinear_Pipeline_VITIS_LOOP_404_4_VITIS_LOOP_411_5_fu_102/Wxy_reg_1939_reg input design_1_i/isp_placeholder_0/inst/resize_1_16_1080_1920_540_960_1_false_2_2_2_U0/grp_resizeNNBilinear_16_1080_1920_1_false_2_2_540_960_1_2_s_fu_16/grp_resizeNNBilinear_Pipeline_VITIS_LOOP_404_4_VITIS_LOOP_411_5_fu_102/Wxy_reg_1939_reg/A[29:0] is not pipelined. Pipelining DSP48 input will improve performance.
Related violations: <none>

DPIP-2#14 Warning
Input pipelining  
DSP design_1_i/isp_placeholder_0/inst/resize_1_16_1080_1920_540_960_1_false_2_2_2_U0/grp_resizeNNBilinear_16_1080_1920_1_false_2_2_540_960_1_2_s_fu_16/grp_resizeNNBilinear_Pipeline_VITIS_LOOP_404_4_VITIS_LOOP_411_5_fu_102/grp_scaleCompute_17_42_20_48_16_1_s_fu_461/mul_48ns_42s_74_1_1_U102/tmp_product__0 input design_1_i/isp_placeholder_0/inst/resize_1_16_1080_1920_540_960_1_false_2_2_2_U0/grp_resizeNNBilinear_16_1080_1920_1_false_2_2_540_960_1_2_s_fu_16/grp_resizeNNBilinear_Pipeline_VITIS_LOOP_404_4_VITIS_LOOP_411_5_fu_102/grp_scaleCompute_17_42_20_48_16_1_s_fu_461/mul_48ns_42s_74_1_1_U102/tmp_product__0/A[29:0] is not pipelined. Pipelining DSP48 input will improve performance.
Related violations: <none>

DPIP-2#15 Warning
Input pipelining  
DSP design_1_i/isp_placeholder_0/inst/resize_1_16_1080_1920_540_960_1_false_2_2_2_U0/grp_resizeNNBilinear_16_1080_1920_1_false_2_2_540_960_1_2_s_fu_16/grp_resizeNNBilinear_Pipeline_VITIS_LOOP_404_4_VITIS_LOOP_411_5_fu_102/grp_scaleCompute_17_42_20_48_16_1_s_fu_461/mul_48ns_42s_74_1_1_U102/tmp_product__1 input design_1_i/isp_placeholder_0/inst/resize_1_16_1080_1920_540_960_1_false_2_2_2_U0/grp_resizeNNBilinear_16_1080_1920_1_false_2_2_540_960_1_2_s_fu_16/grp_resizeNNBilinear_Pipeline_VITIS_LOOP_404_4_VITIS_LOOP_411_5_fu_102/grp_scaleCompute_17_42_20_48_16_1_s_fu_461/mul_48ns_42s_74_1_1_U102/tmp_product__1/A[29:0] is not pipelined. Pipelining DSP48 input will improve performance.
Related violations: <none>

DPIP-2#16 Warning
Input pipelining  
DSP design_1_i/isp_placeholder_0/inst/resize_1_16_1080_1920_540_960_1_false_2_2_2_U0/grp_resizeNNBilinear_16_1080_1920_1_false_2_2_540_960_1_2_s_fu_16/grp_resizeNNBilinear_Pipeline_VITIS_LOOP_404_4_VITIS_LOOP_411_5_fu_102/grp_scaleCompute_17_42_20_48_16_1_s_fu_461/mul_48ns_42s_74_1_1_U102/tmp_product__2 input design_1_i/isp_placeholder_0/inst/resize_1_16_1080_1920_540_960_1_false_2_2_2_U0/grp_resizeNNBilinear_16_1080_1920_1_false_2_2_540_960_1_2_s_fu_16/grp_resizeNNBilinear_Pipeline_VITIS_LOOP_404_4_VITIS_LOOP_411_5_fu_102/grp_scaleCompute_17_42_20_48_16_1_s_fu_461/mul_48ns_42s_74_1_1_U102/tmp_product__2/A[29:0] is not pipelined. Pipelining DSP48 input will improve performance.
Related violations: <none>

DPIP-2#17 Warning
Input pipelining  
DSP design_1_i/isp_placeholder_0/inst/resize_1_16_1080_1920_540_960_1_false_2_2_2_U0/grp_resizeNNBilinear_16_1080_1920_1_false_2_2_540_960_1_2_s_fu_16/grp_resizeNNBilinear_Pipeline_VITIS_LOOP_404_4_VITIS_LOOP_411_5_fu_102/grp_scaleCompute_17_42_20_48_16_1_s_fu_461/mul_48ns_42s_74_1_1_U102/tmp_product__2 input design_1_i/isp_placeholder_0/inst/resize_1_16_1080_1920_540_960_1_false_2_2_2_U0/grp_resizeNNBilinear_16_1080_1920_1_false_2_2_540_960_1_2_s_fu_16/grp_resizeNNBilinear_Pipeline_VITIS_LOOP_404_4_VITIS_LOOP_411_5_fu_102/grp_scaleCompute_17_42_20_48_16_1_s_fu_461/mul_48ns_42s_74_1_1_U102/tmp_product__2/B[17:0] is not pipelined. Pipelining DSP48 input will improve performance.
Related violations: <none>

DPIP-2#18 Warning
Input pipelining  
DSP design_1_i/isp_placeholder_0/inst/resize_1_16_1080_1920_540_960_1_false_2_2_2_U0/grp_resizeNNBilinear_16_1080_1920_1_false_2_2_540_960_1_2_s_fu_16/grp_resizeNNBilinear_Pipeline_VITIS_LOOP_404_4_VITIS_LOOP_411_5_fu_102/grp_scaleCompute_17_42_20_48_16_1_s_fu_461/mul_48ns_42s_74_1_1_U102/tmp_product__3 input design_1_i/isp_placeholder_0/inst/resize_1_16_1080_1920_540_960_1_false_2_2_2_U0/grp_resizeNNBilinear_16_1080_1920_1_false_2_2_540_960_1_2_s_fu_16/grp_resizeNNBilinear_Pipeline_VITIS_LOOP_404_4_VITIS_LOOP_411_5_fu_102/grp_scaleCompute_17_42_20_48_16_1_s_fu_461/mul_48ns_42s_74_1_1_U102/tmp_product__3/A[29:0] is not pipelined. Pipelining DSP48 input will improve performance.
Related violations: <none>

DPIP-2#19 Warning
Input pipelining  
DSP design_1_i/isp_placeholder_0/inst/resize_1_16_1080_1920_540_960_1_false_2_2_2_U0/grp_resizeNNBilinear_16_1080_1920_1_false_2_2_540_960_1_2_s_fu_16/grp_resizeNNBilinear_Pipeline_VITIS_LOOP_404_4_VITIS_LOOP_411_5_fu_102/grp_scaleCompute_17_42_20_48_16_1_s_fu_461/mul_48ns_42s_74_1_1_U102/tmp_product__4 input design_1_i/isp_placeholder_0/inst/resize_1_16_1080_1920_540_960_1_false_2_2_2_U0/grp_resizeNNBilinear_16_1080_1920_1_false_2_2_540_960_1_2_s_fu_16/grp_resizeNNBilinear_Pipeline_VITIS_LOOP_404_4_VITIS_LOOP_411_5_fu_102/grp_scaleCompute_17_42_20_48_16_1_s_fu_461/mul_48ns_42s_74_1_1_U102/tmp_product__4/A[29:0] is not pipelined. Pipelining DSP48 input will improve performance.
Related violations: <none>

DPIP-2#20 Warning
Input pipelining  
DSP design_1_i/isp_placeholder_0/inst/resize_1_16_1080_1920_540_960_1_false_2_2_2_U0/grp_resizeNNBilinear_16_1080_1920_1_false_2_2_540_960_1_2_s_fu_16/grp_resizeNNBilinear_Pipeline_VITIS_LOOP_404_4_VITIS_LOOP_411_5_fu_102/grp_scaleCompute_17_42_20_48_16_1_s_fu_461/mul_48ns_42s_74_1_1_U102/tmp_product__4 input design_1_i/isp_placeholder_0/inst/resize_1_16_1080_1920_540_960_1_false_2_2_2_U0/grp_resizeNNBilinear_16_1080_1920_1_false_2_2_540_960_1_2_s_fu_16/grp_resizeNNBilinear_Pipeline_VITIS_LOOP_404_4_VITIS_LOOP_411_5_fu_102/grp_scaleCompute_17_42_20_48_16_1_s_fu_461/mul_48ns_42s_74_1_1_U102/tmp_product__4/B[17:0] is not pipelined. Pipelining DSP48 input will improve performance.
Related violations: <none>

DPIP-2#21 Warning
Input pipelining  
DSP design_1_i/stitcher_0/inst/Block_entry_img_in0_data_rd_img_out_data_wr_proc_U0/grp_proj_align_fu_68/remap_10_1_16_8_16_540_960_1_false_2_2_2_2_2_U0/grp_xFRemapLI_16_16_3_8_10_540_960_1_2_2_2_2_false_s_fu_20/xFRemapLI_Loop_loop_height_proc_U0/grp_xFRemapLI_Loop_loop_height_proc_Pipeline_loop_width_fu_54/mac_muladd_10ns_8ns_18ns_18_4_1_U123/stitcher_mac_muladd_10ns_8ns_18ns_18_4_1_DSP48_0_U/p_reg_reg input design_1_i/stitcher_0/inst/Block_entry_img_in0_data_rd_img_out_data_wr_proc_U0/grp_proj_align_fu_68/remap_10_1_16_8_16_540_960_1_false_2_2_2_2_2_U0/grp_xFRemapLI_16_16_3_8_10_540_960_1_2_2_2_2_false_s_fu_20/xFRemapLI_Loop_loop_height_proc_U0/grp_xFRemapLI_Loop_loop_height_proc_Pipeline_loop_width_fu_54/mac_muladd_10ns_8ns_18ns_18_4_1_U123/stitcher_mac_muladd_10ns_8ns_18ns_18_4_1_DSP48_0_U/p_reg_reg/A[29:0] is not pipelined. Pipelining DSP48 input will improve performance.
Related violations: <none>

DPIP-2#22 Warning
Input pipelining  
DSP design_1_i/stitcher_0/inst/Block_entry_img_in0_data_rd_img_out_data_wr_proc_U0/grp_proj_align_fu_68/remap_10_1_16_8_16_540_960_1_false_2_2_2_2_2_U0/grp_xFRemapLI_16_16_3_8_10_540_960_1_2_2_2_2_false_s_fu_20/xFRemapLI_Loop_loop_height_proc_U0/grp_xFRemapLI_Loop_loop_height_proc_Pipeline_loop_width_fu_54/mac_muladd_10ns_8ns_18ns_18_4_1_U125/stitcher_mac_muladd_10ns_8ns_18ns_18_4_1_DSP48_0_U/p_reg_reg input design_1_i/stitcher_0/inst/Block_entry_img_in0_data_rd_img_out_data_wr_proc_U0/grp_proj_align_fu_68/remap_10_1_16_8_16_540_960_1_false_2_2_2_2_2_U0/grp_xFRemapLI_16_16_3_8_10_540_960_1_2_2_2_2_false_s_fu_20/xFRemapLI_Loop_loop_height_proc_U0/grp_xFRemapLI_Loop_loop_height_proc_Pipeline_loop_width_fu_54/mac_muladd_10ns_8ns_18ns_18_4_1_U125/stitcher_mac_muladd_10ns_8ns_18ns_18_4_1_DSP48_0_U/p_reg_reg/A[29:0] is not pipelined. Pipelining DSP48 input will improve performance.
Related violations: <none>

DPIP-2#23 Warning
Input pipelining  
DSP design_1_i/stitcher_0/inst/Block_entry_img_in0_data_rd_img_out_data_wr_proc_U0/grp_proj_align_fu_68/remap_10_1_16_8_16_540_960_1_false_2_2_2_2_2_U0/grp_xFRemapLI_16_16_3_8_10_540_960_1_2_2_2_2_false_s_fu_20/xFRemapLI_Loop_loop_height_proc_U0/grp_xFRemapLI_Loop_loop_height_proc_Pipeline_loop_width_fu_54/mac_muladd_10ns_8ns_18ns_18_4_1_U127/stitcher_mac_muladd_10ns_8ns_18ns_18_4_1_DSP48_0_U/p_reg_reg input design_1_i/stitcher_0/inst/Block_entry_img_in0_data_rd_img_out_data_wr_proc_U0/grp_proj_align_fu_68/remap_10_1_16_8_16_540_960_1_false_2_2_2_2_2_U0/grp_xFRemapLI_16_16_3_8_10_540_960_1_2_2_2_2_false_s_fu_20/xFRemapLI_Loop_loop_height_proc_U0/grp_xFRemapLI_Loop_loop_height_proc_Pipeline_loop_width_fu_54/mac_muladd_10ns_8ns_18ns_18_4_1_U127/stitcher_mac_muladd_10ns_8ns_18ns_18_4_1_DSP48_0_U/p_reg_reg/A[29:0] is not pipelined. Pipelining DSP48 input will improve performance.
Related violations: <none>

DPIP-2#24 Warning
Input pipelining  
DSP design_1_i/stitcher_0/inst/Block_entry_img_in0_data_rd_img_out_data_wr_proc_U0/grp_proj_align_fu_68/remap_10_1_16_8_16_540_960_1_false_2_2_2_2_U0/grp_xFRemapLI_16_16_3_8_10_540_960_1_2_2_2_2_false_s_fu_20/xFRemapLI_Loop_loop_height_proc_U0/grp_xFRemapLI_Loop_loop_height_proc_Pipeline_loop_width_fu_54/mac_muladd_10ns_8ns_18ns_18_4_1_U123/stitcher_mac_muladd_10ns_8ns_18ns_18_4_1_DSP48_0_U/p_reg_reg input design_1_i/stitcher_0/inst/Block_entry_img_in0_data_rd_img_out_data_wr_proc_U0/grp_proj_align_fu_68/remap_10_1_16_8_16_540_960_1_false_2_2_2_2_U0/grp_xFRemapLI_16_16_3_8_10_540_960_1_2_2_2_2_false_s_fu_20/xFRemapLI_Loop_loop_height_proc_U0/grp_xFRemapLI_Loop_loop_height_proc_Pipeline_loop_width_fu_54/mac_muladd_10ns_8ns_18ns_18_4_1_U123/stitcher_mac_muladd_10ns_8ns_18ns_18_4_1_DSP48_0_U/p_reg_reg/A[29:0] is not pipelined. Pipelining DSP48 input will improve performance.
Related violations: <none>

DPIP-2#25 Warning
Input pipelining  
DSP design_1_i/stitcher_0/inst/Block_entry_img_in0_data_rd_img_out_data_wr_proc_U0/grp_proj_align_fu_68/remap_10_1_16_8_16_540_960_1_false_2_2_2_2_U0/grp_xFRemapLI_16_16_3_8_10_540_960_1_2_2_2_2_false_s_fu_20/xFRemapLI_Loop_loop_height_proc_U0/grp_xFRemapLI_Loop_loop_height_proc_Pipeline_loop_width_fu_54/mac_muladd_10ns_8ns_18ns_18_4_1_U125/stitcher_mac_muladd_10ns_8ns_18ns_18_4_1_DSP48_0_U/p_reg_reg input design_1_i/stitcher_0/inst/Block_entry_img_in0_data_rd_img_out_data_wr_proc_U0/grp_proj_align_fu_68/remap_10_1_16_8_16_540_960_1_false_2_2_2_2_U0/grp_xFRemapLI_16_16_3_8_10_540_960_1_2_2_2_2_false_s_fu_20/xFRemapLI_Loop_loop_height_proc_U0/grp_xFRemapLI_Loop_loop_height_proc_Pipeline_loop_width_fu_54/mac_muladd_10ns_8ns_18ns_18_4_1_U125/stitcher_mac_muladd_10ns_8ns_18ns_18_4_1_DSP48_0_U/p_reg_reg/A[29:0] is not pipelined. Pipelining DSP48 input will improve performance.
Related violations: <none>

DPIP-2#26 Warning
Input pipelining  
DSP design_1_i/stitcher_0/inst/Block_entry_img_in0_data_rd_img_out_data_wr_proc_U0/grp_proj_align_fu_68/remap_10_1_16_8_16_540_960_1_false_2_2_2_2_U0/grp_xFRemapLI_16_16_3_8_10_540_960_1_2_2_2_2_false_s_fu_20/xFRemapLI_Loop_loop_height_proc_U0/grp_xFRemapLI_Loop_loop_height_proc_Pipeline_loop_width_fu_54/mac_muladd_10ns_8ns_18ns_18_4_1_U127/stitcher_mac_muladd_10ns_8ns_18ns_18_4_1_DSP48_0_U/p_reg_reg input design_1_i/stitcher_0/inst/Block_entry_img_in0_data_rd_img_out_data_wr_proc_U0/grp_proj_align_fu_68/remap_10_1_16_8_16_540_960_1_false_2_2_2_2_U0/grp_xFRemapLI_16_16_3_8_10_540_960_1_2_2_2_2_false_s_fu_20/xFRemapLI_Loop_loop_height_proc_U0/grp_xFRemapLI_Loop_loop_height_proc_Pipeline_loop_width_fu_54/mac_muladd_10ns_8ns_18ns_18_4_1_U127/stitcher_mac_muladd_10ns_8ns_18ns_18_4_1_DSP48_0_U/p_reg_reg/A[29:0] is not pipelined. Pipelining DSP48 input will improve performance.
Related violations: <none>

DPIP-2#27 Warning
Input pipelining  
DSP design_1_i/v_demosaic_0/inst/Debayer_U0/DebayerG_U0/grp_DebayerG_Pipeline_VITIS_LOOP_318_4_fu_200/mac_muladd_14s_10ns_24s_25_4_1_U62/design_1_v_demosaic_1_0_mac_muladd_14s_10ns_24s_25_4_1_DSP48_0_U/p_reg_reg input design_1_i/v_demosaic_0/inst/Debayer_U0/DebayerG_U0/grp_DebayerG_Pipeline_VITIS_LOOP_318_4_fu_200/mac_muladd_14s_10ns_24s_25_4_1_U62/design_1_v_demosaic_1_0_mac_muladd_14s_10ns_24s_25_4_1_DSP48_0_U/p_reg_reg/C[47:0] is not pipelined. Pipelining DSP48 input will improve performance.
Related violations: <none>

DPIP-2#28 Warning
Input pipelining  
DSP design_1_i/v_demosaic_0/inst/Debayer_U0/DebayerG_U0/grp_DebayerG_Pipeline_VITIS_LOOP_318_4_fu_200/mac_muladd_14s_10ns_24s_25_4_1_U63/design_1_v_demosaic_1_0_mac_muladd_14s_10ns_24s_25_4_1_DSP48_0_U/p_reg_reg input design_1_i/v_demosaic_0/inst/Debayer_U0/DebayerG_U0/grp_DebayerG_Pipeline_VITIS_LOOP_318_4_fu_200/mac_muladd_14s_10ns_24s_25_4_1_U63/design_1_v_demosaic_1_0_mac_muladd_14s_10ns_24s_25_4_1_DSP48_0_U/p_reg_reg/C[47:0] is not pipelined. Pipelining DSP48 input will improve performance.
Related violations: <none>

DPIP-2#29 Warning
Input pipelining  
DSP design_1_i/v_demosaic_1/inst/Debayer_U0/DebayerG_U0/grp_DebayerG_Pipeline_VITIS_LOOP_318_4_fu_200/mac_muladd_14s_10ns_24s_25_4_1_U62/design_1_v_demosaic_1_0_mac_muladd_14s_10ns_24s_25_4_1_DSP48_0_U/p_reg_reg input design_1_i/v_demosaic_1/inst/Debayer_U0/DebayerG_U0/grp_DebayerG_Pipeline_VITIS_LOOP_318_4_fu_200/mac_muladd_14s_10ns_24s_25_4_1_U62/design_1_v_demosaic_1_0_mac_muladd_14s_10ns_24s_25_4_1_DSP48_0_U/p_reg_reg/C[47:0] is not pipelined. Pipelining DSP48 input will improve performance.
Related violations: <none>

DPIP-2#30 Warning
Input pipelining  
DSP design_1_i/v_demosaic_1/inst/Debayer_U0/DebayerG_U0/grp_DebayerG_Pipeline_VITIS_LOOP_318_4_fu_200/mac_muladd_14s_10ns_24s_25_4_1_U63/design_1_v_demosaic_1_0_mac_muladd_14s_10ns_24s_25_4_1_DSP48_0_U/p_reg_reg input design_1_i/v_demosaic_1/inst/Debayer_U0/DebayerG_U0/grp_DebayerG_Pipeline_VITIS_LOOP_318_4_fu_200/mac_muladd_14s_10ns_24s_25_4_1_U63/design_1_v_demosaic_1_0_mac_muladd_14s_10ns_24s_25_4_1_DSP48_0_U/p_reg_reg/C[47:0] is not pipelined. Pipelining DSP48 input will improve performance.
Related violations: <none>

DPOP-3#1 Warning
PREG Output pipelining  
DSP design_1_i/isp_placeholder_0/inst/resize_1_16_1080_1920_540_960_1_false_2_2_2_2_U0/grp_resizeNNBilinear_16_1080_1920_1_false_2_2_540_960_1_2_s_fu_16/grp_resizeNNBilinear_Pipeline_VITIS_LOOP_404_4_VITIS_LOOP_411_5_fu_102/grp_scaleCompute_17_42_20_48_16_1_s_fu_461/mul_48ns_42s_74_1_1_U102/tmp_product output design_1_i/isp_placeholder_0/inst/resize_1_16_1080_1920_540_960_1_false_2_2_2_2_U0/grp_resizeNNBilinear_16_1080_1920_1_false_2_2_540_960_1_2_s_fu_16/grp_resizeNNBilinear_Pipeline_VITIS_LOOP_404_4_VITIS_LOOP_411_5_fu_102/grp_scaleCompute_17_42_20_48_16_1_s_fu_461/mul_48ns_42s_74_1_1_U102/tmp_product/P[47:0] is not pipelined (PREG=0). Pipelining the DSP48 output will improve performance and often saves power so it is suggested whenever possible to fully pipeline this function.  If this DSP48 function was inferred, it is suggested to describe an additional register stage after this function.  If the DSP48 was instantiated in the design, it is suggested to set the PREG attribute to 1.
Related violations: <none>

DPOP-3#2 Warning
PREG Output pipelining  
DSP design_1_i/isp_placeholder_0/inst/resize_1_16_1080_1920_540_960_1_false_2_2_2_2_U0/grp_resizeNNBilinear_16_1080_1920_1_false_2_2_540_960_1_2_s_fu_16/grp_resizeNNBilinear_Pipeline_VITIS_LOOP_404_4_VITIS_LOOP_411_5_fu_102/grp_scaleCompute_17_42_20_48_16_1_s_fu_461/mul_48ns_42s_74_1_1_U102/tmp_product__0 output design_1_i/isp_placeholder_0/inst/resize_1_16_1080_1920_540_960_1_false_2_2_2_2_U0/grp_resizeNNBilinear_16_1080_1920_1_false_2_2_540_960_1_2_s_fu_16/grp_resizeNNBilinear_Pipeline_VITIS_LOOP_404_4_VITIS_LOOP_411_5_fu_102/grp_scaleCompute_17_42_20_48_16_1_s_fu_461/mul_48ns_42s_74_1_1_U102/tmp_product__0/P[47:0] is not pipelined (PREG=0). Pipelining the DSP48 output will improve performance and often saves power so it is suggested whenever possible to fully pipeline this function.  If this DSP48 function was inferred, it is suggested to describe an additional register stage after this function.  If the DSP48 was instantiated in the design, it is suggested to set the PREG attribute to 1.
Related violations: <none>

DPOP-3#3 Warning
PREG Output pipelining  
DSP design_1_i/isp_placeholder_0/inst/resize_1_16_1080_1920_540_960_1_false_2_2_2_2_U0/grp_resizeNNBilinear_16_1080_1920_1_false_2_2_540_960_1_2_s_fu_16/grp_resizeNNBilinear_Pipeline_VITIS_LOOP_404_4_VITIS_LOOP_411_5_fu_102/grp_scaleCompute_17_42_20_48_16_1_s_fu_461/mul_48ns_42s_74_1_1_U102/tmp_product__1 output design_1_i/isp_placeholder_0/inst/resize_1_16_1080_1920_540_960_1_false_2_2_2_2_U0/grp_resizeNNBilinear_16_1080_1920_1_false_2_2_540_960_1_2_s_fu_16/grp_resizeNNBilinear_Pipeline_VITIS_LOOP_404_4_VITIS_LOOP_411_5_fu_102/grp_scaleCompute_17_42_20_48_16_1_s_fu_461/mul_48ns_42s_74_1_1_U102/tmp_product__1/P[47:0] is not pipelined (PREG=0). Pipelining the DSP48 output will improve performance and often saves power so it is suggested whenever possible to fully pipeline this function.  If this DSP48 function was inferred, it is suggested to describe an additional register stage after this function.  If the DSP48 was instantiated in the design, it is suggested to set the PREG attribute to 1.
Related violations: <none>

DPOP-3#4 Warning
PREG Output pipelining  
DSP design_1_i/isp_placeholder_0/inst/resize_1_16_1080_1920_540_960_1_false_2_2_2_2_U0/grp_resizeNNBilinear_16_1080_1920_1_false_2_2_540_960_1_2_s_fu_16/grp_resizeNNBilinear_Pipeline_VITIS_LOOP_404_4_VITIS_LOOP_411_5_fu_102/grp_scaleCompute_17_42_20_48_16_1_s_fu_461/mul_48ns_42s_74_1_1_U102/tmp_product__2 output design_1_i/isp_placeholder_0/inst/resize_1_16_1080_1920_540_960_1_false_2_2_2_2_U0/grp_resizeNNBilinear_16_1080_1920_1_false_2_2_540_960_1_2_s_fu_16/grp_resizeNNBilinear_Pipeline_VITIS_LOOP_404_4_VITIS_LOOP_411_5_fu_102/grp_scaleCompute_17_42_20_48_16_1_s_fu_461/mul_48ns_42s_74_1_1_U102/tmp_product__2/P[47:0] is not pipelined (PREG=0). Pipelining the DSP48 output will improve performance and often saves power so it is suggested whenever possible to fully pipeline this function.  If this DSP48 function was inferred, it is suggested to describe an additional register stage after this function.  If the DSP48 was instantiated in the design, it is suggested to set the PREG attribute to 1.
Related violations: <none>

DPOP-3#5 Warning
PREG Output pipelining  
DSP design_1_i/isp_placeholder_0/inst/resize_1_16_1080_1920_540_960_1_false_2_2_2_2_U0/grp_resizeNNBilinear_16_1080_1920_1_false_2_2_540_960_1_2_s_fu_16/grp_resizeNNBilinear_Pipeline_VITIS_LOOP_404_4_VITIS_LOOP_411_5_fu_102/grp_scaleCompute_17_42_20_48_16_1_s_fu_461/mul_48ns_42s_74_1_1_U102/tmp_product__3 output design_1_i/isp_placeholder_0/inst/resize_1_16_1080_1920_540_960_1_false_2_2_2_2_U0/grp_resizeNNBilinear_16_1080_1920_1_false_2_2_540_960_1_2_s_fu_16/grp_resizeNNBilinear_Pipeline_VITIS_LOOP_404_4_VITIS_LOOP_411_5_fu_102/grp_scaleCompute_17_42_20_48_16_1_s_fu_461/mul_48ns_42s_74_1_1_U102/tmp_product__3/P[47:0] is not pipelined (PREG=0). Pipelining the DSP48 output will improve performance and often saves power so it is suggested whenever possible to fully pipeline this function.  If this DSP48 function was inferred, it is suggested to describe an additional register stage after this function.  If the DSP48 was instantiated in the design, it is suggested to set the PREG attribute to 1.
Related violations: <none>

DPOP-3#6 Warning
PREG Output pipelining  
DSP design_1_i/isp_placeholder_0/inst/resize_1_16_1080_1920_540_960_1_false_2_2_2_2_U0/grp_resizeNNBilinear_16_1080_1920_1_false_2_2_540_960_1_2_s_fu_16/grp_resizeNNBilinear_Pipeline_VITIS_LOOP_404_4_VITIS_LOOP_411_5_fu_102/grp_scaleCompute_17_42_20_48_16_1_s_fu_461/mul_48ns_42s_74_1_1_U102/tmp_product__4 output design_1_i/isp_placeholder_0/inst/resize_1_16_1080_1920_540_960_1_false_2_2_2_2_U0/grp_resizeNNBilinear_16_1080_1920_1_false_2_2_540_960_1_2_s_fu_16/grp_resizeNNBilinear_Pipeline_VITIS_LOOP_404_4_VITIS_LOOP_411_5_fu_102/grp_scaleCompute_17_42_20_48_16_1_s_fu_461/mul_48ns_42s_74_1_1_U102/tmp_product__4/P[47:0] is not pipelined (PREG=0). Pipelining the DSP48 output will improve performance and often saves power so it is suggested whenever possible to fully pipeline this function.  If this DSP48 function was inferred, it is suggested to describe an additional register stage after this function.  If the DSP48 was instantiated in the design, it is suggested to set the PREG attribute to 1.
Related violations: <none>

DPOP-3#7 Warning
PREG Output pipelining  
DSP design_1_i/isp_placeholder_0/inst/resize_1_16_1080_1920_540_960_1_false_2_2_2_U0/grp_resizeNNBilinear_16_1080_1920_1_false_2_2_540_960_1_2_s_fu_16/grp_resizeNNBilinear_Pipeline_VITIS_LOOP_404_4_VITIS_LOOP_411_5_fu_102/grp_scaleCompute_17_42_20_48_16_1_s_fu_461/mul_48ns_42s_74_1_1_U102/tmp_product output design_1_i/isp_placeholder_0/inst/resize_1_16_1080_1920_540_960_1_false_2_2_2_U0/grp_resizeNNBilinear_16_1080_1920_1_false_2_2_540_960_1_2_s_fu_16/grp_resizeNNBilinear_Pipeline_VITIS_LOOP_404_4_VITIS_LOOP_411_5_fu_102/grp_scaleCompute_17_42_20_48_16_1_s_fu_461/mul_48ns_42s_74_1_1_U102/tmp_product/P[47:0] is not pipelined (PREG=0). Pipelining the DSP48 output will improve performance and often saves power so it is suggested whenever possible to fully pipeline this function.  If this DSP48 function was inferred, it is suggested to describe an additional register stage after this function.  If the DSP48 was instantiated in the design, it is suggested to set the PREG attribute to 1.
Related violations: <none>

DPOP-3#8 Warning
PREG Output pipelining  
DSP design_1_i/isp_placeholder_0/inst/resize_1_16_1080_1920_540_960_1_false_2_2_2_U0/grp_resizeNNBilinear_16_1080_1920_1_false_2_2_540_960_1_2_s_fu_16/grp_resizeNNBilinear_Pipeline_VITIS_LOOP_404_4_VITIS_LOOP_411_5_fu_102/grp_scaleCompute_17_42_20_48_16_1_s_fu_461/mul_48ns_42s_74_1_1_U102/tmp_product__0 output design_1_i/isp_placeholder_0/inst/resize_1_16_1080_1920_540_960_1_false_2_2_2_U0/grp_resizeNNBilinear_16_1080_1920_1_false_2_2_540_960_1_2_s_fu_16/grp_resizeNNBilinear_Pipeline_VITIS_LOOP_404_4_VITIS_LOOP_411_5_fu_102/grp_scaleCompute_17_42_20_48_16_1_s_fu_461/mul_48ns_42s_74_1_1_U102/tmp_product__0/P[47:0] is not pipelined (PREG=0). Pipelining the DSP48 output will improve performance and often saves power so it is suggested whenever possible to fully pipeline this function.  If this DSP48 function was inferred, it is suggested to describe an additional register stage after this function.  If the DSP48 was instantiated in the design, it is suggested to set the PREG attribute to 1.
Related violations: <none>

DPOP-3#9 Warning
PREG Output pipelining  
DSP design_1_i/isp_placeholder_0/inst/resize_1_16_1080_1920_540_960_1_false_2_2_2_U0/grp_resizeNNBilinear_16_1080_1920_1_false_2_2_540_960_1_2_s_fu_16/grp_resizeNNBilinear_Pipeline_VITIS_LOOP_404_4_VITIS_LOOP_411_5_fu_102/grp_scaleCompute_17_42_20_48_16_1_s_fu_461/mul_48ns_42s_74_1_1_U102/tmp_product__1 output design_1_i/isp_placeholder_0/inst/resize_1_16_1080_1920_540_960_1_false_2_2_2_U0/grp_resizeNNBilinear_16_1080_1920_1_false_2_2_540_960_1_2_s_fu_16/grp_resizeNNBilinear_Pipeline_VITIS_LOOP_404_4_VITIS_LOOP_411_5_fu_102/grp_scaleCompute_17_42_20_48_16_1_s_fu_461/mul_48ns_42s_74_1_1_U102/tmp_product__1/P[47:0] is not pipelined (PREG=0). Pipelining the DSP48 output will improve performance and often saves power so it is suggested whenever possible to fully pipeline this function.  If this DSP48 function was inferred, it is suggested to describe an additional register stage after this function.  If the DSP48 was instantiated in the design, it is suggested to set the PREG attribute to 1.
Related violations: <none>

DPOP-3#10 Warning
PREG Output pipelining  
DSP design_1_i/isp_placeholder_0/inst/resize_1_16_1080_1920_540_960_1_false_2_2_2_U0/grp_resizeNNBilinear_16_1080_1920_1_false_2_2_540_960_1_2_s_fu_16/grp_resizeNNBilinear_Pipeline_VITIS_LOOP_404_4_VITIS_LOOP_411_5_fu_102/grp_scaleCompute_17_42_20_48_16_1_s_fu_461/mul_48ns_42s_74_1_1_U102/tmp_product__2 output design_1_i/isp_placeholder_0/inst/resize_1_16_1080_1920_540_960_1_false_2_2_2_U0/grp_resizeNNBilinear_16_1080_1920_1_false_2_2_540_960_1_2_s_fu_16/grp_resizeNNBilinear_Pipeline_VITIS_LOOP_404_4_VITIS_LOOP_411_5_fu_102/grp_scaleCompute_17_42_20_48_16_1_s_fu_461/mul_48ns_42s_74_1_1_U102/tmp_product__2/P[47:0] is not pipelined (PREG=0). Pipelining the DSP48 output will improve performance and often saves power so it is suggested whenever possible to fully pipeline this function.  If this DSP48 function was inferred, it is suggested to describe an additional register stage after this function.  If the DSP48 was instantiated in the design, it is suggested to set the PREG attribute to 1.
Related violations: <none>

DPOP-3#11 Warning
PREG Output pipelining  
DSP design_1_i/isp_placeholder_0/inst/resize_1_16_1080_1920_540_960_1_false_2_2_2_U0/grp_resizeNNBilinear_16_1080_1920_1_false_2_2_540_960_1_2_s_fu_16/grp_resizeNNBilinear_Pipeline_VITIS_LOOP_404_4_VITIS_LOOP_411_5_fu_102/grp_scaleCompute_17_42_20_48_16_1_s_fu_461/mul_48ns_42s_74_1_1_U102/tmp_product__3 output design_1_i/isp_placeholder_0/inst/resize_1_16_1080_1920_540_960_1_false_2_2_2_U0/grp_resizeNNBilinear_16_1080_1920_1_false_2_2_540_960_1_2_s_fu_16/grp_resizeNNBilinear_Pipeline_VITIS_LOOP_404_4_VITIS_LOOP_411_5_fu_102/grp_scaleCompute_17_42_20_48_16_1_s_fu_461/mul_48ns_42s_74_1_1_U102/tmp_product__3/P[47:0] is not pipelined (PREG=0). Pipelining the DSP48 output will improve performance and often saves power so it is suggested whenever possible to fully pipeline this function.  If this DSP48 function was inferred, it is suggested to describe an additional register stage after this function.  If the DSP48 was instantiated in the design, it is suggested to set the PREG attribute to 1.
Related violations: <none>

DPOP-3#12 Warning
PREG Output pipelining  
DSP design_1_i/isp_placeholder_0/inst/resize_1_16_1080_1920_540_960_1_false_2_2_2_U0/grp_resizeNNBilinear_16_1080_1920_1_false_2_2_540_960_1_2_s_fu_16/grp_resizeNNBilinear_Pipeline_VITIS_LOOP_404_4_VITIS_LOOP_411_5_fu_102/grp_scaleCompute_17_42_20_48_16_1_s_fu_461/mul_48ns_42s_74_1_1_U102/tmp_product__4 output design_1_i/isp_placeholder_0/inst/resize_1_16_1080_1920_540_960_1_false_2_2_2_U0/grp_resizeNNBilinear_16_1080_1920_1_false_2_2_540_960_1_2_s_fu_16/grp_resizeNNBilinear_Pipeline_VITIS_LOOP_404_4_VITIS_LOOP_411_5_fu_102/grp_scaleCompute_17_42_20_48_16_1_s_fu_461/mul_48ns_42s_74_1_1_U102/tmp_product__4/P[47:0] is not pipelined (PREG=0). Pipelining the DSP48 output will improve performance and often saves power so it is suggested whenever possible to fully pipeline this function.  If this DSP48 function was inferred, it is suggested to describe an additional register stage after this function.  If the DSP48 was instantiated in the design, it is suggested to set the PREG attribute to 1.
Related violations: <none>

DPOP-3#13 Warning
PREG Output pipelining  
DSP design_1_i/v_demosaic_0/inst/Debayer_U0/DebayerG_U0/grp_DebayerG_Pipeline_VITIS_LOOP_318_4_fu_200/mul_14s_10ns_24_1_1_U60/tmp_product output design_1_i/v_demosaic_0/inst/Debayer_U0/DebayerG_U0/grp_DebayerG_Pipeline_VITIS_LOOP_318_4_fu_200/mul_14s_10ns_24_1_1_U60/tmp_product/P[47:0] is not pipelined (PREG=0). Pipelining the DSP48 output will improve performance and often saves power so it is suggested whenever possible to fully pipeline this function.  If this DSP48 function was inferred, it is suggested to describe an additional register stage after this function.  If the DSP48 was instantiated in the design, it is suggested to set the PREG attribute to 1.
Related violations: <none>

DPOP-3#14 Warning
PREG Output pipelining  
DSP design_1_i/v_demosaic_0/inst/Debayer_U0/DebayerG_U0/grp_DebayerG_Pipeline_VITIS_LOOP_318_4_fu_200/mul_14s_10ns_24_1_1_U61/tmp_product output design_1_i/v_demosaic_0/inst/Debayer_U0/DebayerG_U0/grp_DebayerG_Pipeline_VITIS_LOOP_318_4_fu_200/mul_14s_10ns_24_1_1_U61/tmp_product/P[47:0] is not pipelined (PREG=0). Pipelining the DSP48 output will improve performance and often saves power so it is suggested whenever possible to fully pipeline this function.  If this DSP48 function was inferred, it is suggested to describe an additional register stage after this function.  If the DSP48 was instantiated in the design, it is suggested to set the PREG attribute to 1.
Related violations: <none>

DPOP-3#15 Warning
PREG Output pipelining  
DSP design_1_i/v_demosaic_1/inst/Debayer_U0/DebayerG_U0/grp_DebayerG_Pipeline_VITIS_LOOP_318_4_fu_200/mul_14s_10ns_24_1_1_U60/tmp_product output design_1_i/v_demosaic_1/inst/Debayer_U0/DebayerG_U0/grp_DebayerG_Pipeline_VITIS_LOOP_318_4_fu_200/mul_14s_10ns_24_1_1_U60/tmp_product/P[47:0] is not pipelined (PREG=0). Pipelining the DSP48 output will improve performance and often saves power so it is suggested whenever possible to fully pipeline this function.  If this DSP48 function was inferred, it is suggested to describe an additional register stage after this function.  If the DSP48 was instantiated in the design, it is suggested to set the PREG attribute to 1.
Related violations: <none>

DPOP-3#16 Warning
PREG Output pipelining  
DSP design_1_i/v_demosaic_1/inst/Debayer_U0/DebayerG_U0/grp_DebayerG_Pipeline_VITIS_LOOP_318_4_fu_200/mul_14s_10ns_24_1_1_U61/tmp_product output design_1_i/v_demosaic_1/inst/Debayer_U0/DebayerG_U0/grp_DebayerG_Pipeline_VITIS_LOOP_318_4_fu_200/mul_14s_10ns_24_1_1_U61/tmp_product/P[47:0] is not pipelined (PREG=0). Pipelining the DSP48 output will improve performance and often saves power so it is suggested whenever possible to fully pipeline this function.  If this DSP48 function was inferred, it is suggested to describe an additional register stage after this function.  If the DSP48 was instantiated in the design, it is suggested to set the PREG attribute to 1.
Related violations: <none>

DPOP-4#1 Warning
MREG Output pipelining  
DSP design_1_i/isp_placeholder_0/inst/resize_1_16_1080_1920_540_960_1_false_2_2_2_2_U0/grp_resizeNNBilinear_16_1080_1920_1_false_2_2_540_960_1_2_s_fu_16/grp_resizeNNBilinear_Pipeline_VITIS_LOOP_404_4_VITIS_LOOP_411_5_fu_102/Wxy_reg_1939_reg multiplier stage design_1_i/isp_placeholder_0/inst/resize_1_16_1080_1920_540_960_1_false_2_2_2_2_U0/grp_resizeNNBilinear_16_1080_1920_1_false_2_2_540_960_1_2_s_fu_16/grp_resizeNNBilinear_Pipeline_VITIS_LOOP_404_4_VITIS_LOOP_411_5_fu_102/Wxy_reg_1939_reg/P[47:0] is not pipelined (MREG=0). Pipelining the multiplier function will improve performance and will save significant power so it is suggested whenever possible to fully pipeline this function.  If this multiplier was inferred, it is suggested to describe an additional register stage after this function.  If there is no registered adder/accumulator following the multiply function, two pipeline stages are suggested to allow both the MREG and PREG registers to be used.  If the DSP48 was instantiated in the design, it is suggested to set both the MREG and PREG attributes to 1 when performing multiply functions.
Related violations: <none>

DPOP-4#2 Warning
MREG Output pipelining  
DSP design_1_i/isp_placeholder_0/inst/resize_1_16_1080_1920_540_960_1_false_2_2_2_2_U0/grp_resizeNNBilinear_16_1080_1920_1_false_2_2_540_960_1_2_s_fu_16/grp_resizeNNBilinear_Pipeline_VITIS_LOOP_404_4_VITIS_LOOP_411_5_fu_102/grp_scaleCompute_17_42_20_48_16_1_s_fu_461/mul_48ns_42s_74_1_1_U102/tmp_product multiplier stage design_1_i/isp_placeholder_0/inst/resize_1_16_1080_1920_540_960_1_false_2_2_2_2_U0/grp_resizeNNBilinear_16_1080_1920_1_false_2_2_540_960_1_2_s_fu_16/grp_resizeNNBilinear_Pipeline_VITIS_LOOP_404_4_VITIS_LOOP_411_5_fu_102/grp_scaleCompute_17_42_20_48_16_1_s_fu_461/mul_48ns_42s_74_1_1_U102/tmp_product/P[47:0] is not pipelined (MREG=0). Pipelining the multiplier function will improve performance and will save significant power so it is suggested whenever possible to fully pipeline this function.  If this multiplier was inferred, it is suggested to describe an additional register stage after this function.  If there is no registered adder/accumulator following the multiply function, two pipeline stages are suggested to allow both the MREG and PREG registers to be used.  If the DSP48 was instantiated in the design, it is suggested to set both the MREG and PREG attributes to 1 when performing multiply functions.
Related violations: <none>

DPOP-4#3 Warning
MREG Output pipelining  
DSP design_1_i/isp_placeholder_0/inst/resize_1_16_1080_1920_540_960_1_false_2_2_2_2_U0/grp_resizeNNBilinear_16_1080_1920_1_false_2_2_540_960_1_2_s_fu_16/grp_resizeNNBilinear_Pipeline_VITIS_LOOP_404_4_VITIS_LOOP_411_5_fu_102/grp_scaleCompute_17_42_20_48_16_1_s_fu_461/mul_48ns_42s_74_1_1_U102/tmp_product__0 multiplier stage design_1_i/isp_placeholder_0/inst/resize_1_16_1080_1920_540_960_1_false_2_2_2_2_U0/grp_resizeNNBilinear_16_1080_1920_1_false_2_2_540_960_1_2_s_fu_16/grp_resizeNNBilinear_Pipeline_VITIS_LOOP_404_4_VITIS_LOOP_411_5_fu_102/grp_scaleCompute_17_42_20_48_16_1_s_fu_461/mul_48ns_42s_74_1_1_U102/tmp_product__0/P[47:0] is not pipelined (MREG=0). Pipelining the multiplier function will improve performance and will save significant power so it is suggested whenever possible to fully pipeline this function.  If this multiplier was inferred, it is suggested to describe an additional register stage after this function.  If there is no registered adder/accumulator following the multiply function, two pipeline stages are suggested to allow both the MREG and PREG registers to be used.  If the DSP48 was instantiated in the design, it is suggested to set both the MREG and PREG attributes to 1 when performing multiply functions.
Related violations: <none>

DPOP-4#4 Warning
MREG Output pipelining  
DSP design_1_i/isp_placeholder_0/inst/resize_1_16_1080_1920_540_960_1_false_2_2_2_2_U0/grp_resizeNNBilinear_16_1080_1920_1_false_2_2_540_960_1_2_s_fu_16/grp_resizeNNBilinear_Pipeline_VITIS_LOOP_404_4_VITIS_LOOP_411_5_fu_102/grp_scaleCompute_17_42_20_48_16_1_s_fu_461/mul_48ns_42s_74_1_1_U102/tmp_product__1 multiplier stage design_1_i/isp_placeholder_0/inst/resize_1_16_1080_1920_540_960_1_false_2_2_2_2_U0/grp_resizeNNBilinear_16_1080_1920_1_false_2_2_540_960_1_2_s_fu_16/grp_resizeNNBilinear_Pipeline_VITIS_LOOP_404_4_VITIS_LOOP_411_5_fu_102/grp_scaleCompute_17_42_20_48_16_1_s_fu_461/mul_48ns_42s_74_1_1_U102/tmp_product__1/P[47:0] is not pipelined (MREG=0). Pipelining the multiplier function will improve performance and will save significant power so it is suggested whenever possible to fully pipeline this function.  If this multiplier was inferred, it is suggested to describe an additional register stage after this function.  If there is no registered adder/accumulator following the multiply function, two pipeline stages are suggested to allow both the MREG and PREG registers to be used.  If the DSP48 was instantiated in the design, it is suggested to set both the MREG and PREG attributes to 1 when performing multiply functions.
Related violations: <none>

DPOP-4#5 Warning
MREG Output pipelining  
DSP design_1_i/isp_placeholder_0/inst/resize_1_16_1080_1920_540_960_1_false_2_2_2_2_U0/grp_resizeNNBilinear_16_1080_1920_1_false_2_2_540_960_1_2_s_fu_16/grp_resizeNNBilinear_Pipeline_VITIS_LOOP_404_4_VITIS_LOOP_411_5_fu_102/grp_scaleCompute_17_42_20_48_16_1_s_fu_461/mul_48ns_42s_74_1_1_U102/tmp_product__2 multiplier stage design_1_i/isp_placeholder_0/inst/resize_1_16_1080_1920_540_960_1_false_2_2_2_2_U0/grp_resizeNNBilinear_16_1080_1920_1_false_2_2_540_960_1_2_s_fu_16/grp_resizeNNBilinear_Pipeline_VITIS_LOOP_404_4_VITIS_LOOP_411_5_fu_102/grp_scaleCompute_17_42_20_48_16_1_s_fu_461/mul_48ns_42s_74_1_1_U102/tmp_product__2/P[47:0] is not pipelined (MREG=0). Pipelining the multiplier function will improve performance and will save significant power so it is suggested whenever possible to fully pipeline this function.  If this multiplier was inferred, it is suggested to describe an additional register stage after this function.  If there is no registered adder/accumulator following the multiply function, two pipeline stages are suggested to allow both the MREG and PREG registers to be used.  If the DSP48 was instantiated in the design, it is suggested to set both the MREG and PREG attributes to 1 when performing multiply functions.
Related violations: <none>

DPOP-4#6 Warning
MREG Output pipelining  
DSP design_1_i/isp_placeholder_0/inst/resize_1_16_1080_1920_540_960_1_false_2_2_2_2_U0/grp_resizeNNBilinear_16_1080_1920_1_false_2_2_540_960_1_2_s_fu_16/grp_resizeNNBilinear_Pipeline_VITIS_LOOP_404_4_VITIS_LOOP_411_5_fu_102/grp_scaleCompute_17_42_20_48_16_1_s_fu_461/mul_48ns_42s_74_1_1_U102/tmp_product__3 multiplier stage design_1_i/isp_placeholder_0/inst/resize_1_16_1080_1920_540_960_1_false_2_2_2_2_U0/grp_resizeNNBilinear_16_1080_1920_1_false_2_2_540_960_1_2_s_fu_16/grp_resizeNNBilinear_Pipeline_VITIS_LOOP_404_4_VITIS_LOOP_411_5_fu_102/grp_scaleCompute_17_42_20_48_16_1_s_fu_461/mul_48ns_42s_74_1_1_U102/tmp_product__3/P[47:0] is not pipelined (MREG=0). Pipelining the multiplier function will improve performance and will save significant power so it is suggested whenever possible to fully pipeline this function.  If this multiplier was inferred, it is suggested to describe an additional register stage after this function.  If there is no registered adder/accumulator following the multiply function, two pipeline stages are suggested to allow both the MREG and PREG registers to be used.  If the DSP48 was instantiated in the design, it is suggested to set both the MREG and PREG attributes to 1 when performing multiply functions.
Related violations: <none>

DPOP-4#7 Warning
MREG Output pipelining  
DSP design_1_i/isp_placeholder_0/inst/resize_1_16_1080_1920_540_960_1_false_2_2_2_2_U0/grp_resizeNNBilinear_16_1080_1920_1_false_2_2_540_960_1_2_s_fu_16/grp_resizeNNBilinear_Pipeline_VITIS_LOOP_404_4_VITIS_LOOP_411_5_fu_102/grp_scaleCompute_17_42_20_48_16_1_s_fu_461/mul_48ns_42s_74_1_1_U102/tmp_product__4 multiplier stage design_1_i/isp_placeholder_0/inst/resize_1_16_1080_1920_540_960_1_false_2_2_2_2_U0/grp_resizeNNBilinear_16_1080_1920_1_false_2_2_540_960_1_2_s_fu_16/grp_resizeNNBilinear_Pipeline_VITIS_LOOP_404_4_VITIS_LOOP_411_5_fu_102/grp_scaleCompute_17_42_20_48_16_1_s_fu_461/mul_48ns_42s_74_1_1_U102/tmp_product__4/P[47:0] is not pipelined (MREG=0). Pipelining the multiplier function will improve performance and will save significant power so it is suggested whenever possible to fully pipeline this function.  If this multiplier was inferred, it is suggested to describe an additional register stage after this function.  If there is no registered adder/accumulator following the multiply function, two pipeline stages are suggested to allow both the MREG and PREG registers to be used.  If the DSP48 was instantiated in the design, it is suggested to set both the MREG and PREG attributes to 1 when performing multiply functions.
Related violations: <none>

DPOP-4#8 Warning
MREG Output pipelining  
DSP design_1_i/isp_placeholder_0/inst/resize_1_16_1080_1920_540_960_1_false_2_2_2_U0/grp_resizeNNBilinear_16_1080_1920_1_false_2_2_540_960_1_2_s_fu_16/grp_resizeNNBilinear_Pipeline_VITIS_LOOP_404_4_VITIS_LOOP_411_5_fu_102/Wxy_reg_1939_reg multiplier stage design_1_i/isp_placeholder_0/inst/resize_1_16_1080_1920_540_960_1_false_2_2_2_U0/grp_resizeNNBilinear_16_1080_1920_1_false_2_2_540_960_1_2_s_fu_16/grp_resizeNNBilinear_Pipeline_VITIS_LOOP_404_4_VITIS_LOOP_411_5_fu_102/Wxy_reg_1939_reg/P[47:0] is not pipelined (MREG=0). Pipelining the multiplier function will improve performance and will save significant power so it is suggested whenever possible to fully pipeline this function.  If this multiplier was inferred, it is suggested to describe an additional register stage after this function.  If there is no registered adder/accumulator following the multiply function, two pipeline stages are suggested to allow both the MREG and PREG registers to be used.  If the DSP48 was instantiated in the design, it is suggested to set both the MREG and PREG attributes to 1 when performing multiply functions.
Related violations: <none>

DPOP-4#9 Warning
MREG Output pipelining  
DSP design_1_i/isp_placeholder_0/inst/resize_1_16_1080_1920_540_960_1_false_2_2_2_U0/grp_resizeNNBilinear_16_1080_1920_1_false_2_2_540_960_1_2_s_fu_16/grp_resizeNNBilinear_Pipeline_VITIS_LOOP_404_4_VITIS_LOOP_411_5_fu_102/grp_scaleCompute_17_42_20_48_16_1_s_fu_461/mul_48ns_42s_74_1_1_U102/tmp_product multiplier stage design_1_i/isp_placeholder_0/inst/resize_1_16_1080_1920_540_960_1_false_2_2_2_U0/grp_resizeNNBilinear_16_1080_1920_1_false_2_2_540_960_1_2_s_fu_16/grp_resizeNNBilinear_Pipeline_VITIS_LOOP_404_4_VITIS_LOOP_411_5_fu_102/grp_scaleCompute_17_42_20_48_16_1_s_fu_461/mul_48ns_42s_74_1_1_U102/tmp_product/P[47:0] is not pipelined (MREG=0). Pipelining the multiplier function will improve performance and will save significant power so it is suggested whenever possible to fully pipeline this function.  If this multiplier was inferred, it is suggested to describe an additional register stage after this function.  If there is no registered adder/accumulator following the multiply function, two pipeline stages are suggested to allow both the MREG and PREG registers to be used.  If the DSP48 was instantiated in the design, it is suggested to set both the MREG and PREG attributes to 1 when performing multiply functions.
Related violations: <none>

DPOP-4#10 Warning
MREG Output pipelining  
DSP design_1_i/isp_placeholder_0/inst/resize_1_16_1080_1920_540_960_1_false_2_2_2_U0/grp_resizeNNBilinear_16_1080_1920_1_false_2_2_540_960_1_2_s_fu_16/grp_resizeNNBilinear_Pipeline_VITIS_LOOP_404_4_VITIS_LOOP_411_5_fu_102/grp_scaleCompute_17_42_20_48_16_1_s_fu_461/mul_48ns_42s_74_1_1_U102/tmp_product__0 multiplier stage design_1_i/isp_placeholder_0/inst/resize_1_16_1080_1920_540_960_1_false_2_2_2_U0/grp_resizeNNBilinear_16_1080_1920_1_false_2_2_540_960_1_2_s_fu_16/grp_resizeNNBilinear_Pipeline_VITIS_LOOP_404_4_VITIS_LOOP_411_5_fu_102/grp_scaleCompute_17_42_20_48_16_1_s_fu_461/mul_48ns_42s_74_1_1_U102/tmp_product__0/P[47:0] is not pipelined (MREG=0). Pipelining the multiplier function will improve performance and will save significant power so it is suggested whenever possible to fully pipeline this function.  If this multiplier was inferred, it is suggested to describe an additional register stage after this function.  If there is no registered adder/accumulator following the multiply function, two pipeline stages are suggested to allow both the MREG and PREG registers to be used.  If the DSP48 was instantiated in the design, it is suggested to set both the MREG and PREG attributes to 1 when performing multiply functions.
Related violations: <none>

DPOP-4#11 Warning
MREG Output pipelining  
DSP design_1_i/isp_placeholder_0/inst/resize_1_16_1080_1920_540_960_1_false_2_2_2_U0/grp_resizeNNBilinear_16_1080_1920_1_false_2_2_540_960_1_2_s_fu_16/grp_resizeNNBilinear_Pipeline_VITIS_LOOP_404_4_VITIS_LOOP_411_5_fu_102/grp_scaleCompute_17_42_20_48_16_1_s_fu_461/mul_48ns_42s_74_1_1_U102/tmp_product__1 multiplier stage design_1_i/isp_placeholder_0/inst/resize_1_16_1080_1920_540_960_1_false_2_2_2_U0/grp_resizeNNBilinear_16_1080_1920_1_false_2_2_540_960_1_2_s_fu_16/grp_resizeNNBilinear_Pipeline_VITIS_LOOP_404_4_VITIS_LOOP_411_5_fu_102/grp_scaleCompute_17_42_20_48_16_1_s_fu_461/mul_48ns_42s_74_1_1_U102/tmp_product__1/P[47:0] is not pipelined (MREG=0). Pipelining the multiplier function will improve performance and will save significant power so it is suggested whenever possible to fully pipeline this function.  If this multiplier was inferred, it is suggested to describe an additional register stage after this function.  If there is no registered adder/accumulator following the multiply function, two pipeline stages are suggested to allow both the MREG and PREG registers to be used.  If the DSP48 was instantiated in the design, it is suggested to set both the MREG and PREG attributes to 1 when performing multiply functions.
Related violations: <none>

DPOP-4#12 Warning
MREG Output pipelining  
DSP design_1_i/isp_placeholder_0/inst/resize_1_16_1080_1920_540_960_1_false_2_2_2_U0/grp_resizeNNBilinear_16_1080_1920_1_false_2_2_540_960_1_2_s_fu_16/grp_resizeNNBilinear_Pipeline_VITIS_LOOP_404_4_VITIS_LOOP_411_5_fu_102/grp_scaleCompute_17_42_20_48_16_1_s_fu_461/mul_48ns_42s_74_1_1_U102/tmp_product__2 multiplier stage design_1_i/isp_placeholder_0/inst/resize_1_16_1080_1920_540_960_1_false_2_2_2_U0/grp_resizeNNBilinear_16_1080_1920_1_false_2_2_540_960_1_2_s_fu_16/grp_resizeNNBilinear_Pipeline_VITIS_LOOP_404_4_VITIS_LOOP_411_5_fu_102/grp_scaleCompute_17_42_20_48_16_1_s_fu_461/mul_48ns_42s_74_1_1_U102/tmp_product__2/P[47:0] is not pipelined (MREG=0). Pipelining the multiplier function will improve performance and will save significant power so it is suggested whenever possible to fully pipeline this function.  If this multiplier was inferred, it is suggested to describe an additional register stage after this function.  If there is no registered adder/accumulator following the multiply function, two pipeline stages are suggested to allow both the MREG and PREG registers to be used.  If the DSP48 was instantiated in the design, it is suggested to set both the MREG and PREG attributes to 1 when performing multiply functions.
Related violations: <none>

DPOP-4#13 Warning
MREG Output pipelining  
DSP design_1_i/isp_placeholder_0/inst/resize_1_16_1080_1920_540_960_1_false_2_2_2_U0/grp_resizeNNBilinear_16_1080_1920_1_false_2_2_540_960_1_2_s_fu_16/grp_resizeNNBilinear_Pipeline_VITIS_LOOP_404_4_VITIS_LOOP_411_5_fu_102/grp_scaleCompute_17_42_20_48_16_1_s_fu_461/mul_48ns_42s_74_1_1_U102/tmp_product__3 multiplier stage design_1_i/isp_placeholder_0/inst/resize_1_16_1080_1920_540_960_1_false_2_2_2_U0/grp_resizeNNBilinear_16_1080_1920_1_false_2_2_540_960_1_2_s_fu_16/grp_resizeNNBilinear_Pipeline_VITIS_LOOP_404_4_VITIS_LOOP_411_5_fu_102/grp_scaleCompute_17_42_20_48_16_1_s_fu_461/mul_48ns_42s_74_1_1_U102/tmp_product__3/P[47:0] is not pipelined (MREG=0). Pipelining the multiplier function will improve performance and will save significant power so it is suggested whenever possible to fully pipeline this function.  If this multiplier was inferred, it is suggested to describe an additional register stage after this function.  If there is no registered adder/accumulator following the multiply function, two pipeline stages are suggested to allow both the MREG and PREG registers to be used.  If the DSP48 was instantiated in the design, it is suggested to set both the MREG and PREG attributes to 1 when performing multiply functions.
Related violations: <none>

DPOP-4#14 Warning
MREG Output pipelining  
DSP design_1_i/isp_placeholder_0/inst/resize_1_16_1080_1920_540_960_1_false_2_2_2_U0/grp_resizeNNBilinear_16_1080_1920_1_false_2_2_540_960_1_2_s_fu_16/grp_resizeNNBilinear_Pipeline_VITIS_LOOP_404_4_VITIS_LOOP_411_5_fu_102/grp_scaleCompute_17_42_20_48_16_1_s_fu_461/mul_48ns_42s_74_1_1_U102/tmp_product__4 multiplier stage design_1_i/isp_placeholder_0/inst/resize_1_16_1080_1920_540_960_1_false_2_2_2_U0/grp_resizeNNBilinear_16_1080_1920_1_false_2_2_540_960_1_2_s_fu_16/grp_resizeNNBilinear_Pipeline_VITIS_LOOP_404_4_VITIS_LOOP_411_5_fu_102/grp_scaleCompute_17_42_20_48_16_1_s_fu_461/mul_48ns_42s_74_1_1_U102/tmp_product__4/P[47:0] is not pipelined (MREG=0). Pipelining the multiplier function will improve performance and will save significant power so it is suggested whenever possible to fully pipeline this function.  If this multiplier was inferred, it is suggested to describe an additional register stage after this function.  If there is no registered adder/accumulator following the multiply function, two pipeline stages are suggested to allow both the MREG and PREG registers to be used.  If the DSP48 was instantiated in the design, it is suggested to set both the MREG and PREG attributes to 1 when performing multiply functions.
Related violations: <none>

DPOP-4#15 Warning
MREG Output pipelining  
DSP design_1_i/stitcher_0/inst/Block_entry_img_in0_data_rd_img_out_data_wr_proc_U0/grp_proj_align_fu_68/remap_10_1_16_8_16_540_960_1_false_2_2_2_2_2_U0/grp_xFRemapLI_16_16_3_8_10_540_960_1_2_2_2_2_false_s_fu_20/xFRemapLI_Loop_loop_height_proc_U0/grp_xFRemapLI_Loop_loop_height_proc_Pipeline_loop_width_fu_54/mac_muladd_10ns_8ns_18ns_18_4_1_U123/stitcher_mac_muladd_10ns_8ns_18ns_18_4_1_DSP48_0_U/p_reg_reg multiplier stage design_1_i/stitcher_0/inst/Block_entry_img_in0_data_rd_img_out_data_wr_proc_U0/grp_proj_align_fu_68/remap_10_1_16_8_16_540_960_1_false_2_2_2_2_2_U0/grp_xFRemapLI_16_16_3_8_10_540_960_1_2_2_2_2_false_s_fu_20/xFRemapLI_Loop_loop_height_proc_U0/grp_xFRemapLI_Loop_loop_height_proc_Pipeline_loop_width_fu_54/mac_muladd_10ns_8ns_18ns_18_4_1_U123/stitcher_mac_muladd_10ns_8ns_18ns_18_4_1_DSP48_0_U/p_reg_reg/P[47:0] is not pipelined (MREG=0). Pipelining the multiplier function will improve performance and will save significant power so it is suggested whenever possible to fully pipeline this function.  If this multiplier was inferred, it is suggested to describe an additional register stage after this function.  If there is no registered adder/accumulator following the multiply function, two pipeline stages are suggested to allow both the MREG and PREG registers to be used.  If the DSP48 was instantiated in the design, it is suggested to set both the MREG and PREG attributes to 1 when performing multiply functions.
Related violations: <none>

DPOP-4#16 Warning
MREG Output pipelining  
DSP design_1_i/stitcher_0/inst/Block_entry_img_in0_data_rd_img_out_data_wr_proc_U0/grp_proj_align_fu_68/remap_10_1_16_8_16_540_960_1_false_2_2_2_2_2_U0/grp_xFRemapLI_16_16_3_8_10_540_960_1_2_2_2_2_false_s_fu_20/xFRemapLI_Loop_loop_height_proc_U0/grp_xFRemapLI_Loop_loop_height_proc_Pipeline_loop_width_fu_54/mac_muladd_10ns_8ns_18ns_18_4_1_U125/stitcher_mac_muladd_10ns_8ns_18ns_18_4_1_DSP48_0_U/p_reg_reg multiplier stage design_1_i/stitcher_0/inst/Block_entry_img_in0_data_rd_img_out_data_wr_proc_U0/grp_proj_align_fu_68/remap_10_1_16_8_16_540_960_1_false_2_2_2_2_2_U0/grp_xFRemapLI_16_16_3_8_10_540_960_1_2_2_2_2_false_s_fu_20/xFRemapLI_Loop_loop_height_proc_U0/grp_xFRemapLI_Loop_loop_height_proc_Pipeline_loop_width_fu_54/mac_muladd_10ns_8ns_18ns_18_4_1_U125/stitcher_mac_muladd_10ns_8ns_18ns_18_4_1_DSP48_0_U/p_reg_reg/P[47:0] is not pipelined (MREG=0). Pipelining the multiplier function will improve performance and will save significant power so it is suggested whenever possible to fully pipeline this function.  If this multiplier was inferred, it is suggested to describe an additional register stage after this function.  If there is no registered adder/accumulator following the multiply function, two pipeline stages are suggested to allow both the MREG and PREG registers to be used.  If the DSP48 was instantiated in the design, it is suggested to set both the MREG and PREG attributes to 1 when performing multiply functions.
Related violations: <none>

DPOP-4#17 Warning
MREG Output pipelining  
DSP design_1_i/stitcher_0/inst/Block_entry_img_in0_data_rd_img_out_data_wr_proc_U0/grp_proj_align_fu_68/remap_10_1_16_8_16_540_960_1_false_2_2_2_2_2_U0/grp_xFRemapLI_16_16_3_8_10_540_960_1_2_2_2_2_false_s_fu_20/xFRemapLI_Loop_loop_height_proc_U0/grp_xFRemapLI_Loop_loop_height_proc_Pipeline_loop_width_fu_54/mac_muladd_10ns_8ns_18ns_18_4_1_U127/stitcher_mac_muladd_10ns_8ns_18ns_18_4_1_DSP48_0_U/p_reg_reg multiplier stage design_1_i/stitcher_0/inst/Block_entry_img_in0_data_rd_img_out_data_wr_proc_U0/grp_proj_align_fu_68/remap_10_1_16_8_16_540_960_1_false_2_2_2_2_2_U0/grp_xFRemapLI_16_16_3_8_10_540_960_1_2_2_2_2_false_s_fu_20/xFRemapLI_Loop_loop_height_proc_U0/grp_xFRemapLI_Loop_loop_height_proc_Pipeline_loop_width_fu_54/mac_muladd_10ns_8ns_18ns_18_4_1_U127/stitcher_mac_muladd_10ns_8ns_18ns_18_4_1_DSP48_0_U/p_reg_reg/P[47:0] is not pipelined (MREG=0). Pipelining the multiplier function will improve performance and will save significant power so it is suggested whenever possible to fully pipeline this function.  If this multiplier was inferred, it is suggested to describe an additional register stage after this function.  If there is no registered adder/accumulator following the multiply function, two pipeline stages are suggested to allow both the MREG and PREG registers to be used.  If the DSP48 was instantiated in the design, it is suggested to set both the MREG and PREG attributes to 1 when performing multiply functions.
Related violations: <none>

DPOP-4#18 Warning
MREG Output pipelining  
DSP design_1_i/stitcher_0/inst/Block_entry_img_in0_data_rd_img_out_data_wr_proc_U0/grp_proj_align_fu_68/remap_10_1_16_8_16_540_960_1_false_2_2_2_2_2_U0/grp_xFRemapLI_16_16_3_8_10_540_960_1_2_2_2_2_false_s_fu_20/xFRemapLI_Loop_loop_height_proc_U0/grp_xFRemapLI_Loop_loop_height_proc_Pipeline_loop_width_fu_54/mac_muladd_11ns_8ns_18ns_18_4_1_U122/stitcher_mac_muladd_11ns_8ns_18ns_18_4_1_DSP48_0_U/p_reg_reg multiplier stage design_1_i/stitcher_0/inst/Block_entry_img_in0_data_rd_img_out_data_wr_proc_U0/grp_proj_align_fu_68/remap_10_1_16_8_16_540_960_1_false_2_2_2_2_2_U0/grp_xFRemapLI_16_16_3_8_10_540_960_1_2_2_2_2_false_s_fu_20/xFRemapLI_Loop_loop_height_proc_U0/grp_xFRemapLI_Loop_loop_height_proc_Pipeline_loop_width_fu_54/mac_muladd_11ns_8ns_18ns_18_4_1_U122/stitcher_mac_muladd_11ns_8ns_18ns_18_4_1_DSP48_0_U/p_reg_reg/P[47:0] is not pipelined (MREG=0). Pipelining the multiplier function will improve performance and will save significant power so it is suggested whenever possible to fully pipeline this function.  If this multiplier was inferred, it is suggested to describe an additional register stage after this function.  If there is no registered adder/accumulator following the multiply function, two pipeline stages are suggested to allow both the MREG and PREG registers to be used.  If the DSP48 was instantiated in the design, it is suggested to set both the MREG and PREG attributes to 1 when performing multiply functions.
Related violations: <none>

DPOP-4#19 Warning
MREG Output pipelining  
DSP design_1_i/stitcher_0/inst/Block_entry_img_in0_data_rd_img_out_data_wr_proc_U0/grp_proj_align_fu_68/remap_10_1_16_8_16_540_960_1_false_2_2_2_2_2_U0/grp_xFRemapLI_16_16_3_8_10_540_960_1_2_2_2_2_false_s_fu_20/xFRemapLI_Loop_loop_height_proc_U0/grp_xFRemapLI_Loop_loop_height_proc_Pipeline_loop_width_fu_54/mac_muladd_11ns_8ns_18ns_18_4_1_U124/stitcher_mac_muladd_11ns_8ns_18ns_18_4_1_DSP48_0_U/p_reg_reg multiplier stage design_1_i/stitcher_0/inst/Block_entry_img_in0_data_rd_img_out_data_wr_proc_U0/grp_proj_align_fu_68/remap_10_1_16_8_16_540_960_1_false_2_2_2_2_2_U0/grp_xFRemapLI_16_16_3_8_10_540_960_1_2_2_2_2_false_s_fu_20/xFRemapLI_Loop_loop_height_proc_U0/grp_xFRemapLI_Loop_loop_height_proc_Pipeline_loop_width_fu_54/mac_muladd_11ns_8ns_18ns_18_4_1_U124/stitcher_mac_muladd_11ns_8ns_18ns_18_4_1_DSP48_0_U/p_reg_reg/P[47:0] is not pipelined (MREG=0). Pipelining the multiplier function will improve performance and will save significant power so it is suggested whenever possible to fully pipeline this function.  If this multiplier was inferred, it is suggested to describe an additional register stage after this function.  If there is no registered adder/accumulator following the multiply function, two pipeline stages are suggested to allow both the MREG and PREG registers to be used.  If the DSP48 was instantiated in the design, it is suggested to set both the MREG and PREG attributes to 1 when performing multiply functions.
Related violations: <none>

DPOP-4#20 Warning
MREG Output pipelining  
DSP design_1_i/stitcher_0/inst/Block_entry_img_in0_data_rd_img_out_data_wr_proc_U0/grp_proj_align_fu_68/remap_10_1_16_8_16_540_960_1_false_2_2_2_2_2_U0/grp_xFRemapLI_16_16_3_8_10_540_960_1_2_2_2_2_false_s_fu_20/xFRemapLI_Loop_loop_height_proc_U0/grp_xFRemapLI_Loop_loop_height_proc_Pipeline_loop_width_fu_54/mac_muladd_11ns_8ns_18ns_18_4_1_U126/stitcher_mac_muladd_11ns_8ns_18ns_18_4_1_DSP48_0_U/p_reg_reg multiplier stage design_1_i/stitcher_0/inst/Block_entry_img_in0_data_rd_img_out_data_wr_proc_U0/grp_proj_align_fu_68/remap_10_1_16_8_16_540_960_1_false_2_2_2_2_2_U0/grp_xFRemapLI_16_16_3_8_10_540_960_1_2_2_2_2_false_s_fu_20/xFRemapLI_Loop_loop_height_proc_U0/grp_xFRemapLI_Loop_loop_height_proc_Pipeline_loop_width_fu_54/mac_muladd_11ns_8ns_18ns_18_4_1_U126/stitcher_mac_muladd_11ns_8ns_18ns_18_4_1_DSP48_0_U/p_reg_reg/P[47:0] is not pipelined (MREG=0). Pipelining the multiplier function will improve performance and will save significant power so it is suggested whenever possible to fully pipeline this function.  If this multiplier was inferred, it is suggested to describe an additional register stage after this function.  If there is no registered adder/accumulator following the multiply function, two pipeline stages are suggested to allow both the MREG and PREG registers to be used.  If the DSP48 was instantiated in the design, it is suggested to set both the MREG and PREG attributes to 1 when performing multiply functions.
Related violations: <none>

DPOP-4#21 Warning
MREG Output pipelining  
DSP design_1_i/stitcher_0/inst/Block_entry_img_in0_data_rd_img_out_data_wr_proc_U0/grp_proj_align_fu_68/remap_10_1_16_8_16_540_960_1_false_2_2_2_2_U0/grp_xFRemapLI_16_16_3_8_10_540_960_1_2_2_2_2_false_s_fu_20/xFRemapLI_Loop_loop_height_proc_U0/grp_xFRemapLI_Loop_loop_height_proc_Pipeline_loop_width_fu_54/mac_muladd_10ns_8ns_18ns_18_4_1_U123/stitcher_mac_muladd_10ns_8ns_18ns_18_4_1_DSP48_0_U/p_reg_reg multiplier stage design_1_i/stitcher_0/inst/Block_entry_img_in0_data_rd_img_out_data_wr_proc_U0/grp_proj_align_fu_68/remap_10_1_16_8_16_540_960_1_false_2_2_2_2_U0/grp_xFRemapLI_16_16_3_8_10_540_960_1_2_2_2_2_false_s_fu_20/xFRemapLI_Loop_loop_height_proc_U0/grp_xFRemapLI_Loop_loop_height_proc_Pipeline_loop_width_fu_54/mac_muladd_10ns_8ns_18ns_18_4_1_U123/stitcher_mac_muladd_10ns_8ns_18ns_18_4_1_DSP48_0_U/p_reg_reg/P[47:0] is not pipelined (MREG=0). Pipelining the multiplier function will improve performance and will save significant power so it is suggested whenever possible to fully pipeline this function.  If this multiplier was inferred, it is suggested to describe an additional register stage after this function.  If there is no registered adder/accumulator following the multiply function, two pipeline stages are suggested to allow both the MREG and PREG registers to be used.  If the DSP48 was instantiated in the design, it is suggested to set both the MREG and PREG attributes to 1 when performing multiply functions.
Related violations: <none>

DPOP-4#22 Warning
MREG Output pipelining  
DSP design_1_i/stitcher_0/inst/Block_entry_img_in0_data_rd_img_out_data_wr_proc_U0/grp_proj_align_fu_68/remap_10_1_16_8_16_540_960_1_false_2_2_2_2_U0/grp_xFRemapLI_16_16_3_8_10_540_960_1_2_2_2_2_false_s_fu_20/xFRemapLI_Loop_loop_height_proc_U0/grp_xFRemapLI_Loop_loop_height_proc_Pipeline_loop_width_fu_54/mac_muladd_10ns_8ns_18ns_18_4_1_U125/stitcher_mac_muladd_10ns_8ns_18ns_18_4_1_DSP48_0_U/p_reg_reg multiplier stage design_1_i/stitcher_0/inst/Block_entry_img_in0_data_rd_img_out_data_wr_proc_U0/grp_proj_align_fu_68/remap_10_1_16_8_16_540_960_1_false_2_2_2_2_U0/grp_xFRemapLI_16_16_3_8_10_540_960_1_2_2_2_2_false_s_fu_20/xFRemapLI_Loop_loop_height_proc_U0/grp_xFRemapLI_Loop_loop_height_proc_Pipeline_loop_width_fu_54/mac_muladd_10ns_8ns_18ns_18_4_1_U125/stitcher_mac_muladd_10ns_8ns_18ns_18_4_1_DSP48_0_U/p_reg_reg/P[47:0] is not pipelined (MREG=0). Pipelining the multiplier function will improve performance and will save significant power so it is suggested whenever possible to fully pipeline this function.  If this multiplier was inferred, it is suggested to describe an additional register stage after this function.  If there is no registered adder/accumulator following the multiply function, two pipeline stages are suggested to allow both the MREG and PREG registers to be used.  If the DSP48 was instantiated in the design, it is suggested to set both the MREG and PREG attributes to 1 when performing multiply functions.
Related violations: <none>

DPOP-4#23 Warning
MREG Output pipelining  
DSP design_1_i/stitcher_0/inst/Block_entry_img_in0_data_rd_img_out_data_wr_proc_U0/grp_proj_align_fu_68/remap_10_1_16_8_16_540_960_1_false_2_2_2_2_U0/grp_xFRemapLI_16_16_3_8_10_540_960_1_2_2_2_2_false_s_fu_20/xFRemapLI_Loop_loop_height_proc_U0/grp_xFRemapLI_Loop_loop_height_proc_Pipeline_loop_width_fu_54/mac_muladd_10ns_8ns_18ns_18_4_1_U127/stitcher_mac_muladd_10ns_8ns_18ns_18_4_1_DSP48_0_U/p_reg_reg multiplier stage design_1_i/stitcher_0/inst/Block_entry_img_in0_data_rd_img_out_data_wr_proc_U0/grp_proj_align_fu_68/remap_10_1_16_8_16_540_960_1_false_2_2_2_2_U0/grp_xFRemapLI_16_16_3_8_10_540_960_1_2_2_2_2_false_s_fu_20/xFRemapLI_Loop_loop_height_proc_U0/grp_xFRemapLI_Loop_loop_height_proc_Pipeline_loop_width_fu_54/mac_muladd_10ns_8ns_18ns_18_4_1_U127/stitcher_mac_muladd_10ns_8ns_18ns_18_4_1_DSP48_0_U/p_reg_reg/P[47:0] is not pipelined (MREG=0). Pipelining the multiplier function will improve performance and will save significant power so it is suggested whenever possible to fully pipeline this function.  If this multiplier was inferred, it is suggested to describe an additional register stage after this function.  If there is no registered adder/accumulator following the multiply function, two pipeline stages are suggested to allow both the MREG and PREG registers to be used.  If the DSP48 was instantiated in the design, it is suggested to set both the MREG and PREG attributes to 1 when performing multiply functions.
Related violations: <none>

DPOP-4#24 Warning
MREG Output pipelining  
DSP design_1_i/stitcher_0/inst/Block_entry_img_in0_data_rd_img_out_data_wr_proc_U0/grp_proj_align_fu_68/remap_10_1_16_8_16_540_960_1_false_2_2_2_2_U0/grp_xFRemapLI_16_16_3_8_10_540_960_1_2_2_2_2_false_s_fu_20/xFRemapLI_Loop_loop_height_proc_U0/grp_xFRemapLI_Loop_loop_height_proc_Pipeline_loop_width_fu_54/mac_muladd_11ns_8ns_18ns_18_4_1_U122/stitcher_mac_muladd_11ns_8ns_18ns_18_4_1_DSP48_0_U/p_reg_reg multiplier stage design_1_i/stitcher_0/inst/Block_entry_img_in0_data_rd_img_out_data_wr_proc_U0/grp_proj_align_fu_68/remap_10_1_16_8_16_540_960_1_false_2_2_2_2_U0/grp_xFRemapLI_16_16_3_8_10_540_960_1_2_2_2_2_false_s_fu_20/xFRemapLI_Loop_loop_height_proc_U0/grp_xFRemapLI_Loop_loop_height_proc_Pipeline_loop_width_fu_54/mac_muladd_11ns_8ns_18ns_18_4_1_U122/stitcher_mac_muladd_11ns_8ns_18ns_18_4_1_DSP48_0_U/p_reg_reg/P[47:0] is not pipelined (MREG=0). Pipelining the multiplier function will improve performance and will save significant power so it is suggested whenever possible to fully pipeline this function.  If this multiplier was inferred, it is suggested to describe an additional register stage after this function.  If there is no registered adder/accumulator following the multiply function, two pipeline stages are suggested to allow both the MREG and PREG registers to be used.  If the DSP48 was instantiated in the design, it is suggested to set both the MREG and PREG attributes to 1 when performing multiply functions.
Related violations: <none>

DPOP-4#25 Warning
MREG Output pipelining  
DSP design_1_i/stitcher_0/inst/Block_entry_img_in0_data_rd_img_out_data_wr_proc_U0/grp_proj_align_fu_68/remap_10_1_16_8_16_540_960_1_false_2_2_2_2_U0/grp_xFRemapLI_16_16_3_8_10_540_960_1_2_2_2_2_false_s_fu_20/xFRemapLI_Loop_loop_height_proc_U0/grp_xFRemapLI_Loop_loop_height_proc_Pipeline_loop_width_fu_54/mac_muladd_11ns_8ns_18ns_18_4_1_U124/stitcher_mac_muladd_11ns_8ns_18ns_18_4_1_DSP48_0_U/p_reg_reg multiplier stage design_1_i/stitcher_0/inst/Block_entry_img_in0_data_rd_img_out_data_wr_proc_U0/grp_proj_align_fu_68/remap_10_1_16_8_16_540_960_1_false_2_2_2_2_U0/grp_xFRemapLI_16_16_3_8_10_540_960_1_2_2_2_2_false_s_fu_20/xFRemapLI_Loop_loop_height_proc_U0/grp_xFRemapLI_Loop_loop_height_proc_Pipeline_loop_width_fu_54/mac_muladd_11ns_8ns_18ns_18_4_1_U124/stitcher_mac_muladd_11ns_8ns_18ns_18_4_1_DSP48_0_U/p_reg_reg/P[47:0] is not pipelined (MREG=0). Pipelining the multiplier function will improve performance and will save significant power so it is suggested whenever possible to fully pipeline this function.  If this multiplier was inferred, it is suggested to describe an additional register stage after this function.  If there is no registered adder/accumulator following the multiply function, two pipeline stages are suggested to allow both the MREG and PREG registers to be used.  If the DSP48 was instantiated in the design, it is suggested to set both the MREG and PREG attributes to 1 when performing multiply functions.
Related violations: <none>

DPOP-4#26 Warning
MREG Output pipelining  
DSP design_1_i/stitcher_0/inst/Block_entry_img_in0_data_rd_img_out_data_wr_proc_U0/grp_proj_align_fu_68/remap_10_1_16_8_16_540_960_1_false_2_2_2_2_U0/grp_xFRemapLI_16_16_3_8_10_540_960_1_2_2_2_2_false_s_fu_20/xFRemapLI_Loop_loop_height_proc_U0/grp_xFRemapLI_Loop_loop_height_proc_Pipeline_loop_width_fu_54/mac_muladd_11ns_8ns_18ns_18_4_1_U126/stitcher_mac_muladd_11ns_8ns_18ns_18_4_1_DSP48_0_U/p_reg_reg multiplier stage design_1_i/stitcher_0/inst/Block_entry_img_in0_data_rd_img_out_data_wr_proc_U0/grp_proj_align_fu_68/remap_10_1_16_8_16_540_960_1_false_2_2_2_2_U0/grp_xFRemapLI_16_16_3_8_10_540_960_1_2_2_2_2_false_s_fu_20/xFRemapLI_Loop_loop_height_proc_U0/grp_xFRemapLI_Loop_loop_height_proc_Pipeline_loop_width_fu_54/mac_muladd_11ns_8ns_18ns_18_4_1_U126/stitcher_mac_muladd_11ns_8ns_18ns_18_4_1_DSP48_0_U/p_reg_reg/P[47:0] is not pipelined (MREG=0). Pipelining the multiplier function will improve performance and will save significant power so it is suggested whenever possible to fully pipeline this function.  If this multiplier was inferred, it is suggested to describe an additional register stage after this function.  If there is no registered adder/accumulator following the multiply function, two pipeline stages are suggested to allow both the MREG and PREG registers to be used.  If the DSP48 was instantiated in the design, it is suggested to set both the MREG and PREG attributes to 1 when performing multiply functions.
Related violations: <none>

DPOP-4#27 Warning
MREG Output pipelining  
DSP design_1_i/v_demosaic_0/inst/Debayer_U0/DebayerG_U0/grp_DebayerG_Pipeline_VITIS_LOOP_318_4_fu_200/lshr_ln2_reg_4328_reg multiplier stage design_1_i/v_demosaic_0/inst/Debayer_U0/DebayerG_U0/grp_DebayerG_Pipeline_VITIS_LOOP_318_4_fu_200/lshr_ln2_reg_4328_reg/P[47:0] is not pipelined (MREG=0). Pipelining the multiplier function will improve performance and will save significant power so it is suggested whenever possible to fully pipeline this function.  If this multiplier was inferred, it is suggested to describe an additional register stage after this function.  If there is no registered adder/accumulator following the multiply function, two pipeline stages are suggested to allow both the MREG and PREG registers to be used.  If the DSP48 was instantiated in the design, it is suggested to set both the MREG and PREG attributes to 1 when performing multiply functions.
Related violations: <none>

DPOP-4#28 Warning
MREG Output pipelining  
DSP design_1_i/v_demosaic_0/inst/Debayer_U0/DebayerG_U0/grp_DebayerG_Pipeline_VITIS_LOOP_318_4_fu_200/lshr_ln501_1_reg_4333_reg multiplier stage design_1_i/v_demosaic_0/inst/Debayer_U0/DebayerG_U0/grp_DebayerG_Pipeline_VITIS_LOOP_318_4_fu_200/lshr_ln501_1_reg_4333_reg/P[47:0] is not pipelined (MREG=0). Pipelining the multiplier function will improve performance and will save significant power so it is suggested whenever possible to fully pipeline this function.  If this multiplier was inferred, it is suggested to describe an additional register stage after this function.  If there is no registered adder/accumulator following the multiply function, two pipeline stages are suggested to allow both the MREG and PREG registers to be used.  If the DSP48 was instantiated in the design, it is suggested to set both the MREG and PREG attributes to 1 when performing multiply functions.
Related violations: <none>

DPOP-4#29 Warning
MREG Output pipelining  
DSP design_1_i/v_demosaic_0/inst/Debayer_U0/DebayerG_U0/grp_DebayerG_Pipeline_VITIS_LOOP_318_4_fu_200/lshr_ln501_2_reg_4338_reg multiplier stage design_1_i/v_demosaic_0/inst/Debayer_U0/DebayerG_U0/grp_DebayerG_Pipeline_VITIS_LOOP_318_4_fu_200/lshr_ln501_2_reg_4338_reg/P[47:0] is not pipelined (MREG=0). Pipelining the multiplier function will improve performance and will save significant power so it is suggested whenever possible to fully pipeline this function.  If this multiplier was inferred, it is suggested to describe an additional register stage after this function.  If there is no registered adder/accumulator following the multiply function, two pipeline stages are suggested to allow both the MREG and PREG registers to be used.  If the DSP48 was instantiated in the design, it is suggested to set both the MREG and PREG attributes to 1 when performing multiply functions.
Related violations: <none>

DPOP-4#30 Warning
MREG Output pipelining  
DSP design_1_i/v_demosaic_0/inst/Debayer_U0/DebayerG_U0/grp_DebayerG_Pipeline_VITIS_LOOP_318_4_fu_200/lshr_ln501_3_reg_4343_reg multiplier stage design_1_i/v_demosaic_0/inst/Debayer_U0/DebayerG_U0/grp_DebayerG_Pipeline_VITIS_LOOP_318_4_fu_200/lshr_ln501_3_reg_4343_reg/P[47:0] is not pipelined (MREG=0). Pipelining the multiplier function will improve performance and will save significant power so it is suggested whenever possible to fully pipeline this function.  If this multiplier was inferred, it is suggested to describe an additional register stage after this function.  If there is no registered adder/accumulator following the multiply function, two pipeline stages are suggested to allow both the MREG and PREG registers to be used.  If the DSP48 was instantiated in the design, it is suggested to set both the MREG and PREG attributes to 1 when performing multiply functions.
Related violations: <none>

DPOP-4#31 Warning
MREG Output pipelining  
DSP design_1_i/v_demosaic_0/inst/Debayer_U0/DebayerG_U0/grp_DebayerG_Pipeline_VITIS_LOOP_318_4_fu_200/mul_14s_10ns_24_1_1_U60/tmp_product multiplier stage design_1_i/v_demosaic_0/inst/Debayer_U0/DebayerG_U0/grp_DebayerG_Pipeline_VITIS_LOOP_318_4_fu_200/mul_14s_10ns_24_1_1_U60/tmp_product/P[47:0] is not pipelined (MREG=0). Pipelining the multiplier function will improve performance and will save significant power so it is suggested whenever possible to fully pipeline this function.  If this multiplier was inferred, it is suggested to describe an additional register stage after this function.  If there is no registered adder/accumulator following the multiply function, two pipeline stages are suggested to allow both the MREG and PREG registers to be used.  If the DSP48 was instantiated in the design, it is suggested to set both the MREG and PREG attributes to 1 when performing multiply functions.
Related violations: <none>

DPOP-4#32 Warning
MREG Output pipelining  
DSP design_1_i/v_demosaic_0/inst/Debayer_U0/DebayerG_U0/grp_DebayerG_Pipeline_VITIS_LOOP_318_4_fu_200/mul_14s_10ns_24_1_1_U61/tmp_product multiplier stage design_1_i/v_demosaic_0/inst/Debayer_U0/DebayerG_U0/grp_DebayerG_Pipeline_VITIS_LOOP_318_4_fu_200/mul_14s_10ns_24_1_1_U61/tmp_product/P[47:0] is not pipelined (MREG=0). Pipelining the multiplier function will improve performance and will save significant power so it is suggested whenever possible to fully pipeline this function.  If this multiplier was inferred, it is suggested to describe an additional register stage after this function.  If there is no registered adder/accumulator following the multiply function, two pipeline stages are suggested to allow both the MREG and PREG registers to be used.  If the DSP48 was instantiated in the design, it is suggested to set both the MREG and PREG attributes to 1 when performing multiply functions.
Related violations: <none>

DPOP-4#33 Warning
MREG Output pipelining  
DSP design_1_i/v_demosaic_1/inst/Debayer_U0/DebayerG_U0/grp_DebayerG_Pipeline_VITIS_LOOP_318_4_fu_200/lshr_ln2_reg_4328_reg multiplier stage design_1_i/v_demosaic_1/inst/Debayer_U0/DebayerG_U0/grp_DebayerG_Pipeline_VITIS_LOOP_318_4_fu_200/lshr_ln2_reg_4328_reg/P[47:0] is not pipelined (MREG=0). Pipelining the multiplier function will improve performance and will save significant power so it is suggested whenever possible to fully pipeline this function.  If this multiplier was inferred, it is suggested to describe an additional register stage after this function.  If there is no registered adder/accumulator following the multiply function, two pipeline stages are suggested to allow both the MREG and PREG registers to be used.  If the DSP48 was instantiated in the design, it is suggested to set both the MREG and PREG attributes to 1 when performing multiply functions.
Related violations: <none>

DPOP-4#34 Warning
MREG Output pipelining  
DSP design_1_i/v_demosaic_1/inst/Debayer_U0/DebayerG_U0/grp_DebayerG_Pipeline_VITIS_LOOP_318_4_fu_200/lshr_ln501_1_reg_4333_reg multiplier stage design_1_i/v_demosaic_1/inst/Debayer_U0/DebayerG_U0/grp_DebayerG_Pipeline_VITIS_LOOP_318_4_fu_200/lshr_ln501_1_reg_4333_reg/P[47:0] is not pipelined (MREG=0). Pipelining the multiplier function will improve performance and will save significant power so it is suggested whenever possible to fully pipeline this function.  If this multiplier was inferred, it is suggested to describe an additional register stage after this function.  If there is no registered adder/accumulator following the multiply function, two pipeline stages are suggested to allow both the MREG and PREG registers to be used.  If the DSP48 was instantiated in the design, it is suggested to set both the MREG and PREG attributes to 1 when performing multiply functions.
Related violations: <none>

DPOP-4#35 Warning
MREG Output pipelining  
DSP design_1_i/v_demosaic_1/inst/Debayer_U0/DebayerG_U0/grp_DebayerG_Pipeline_VITIS_LOOP_318_4_fu_200/lshr_ln501_2_reg_4338_reg multiplier stage design_1_i/v_demosaic_1/inst/Debayer_U0/DebayerG_U0/grp_DebayerG_Pipeline_VITIS_LOOP_318_4_fu_200/lshr_ln501_2_reg_4338_reg/P[47:0] is not pipelined (MREG=0). Pipelining the multiplier function will improve performance and will save significant power so it is suggested whenever possible to fully pipeline this function.  If this multiplier was inferred, it is suggested to describe an additional register stage after this function.  If there is no registered adder/accumulator following the multiply function, two pipeline stages are suggested to allow both the MREG and PREG registers to be used.  If the DSP48 was instantiated in the design, it is suggested to set both the MREG and PREG attributes to 1 when performing multiply functions.
Related violations: <none>

DPOP-4#36 Warning
MREG Output pipelining  
DSP design_1_i/v_demosaic_1/inst/Debayer_U0/DebayerG_U0/grp_DebayerG_Pipeline_VITIS_LOOP_318_4_fu_200/lshr_ln501_3_reg_4343_reg multiplier stage design_1_i/v_demosaic_1/inst/Debayer_U0/DebayerG_U0/grp_DebayerG_Pipeline_VITIS_LOOP_318_4_fu_200/lshr_ln501_3_reg_4343_reg/P[47:0] is not pipelined (MREG=0). Pipelining the multiplier function will improve performance and will save significant power so it is suggested whenever possible to fully pipeline this function.  If this multiplier was inferred, it is suggested to describe an additional register stage after this function.  If there is no registered adder/accumulator following the multiply function, two pipeline stages are suggested to allow both the MREG and PREG registers to be used.  If the DSP48 was instantiated in the design, it is suggested to set both the MREG and PREG attributes to 1 when performing multiply functions.
Related violations: <none>

DPOP-4#37 Warning
MREG Output pipelining  
DSP design_1_i/v_demosaic_1/inst/Debayer_U0/DebayerG_U0/grp_DebayerG_Pipeline_VITIS_LOOP_318_4_fu_200/mul_14s_10ns_24_1_1_U60/tmp_product multiplier stage design_1_i/v_demosaic_1/inst/Debayer_U0/DebayerG_U0/grp_DebayerG_Pipeline_VITIS_LOOP_318_4_fu_200/mul_14s_10ns_24_1_1_U60/tmp_product/P[47:0] is not pipelined (MREG=0). Pipelining the multiplier function will improve performance and will save significant power so it is suggested whenever possible to fully pipeline this function.  If this multiplier was inferred, it is suggested to describe an additional register stage after this function.  If there is no registered adder/accumulator following the multiply function, two pipeline stages are suggested to allow both the MREG and PREG registers to be used.  If the DSP48 was instantiated in the design, it is suggested to set both the MREG and PREG attributes to 1 when performing multiply functions.
Related violations: <none>

DPOP-4#38 Warning
MREG Output pipelining  
DSP design_1_i/v_demosaic_1/inst/Debayer_U0/DebayerG_U0/grp_DebayerG_Pipeline_VITIS_LOOP_318_4_fu_200/mul_14s_10ns_24_1_1_U61/tmp_product multiplier stage design_1_i/v_demosaic_1/inst/Debayer_U0/DebayerG_U0/grp_DebayerG_Pipeline_VITIS_LOOP_318_4_fu_200/mul_14s_10ns_24_1_1_U61/tmp_product/P[47:0] is not pipelined (MREG=0). Pipelining the multiplier function will improve performance and will save significant power so it is suggested whenever possible to fully pipeline this function.  If this multiplier was inferred, it is suggested to describe an additional register stage after this function.  If there is no registered adder/accumulator following the multiply function, two pipeline stages are suggested to allow both the MREG and PREG registers to be used.  If the DSP48 was instantiated in the design, it is suggested to set both the MREG and PREG attributes to 1 when performing multiply functions.
Related violations: <none>

PDRC-138#1 Warning
SLICE_PairEqSame_D6D5_WARN  
Luts D6LUT and D5LUT in use in site SLICE_X30Y162 with different equations without A6 pin connected to Global Logic High.
Related violations: <none>

PDRC-146#1 Warning
SLICE_PairEqSame_D6D5_WARN  
Luts D6LUT and D5LUT in use in site SLICE_X4Y152 with different equations without A6 pin connected to Global Logic High.
Related violations: <none>

PDRC-146#2 Warning
SLICE_PairEqSame_D6D5_WARN  
Luts D6LUT and D5LUT in use in site SLICE_X5Y152 with different equations without A6 pin connected to Global Logic High.
Related violations: <none>

RTSTAT-10#1 Warning
No routable loads  
28 net(s) have no routable loads. The problem bus(es) and/or net(s) are design_1_i/mipi_csi2_rx_subsyst_0/inst/phy/inst/inst/bd_d10d_phy_0_rx_support_i/slave_rx.dphy_rx_fab_top/gen_rx_data_lane[0].rx_data_lane_inst/fifo_rd_rst_t1_nxt,
design_1_i/mipi_csi2_rx_subsyst_0/inst/phy/inst/inst/bd_d10d_phy_0_rx_support_i/slave_rx.dphy_rx_fab_top/gen_rx_data_lane[0].rx_data_lane_inst/fifo_rd_rst_t2,
design_1_i/mipi_csi2_rx_subsyst_0/inst/phy/inst/inst/bd_d10d_phy_0_rx_support_i/slave_rx.dphy_rx_fab_top/gen_rx_data_lane[1].rx_data_lane_inst/fifo_rd_rst_t1_nxt,
design_1_i/mipi_csi2_rx_subsyst_0/inst/phy/inst/inst/bd_d10d_phy_0_rx_support_i/slave_rx.dphy_rx_fab_top/gen_rx_data_lane[1].rx_data_lane_inst/fifo_rd_rst_t2,
design_1_i/mipi_csi2_rx_subsyst_0/inst/rx/mipi_csi2_rx_ctrl_v1_0_11_top_dut/AXI_LITE.reg_inf/shutdown_i[3:0],
design_1_i/mipi_csi2_rx_subsyst_0/inst/rx/mipi_csi2_rx_ctrl_v1_0_11_top_dut/phecc/syndrome_code[6],
design_1_i/mipi_csi2_rx_subsyst_0/inst/rx/mipi_csi2_rx_ctrl_v1_0_11_top_dut/phecc/syndrome_code[7],
design_1_i/mipi_csi2_rx_subsyst_0/inst/rx/mipi_csi2_rx_ctrl_v1_0_11_top_dut/vc_fixed[3:0],
design_1_i/mipi_csi2_rx_subsyst_1/inst/phy/inst/inst/bd_115c_phy_0_rx_support_i/slave_rx.dphy_rx_fab_top/gen_rx_data_lane[0].rx_data_lane_inst/fifo_rd_rst_t1_nxt,
design_1_i/mipi_csi2_rx_subsyst_1/inst/phy/inst/inst/bd_115c_phy_0_rx_support_i/slave_rx.dphy_rx_fab_top/gen_rx_data_lane[0].rx_data_lane_inst/fifo_rd_rst_t2,
design_1_i/mipi_csi2_rx_subsyst_1/inst/phy/inst/inst/bd_115c_phy_0_rx_support_i/slave_rx.dphy_rx_fab_top/gen_rx_data_lane[1].rx_data_lane_inst/fifo_rd_rst_t1_nxt,
design_1_i/mipi_csi2_rx_subsyst_1/inst/phy/inst/inst/bd_115c_phy_0_rx_support_i/slave_rx.dphy_rx_fab_top/gen_rx_data_lane[1].rx_data_lane_inst/fifo_rd_rst_t2,
design_1_i/mipi_csi2_rx_subsyst_1/inst/rx/mipi_csi2_rx_ctrl_v1_0_11_top_dut/AXI_LITE.reg_inf/shutdown_i[3:0],
design_1_i/mipi_csi2_rx_subsyst_1/inst/rx/mipi_csi2_rx_ctrl_v1_0_11_top_dut/phecc/syndrome_code[6],
design_1_i/mipi_csi2_rx_subsyst_1/inst/rx/mipi_csi2_rx_ctrl_v1_0_11_top_dut/phecc/syndrome_code[7]
 (the first 15 of 16 listed).
Related violations: <none>


