

================================================================
== Vitis HLS Report for 'Gamma_Pipeline_VITIS_LOOP_327_4'
================================================================
* Date:           Thu Nov 13 19:31:40 2025

* Version:        2024.2 (Build 5238294 on Nov  8 2024)
* Project:        prj
* Solution:       sol (Vivado IP Flow Target)
* Product family: zynquplus
* Target device:  xczu2cg-sfvc784-1-e


================================================================
== Performance Estimates
================================================================
+ Timing: 
    * Summary: 
    +--------+---------+----------+------------+
    |  Clock |  Target | Estimated| Uncertainty|
    +--------+---------+----------+------------+
    |ap_clk  |  6.67 ns|  3.608 ns|     1.80 ns|
    +--------+---------+----------+------------+

+ Latency: 
    * Summary: 
    +---------+---------+----------+-----------+-----+------+------------------------------------------------+
    |  Latency (cycles) |  Latency (absolute)  |  Interval  |                    Pipeline                    |
    |   min   |   max   |    min   |    max    | min |  max |                      Type                      |
    +---------+---------+----------+-----------+-----+------+------------------------------------------------+
    |       67|     1923|  0.447 us|  12.821 us|   65|  1921|  loop auto-rewind stp (delay=0 clock cycles(s))|
    +---------+---------+----------+-----------+-----+------+------------------------------------------------+

    + Detail: 
        * Instance: 
        N/A

        * Loop: 
        +--------------------+---------+---------+----------+-----------+-----------+-----------+----------+
        |                    |  Latency (cycles) | Iteration|  Initiation Interval  |    Trip   |          |
        |      Loop Name     |   min   |   max   |  Latency |  achieved |   target  |   Count   | Pipelined|
        +--------------------+---------+---------+----------+-----------+-----------+-----------+----------+
        |- VITIS_LOOP_327_4  |       65|     1921|         3|          1|          1|  64 ~ 1920|       yes|
        +--------------------+---------+---------+----------+-----------+-----------+-----------+----------+



================================================================
== Utilization Estimates
================================================================
* Summary: 
+-----------------+---------+-----+-------+-------+-----+
|       Name      | BRAM_18K| DSP |   FF  |  LUT  | URAM|
+-----------------+---------+-----+-------+-------+-----+
|DSP              |        -|    -|      -|      -|    -|
|Expression       |        -|    -|      0|     40|    -|
|FIFO             |        -|    -|      -|      -|    -|
|Instance         |        -|    -|      -|      -|    -|
|Memory           |        -|    -|      -|      -|    -|
|Multiplexer      |        -|    -|      0|     54|    -|
|Register         |        -|    -|     16|      -|    -|
+-----------------+---------+-----+-------+-------+-----+
|Total            |        0|    0|     16|     94|    0|
+-----------------+---------+-----+-------+-------+-----+
|Available        |      300|  240|  94464|  47232|    0|
+-----------------+---------+-----+-------+-------+-----+
|Utilization (%)  |        0|    0|     ~0|     ~0|    0|
+-----------------+---------+-----+-------+-------+-----+

+ Detail: 
    * Instance: 
    N/A

    * DSP: 
    N/A

    * Memory: 
    N/A

    * FIFO: 
    N/A

    * Expression: 
    +--------------------------------+----------+----+---+----+------------+------------+
    |          Variable Name         | Operation| DSP| FF| LUT| Bitwidth P0| Bitwidth P1|
    +--------------------------------+----------+----+---+----+------------+------------+
    |x_2_fu_136_p2                   |         +|   0|  0|  18|          11|           1|
    |icmp_ln327_fu_130_p2            |      icmp|   0|  0|  18|          11|          11|
    |ap_block_pp0_stage0_01001_grp1  |        or|   0|  0|   2|           1|           1|
    |ap_enable_pp0                   |       xor|   0|  0|   2|           1|           2|
    +--------------------------------+----------+----+---+----+------------+------------+
    |Total                           |          |   0|  0|  40|          24|          15|
    +--------------------------------+----------+----+---+----+------------+------------+

    * Multiplexer: 
    +-------------------------+----+-----------+-----+-----------+
    |           Name          | LUT| Input Size| Bits| Total Bits|
    +-------------------------+----+-----------+-----+-----------+
    |ap_done_int              |   9|          2|    1|          2|
    |ap_enable_reg_pp0_iter1  |   9|          2|    1|          2|
    |ap_sig_allocacmp_x_1     |   9|          2|   11|         22|
    |imgGamma_blk_n           |   9|          2|    1|          2|
    |imgRgb_blk_n             |   9|          2|    1|          2|
    |x_fu_60                  |   9|          2|   11|         22|
    +-------------------------+----+-----------+-----+-----------+
    |Total                    |  54|         12|   26|         52|
    +-------------------------+----+-----------+-----+-----------+

    * Register: 
    +----------------------------------+----+----+-----+-----------+
    |               Name               | FF | LUT| Bits| Const Bits|
    +----------------------------------+----+----+-----+-----------+
    |ap_CS_fsm                         |   1|   0|    1|          0|
    |ap_done_reg                       |   1|   0|    1|          0|
    |ap_enable_reg_pp0_iter1           |   1|   0|    1|          0|
    |ap_enable_reg_pp0_iter2           |   1|   0|    1|          0|
    |ap_loop_exit_ready_pp0_iter1_reg  |   1|   0|    1|          0|
    |x_fu_60                           |  11|   0|   11|          0|
    +----------------------------------+----+----+-----+-----------+
    |Total                             |  16|   0|   16|          0|
    +----------------------------------+----+----+-----+-----------+



================================================================
== Interface
================================================================
* Summary: 
+-------------------------+-----+-----+------------+---------------------------------+--------------+
|        RTL Ports        | Dir | Bits|  Protocol  |          Source Object          |    C Type    |
+-------------------------+-----+-----+------------+---------------------------------+--------------+
|ap_clk                   |   in|    1|  ap_ctrl_hs|  Gamma_Pipeline_VITIS_LOOP_327_4|  return value|
|ap_rst                   |   in|    1|  ap_ctrl_hs|  Gamma_Pipeline_VITIS_LOOP_327_4|  return value|
|ap_start                 |   in|    1|  ap_ctrl_hs|  Gamma_Pipeline_VITIS_LOOP_327_4|  return value|
|ap_done                  |  out|    1|  ap_ctrl_hs|  Gamma_Pipeline_VITIS_LOOP_327_4|  return value|
|ap_idle                  |  out|    1|  ap_ctrl_hs|  Gamma_Pipeline_VITIS_LOOP_327_4|  return value|
|ap_ready                 |  out|    1|  ap_ctrl_hs|  Gamma_Pipeline_VITIS_LOOP_327_4|  return value|
|imgRgb_dout              |   in|   30|     ap_fifo|                           imgRgb|       pointer|
|imgRgb_empty_n           |   in|    1|     ap_fifo|                           imgRgb|       pointer|
|imgRgb_read              |  out|    1|     ap_fifo|                           imgRgb|       pointer|
|imgRgb_num_data_valid    |   in|    5|     ap_fifo|                           imgRgb|       pointer|
|imgRgb_fifo_cap          |   in|    5|     ap_fifo|                           imgRgb|       pointer|
|imgGamma_din             |  out|   30|     ap_fifo|                         imgGamma|       pointer|
|imgGamma_full_n          |   in|    1|     ap_fifo|                         imgGamma|       pointer|
|imgGamma_write           |  out|    1|     ap_fifo|                         imgGamma|       pointer|
|imgGamma_num_data_valid  |   in|   32|     ap_fifo|                         imgGamma|       pointer|
|imgGamma_fifo_cap        |   in|   32|     ap_fifo|                         imgGamma|       pointer|
|empty                    |   in|   11|   ap_stable|                            empty|        scalar|
|lut_1_address0           |  out|   10|   ap_memory|                            lut_1|         array|
|lut_1_ce0                |  out|    1|   ap_memory|                            lut_1|         array|
|lut_1_q0                 |   in|   10|   ap_memory|                            lut_1|         array|
|lut_2_address0           |  out|   10|   ap_memory|                            lut_2|         array|
|lut_2_ce0                |  out|    1|   ap_memory|                            lut_2|         array|
|lut_2_q0                 |   in|   10|   ap_memory|                            lut_2|         array|
|lut_0_address0           |  out|   10|   ap_memory|                            lut_0|         array|
|lut_0_ce0                |  out|    1|   ap_memory|                            lut_0|         array|
|lut_0_q0                 |   in|   10|   ap_memory|                            lut_0|         array|
+-------------------------+-----+-----+------------+---------------------------------+--------------+

