

================================================================
== Vitis HLS Report for 'AXIvideo2MultiBayer'
================================================================
* Date:           Thu Nov 13 19:37:59 2025

* Version:        2024.2 (Build 5238294 on Nov  8 2024)
* Project:        prj
* Solution:       sol (Vivado IP Flow Target)
* Product family: zynquplus
* Target device:  xczu2cg-sfvc784-1-e


================================================================
== Performance Estimates
================================================================
+ Timing: 
    * Summary: 
    +--------+---------+----------+------------+
    |  Clock |  Target | Estimated| Uncertainty|
    +--------+---------+----------+------------+
    |ap_clk  |  6.67 ns|  2.385 ns|     1.80 ns|
    +--------+---------+----------+------------+

+ Latency: 
    * Summary: 
    +---------+---------+----------+----------+-----+-----+---------+
    |  Latency (cycles) |  Latency (absolute) |  Interval | Pipeline|
    |   min   |   max   |    min   |    max   | min | max |   Type  |
    +---------+---------+----------+----------+-----+-----+---------+
    |        ?|        ?|         ?|         ?|    ?|    ?|       no|
    +---------+---------+----------+----------+-----+-----+---------+

    + Detail: 
        * Instance: 
        N/A

        * Loop: 
        +---------------+---------+---------+----------+-----------+-----------+----------+----------+
        |               |  Latency (cycles) | Iteration|  Initiation Interval  |   Trip   |          |
        |   Loop Name   |   min   |   max   |  Latency |  achieved |   target  |   Count  | Pipelined|
        +---------------+---------+---------+----------+-----------+-----------+----------+----------+
        |- loop_height  |        ?|        ?|         ?|          -|          -|  0 ~ 1080|        no|
        +---------------+---------+---------+----------+-----------+-----------+----------+----------+

============================================================
+ Verbose Summary: Synthesis Manager
============================================================
InlineROM: 1
ExposeGlobal: 0
============================================================
+ Verbose Summary: CDFG Model
============================================================
IsTopModel: 0
ResetActiveHigh: 1
IsCombinational: 2
IsDatapathOnly: 0
HasWiredReturn: 1
HasMFsm: 0
HasVarLatency: 1
IsPipeline: 0
IsRtlPipelined: 0
IsInstanceOverlapped: 0
IsDontTouch: 0
HasImplIP: 0
IsGatedGlobalClock: 0


============================================================
+ Verbose Summary: Schedule
============================================================
* Number of FSM states : 9
* Pipeline : 0
* Dataflow Pipeline: 0

* FSM state transitions: 
1 --> 2 
2 --> 3 
3 --> 4 
4 --> 5 
5 --> 6 
6 --> 7 
7 --> 8 
8 --> 9 
9 --> 5 

* FSM state operations: 

State 1 <SV = 0> <Delay = 0.48>
ST_1 : Operation 10 [1/1] (0.00ns)   --->   "%axi_data_2 = alloca i32 1" [E:/Dev/QianSai/mipi_dp_vivado/mipi_dp.runs/design_1_v_demosaic_0_2_synth_1/prj/sol/.autopilot/db/v_demosaic.cpp:141]   --->   Operation 10 'alloca' 'axi_data_2' <Predicate = true> <Delay = 0.00>
ST_1 : Operation 11 [1/1] (0.00ns)   --->   "%i = alloca i32 1" [E:/Dev/QianSai/mipi_dp_vivado/mipi_dp.runs/design_1_v_demosaic_0_2_synth_1/prj/sol/.autopilot/db/v_demosaic.cpp:163]   --->   Operation 11 'alloca' 'i' <Predicate = true> <Delay = 0.00>
ST_1 : Operation 12 [1/1] (0.00ns)   --->   "%axi_last_4_loc = alloca i64 1"   --->   Operation 12 'alloca' 'axi_last_4_loc' <Predicate = true> <Delay = 0.00>
ST_1 : Operation 13 [1/1] (0.00ns)   --->   "%axi_data_3_loc = alloca i64 1"   --->   Operation 13 'alloca' 'axi_data_3_loc' <Predicate = true> <Delay = 0.00>
ST_1 : Operation 14 [1/1] (0.00ns)   --->   "%eol_loc = alloca i64 1"   --->   Operation 14 'alloca' 'eol_loc' <Predicate = true> <Delay = 0.00>
ST_1 : Operation 15 [1/1] (0.00ns)   --->   "%axi_last_loc = alloca i64 1"   --->   Operation 15 'alloca' 'axi_last_loc' <Predicate = true> <Delay = 0.00>
ST_1 : Operation 16 [1/1] (0.48ns)   --->   "%store_ln163 = store i11 0, i11 %i" [E:/Dev/QianSai/mipi_dp_vivado/mipi_dp.runs/design_1_v_demosaic_0_2_synth_1/prj/sol/.autopilot/db/v_demosaic.cpp:163]   --->   Operation 16 'store' 'store_ln163' <Predicate = true> <Delay = 0.48>

State 2 <SV = 1> <Delay = 0.62>
ST_2 : Operation 17 [2/2] (0.62ns)   --->   "%call_ln0 = call void @AXIvideo2MultiBayer_Pipeline_loop_wait_for_start, i16 %s_axis_video_V_data_V, i2 %s_axis_video_V_keep_V, i2 %s_axis_video_V_strb_V, i1 %s_axis_video_V_user_V, i1 %s_axis_video_V_last_V, i1 %s_axis_video_V_id_V, i1 %s_axis_video_V_dest_V, i10 %axi_data_2, i1 %axi_last_loc"   --->   Operation 17 'call' 'call_ln0' <Predicate = true> <Delay = 0.62> <CoreType = "Generic">   --->   Generic Core

State 3 <SV = 2> <Delay = 0.97>
ST_3 : Operation 18 [1/1] (0.00ns)   --->   "%WidthIn_val_read = read i16 @_ssdm_op_Read.ap_auto.i16, i16 %WidthIn_val"   --->   Operation 18 'read' 'WidthIn_val_read' <Predicate = true> <Delay = 0.00>
ST_3 : Operation 19 [1/1] (0.00ns)   --->   "%Height_val_read = read i16 @_ssdm_op_Read.ap_auto.i16, i16 %Height_val"   --->   Operation 19 'read' 'Height_val_read' <Predicate = true> <Delay = 0.00>
ST_3 : Operation 20 [1/1] (0.00ns)   --->   "%empty = trunc i16 %WidthIn_val_read"   --->   Operation 20 'trunc' 'empty' <Predicate = true> <Delay = 0.00>
ST_3 : Operation 21 [1/1] (0.00ns)   --->   "%empty_203 = trunc i16 %Height_val_read"   --->   Operation 21 'trunc' 'empty_203' <Predicate = true> <Delay = 0.00>
ST_3 : Operation 22 [2/2] (0.00ns)   --->   "%rows = call i11 @reg<unsigned short>, i11 %empty_203" [E:/Dev/QianSai/mipi_dp_vivado/mipi_dp.runs/design_1_v_demosaic_0_2_synth_1/prj/sol/.autopilot/db/v_demosaic.cpp:145]   --->   Operation 22 'call' 'rows' <Predicate = true> <Delay = 0.00> <CoreType = "Generic">   --->   Generic Core
ST_3 : Operation 23 [2/2] (0.00ns)   --->   "%cols = call i11 @reg<unsigned short>, i11 %empty" [E:/Dev/QianSai/mipi_dp_vivado/mipi_dp.runs/design_1_v_demosaic_0_2_synth_1/prj/sol/.autopilot/db/v_demosaic.cpp:146]   --->   Operation 23 'call' 'cols' <Predicate = true> <Delay = 0.00> <CoreType = "Generic">   --->   Generic Core
ST_3 : Operation 24 [1/2] (0.97ns)   --->   "%call_ln0 = call void @AXIvideo2MultiBayer_Pipeline_loop_wait_for_start, i16 %s_axis_video_V_data_V, i2 %s_axis_video_V_keep_V, i2 %s_axis_video_V_strb_V, i1 %s_axis_video_V_user_V, i1 %s_axis_video_V_last_V, i1 %s_axis_video_V_id_V, i1 %s_axis_video_V_dest_V, i10 %axi_data_2, i1 %axi_last_loc"   --->   Operation 24 'call' 'call_ln0' <Predicate = true> <Delay = 0.97> <CoreType = "Generic">   --->   Generic Core

State 4 <SV = 3> <Delay = 1.27>
ST_4 : Operation 25 [1/1] (0.00ns)   --->   "%specaxissidechannel_ln0 = specaxissidechannel void @_ssdm_op_SpecAXISSideChannel, i16 %s_axis_video_V_data_V, i2 %s_axis_video_V_keep_V, i2 %s_axis_video_V_strb_V, i1 %s_axis_video_V_user_V, i1 %s_axis_video_V_last_V, i1 %s_axis_video_V_id_V, i1 %s_axis_video_V_dest_V, void @empty_23"   --->   Operation 25 'specaxissidechannel' 'specaxissidechannel_ln0' <Predicate = true> <Delay = 0.00>
ST_4 : Operation 26 [1/1] (0.00ns)   --->   "%specinterface_ln0 = specinterface void @_ssdm_op_SpecInterface, i10 %imgBayer, void @empty_20, i32 0, i32 0, void @empty_14, i32 0, i32 0, void @empty_14, void @empty_14, void @empty_14, i32 0, i32 0, i32 0, i32 0, void @empty_14, void @empty_14, i32 4294967295, i32 0, i32 0"   --->   Operation 26 'specinterface' 'specinterface_ln0' <Predicate = true> <Delay = 0.00>
ST_4 : Operation 27 [1/1] (0.00ns)   --->   "%specinterface_ln0 = specinterface void @_ssdm_op_SpecInterface, i1 %s_axis_video_V_dest_V, i1 %s_axis_video_V_id_V, i1 %s_axis_video_V_last_V, i1 %s_axis_video_V_user_V, i2 %s_axis_video_V_strb_V, i2 %s_axis_video_V_keep_V, i16 %s_axis_video_V_data_V, void @empty_19, i32 1, i32 1, void @empty_12, i32 0, i32 0, void @empty_14, void @empty_14, void @empty_14, i32 0, i32 0, i32 0, i32 0, void @empty_14, void @empty_14, i32 4294967295, i32 0, i32 0"   --->   Operation 27 'specinterface' 'specinterface_ln0' <Predicate = true> <Delay = 0.00>
ST_4 : Operation 28 [1/2] (0.00ns)   --->   "%rows = call i11 @reg<unsigned short>, i11 %empty_203" [E:/Dev/QianSai/mipi_dp_vivado/mipi_dp.runs/design_1_v_demosaic_0_2_synth_1/prj/sol/.autopilot/db/v_demosaic.cpp:145]   --->   Operation 28 'call' 'rows' <Predicate = true> <Delay = 0.00> <CoreType = "Generic">   --->   Generic Core
ST_4 : Operation 29 [1/2] (0.00ns)   --->   "%cols = call i11 @reg<unsigned short>, i11 %empty" [E:/Dev/QianSai/mipi_dp_vivado/mipi_dp.runs/design_1_v_demosaic_0_2_synth_1/prj/sol/.autopilot/db/v_demosaic.cpp:146]   --->   Operation 29 'call' 'cols' <Predicate = true> <Delay = 0.00> <CoreType = "Generic">   --->   Generic Core
ST_4 : Operation 30 [1/1] (0.00ns)   --->   "%fence_ln141 = fence void @_ssdm_op_Fence, i16 %s_axis_video_V_data_V, i2 %s_axis_video_V_keep_V, i2 %s_axis_video_V_strb_V, i1 %s_axis_video_V_user_V, i1 %s_axis_video_V_last_V, i1 %s_axis_video_V_id_V, i1 %s_axis_video_V_dest_V, i32 4294967295, i16 %s_axis_video_V_data_V, i2 %s_axis_video_V_keep_V, i2 %s_axis_video_V_strb_V, i1 %s_axis_video_V_user_V, i1 %s_axis_video_V_last_V, i1 %s_axis_video_V_id_V, i1 %s_axis_video_V_dest_V, i10 %imgBayer" [E:/Dev/QianSai/mipi_dp_vivado/mipi_dp.runs/design_1_v_demosaic_0_2_synth_1/prj/sol/.autopilot/db/v_demosaic.cpp:141]   --->   Operation 30 'fence' 'fence_ln141' <Predicate = true> <Delay = 0.00>
ST_4 : Operation 31 [1/1] (0.00ns)   --->   "%axi_last_loc_load = load i1 %axi_last_loc"   --->   Operation 31 'load' 'axi_last_loc_load' <Predicate = true> <Delay = 0.00>
ST_4 : Operation 32 [1/1] (0.94ns)   --->   "%cmp10251 = icmp_ne  i11 %cols, i11 0" [E:/Dev/QianSai/mipi_dp_vivado/mipi_dp.runs/design_1_v_demosaic_0_2_synth_1/prj/sol/.autopilot/db/v_demosaic.cpp:146]   --->   Operation 32 'icmp' 'cmp10251' <Predicate = true> <Delay = 0.94> <CoreInst = "Cmp">   --->   Core 9 'Cmp' <Latency = 0> <II = 1> <Delay = 0.94> <FuncUnit> <Opcode : 'seteq' 'setne' 'setle' 'setge' 'setlt' 'setgt'> <InPorts = 2> <OutPorts = 1>
ST_4 : Operation 33 [1/1] (0.33ns)   --->   "%xor_ln188 = xor i1 %cmp10251, i1 1" [E:/Dev/QianSai/mipi_dp_vivado/mipi_dp.runs/design_1_v_demosaic_0_2_synth_1/prj/sol/.autopilot/db/v_demosaic.cpp:188]   --->   Operation 33 'xor' 'xor_ln188' <Predicate = true> <Delay = 0.33> <CoreInst = "LogicGate">   --->   Core 74 'LogicGate' <Latency = 0> <II = 1> <Delay = 0.33> <FuncUnit> <Opcode : 'and' 'or' 'xor'> <InPorts = 2> <OutPorts = 1>
ST_4 : Operation 34 [1/1] (0.48ns)   --->   "%br_ln163 = br void %loop_width" [E:/Dev/QianSai/mipi_dp_vivado/mipi_dp.runs/design_1_v_demosaic_0_2_synth_1/prj/sol/.autopilot/db/v_demosaic.cpp:163]   --->   Operation 34 'br' 'br_ln163' <Predicate = true> <Delay = 0.48>

State 5 <SV = 4> <Delay = 2.38>
ST_5 : Operation 35 [1/1] (0.00ns)   --->   "%sof = phi i1 1, void %entry, i1 %and_ln188, void %loop_width.split" [E:/Dev/QianSai/mipi_dp_vivado/mipi_dp.runs/design_1_v_demosaic_0_2_synth_1/prj/sol/.autopilot/db/v_demosaic.cpp:188]   --->   Operation 35 'phi' 'sof' <Predicate = true> <Delay = 0.00>
ST_5 : Operation 36 [1/1] (0.00ns)   --->   "%axi_last_2 = phi i1 %axi_last_loc_load, void %entry, i1 %axi_last_4_loc_load, void %loop_width.split"   --->   Operation 36 'phi' 'axi_last_2' <Predicate = true> <Delay = 0.00>
ST_5 : Operation 37 [1/1] (0.00ns)   --->   "%i_3 = load i11 %i" [E:/Dev/QianSai/mipi_dp_vivado/mipi_dp.runs/design_1_v_demosaic_0_2_synth_1/prj/sol/.autopilot/db/v_demosaic.cpp:163]   --->   Operation 37 'load' 'i_3' <Predicate = true> <Delay = 0.00>
ST_5 : Operation 38 [1/1] (0.94ns)   --->   "%icmp_ln163 = icmp_eq  i11 %i_3, i11 %rows" [E:/Dev/QianSai/mipi_dp_vivado/mipi_dp.runs/design_1_v_demosaic_0_2_synth_1/prj/sol/.autopilot/db/v_demosaic.cpp:163]   --->   Operation 38 'icmp' 'icmp_ln163' <Predicate = true> <Delay = 0.94> <CoreInst = "Cmp">   --->   Core 9 'Cmp' <Latency = 0> <II = 1> <Delay = 0.94> <FuncUnit> <Opcode : 'seteq' 'setne' 'setle' 'setge' 'setlt' 'setgt'> <InPorts = 2> <OutPorts = 1>
ST_5 : Operation 39 [1/1] (0.00ns)   --->   "%speclooptripcount_ln0 = speclooptripcount void @_ssdm_op_SpecLoopTripCount, i64 0, i64 1080, i64 0"   --->   Operation 39 'speclooptripcount' 'speclooptripcount_ln0' <Predicate = true> <Delay = 0.00>
ST_5 : Operation 40 [1/1] (0.94ns)   --->   "%i_4 = add i11 %i_3, i11 1" [E:/Dev/QianSai/mipi_dp_vivado/mipi_dp.runs/design_1_v_demosaic_0_2_synth_1/prj/sol/.autopilot/db/v_demosaic.cpp:163]   --->   Operation 40 'add' 'i_4' <Predicate = true> <Delay = 0.94> <CoreInst = "Adder">   --->   Core 1 'Adder' <Latency = 0> <II = 1> <Delay = 0.94> <FuncUnit> <Opcode : 'add' 'sub'> <InPorts = 2> <OutPorts = 1>
ST_5 : Operation 41 [1/1] (0.00ns)   --->   "%br_ln163 = br i1 %icmp_ln163, void %loop_width.split, void %for.end39.loopexit" [E:/Dev/QianSai/mipi_dp_vivado/mipi_dp.runs/design_1_v_demosaic_0_2_synth_1/prj/sol/.autopilot/db/v_demosaic.cpp:163]   --->   Operation 41 'br' 'br_ln163' <Predicate = true> <Delay = 0.00>
ST_5 : Operation 42 [1/1] (0.00ns)   --->   "%axi_data_2_load = load i10 %axi_data_2"   --->   Operation 42 'load' 'axi_data_2_load' <Predicate = (!icmp_ln163)> <Delay = 0.00>
ST_5 : Operation 43 [2/2] (1.43ns)   --->   "%call_ln188 = call void @AXIvideo2MultiBayer_Pipeline_loop_width, i1 %sof, i1 %axi_last_2, i10 %axi_data_2_load, i11 %cols, i10 %imgBayer, i16 %s_axis_video_V_data_V, i2 %s_axis_video_V_keep_V, i2 %s_axis_video_V_strb_V, i1 %s_axis_video_V_user_V, i1 %s_axis_video_V_last_V, i1 %s_axis_video_V_id_V, i1 %s_axis_video_V_dest_V, i1 %eol_loc, i10 %axi_data_3_loc" [E:/Dev/QianSai/mipi_dp_vivado/mipi_dp.runs/design_1_v_demosaic_0_2_synth_1/prj/sol/.autopilot/db/v_demosaic.cpp:188]   --->   Operation 43 'call' 'call_ln188' <Predicate = (!icmp_ln163)> <Delay = 1.43> <CoreType = "Generic">   --->   Generic Core
ST_5 : Operation 44 [1/1] (0.33ns)   --->   "%and_ln188 = and i1 %sof, i1 %xor_ln188" [E:/Dev/QianSai/mipi_dp_vivado/mipi_dp.runs/design_1_v_demosaic_0_2_synth_1/prj/sol/.autopilot/db/v_demosaic.cpp:188]   --->   Operation 44 'and' 'and_ln188' <Predicate = (!icmp_ln163)> <Delay = 0.33> <CoreInst = "LogicGate">   --->   Core 74 'LogicGate' <Latency = 0> <II = 1> <Delay = 0.33> <FuncUnit> <Opcode : 'and' 'or' 'xor'> <InPorts = 2> <OutPorts = 1>
ST_5 : Operation 45 [1/1] (0.48ns)   --->   "%store_ln163 = store i11 %i_4, i11 %i" [E:/Dev/QianSai/mipi_dp_vivado/mipi_dp.runs/design_1_v_demosaic_0_2_synth_1/prj/sol/.autopilot/db/v_demosaic.cpp:163]   --->   Operation 45 'store' 'store_ln163' <Predicate = (!icmp_ln163)> <Delay = 0.48>
ST_5 : Operation 46 [1/1] (0.00ns)   --->   "%ret_ln0 = ret"   --->   Operation 46 'ret' 'ret_ln0' <Predicate = (icmp_ln163)> <Delay = 0.00>

State 6 <SV = 5> <Delay = 0.00>
ST_6 : Operation 47 [1/2] (0.00ns)   --->   "%call_ln188 = call void @AXIvideo2MultiBayer_Pipeline_loop_width, i1 %sof, i1 %axi_last_2, i10 %axi_data_2_load, i11 %cols, i10 %imgBayer, i16 %s_axis_video_V_data_V, i2 %s_axis_video_V_keep_V, i2 %s_axis_video_V_strb_V, i1 %s_axis_video_V_user_V, i1 %s_axis_video_V_last_V, i1 %s_axis_video_V_id_V, i1 %s_axis_video_V_dest_V, i1 %eol_loc, i10 %axi_data_3_loc" [E:/Dev/QianSai/mipi_dp_vivado/mipi_dp.runs/design_1_v_demosaic_0_2_synth_1/prj/sol/.autopilot/db/v_demosaic.cpp:188]   --->   Operation 47 'call' 'call_ln188' <Predicate = true> <Delay = 0.00> <CoreType = "Generic">   --->   Generic Core

State 7 <SV = 6> <Delay = 0.88>
ST_7 : Operation 48 [1/1] (0.00ns)   --->   "%fence_ln188 = fence void @_ssdm_op_Fence, i16 %s_axis_video_V_data_V, i2 %s_axis_video_V_keep_V, i2 %s_axis_video_V_strb_V, i1 %s_axis_video_V_user_V, i1 %s_axis_video_V_last_V, i1 %s_axis_video_V_id_V, i1 %s_axis_video_V_dest_V, i10 %imgBayer, i32 4294967295, i16 %s_axis_video_V_data_V, i2 %s_axis_video_V_keep_V, i2 %s_axis_video_V_strb_V, i1 %s_axis_video_V_user_V, i1 %s_axis_video_V_last_V, i1 %s_axis_video_V_id_V, i1 %s_axis_video_V_dest_V" [E:/Dev/QianSai/mipi_dp_vivado/mipi_dp.runs/design_1_v_demosaic_0_2_synth_1/prj/sol/.autopilot/db/v_demosaic.cpp:188]   --->   Operation 48 'fence' 'fence_ln188' <Predicate = true> <Delay = 0.00>
ST_7 : Operation 49 [1/1] (0.00ns)   --->   "%eol_loc_load = load i1 %eol_loc"   --->   Operation 49 'load' 'eol_loc_load' <Predicate = true> <Delay = 0.00>
ST_7 : Operation 50 [1/1] (0.00ns)   --->   "%axi_data_3_loc_load = load i10 %axi_data_3_loc"   --->   Operation 50 'load' 'axi_data_3_loc_load' <Predicate = true> <Delay = 0.00>
ST_7 : Operation 51 [1/1] (0.26ns)   --->   "%select_ln188 = select i1 %cmp10251, i1 %eol_loc_load, i1 %axi_last_2" [E:/Dev/QianSai/mipi_dp_vivado/mipi_dp.runs/design_1_v_demosaic_0_2_synth_1/prj/sol/.autopilot/db/v_demosaic.cpp:188]   --->   Operation 51 'select' 'select_ln188' <Predicate = true> <Delay = 0.26> <CoreInst = "Sel">   --->   Core 73 'Sel' <Latency = 0> <II = 1> <Delay = 0.26> <FuncUnit> <Opcode : 'select'> <InPorts = 3> <OutPorts = 1>
ST_7 : Operation 52 [1/1] (0.00ns)   --->   "%fence_ln188 = fence void @_ssdm_op_Fence, i16 %s_axis_video_V_data_V, i2 %s_axis_video_V_keep_V, i2 %s_axis_video_V_strb_V, i1 %s_axis_video_V_user_V, i1 %s_axis_video_V_last_V, i1 %s_axis_video_V_id_V, i1 %s_axis_video_V_dest_V, i10 %imgBayer, i32 4294967295, i16 %s_axis_video_V_data_V, i2 %s_axis_video_V_keep_V, i2 %s_axis_video_V_strb_V, i1 %s_axis_video_V_user_V, i1 %s_axis_video_V_last_V, i1 %s_axis_video_V_id_V, i1 %s_axis_video_V_dest_V" [E:/Dev/QianSai/mipi_dp_vivado/mipi_dp.runs/design_1_v_demosaic_0_2_synth_1/prj/sol/.autopilot/db/v_demosaic.cpp:188]   --->   Operation 52 'fence' 'fence_ln188' <Predicate = true> <Delay = 0.00>
ST_7 : Operation 53 [2/2] (0.62ns)   --->   "%call_ln188 = call void @AXIvideo2MultiBayer_Pipeline_loop_wait_for_eol, i10 %axi_data_3_loc_load, i1 %select_ln188, i1 %eol_loc_load, i16 %s_axis_video_V_data_V, i2 %s_axis_video_V_keep_V, i2 %s_axis_video_V_strb_V, i1 %s_axis_video_V_user_V, i1 %s_axis_video_V_last_V, i1 %s_axis_video_V_id_V, i1 %s_axis_video_V_dest_V, i10 %axi_data_2, i1 %axi_last_4_loc" [E:/Dev/QianSai/mipi_dp_vivado/mipi_dp.runs/design_1_v_demosaic_0_2_synth_1/prj/sol/.autopilot/db/v_demosaic.cpp:188]   --->   Operation 53 'call' 'call_ln188' <Predicate = true> <Delay = 0.62> <CoreType = "Generic">   --->   Generic Core

State 8 <SV = 7> <Delay = 0.97>
ST_8 : Operation 54 [1/2] (0.97ns)   --->   "%call_ln188 = call void @AXIvideo2MultiBayer_Pipeline_loop_wait_for_eol, i10 %axi_data_3_loc_load, i1 %select_ln188, i1 %eol_loc_load, i16 %s_axis_video_V_data_V, i2 %s_axis_video_V_keep_V, i2 %s_axis_video_V_strb_V, i1 %s_axis_video_V_user_V, i1 %s_axis_video_V_last_V, i1 %s_axis_video_V_id_V, i1 %s_axis_video_V_dest_V, i10 %axi_data_2, i1 %axi_last_4_loc" [E:/Dev/QianSai/mipi_dp_vivado/mipi_dp.runs/design_1_v_demosaic_0_2_synth_1/prj/sol/.autopilot/db/v_demosaic.cpp:188]   --->   Operation 54 'call' 'call_ln188' <Predicate = true> <Delay = 0.97> <CoreType = "Generic">   --->   Generic Core

State 9 <SV = 8> <Delay = 0.00>
ST_9 : Operation 55 [1/1] (0.00ns)   --->   "%specloopname_ln163 = specloopname void @_ssdm_op_SpecLoopName, void @empty_21" [E:/Dev/QianSai/mipi_dp_vivado/mipi_dp.runs/design_1_v_demosaic_0_2_synth_1/prj/sol/.autopilot/db/v_demosaic.cpp:163]   --->   Operation 55 'specloopname' 'specloopname_ln163' <Predicate = true> <Delay = 0.00>
ST_9 : Operation 56 [1/1] (0.00ns)   --->   "%axi_last_4_loc_load = load i1 %axi_last_4_loc"   --->   Operation 56 'load' 'axi_last_4_loc_load' <Predicate = true> <Delay = 0.00>
ST_9 : Operation 57 [1/1] (0.00ns)   --->   "%br_ln163 = br void %loop_width" [E:/Dev/QianSai/mipi_dp_vivado/mipi_dp.runs/design_1_v_demosaic_0_2_synth_1/prj/sol/.autopilot/db/v_demosaic.cpp:163]   --->   Operation 57 'br' 'br_ln163' <Predicate = true> <Delay = 0.00>


============================================================
+ Verbose Summary: Timing violations
============================================================
Target clock period: 6.667ns, clock uncertainty: 1.800ns.

 <State 1>: 0.489ns
The critical path consists of the following:
	'alloca' operation 11 bit ('i', E:/Dev/QianSai/mipi_dp_vivado/mipi_dp.runs/design_1_v_demosaic_0_2_synth_1/prj/sol/.autopilot/db/v_demosaic.cpp:163) [12]  (0.000 ns)
	'store' operation 0 bit ('store_ln163', E:/Dev/QianSai/mipi_dp_vivado/mipi_dp.runs/design_1_v_demosaic_0_2_synth_1/prj/sol/.autopilot/db/v_demosaic.cpp:163) of constant 0 on local variable 'i', E:/Dev/QianSai/mipi_dp_vivado/mipi_dp.runs/design_1_v_demosaic_0_2_synth_1/prj/sol/.autopilot/db/v_demosaic.cpp:163 [31]  (0.489 ns)

 <State 2>: 0.624ns
The critical path consists of the following:
	'call' operation 0 bit ('call_ln0') to 'AXIvideo2MultiBayer_Pipeline_loop_wait_for_start' [26]  (0.624 ns)

 <State 3>: 0.978ns
The critical path consists of the following:
	'call' operation 0 bit ('call_ln0') to 'AXIvideo2MultiBayer_Pipeline_loop_wait_for_start' [26]  (0.978 ns)

 <State 4>: 1.279ns
The critical path consists of the following:
	'call' operation 11 bit ('cols', E:/Dev/QianSai/mipi_dp_vivado/mipi_dp.runs/design_1_v_demosaic_0_2_synth_1/prj/sol/.autopilot/db/v_demosaic.cpp:146) to 'reg<unsigned short>' [25]  (0.000 ns)
	'icmp' operation 1 bit ('cmp10251', E:/Dev/QianSai/mipi_dp_vivado/mipi_dp.runs/design_1_v_demosaic_0_2_synth_1/prj/sol/.autopilot/db/v_demosaic.cpp:146) [29]  (0.948 ns)
	'xor' operation 1 bit ('xor_ln188', E:/Dev/QianSai/mipi_dp_vivado/mipi_dp.runs/design_1_v_demosaic_0_2_synth_1/prj/sol/.autopilot/db/v_demosaic.cpp:188) [30]  (0.331 ns)

 <State 5>: 2.385ns
The critical path consists of the following:
	'load' operation 11 bit ('i', E:/Dev/QianSai/mipi_dp_vivado/mipi_dp.runs/design_1_v_demosaic_0_2_synth_1/prj/sol/.autopilot/db/v_demosaic.cpp:163) on local variable 'i', E:/Dev/QianSai/mipi_dp_vivado/mipi_dp.runs/design_1_v_demosaic_0_2_synth_1/prj/sol/.autopilot/db/v_demosaic.cpp:163 [36]  (0.000 ns)
	'icmp' operation 1 bit ('icmp_ln163', E:/Dev/QianSai/mipi_dp_vivado/mipi_dp.runs/design_1_v_demosaic_0_2_synth_1/prj/sol/.autopilot/db/v_demosaic.cpp:163) [37]  (0.948 ns)
	'call' operation 0 bit ('call_ln188', E:/Dev/QianSai/mipi_dp_vivado/mipi_dp.runs/design_1_v_demosaic_0_2_synth_1/prj/sol/.autopilot/db/v_demosaic.cpp:188) to 'AXIvideo2MultiBayer_Pipeline_loop_width' [44]  (1.437 ns)

 <State 6>: 0.000ns
The critical path consists of the following:

 <State 7>: 0.888ns
The critical path consists of the following:
	'load' operation 1 bit ('eol_loc_load') on local variable 'eol_loc' [46]  (0.000 ns)
	'select' operation 1 bit ('select_ln188', E:/Dev/QianSai/mipi_dp_vivado/mipi_dp.runs/design_1_v_demosaic_0_2_synth_1/prj/sol/.autopilot/db/v_demosaic.cpp:188) [48]  (0.264 ns)
	'call' operation 0 bit ('call_ln188', E:/Dev/QianSai/mipi_dp_vivado/mipi_dp.runs/design_1_v_demosaic_0_2_synth_1/prj/sol/.autopilot/db/v_demosaic.cpp:188) to 'AXIvideo2MultiBayer_Pipeline_loop_wait_for_eol' [50]  (0.624 ns)

 <State 8>: 0.978ns
The critical path consists of the following:
	'call' operation 0 bit ('call_ln188', E:/Dev/QianSai/mipi_dp_vivado/mipi_dp.runs/design_1_v_demosaic_0_2_synth_1/prj/sol/.autopilot/db/v_demosaic.cpp:188) to 'AXIvideo2MultiBayer_Pipeline_loop_wait_for_eol' [50]  (0.978 ns)

 <State 9>: 0.000ns
The critical path consists of the following:


============================================================
+ Verbose Summary: Binding
============================================================
N/A
* FSMD analyzer results:
  - Output states:
 - Input state : 
  - Chain level:
	State 1
	State 2
	State 3
	State 4
	State 5
	State 6
	State 7
	State 8
	State 9


============================================================
+ Verbose Summary: Datapath Resource usage 
============================================================
N/A
