

================================================================
== Vitis HLS Report for 'AXIvideo2MultiBayer'
================================================================
* Date:           Thu Nov 13 19:37:59 2025

* Version:        2024.2 (Build 5238294 on Nov  8 2024)
* Project:        prj
* Solution:       sol (Vivado IP Flow Target)
* Product family: zynquplus
* Target device:  xczu2cg-sfvc784-1-e


================================================================
== Performance Estimates
================================================================
+ Timing: 
    * Summary: 
    +--------+---------+----------+------------+
    |  Clock |  Target | Estimated| Uncertainty|
    +--------+---------+----------+------------+
    |ap_clk  |  6.67 ns|  2.385 ns|     1.80 ns|
    +--------+---------+----------+------------+

+ Latency: 
    * Summary: 
    +---------+---------+----------+----------+-----+-----+---------+
    |  Latency (cycles) |  Latency (absolute) |  Interval | Pipeline|
    |   min   |   max   |    min   |    max   | min | max |   Type  |
    +---------+---------+----------+----------+-----+-----+---------+
    |        ?|        ?|         ?|         ?|    ?|    ?|       no|
    +---------+---------+----------+----------+-----+-----+---------+

    + Detail: 
        * Instance: 
        +-------------------------------------------------------------+--------------------------------------------------+---------+---------+-----------+-----------+-----+------+------------------------------------------------+
        |                                                             |                                                  |  Latency (cycles) |   Latency (absolute)  |  Interval  |                    Pipeline                    |
        |                           Instance                          |                      Module                      |   min   |   max   |    min    |    max    | min |  max |                      Type                      |
        +-------------------------------------------------------------+--------------------------------------------------+---------+---------+-----------+-----------+-----+------+------------------------------------------------+
        |grp_AXIvideo2MultiBayer_Pipeline_loop_wait_for_start_fu_128  |AXIvideo2MultiBayer_Pipeline_loop_wait_for_start  |        ?|        ?|          ?|          ?|    0|     0|  loop auto-rewind stp (delay=0 clock cycles(s))|
        |grp_AXIvideo2MultiBayer_Pipeline_loop_width_fu_148           |AXIvideo2MultiBayer_Pipeline_loop_width           |        3|     1923|  20.001 ns|  12.821 us|    1|  1921|  loop auto-rewind stp (delay=0 clock cycles(s))|
        |grp_AXIvideo2MultiBayer_Pipeline_loop_wait_for_eol_fu_176    |AXIvideo2MultiBayer_Pipeline_loop_wait_for_eol    |        ?|        ?|          ?|          ?|    0|     0|  loop auto-rewind stp (delay=0 clock cycles(s))|
        |grp_reg_unsigned_short_s_fu_212                              |reg_unsigned_short_s                              |        1|        1|   6.667 ns|   6.667 ns|    1|     1|                                             yes|
        |grp_reg_unsigned_short_s_fu_218                              |reg_unsigned_short_s                              |        1|        1|   6.667 ns|   6.667 ns|    1|     1|                                             yes|
        +-------------------------------------------------------------+--------------------------------------------------+---------+---------+-----------+-----------+-----+------+------------------------------------------------+

        * Loop: 
        +---------------+---------+---------+----------+-----------+-----------+----------+----------+
        |               |  Latency (cycles) | Iteration|  Initiation Interval  |   Trip   |          |
        |   Loop Name   |   min   |   max   |  Latency |  achieved |   target  |   Count  | Pipelined|
        +---------------+---------+---------+----------+-----------+-----------+----------+----------+
        |- loop_height  |        ?|        ?|         ?|          -|          -|  0 ~ 1080|        no|
        +---------------+---------+---------+----------+-----------+-----------+----------+----------+

============================================================
+ Verbose Summary: Synthesis Manager
============================================================
InlineROM: 1
ExposeGlobal: 0
============================================================
+ Verbose Summary: CDFG Model
============================================================
IsTopModel: 0
ResetActiveHigh: 1
IsCombinational: 2
IsDatapathOnly: 0
HasWiredReturn: 1
HasMFsm: 0
HasVarLatency: 1
IsPipeline: 0
IsRtlPipelined: 0
IsInstanceOverlapped: 0
IsDontTouch: 0
HasImplIP: 0
IsGatedGlobalClock: 0


============================================================
+ Verbose Summary: Schedule
============================================================
* Number of FSM states : 9
* Pipeline : 0
* Dataflow Pipeline: 0

* FSM state transitions: 
1 --> 2 
2 --> 3 
3 --> 4 
4 --> 5 
5 --> 6 
6 --> 7 
7 --> 8 
8 --> 9 
9 --> 5 

* FSM state operations: 

State 1 <SV = 0> <Delay = 0.48>
ST_1 : Operation 10 [1/1] (0.00ns)   --->   "%axi_data_2 = alloca i32 1" [E:/Dev/QianSai/mipi_dp_vivado/mipi_dp.runs/design_1_v_demosaic_0_2_synth_1/prj/sol/.autopilot/db/v_demosaic.cpp:141]   --->   Operation 10 'alloca' 'axi_data_2' <Predicate = true> <Delay = 0.00>
ST_1 : Operation 11 [1/1] (0.00ns)   --->   "%i = alloca i32 1" [E:/Dev/QianSai/mipi_dp_vivado/mipi_dp.runs/design_1_v_demosaic_0_2_synth_1/prj/sol/.autopilot/db/v_demosaic.cpp:163]   --->   Operation 11 'alloca' 'i' <Predicate = true> <Delay = 0.00>
ST_1 : Operation 12 [1/1] (0.00ns)   --->   "%axi_last_4_loc = alloca i64 1"   --->   Operation 12 'alloca' 'axi_last_4_loc' <Predicate = true> <Delay = 0.00>
ST_1 : Operation 13 [1/1] (0.00ns)   --->   "%axi_data_3_loc = alloca i64 1"   --->   Operation 13 'alloca' 'axi_data_3_loc' <Predicate = true> <Delay = 0.00>
ST_1 : Operation 14 [1/1] (0.00ns)   --->   "%eol_loc = alloca i64 1"   --->   Operation 14 'alloca' 'eol_loc' <Predicate = true> <Delay = 0.00>
ST_1 : Operation 15 [1/1] (0.00ns)   --->   "%axi_last_loc = alloca i64 1"   --->   Operation 15 'alloca' 'axi_last_loc' <Predicate = true> <Delay = 0.00>
ST_1 : Operation 16 [1/1] (0.48ns)   --->   "%store_ln163 = store i11 0, i11 %i" [E:/Dev/QianSai/mipi_dp_vivado/mipi_dp.runs/design_1_v_demosaic_0_2_synth_1/prj/sol/.autopilot/db/v_demosaic.cpp:163]   --->   Operation 16 'store' 'store_ln163' <Predicate = true> <Delay = 0.48>

State 2 <SV = 1> <Delay = 0.62>
ST_2 : Operation 17 [2/2] (0.62ns)   --->   "%call_ln0 = call void @AXIvideo2MultiBayer_Pipeline_loop_wait_for_start, i16 %s_axis_video_V_data_V, i2 %s_axis_video_V_keep_V, i2 %s_axis_video_V_strb_V, i1 %s_axis_video_V_user_V, i1 %s_axis_video_V_last_V, i1 %s_axis_video_V_id_V, i1 %s_axis_video_V_dest_V, i10 %axi_data_2, i1 %axi_last_loc"   --->   Operation 17 'call' 'call_ln0' <Predicate = true> <Delay = 0.62> <CoreType = "Generic">   --->   Generic Core

State 3 <SV = 2> <Delay = 0.97>
ST_3 : Operation 18 [1/1] (0.00ns)   --->   "%WidthIn_val_read = read i16 @_ssdm_op_Read.ap_auto.i16, i16 %WidthIn_val"   --->   Operation 18 'read' 'WidthIn_val_read' <Predicate = true> <Delay = 0.00>
ST_3 : Operation 19 [1/1] (0.00ns)   --->   "%Height_val_read = read i16 @_ssdm_op_Read.ap_auto.i16, i16 %Height_val"   --->   Operation 19 'read' 'Height_val_read' <Predicate = true> <Delay = 0.00>
ST_3 : Operation 20 [1/1] (0.00ns)   --->   "%empty = trunc i16 %WidthIn_val_read"   --->   Operation 20 'trunc' 'empty' <Predicate = true> <Delay = 0.00>
ST_3 : Operation 21 [1/1] (0.00ns)   --->   "%empty_203 = trunc i16 %Height_val_read"   --->   Operation 21 'trunc' 'empty_203' <Predicate = true> <Delay = 0.00>
ST_3 : Operation 22 [2/2] (0.00ns)   --->   "%rows = call i11 @reg<unsigned short>, i11 %empty_203" [E:/Dev/QianSai/mipi_dp_vivado/mipi_dp.runs/design_1_v_demosaic_0_2_synth_1/prj/sol/.autopilot/db/v_demosaic.cpp:145]   --->   Operation 22 'call' 'rows' <Predicate = true> <Delay = 0.00> <CoreType = "Generic">   --->   Generic Core
ST_3 : Operation 23 [2/2] (0.00ns)   --->   "%cols = call i11 @reg<unsigned short>, i11 %empty" [E:/Dev/QianSai/mipi_dp_vivado/mipi_dp.runs/design_1_v_demosaic_0_2_synth_1/prj/sol/.autopilot/db/v_demosaic.cpp:146]   --->   Operation 23 'call' 'cols' <Predicate = true> <Delay = 0.00> <CoreType = "Generic">   --->   Generic Core
ST_3 : Operation 24 [1/2] (0.97ns)   --->   "%call_ln0 = call void @AXIvideo2MultiBayer_Pipeline_loop_wait_for_start, i16 %s_axis_video_V_data_V, i2 %s_axis_video_V_keep_V, i2 %s_axis_video_V_strb_V, i1 %s_axis_video_V_user_V, i1 %s_axis_video_V_last_V, i1 %s_axis_video_V_id_V, i1 %s_axis_video_V_dest_V, i10 %axi_data_2, i1 %axi_last_loc"   --->   Operation 24 'call' 'call_ln0' <Predicate = true> <Delay = 0.97> <CoreType = "Generic">   --->   Generic Core

State 4 <SV = 3> <Delay = 1.27>
ST_4 : Operation 25 [1/1] (0.00ns)   --->   "%specaxissidechannel_ln0 = specaxissidechannel void @_ssdm_op_SpecAXISSideChannel, i16 %s_axis_video_V_data_V, i2 %s_axis_video_V_keep_V, i2 %s_axis_video_V_strb_V, i1 %s_axis_video_V_user_V, i1 %s_axis_video_V_last_V, i1 %s_axis_video_V_id_V, i1 %s_axis_video_V_dest_V, void @empty_23"   --->   Operation 25 'specaxissidechannel' 'specaxissidechannel_ln0' <Predicate = true> <Delay = 0.00>
ST_4 : Operation 26 [1/1] (0.00ns)   --->   "%specinterface_ln0 = specinterface void @_ssdm_op_SpecInterface, i10 %imgBayer, void @empty_20, i32 0, i32 0, void @empty_14, i32 0, i32 0, void @empty_14, void @empty_14, void @empty_14, i32 0, i32 0, i32 0, i32 0, void @empty_14, void @empty_14, i32 4294967295, i32 0, i32 0"   --->   Operation 26 'specinterface' 'specinterface_ln0' <Predicate = true> <Delay = 0.00>
ST_4 : Operation 27 [1/1] (0.00ns)   --->   "%specinterface_ln0 = specinterface void @_ssdm_op_SpecInterface, i1 %s_axis_video_V_dest_V, i1 %s_axis_video_V_id_V, i1 %s_axis_video_V_last_V, i1 %s_axis_video_V_user_V, i2 %s_axis_video_V_strb_V, i2 %s_axis_video_V_keep_V, i16 %s_axis_video_V_data_V, void @empty_19, i32 1, i32 1, void @empty_12, i32 0, i32 0, void @empty_14, void @empty_14, void @empty_14, i32 0, i32 0, i32 0, i32 0, void @empty_14, void @empty_14, i32 4294967295, i32 0, i32 0"   --->   Operation 27 'specinterface' 'specinterface_ln0' <Predicate = true> <Delay = 0.00>
ST_4 : Operation 28 [1/2] (0.00ns)   --->   "%rows = call i11 @reg<unsigned short>, i11 %empty_203" [E:/Dev/QianSai/mipi_dp_vivado/mipi_dp.runs/design_1_v_demosaic_0_2_synth_1/prj/sol/.autopilot/db/v_demosaic.cpp:145]   --->   Operation 28 'call' 'rows' <Predicate = true> <Delay = 0.00> <CoreType = "Generic">   --->   Generic Core
ST_4 : Operation 29 [1/2] (0.00ns)   --->   "%cols = call i11 @reg<unsigned short>, i11 %empty" [E:/Dev/QianSai/mipi_dp_vivado/mipi_dp.runs/design_1_v_demosaic_0_2_synth_1/prj/sol/.autopilot/db/v_demosaic.cpp:146]   --->   Operation 29 'call' 'cols' <Predicate = true> <Delay = 0.00> <CoreType = "Generic">   --->   Generic Core
ST_4 : Operation 30 [1/1] (0.00ns)   --->   "%fence_ln141 = fence void @_ssdm_op_Fence, i16 %s_axis_video_V_data_V, i2 %s_axis_video_V_keep_V, i2 %s_axis_video_V_strb_V, i1 %s_axis_video_V_user_V, i1 %s_axis_video_V_last_V, i1 %s_axis_video_V_id_V, i1 %s_axis_video_V_dest_V, i32 4294967295, i16 %s_axis_video_V_data_V, i2 %s_axis_video_V_keep_V, i2 %s_axis_video_V_strb_V, i1 %s_axis_video_V_user_V, i1 %s_axis_video_V_last_V, i1 %s_axis_video_V_id_V, i1 %s_axis_video_V_dest_V, i10 %imgBayer" [E:/Dev/QianSai/mipi_dp_vivado/mipi_dp.runs/design_1_v_demosaic_0_2_synth_1/prj/sol/.autopilot/db/v_demosaic.cpp:141]   --->   Operation 30 'fence' 'fence_ln141' <Predicate = true> <Delay = 0.00>
ST_4 : Operation 31 [1/1] (0.00ns)   --->   "%axi_last_loc_load = load i1 %axi_last_loc"   --->   Operation 31 'load' 'axi_last_loc_load' <Predicate = true> <Delay = 0.00>
ST_4 : Operation 32 [1/1] (0.94ns)   --->   "%cmp10251 = icmp_ne  i11 %cols, i11 0" [E:/Dev/QianSai/mipi_dp_vivado/mipi_dp.runs/design_1_v_demosaic_0_2_synth_1/prj/sol/.autopilot/db/v_demosaic.cpp:146]   --->   Operation 32 'icmp' 'cmp10251' <Predicate = true> <Delay = 0.94> <CoreInst = "Cmp">   --->   Core 9 'Cmp' <Latency = 0> <II = 1> <Delay = 0.94> <FuncUnit> <Opcode : 'seteq' 'setne' 'setle' 'setge' 'setlt' 'setgt'> <InPorts = 2> <OutPorts = 1>
ST_4 : Operation 33 [1/1] (0.33ns)   --->   "%xor_ln188 = xor i1 %cmp10251, i1 1" [E:/Dev/QianSai/mipi_dp_vivado/mipi_dp.runs/design_1_v_demosaic_0_2_synth_1/prj/sol/.autopilot/db/v_demosaic.cpp:188]   --->   Operation 33 'xor' 'xor_ln188' <Predicate = true> <Delay = 0.33> <CoreInst = "LogicGate">   --->   Core 74 'LogicGate' <Latency = 0> <II = 1> <Delay = 0.33> <FuncUnit> <Opcode : 'and' 'or' 'xor'> <InPorts = 2> <OutPorts = 1>
ST_4 : Operation 34 [1/1] (0.48ns)   --->   "%br_ln163 = br void %loop_width" [E:/Dev/QianSai/mipi_dp_vivado/mipi_dp.runs/design_1_v_demosaic_0_2_synth_1/prj/sol/.autopilot/db/v_demosaic.cpp:163]   --->   Operation 34 'br' 'br_ln163' <Predicate = true> <Delay = 0.48>

State 5 <SV = 4> <Delay = 2.38>
ST_5 : Operation 35 [1/1] (0.00ns)   --->   "%sof = phi i1 1, void %entry, i1 %and_ln188, void %loop_width.split" [E:/Dev/QianSai/mipi_dp_vivado/mipi_dp.runs/design_1_v_demosaic_0_2_synth_1/prj/sol/.autopilot/db/v_demosaic.cpp:188]   --->   Operation 35 'phi' 'sof' <Predicate = true> <Delay = 0.00>
ST_5 : Operation 36 [1/1] (0.00ns)   --->   "%axi_last_2 = phi i1 %axi_last_loc_load, void %entry, i1 %axi_last_4_loc_load, void %loop_width.split"   --->   Operation 36 'phi' 'axi_last_2' <Predicate = true> <Delay = 0.00>
ST_5 : Operation 37 [1/1] (0.00ns)   --->   "%i_3 = load i11 %i" [E:/Dev/QianSai/mipi_dp_vivado/mipi_dp.runs/design_1_v_demosaic_0_2_synth_1/prj/sol/.autopilot/db/v_demosaic.cpp:163]   --->   Operation 37 'load' 'i_3' <Predicate = true> <Delay = 0.00>
ST_5 : Operation 38 [1/1] (0.94ns)   --->   "%icmp_ln163 = icmp_eq  i11 %i_3, i11 %rows" [E:/Dev/QianSai/mipi_dp_vivado/mipi_dp.runs/design_1_v_demosaic_0_2_synth_1/prj/sol/.autopilot/db/v_demosaic.cpp:163]   --->   Operation 38 'icmp' 'icmp_ln163' <Predicate = true> <Delay = 0.94> <CoreInst = "Cmp">   --->   Core 9 'Cmp' <Latency = 0> <II = 1> <Delay = 0.94> <FuncUnit> <Opcode : 'seteq' 'setne' 'setle' 'setge' 'setlt' 'setgt'> <InPorts = 2> <OutPorts = 1>
ST_5 : Operation 39 [1/1] (0.00ns)   --->   "%speclooptripcount_ln0 = speclooptripcount void @_ssdm_op_SpecLoopTripCount, i64 0, i64 1080, i64 0"   --->   Operation 39 'speclooptripcount' 'speclooptripcount_ln0' <Predicate = true> <Delay = 0.00>
ST_5 : Operation 40 [1/1] (0.94ns)   --->   "%i_4 = add i11 %i_3, i11 1" [E:/Dev/QianSai/mipi_dp_vivado/mipi_dp.runs/design_1_v_demosaic_0_2_synth_1/prj/sol/.autopilot/db/v_demosaic.cpp:163]   --->   Operation 40 'add' 'i_4' <Predicate = true> <Delay = 0.94> <CoreInst = "Adder">   --->   Core 1 'Adder' <Latency = 0> <II = 1> <Delay = 0.94> <FuncUnit> <Opcode : 'add' 'sub'> <InPorts = 2> <OutPorts = 1>
ST_5 : Operation 41 [1/1] (0.00ns)   --->   "%br_ln163 = br i1 %icmp_ln163, void %loop_width.split, void %for.end39.loopexit" [E:/Dev/QianSai/mipi_dp_vivado/mipi_dp.runs/design_1_v_demosaic_0_2_synth_1/prj/sol/.autopilot/db/v_demosaic.cpp:163]   --->   Operation 41 'br' 'br_ln163' <Predicate = true> <Delay = 0.00>
ST_5 : Operation 42 [1/1] (0.00ns)   --->   "%axi_data_2_load = load i10 %axi_data_2"   --->   Operation 42 'load' 'axi_data_2_load' <Predicate = (!icmp_ln163)> <Delay = 0.00>
ST_5 : Operation 43 [2/2] (1.43ns)   --->   "%call_ln188 = call void @AXIvideo2MultiBayer_Pipeline_loop_width, i1 %sof, i1 %axi_last_2, i10 %axi_data_2_load, i11 %cols, i10 %imgBayer, i16 %s_axis_video_V_data_V, i2 %s_axis_video_V_keep_V, i2 %s_axis_video_V_strb_V, i1 %s_axis_video_V_user_V, i1 %s_axis_video_V_last_V, i1 %s_axis_video_V_id_V, i1 %s_axis_video_V_dest_V, i1 %eol_loc, i10 %axi_data_3_loc" [E:/Dev/QianSai/mipi_dp_vivado/mipi_dp.runs/design_1_v_demosaic_0_2_synth_1/prj/sol/.autopilot/db/v_demosaic.cpp:188]   --->   Operation 43 'call' 'call_ln188' <Predicate = (!icmp_ln163)> <Delay = 1.43> <CoreType = "Generic">   --->   Generic Core
ST_5 : Operation 44 [1/1] (0.33ns)   --->   "%and_ln188 = and i1 %sof, i1 %xor_ln188" [E:/Dev/QianSai/mipi_dp_vivado/mipi_dp.runs/design_1_v_demosaic_0_2_synth_1/prj/sol/.autopilot/db/v_demosaic.cpp:188]   --->   Operation 44 'and' 'and_ln188' <Predicate = (!icmp_ln163)> <Delay = 0.33> <CoreInst = "LogicGate">   --->   Core 74 'LogicGate' <Latency = 0> <II = 1> <Delay = 0.33> <FuncUnit> <Opcode : 'and' 'or' 'xor'> <InPorts = 2> <OutPorts = 1>
ST_5 : Operation 45 [1/1] (0.48ns)   --->   "%store_ln163 = store i11 %i_4, i11 %i" [E:/Dev/QianSai/mipi_dp_vivado/mipi_dp.runs/design_1_v_demosaic_0_2_synth_1/prj/sol/.autopilot/db/v_demosaic.cpp:163]   --->   Operation 45 'store' 'store_ln163' <Predicate = (!icmp_ln163)> <Delay = 0.48>
ST_5 : Operation 46 [1/1] (0.00ns)   --->   "%ret_ln0 = ret"   --->   Operation 46 'ret' 'ret_ln0' <Predicate = (icmp_ln163)> <Delay = 0.00>

State 6 <SV = 5> <Delay = 0.00>
ST_6 : Operation 47 [1/2] (0.00ns)   --->   "%call_ln188 = call void @AXIvideo2MultiBayer_Pipeline_loop_width, i1 %sof, i1 %axi_last_2, i10 %axi_data_2_load, i11 %cols, i10 %imgBayer, i16 %s_axis_video_V_data_V, i2 %s_axis_video_V_keep_V, i2 %s_axis_video_V_strb_V, i1 %s_axis_video_V_user_V, i1 %s_axis_video_V_last_V, i1 %s_axis_video_V_id_V, i1 %s_axis_video_V_dest_V, i1 %eol_loc, i10 %axi_data_3_loc" [E:/Dev/QianSai/mipi_dp_vivado/mipi_dp.runs/design_1_v_demosaic_0_2_synth_1/prj/sol/.autopilot/db/v_demosaic.cpp:188]   --->   Operation 47 'call' 'call_ln188' <Predicate = true> <Delay = 0.00> <CoreType = "Generic">   --->   Generic Core

State 7 <SV = 6> <Delay = 0.88>
ST_7 : Operation 48 [1/1] (0.00ns)   --->   "%fence_ln188 = fence void @_ssdm_op_Fence, i16 %s_axis_video_V_data_V, i2 %s_axis_video_V_keep_V, i2 %s_axis_video_V_strb_V, i1 %s_axis_video_V_user_V, i1 %s_axis_video_V_last_V, i1 %s_axis_video_V_id_V, i1 %s_axis_video_V_dest_V, i10 %imgBayer, i32 4294967295, i16 %s_axis_video_V_data_V, i2 %s_axis_video_V_keep_V, i2 %s_axis_video_V_strb_V, i1 %s_axis_video_V_user_V, i1 %s_axis_video_V_last_V, i1 %s_axis_video_V_id_V, i1 %s_axis_video_V_dest_V" [E:/Dev/QianSai/mipi_dp_vivado/mipi_dp.runs/design_1_v_demosaic_0_2_synth_1/prj/sol/.autopilot/db/v_demosaic.cpp:188]   --->   Operation 48 'fence' 'fence_ln188' <Predicate = true> <Delay = 0.00>
ST_7 : Operation 49 [1/1] (0.00ns)   --->   "%eol_loc_load = load i1 %eol_loc"   --->   Operation 49 'load' 'eol_loc_load' <Predicate = true> <Delay = 0.00>
ST_7 : Operation 50 [1/1] (0.00ns)   --->   "%axi_data_3_loc_load = load i10 %axi_data_3_loc"   --->   Operation 50 'load' 'axi_data_3_loc_load' <Predicate = true> <Delay = 0.00>
ST_7 : Operation 51 [1/1] (0.26ns)   --->   "%select_ln188 = select i1 %cmp10251, i1 %eol_loc_load, i1 %axi_last_2" [E:/Dev/QianSai/mipi_dp_vivado/mipi_dp.runs/design_1_v_demosaic_0_2_synth_1/prj/sol/.autopilot/db/v_demosaic.cpp:188]   --->   Operation 51 'select' 'select_ln188' <Predicate = true> <Delay = 0.26> <CoreInst = "Sel">   --->   Core 73 'Sel' <Latency = 0> <II = 1> <Delay = 0.26> <FuncUnit> <Opcode : 'select'> <InPorts = 3> <OutPorts = 1>
ST_7 : Operation 52 [1/1] (0.00ns)   --->   "%fence_ln188 = fence void @_ssdm_op_Fence, i16 %s_axis_video_V_data_V, i2 %s_axis_video_V_keep_V, i2 %s_axis_video_V_strb_V, i1 %s_axis_video_V_user_V, i1 %s_axis_video_V_last_V, i1 %s_axis_video_V_id_V, i1 %s_axis_video_V_dest_V, i10 %imgBayer, i32 4294967295, i16 %s_axis_video_V_data_V, i2 %s_axis_video_V_keep_V, i2 %s_axis_video_V_strb_V, i1 %s_axis_video_V_user_V, i1 %s_axis_video_V_last_V, i1 %s_axis_video_V_id_V, i1 %s_axis_video_V_dest_V" [E:/Dev/QianSai/mipi_dp_vivado/mipi_dp.runs/design_1_v_demosaic_0_2_synth_1/prj/sol/.autopilot/db/v_demosaic.cpp:188]   --->   Operation 52 'fence' 'fence_ln188' <Predicate = true> <Delay = 0.00>
ST_7 : Operation 53 [2/2] (0.62ns)   --->   "%call_ln188 = call void @AXIvideo2MultiBayer_Pipeline_loop_wait_for_eol, i10 %axi_data_3_loc_load, i1 %select_ln188, i1 %eol_loc_load, i16 %s_axis_video_V_data_V, i2 %s_axis_video_V_keep_V, i2 %s_axis_video_V_strb_V, i1 %s_axis_video_V_user_V, i1 %s_axis_video_V_last_V, i1 %s_axis_video_V_id_V, i1 %s_axis_video_V_dest_V, i10 %axi_data_2, i1 %axi_last_4_loc" [E:/Dev/QianSai/mipi_dp_vivado/mipi_dp.runs/design_1_v_demosaic_0_2_synth_1/prj/sol/.autopilot/db/v_demosaic.cpp:188]   --->   Operation 53 'call' 'call_ln188' <Predicate = true> <Delay = 0.62> <CoreType = "Generic">   --->   Generic Core

State 8 <SV = 7> <Delay = 0.97>
ST_8 : Operation 54 [1/2] (0.97ns)   --->   "%call_ln188 = call void @AXIvideo2MultiBayer_Pipeline_loop_wait_for_eol, i10 %axi_data_3_loc_load, i1 %select_ln188, i1 %eol_loc_load, i16 %s_axis_video_V_data_V, i2 %s_axis_video_V_keep_V, i2 %s_axis_video_V_strb_V, i1 %s_axis_video_V_user_V, i1 %s_axis_video_V_last_V, i1 %s_axis_video_V_id_V, i1 %s_axis_video_V_dest_V, i10 %axi_data_2, i1 %axi_last_4_loc" [E:/Dev/QianSai/mipi_dp_vivado/mipi_dp.runs/design_1_v_demosaic_0_2_synth_1/prj/sol/.autopilot/db/v_demosaic.cpp:188]   --->   Operation 54 'call' 'call_ln188' <Predicate = true> <Delay = 0.97> <CoreType = "Generic">   --->   Generic Core

State 9 <SV = 8> <Delay = 0.00>
ST_9 : Operation 55 [1/1] (0.00ns)   --->   "%specloopname_ln163 = specloopname void @_ssdm_op_SpecLoopName, void @empty_21" [E:/Dev/QianSai/mipi_dp_vivado/mipi_dp.runs/design_1_v_demosaic_0_2_synth_1/prj/sol/.autopilot/db/v_demosaic.cpp:163]   --->   Operation 55 'specloopname' 'specloopname_ln163' <Predicate = true> <Delay = 0.00>
ST_9 : Operation 56 [1/1] (0.00ns)   --->   "%axi_last_4_loc_load = load i1 %axi_last_4_loc"   --->   Operation 56 'load' 'axi_last_4_loc_load' <Predicate = true> <Delay = 0.00>
ST_9 : Operation 57 [1/1] (0.00ns)   --->   "%br_ln163 = br void %loop_width" [E:/Dev/QianSai/mipi_dp_vivado/mipi_dp.runs/design_1_v_demosaic_0_2_synth_1/prj/sol/.autopilot/db/v_demosaic.cpp:163]   --->   Operation 57 'br' 'br_ln163' <Predicate = true> <Delay = 0.00>


============================================================
+ Verbose Summary: Binding
============================================================
STG Binding: 
---------------- STG Properties BEGIN ----------------
- Is combinational: 0
- Is one-state seq: 0
- Is datapath-only: 0
- Is pipelined: 0
- Is top level: 0
Port [ Return ] is wired: 1; IO mode=ap_ctrl_hs:ce=0
Port [ s_axis_video_V_data_V]:  wired=1; compound=1; hidden=0; nouse=0; global=0; static=0; extern=0; dir=0; type=0; pingpong=0; private_global=0; IO mode=axis:ce=0
Port [ s_axis_video_V_keep_V]:  wired=1; compound=1; hidden=0; nouse=0; global=0; static=0; extern=0; dir=0; type=0; pingpong=0; private_global=0; IO mode=axis:ce=0
Port [ s_axis_video_V_strb_V]:  wired=1; compound=1; hidden=0; nouse=0; global=0; static=0; extern=0; dir=0; type=0; pingpong=0; private_global=0; IO mode=axis:ce=0
Port [ s_axis_video_V_user_V]:  wired=1; compound=1; hidden=0; nouse=0; global=0; static=0; extern=0; dir=0; type=0; pingpong=0; private_global=0; IO mode=axis:ce=0
Port [ s_axis_video_V_last_V]:  wired=1; compound=1; hidden=0; nouse=0; global=0; static=0; extern=0; dir=0; type=0; pingpong=0; private_global=0; IO mode=axis:ce=0
Port [ s_axis_video_V_id_V]:  wired=1; compound=1; hidden=0; nouse=0; global=0; static=0; extern=0; dir=0; type=0; pingpong=0; private_global=0; IO mode=axis:ce=0
Port [ s_axis_video_V_dest_V]:  wired=1; compound=1; hidden=0; nouse=0; global=0; static=0; extern=0; dir=0; type=0; pingpong=0; private_global=0; IO mode=axis:ce=0
Port [ imgBayer]:  wired=1; compound=1; hidden=0; nouse=0; global=0; static=0; extern=0; dir=1; type=3; pingpong=0; private_global=0; IO mode=ap_fifo:ce=0
Port [ Height_val]:  wired=1; compound=0; hidden=0; nouse=0; global=0; static=0; extern=0; dir=0; type=0; pingpong=0; private_global=0; IO mode=ap_none:ce=0
Port [ WidthIn_val]:  wired=1; compound=0; hidden=0; nouse=0; global=0; static=0; extern=0; dir=0; type=0; pingpong=0; private_global=0; IO mode=ap_none:ce=0
---------------- STG Properties END ------------------

---------------- Datapath Model BEGIN ----------------

<LifeTime>
<method=bitvector/>
axi_data_2              (alloca             ) [ 0011111111]
i                       (alloca             ) [ 0111111111]
axi_last_4_loc          (alloca             ) [ 0011111111]
axi_data_3_loc          (alloca             ) [ 0011111111]
eol_loc                 (alloca             ) [ 0011111111]
axi_last_loc            (alloca             ) [ 0011100000]
store_ln163             (store              ) [ 0000000000]
WidthIn_val_read        (read               ) [ 0000000000]
Height_val_read         (read               ) [ 0000000000]
empty                   (trunc              ) [ 0000000000]
empty_203               (trunc              ) [ 0000000000]
call_ln0                (call               ) [ 0000000000]
specaxissidechannel_ln0 (specaxissidechannel) [ 0000000000]
specinterface_ln0       (specinterface      ) [ 0000000000]
specinterface_ln0       (specinterface      ) [ 0000000000]
rows                    (call               ) [ 0000011111]
cols                    (call               ) [ 0000011111]
fence_ln141             (fence              ) [ 0000000000]
axi_last_loc_load       (load               ) [ 0000111111]
cmp10251                (icmp               ) [ 0000011111]
xor_ln188               (xor                ) [ 0000011111]
br_ln163                (br                 ) [ 0000111111]
sof                     (phi                ) [ 0000011000]
axi_last_2              (phi                ) [ 0000011100]
i_3                     (load               ) [ 0000000000]
icmp_ln163              (icmp               ) [ 0000011111]
speclooptripcount_ln0   (speclooptripcount  ) [ 0000000000]
i_4                     (add                ) [ 0000000000]
br_ln163                (br                 ) [ 0000000000]
axi_data_2_load         (load               ) [ 0000001000]
and_ln188               (and                ) [ 0000111111]
store_ln163             (store              ) [ 0000000000]
ret_ln0                 (ret                ) [ 0000000000]
call_ln188              (call               ) [ 0000000000]
fence_ln188             (fence              ) [ 0000000000]
eol_loc_load            (load               ) [ 0000000010]
axi_data_3_loc_load     (load               ) [ 0000000010]
select_ln188            (select             ) [ 0000000010]
fence_ln188             (fence              ) [ 0000000000]
call_ln188              (call               ) [ 0000000000]
specloopname_ln163      (specloopname       ) [ 0000000000]
axi_last_4_loc_load     (load               ) [ 0000111111]
br_ln163                (br                 ) [ 0000111111]
</LifeTime>

<model>

<comp_list>
<comp id="0" class="1000" name="s_axis_video_V_data_V">
<pin_list>
<pin id="1" dir="1" index="0" bw="1" slack="0"/>
</pin_list>
<bind>
<StgValue><ssdm name="s_axis_video_V_data_V"/></StgValue>
</bind>
</comp>

<comp id="2" class="1000" name="s_axis_video_V_keep_V">
<pin_list>
<pin id="3" dir="1" index="0" bw="1" slack="0"/>
</pin_list>
<bind>
<StgValue><ssdm name="s_axis_video_V_keep_V"/></StgValue>
</bind>
</comp>

<comp id="4" class="1000" name="s_axis_video_V_strb_V">
<pin_list>
<pin id="5" dir="1" index="0" bw="1" slack="0"/>
</pin_list>
<bind>
<StgValue><ssdm name="s_axis_video_V_strb_V"/></StgValue>
</bind>
</comp>

<comp id="6" class="1000" name="s_axis_video_V_user_V">
<pin_list>
<pin id="7" dir="1" index="0" bw="1" slack="0"/>
</pin_list>
<bind>
<StgValue><ssdm name="s_axis_video_V_user_V"/></StgValue>
</bind>
</comp>

<comp id="8" class="1000" name="s_axis_video_V_last_V">
<pin_list>
<pin id="9" dir="1" index="0" bw="1" slack="0"/>
</pin_list>
<bind>
<StgValue><ssdm name="s_axis_video_V_last_V"/></StgValue>
</bind>
</comp>

<comp id="10" class="1000" name="s_axis_video_V_id_V">
<pin_list>
<pin id="11" dir="1" index="0" bw="1" slack="0"/>
</pin_list>
<bind>
<StgValue><ssdm name="s_axis_video_V_id_V"/></StgValue>
</bind>
</comp>

<comp id="12" class="1000" name="s_axis_video_V_dest_V">
<pin_list>
<pin id="13" dir="1" index="0" bw="1" slack="0"/>
</pin_list>
<bind>
<StgValue><ssdm name="s_axis_video_V_dest_V"/></StgValue>
</bind>
</comp>

<comp id="14" class="1000" name="imgBayer">
<pin_list>
<pin id="15" dir="1" index="0" bw="1" slack="0"/>
</pin_list>
<bind>
<StgValue><ssdm name="imgBayer"/></StgValue>
</bind>
</comp>

<comp id="16" class="1000" name="Height_val">
<pin_list>
<pin id="17" dir="1" index="0" bw="1" slack="0"/>
</pin_list>
<bind>
<StgValue><ssdm name="Height_val"/></StgValue>
</bind>
</comp>

<comp id="18" class="1000" name="WidthIn_val">
<pin_list>
<pin id="19" dir="1" index="0" bw="1" slack="0"/>
</pin_list>
<bind>
<StgValue><ssdm name="WidthIn_val"/></StgValue>
</bind>
</comp>

<comp id="20" class="1001" name="const_20">
<pin_list>
<pin id="21" dir="1" index="0" bw="1" slack="0"/>
</pin_list>
<bind>
<StgValue><ssdm name=""/></StgValue>
</bind>
</comp>

<comp id="22" class="1001" name="const_22">
<pin_list>
<pin id="23" dir="1" index="0" bw="1" slack="0"/>
</pin_list>
<bind>
<StgValue><ssdm name=""/></StgValue>
</bind>
</comp>

<comp id="24" class="1001" name="const_24">
<pin_list>
<pin id="25" dir="1" index="0" bw="1" slack="0"/>
</pin_list>
<bind>
<StgValue><ssdm name=""/></StgValue>
</bind>
</comp>

<comp id="26" class="1001" name="const_26">
<pin_list>
<pin id="27" dir="1" index="0" bw="1" slack="0"/>
</pin_list>
<bind>
<StgValue><ssdm name="AXIvideo2MultiBayer_Pipeline_loop_wait_for_start"/></StgValue>
</bind>
</comp>

<comp id="28" class="1001" name="const_28">
<pin_list>
<pin id="29" dir="1" index="0" bw="1" slack="0"/>
</pin_list>
<bind>
<StgValue><ssdm name="_ssdm_op_Read.ap_auto.i16"/></StgValue>
</bind>
</comp>

<comp id="30" class="1001" name="const_30">
<pin_list>
<pin id="31" dir="1" index="0" bw="1" slack="0"/>
</pin_list>
<bind>
<StgValue><ssdm name="reg<unsigned short>"/></StgValue>
</bind>
</comp>

<comp id="32" class="1001" name="const_32">
<pin_list>
<pin id="33" dir="1" index="0" bw="1" slack="2147483647"/>
</pin_list>
<bind>
<StgValue><ssdm name="_ssdm_op_SpecAXISSideChannel"/></StgValue>
</bind>
</comp>

<comp id="34" class="1001" name="const_34">
<pin_list>
<pin id="35" dir="1" index="0" bw="1" slack="2147483647"/>
</pin_list>
<bind>
<StgValue><ssdm name="empty_23"/></StgValue>
</bind>
</comp>

<comp id="36" class="1001" name="const_36">
<pin_list>
<pin id="37" dir="1" index="0" bw="1" slack="2147483647"/>
</pin_list>
<bind>
<StgValue><ssdm name="_ssdm_op_SpecInterface"/></StgValue>
</bind>
</comp>

<comp id="38" class="1001" name="const_38">
<pin_list>
<pin id="39" dir="1" index="0" bw="1" slack="2147483647"/>
</pin_list>
<bind>
<StgValue><ssdm name="empty_20"/></StgValue>
</bind>
</comp>

<comp id="40" class="1001" name="const_40">
<pin_list>
<pin id="41" dir="1" index="0" bw="1" slack="2147483647"/>
</pin_list>
<bind>
<StgValue><ssdm name=""/></StgValue>
</bind>
</comp>

<comp id="42" class="1001" name="const_42">
<pin_list>
<pin id="43" dir="1" index="0" bw="1" slack="2147483647"/>
</pin_list>
<bind>
<StgValue><ssdm name="empty_14"/></StgValue>
</bind>
</comp>

<comp id="44" class="1001" name="const_44">
<pin_list>
<pin id="45" dir="1" index="0" bw="1" slack="0"/>
</pin_list>
<bind>
<StgValue><ssdm name=""/></StgValue>
</bind>
</comp>

<comp id="46" class="1001" name="const_46">
<pin_list>
<pin id="47" dir="1" index="0" bw="1" slack="2147483647"/>
</pin_list>
<bind>
<StgValue><ssdm name="empty_19"/></StgValue>
</bind>
</comp>

<comp id="48" class="1001" name="const_48">
<pin_list>
<pin id="49" dir="1" index="0" bw="1" slack="2147483647"/>
</pin_list>
<bind>
<StgValue><ssdm name="empty_12"/></StgValue>
</bind>
</comp>

<comp id="50" class="1001" name="const_50">
<pin_list>
<pin id="51" dir="1" index="0" bw="1" slack="0"/>
</pin_list>
<bind>
<StgValue><ssdm name="_ssdm_op_Fence"/></StgValue>
</bind>
</comp>

<comp id="52" class="1001" name="const_52">
<pin_list>
<pin id="53" dir="1" index="0" bw="1" slack="0"/>
</pin_list>
<bind>
<StgValue><ssdm name=""/></StgValue>
</bind>
</comp>

<comp id="54" class="1001" name="const_54">
<pin_list>
<pin id="55" dir="1" index="0" bw="1" slack="2147483647"/>
</pin_list>
<bind>
<StgValue><ssdm name="_ssdm_op_SpecLoopTripCount"/></StgValue>
</bind>
</comp>

<comp id="56" class="1001" name="const_56">
<pin_list>
<pin id="57" dir="1" index="0" bw="1" slack="2147483647"/>
</pin_list>
<bind>
<StgValue><ssdm name=""/></StgValue>
</bind>
</comp>

<comp id="58" class="1001" name="const_58">
<pin_list>
<pin id="59" dir="1" index="0" bw="1" slack="2147483647"/>
</pin_list>
<bind>
<StgValue><ssdm name=""/></StgValue>
</bind>
</comp>

<comp id="60" class="1001" name="const_60">
<pin_list>
<pin id="61" dir="1" index="0" bw="1" slack="0"/>
</pin_list>
<bind>
<StgValue><ssdm name=""/></StgValue>
</bind>
</comp>

<comp id="62" class="1001" name="const_62">
<pin_list>
<pin id="63" dir="1" index="0" bw="1" slack="0"/>
</pin_list>
<bind>
<StgValue><ssdm name="AXIvideo2MultiBayer_Pipeline_loop_width"/></StgValue>
</bind>
</comp>

<comp id="64" class="1001" name="const_64">
<pin_list>
<pin id="65" dir="1" index="0" bw="1" slack="0"/>
</pin_list>
<bind>
<StgValue><ssdm name="AXIvideo2MultiBayer_Pipeline_loop_wait_for_eol"/></StgValue>
</bind>
</comp>

<comp id="66" class="1001" name="const_66">
<pin_list>
<pin id="67" dir="1" index="0" bw="1" slack="2147483647"/>
</pin_list>
<bind>
<StgValue><ssdm name="_ssdm_op_SpecLoopName"/></StgValue>
</bind>
</comp>

<comp id="68" class="1001" name="const_68">
<pin_list>
<pin id="69" dir="1" index="0" bw="1" slack="2147483647"/>
</pin_list>
<bind>
<StgValue><ssdm name="empty_21"/></StgValue>
</bind>
</comp>

<comp id="70" class="1004" name="axi_data_2_fu_70">
<pin_list>
<pin id="71" dir="0" index="0" bw="1" slack="0"/>
<pin id="72" dir="1" index="1" bw="10" slack="1"/>
</pin_list>
<bind>
<opcode="alloca(26) " fcode="alloca"/>
<opset="axi_data_2/1 "/>
</bind>
</comp>

<comp id="74" class="1004" name="i_fu_74">
<pin_list>
<pin id="75" dir="0" index="0" bw="1" slack="0"/>
<pin id="76" dir="1" index="1" bw="11" slack="0"/>
</pin_list>
<bind>
<opcode="alloca(26) " fcode="alloca"/>
<opset="i/1 "/>
</bind>
</comp>

<comp id="78" class="1004" name="axi_last_4_loc_fu_78">
<pin_list>
<pin id="79" dir="0" index="0" bw="1" slack="0"/>
<pin id="80" dir="1" index="1" bw="1" slack="6"/>
</pin_list>
<bind>
<opcode="alloca(26) " fcode="alloca"/>
<opset="axi_last_4_loc/1 "/>
</bind>
</comp>

<comp id="82" class="1004" name="axi_data_3_loc_fu_82">
<pin_list>
<pin id="83" dir="0" index="0" bw="1" slack="0"/>
<pin id="84" dir="1" index="1" bw="10" slack="4"/>
</pin_list>
<bind>
<opcode="alloca(26) " fcode="alloca"/>
<opset="axi_data_3_loc/1 "/>
</bind>
</comp>

<comp id="86" class="1004" name="eol_loc_fu_86">
<pin_list>
<pin id="87" dir="0" index="0" bw="1" slack="0"/>
<pin id="88" dir="1" index="1" bw="1" slack="4"/>
</pin_list>
<bind>
<opcode="alloca(26) " fcode="alloca"/>
<opset="eol_loc/1 "/>
</bind>
</comp>

<comp id="90" class="1004" name="axi_last_loc_fu_90">
<pin_list>
<pin id="91" dir="0" index="0" bw="1" slack="0"/>
<pin id="92" dir="1" index="1" bw="1" slack="1"/>
</pin_list>
<bind>
<opcode="alloca(26) " fcode="alloca"/>
<opset="axi_last_loc/1 "/>
</bind>
</comp>

<comp id="94" class="1004" name="WidthIn_val_read_read_fu_94">
<pin_list>
<pin id="95" dir="0" index="0" bw="16" slack="0"/>
<pin id="96" dir="0" index="1" bw="16" slack="0"/>
<pin id="97" dir="1" index="2" bw="16" slack="0"/>
</pin_list>
<bind>
<opcode="read(1150) " fcode="read"/>
<opset="WidthIn_val_read/3 "/>
</bind>
</comp>

<comp id="100" class="1004" name="Height_val_read_read_fu_100">
<pin_list>
<pin id="101" dir="0" index="0" bw="16" slack="0"/>
<pin id="102" dir="0" index="1" bw="16" slack="0"/>
<pin id="103" dir="1" index="2" bw="16" slack="0"/>
</pin_list>
<bind>
<opcode="read(1150) " fcode="read"/>
<opset="Height_val_read/3 "/>
</bind>
</comp>

<comp id="106" class="1005" name="sof_reg_106">
<pin_list>
<pin id="107" dir="0" index="0" bw="1" slack="1"/>
<pin id="108" dir="1" index="1" bw="1" slack="1"/>
</pin_list>
<bind>
<opset="sof (phireg) "/>
</bind>
</comp>

<comp id="110" class="1004" name="sof_phi_fu_110">
<pin_list>
<pin id="111" dir="0" index="0" bw="1" slack="1"/>
<pin id="112" dir="0" index="1" bw="0" slack="2147483647"/>
<pin id="113" dir="0" index="2" bw="1" slack="0"/>
<pin id="114" dir="0" index="3" bw="0" slack="2147483647"/>
<pin id="115" dir="1" index="4" bw="1" slack="0"/>
</pin_list>
<bind>
<opcode="phi(47) " fcode="phi"/>
<opset="sof/5 "/>
</bind>
</comp>

<comp id="118" class="1005" name="axi_last_2_reg_118">
<pin_list>
<pin id="119" dir="0" index="0" bw="1" slack="1"/>
<pin id="120" dir="1" index="1" bw="1" slack="2"/>
</pin_list>
<bind>
<opset="axi_last_2 (phireg) "/>
</bind>
</comp>

<comp id="121" class="1004" name="axi_last_2_phi_fu_121">
<pin_list>
<pin id="122" dir="0" index="0" bw="1" slack="2147483647"/>
<pin id="123" dir="0" index="1" bw="0" slack="2147483647"/>
<pin id="124" dir="0" index="2" bw="1" slack="2147483647"/>
<pin id="125" dir="0" index="3" bw="0" slack="2147483647"/>
<pin id="126" dir="1" index="4" bw="1" slack="0"/>
</pin_list>
<bind>
<opcode="phi(47) " fcode="phi"/>
<opset="axi_last_2/5 "/>
</bind>
</comp>

<comp id="128" class="1004" name="grp_AXIvideo2MultiBayer_Pipeline_loop_wait_for_start_fu_128">
<pin_list>
<pin id="129" dir="0" index="0" bw="0" slack="0"/>
<pin id="130" dir="0" index="1" bw="16" slack="0"/>
<pin id="131" dir="0" index="2" bw="2" slack="0"/>
<pin id="132" dir="0" index="3" bw="2" slack="0"/>
<pin id="133" dir="0" index="4" bw="1" slack="0"/>
<pin id="134" dir="0" index="5" bw="1" slack="0"/>
<pin id="135" dir="0" index="6" bw="1" slack="0"/>
<pin id="136" dir="0" index="7" bw="1" slack="0"/>
<pin id="137" dir="0" index="8" bw="10" slack="1"/>
<pin id="138" dir="0" index="9" bw="1" slack="1"/>
<pin id="139" dir="1" index="10" bw="0" slack="2147483647"/>
</pin_list>
<bind>
<opcode="call(48) " fcode="call"/>
<opset="call_ln0/2 "/>
</bind>
</comp>

<comp id="148" class="1004" name="grp_AXIvideo2MultiBayer_Pipeline_loop_width_fu_148">
<pin_list>
<pin id="149" dir="0" index="0" bw="0" slack="0"/>
<pin id="150" dir="0" index="1" bw="1" slack="0"/>
<pin id="151" dir="0" index="2" bw="1" slack="0"/>
<pin id="152" dir="0" index="3" bw="10" slack="0"/>
<pin id="153" dir="0" index="4" bw="11" slack="1"/>
<pin id="154" dir="0" index="5" bw="10" slack="0"/>
<pin id="155" dir="0" index="6" bw="16" slack="0"/>
<pin id="156" dir="0" index="7" bw="2" slack="0"/>
<pin id="157" dir="0" index="8" bw="2" slack="0"/>
<pin id="158" dir="0" index="9" bw="1" slack="0"/>
<pin id="159" dir="0" index="10" bw="1" slack="0"/>
<pin id="160" dir="0" index="11" bw="1" slack="0"/>
<pin id="161" dir="0" index="12" bw="1" slack="0"/>
<pin id="162" dir="0" index="13" bw="1" slack="4"/>
<pin id="163" dir="0" index="14" bw="10" slack="4"/>
<pin id="164" dir="1" index="15" bw="0" slack="2147483647"/>
</pin_list>
<bind>
<opcode="call(48) " fcode="call"/>
<opset="call_ln188/5 "/>
</bind>
</comp>

<comp id="176" class="1004" name="grp_AXIvideo2MultiBayer_Pipeline_loop_wait_for_eol_fu_176">
<pin_list>
<pin id="177" dir="0" index="0" bw="0" slack="0"/>
<pin id="178" dir="0" index="1" bw="10" slack="0"/>
<pin id="179" dir="0" index="2" bw="1" slack="0"/>
<pin id="180" dir="0" index="3" bw="1" slack="0"/>
<pin id="181" dir="0" index="4" bw="16" slack="0"/>
<pin id="182" dir="0" index="5" bw="2" slack="0"/>
<pin id="183" dir="0" index="6" bw="2" slack="0"/>
<pin id="184" dir="0" index="7" bw="1" slack="0"/>
<pin id="185" dir="0" index="8" bw="1" slack="0"/>
<pin id="186" dir="0" index="9" bw="1" slack="0"/>
<pin id="187" dir="0" index="10" bw="1" slack="0"/>
<pin id="188" dir="0" index="11" bw="10" slack="6"/>
<pin id="189" dir="0" index="12" bw="1" slack="6"/>
<pin id="190" dir="1" index="13" bw="0" slack="2147483647"/>
</pin_list>
<bind>
<opcode="call(48) " fcode="call"/>
<opset="call_ln188/7 "/>
</bind>
</comp>

<comp id="199" class="1004" name="store_ln163_store_fu_199">
<pin_list>
<pin id="200" dir="0" index="0" bw="1" slack="0"/>
<pin id="201" dir="0" index="1" bw="11" slack="0"/>
<pin id="202" dir="1" index="2" bw="0" slack="2147483647"/>
</pin_list>
<bind>
<opcode="store(28) " fcode="store"/>
<opset="store_ln163/1 "/>
</bind>
</comp>

<comp id="204" class="1004" name="empty_fu_204">
<pin_list>
<pin id="205" dir="0" index="0" bw="16" slack="0"/>
<pin id="206" dir="1" index="1" bw="11" slack="0"/>
</pin_list>
<bind>
<opcode="trunc(33) " fcode="trunc"/>
<opset="empty/3 "/>
</bind>
</comp>

<comp id="208" class="1004" name="empty_203_fu_208">
<pin_list>
<pin id="209" dir="0" index="0" bw="16" slack="0"/>
<pin id="210" dir="1" index="1" bw="11" slack="0"/>
</pin_list>
<bind>
<opcode="trunc(33) " fcode="trunc"/>
<opset="empty_203/3 "/>
</bind>
</comp>

<comp id="212" class="1004" name="grp_reg_unsigned_short_s_fu_212">
<pin_list>
<pin id="213" dir="0" index="0" bw="11" slack="0"/>
<pin id="214" dir="0" index="1" bw="11" slack="0"/>
<pin id="215" dir="1" index="2" bw="11" slack="1"/>
</pin_list>
<bind>
<opcode="call(48) " fcode="call"/>
<opset="rows/3 "/>
</bind>
</comp>

<comp id="218" class="1004" name="grp_reg_unsigned_short_s_fu_218">
<pin_list>
<pin id="219" dir="0" index="0" bw="11" slack="0"/>
<pin id="220" dir="0" index="1" bw="11" slack="0"/>
<pin id="221" dir="1" index="2" bw="11" slack="0"/>
</pin_list>
<bind>
<opcode="call(48) " fcode="call"/>
<opset="cols/3 "/>
</bind>
</comp>

<comp id="224" class="1004" name="fence_ln141_fu_224">
<pin_list>
<pin id="225" dir="0" index="0" bw="0" slack="0"/>
<pin id="226" dir="0" index="1" bw="16" slack="0"/>
<pin id="227" dir="0" index="2" bw="2" slack="0"/>
<pin id="228" dir="0" index="3" bw="2" slack="0"/>
<pin id="229" dir="0" index="4" bw="1" slack="0"/>
<pin id="230" dir="0" index="5" bw="1" slack="0"/>
<pin id="231" dir="0" index="6" bw="1" slack="0"/>
<pin id="232" dir="0" index="7" bw="1" slack="0"/>
<pin id="233" dir="0" index="8" bw="1" slack="0"/>
<pin id="234" dir="0" index="9" bw="16" slack="0"/>
<pin id="235" dir="0" index="10" bw="2" slack="0"/>
<pin id="236" dir="0" index="11" bw="2" slack="0"/>
<pin id="237" dir="0" index="12" bw="1" slack="0"/>
<pin id="238" dir="0" index="13" bw="1" slack="0"/>
<pin id="239" dir="0" index="14" bw="1" slack="0"/>
<pin id="240" dir="0" index="15" bw="1" slack="0"/>
<pin id="241" dir="0" index="16" bw="10" slack="0"/>
<pin id="242" dir="1" index="17" bw="0" slack="2147483647"/>
</pin_list>
<bind>
<opcode="fence(30) " fcode="fence"/>
<opset="fence_ln141/4 "/>
</bind>
</comp>

<comp id="260" class="1004" name="axi_last_loc_load_load_fu_260">
<pin_list>
<pin id="261" dir="0" index="0" bw="1" slack="3"/>
<pin id="262" dir="1" index="1" bw="1" slack="2147483647"/>
</pin_list>
<bind>
<opcode="load(27) " fcode="load"/>
<opset="axi_last_loc_load/4 "/>
</bind>
</comp>

<comp id="263" class="1004" name="cmp10251_fu_263">
<pin_list>
<pin id="264" dir="0" index="0" bw="11" slack="0"/>
<pin id="265" dir="0" index="1" bw="1" slack="0"/>
<pin id="266" dir="1" index="2" bw="1" slack="0"/>
</pin_list>
<bind>
<opcode="icmp(45) " fcode="icmp"/>
<opset="cmp10251/4 "/>
</bind>
</comp>

<comp id="269" class="1004" name="xor_ln188_fu_269">
<pin_list>
<pin id="270" dir="0" index="0" bw="1" slack="0"/>
<pin id="271" dir="0" index="1" bw="1" slack="0"/>
<pin id="272" dir="1" index="2" bw="1" slack="1"/>
</pin_list>
<bind>
<opcode="xor(25) " fcode="xor"/>
<opset="xor_ln188/4 "/>
</bind>
</comp>

<comp id="275" class="1004" name="i_3_load_fu_275">
<pin_list>
<pin id="276" dir="0" index="0" bw="11" slack="4"/>
<pin id="277" dir="1" index="1" bw="11" slack="0"/>
</pin_list>
<bind>
<opcode="load(27) " fcode="load"/>
<opset="i_3/5 "/>
</bind>
</comp>

<comp id="278" class="1004" name="icmp_ln163_fu_278">
<pin_list>
<pin id="279" dir="0" index="0" bw="11" slack="0"/>
<pin id="280" dir="0" index="1" bw="11" slack="1"/>
<pin id="281" dir="1" index="2" bw="1" slack="2147483647"/>
</pin_list>
<bind>
<opcode="icmp(45) " fcode="icmp"/>
<opset="icmp_ln163/5 "/>
</bind>
</comp>

<comp id="283" class="1004" name="i_4_fu_283">
<pin_list>
<pin id="284" dir="0" index="0" bw="11" slack="0"/>
<pin id="285" dir="0" index="1" bw="1" slack="0"/>
<pin id="286" dir="1" index="2" bw="11" slack="0"/>
</pin_list>
<bind>
<opcode="add(8) " fcode="add"/>
<opset="i_4/5 "/>
</bind>
</comp>

<comp id="289" class="1004" name="axi_data_2_load_load_fu_289">
<pin_list>
<pin id="290" dir="0" index="0" bw="10" slack="4"/>
<pin id="291" dir="1" index="1" bw="10" slack="0"/>
</pin_list>
<bind>
<opcode="load(27) " fcode="load"/>
<opset="axi_data_2_load/5 "/>
</bind>
</comp>

<comp id="293" class="1004" name="and_ln188_fu_293">
<pin_list>
<pin id="294" dir="0" index="0" bw="1" slack="0"/>
<pin id="295" dir="0" index="1" bw="1" slack="1"/>
<pin id="296" dir="1" index="2" bw="1" slack="0"/>
</pin_list>
<bind>
<opcode="and(23) " fcode="and"/>
<opset="and_ln188/5 "/>
</bind>
</comp>

<comp id="298" class="1004" name="store_ln163_store_fu_298">
<pin_list>
<pin id="299" dir="0" index="0" bw="11" slack="0"/>
<pin id="300" dir="0" index="1" bw="11" slack="4"/>
<pin id="301" dir="1" index="2" bw="0" slack="2147483647"/>
</pin_list>
<bind>
<opcode="store(28) " fcode="store"/>
<opset="store_ln163/5 "/>
</bind>
</comp>

<comp id="303" class="1004" name="fence_ln188_fu_303">
<pin_list>
<pin id="304" dir="0" index="0" bw="0" slack="0"/>
<pin id="305" dir="0" index="1" bw="16" slack="0"/>
<pin id="306" dir="0" index="2" bw="2" slack="0"/>
<pin id="307" dir="0" index="3" bw="2" slack="0"/>
<pin id="308" dir="0" index="4" bw="1" slack="0"/>
<pin id="309" dir="0" index="5" bw="1" slack="0"/>
<pin id="310" dir="0" index="6" bw="1" slack="0"/>
<pin id="311" dir="0" index="7" bw="1" slack="0"/>
<pin id="312" dir="0" index="8" bw="10" slack="0"/>
<pin id="313" dir="0" index="9" bw="1" slack="0"/>
<pin id="314" dir="0" index="10" bw="16" slack="0"/>
<pin id="315" dir="0" index="11" bw="2" slack="0"/>
<pin id="316" dir="0" index="12" bw="2" slack="0"/>
<pin id="317" dir="0" index="13" bw="1" slack="0"/>
<pin id="318" dir="0" index="14" bw="1" slack="0"/>
<pin id="319" dir="0" index="15" bw="1" slack="0"/>
<pin id="320" dir="0" index="16" bw="1" slack="0"/>
<pin id="321" dir="1" index="17" bw="0" slack="2147483647"/>
</pin_list>
<bind>
<opcode="fence(30) " fcode="fence"/>
<opset="fence_ln188/7 "/>
</bind>
</comp>

<comp id="339" class="1004" name="eol_loc_load_load_fu_339">
<pin_list>
<pin id="340" dir="0" index="0" bw="1" slack="6"/>
<pin id="341" dir="1" index="1" bw="1" slack="0"/>
</pin_list>
<bind>
<opcode="load(27) " fcode="load"/>
<opset="eol_loc_load/7 "/>
</bind>
</comp>

<comp id="343" class="1004" name="axi_data_3_loc_load_load_fu_343">
<pin_list>
<pin id="344" dir="0" index="0" bw="10" slack="6"/>
<pin id="345" dir="1" index="1" bw="10" slack="0"/>
</pin_list>
<bind>
<opcode="load(27) " fcode="load"/>
<opset="axi_data_3_loc_load/7 "/>
</bind>
</comp>

<comp id="347" class="1004" name="select_ln188_fu_347">
<pin_list>
<pin id="348" dir="0" index="0" bw="1" slack="3"/>
<pin id="349" dir="0" index="1" bw="1" slack="0"/>
<pin id="350" dir="0" index="2" bw="1" slack="2"/>
<pin id="351" dir="1" index="3" bw="1" slack="0"/>
</pin_list>
<bind>
<opcode="select(49) " fcode="select"/>
<opset="select_ln188/7 "/>
</bind>
</comp>

<comp id="355" class="1004" name="fence_ln188_fu_355">
<pin_list>
<pin id="356" dir="0" index="0" bw="0" slack="0"/>
<pin id="357" dir="0" index="1" bw="16" slack="0"/>
<pin id="358" dir="0" index="2" bw="2" slack="0"/>
<pin id="359" dir="0" index="3" bw="2" slack="0"/>
<pin id="360" dir="0" index="4" bw="1" slack="0"/>
<pin id="361" dir="0" index="5" bw="1" slack="0"/>
<pin id="362" dir="0" index="6" bw="1" slack="0"/>
<pin id="363" dir="0" index="7" bw="1" slack="0"/>
<pin id="364" dir="0" index="8" bw="10" slack="0"/>
<pin id="365" dir="0" index="9" bw="1" slack="0"/>
<pin id="366" dir="0" index="10" bw="16" slack="0"/>
<pin id="367" dir="0" index="11" bw="2" slack="0"/>
<pin id="368" dir="0" index="12" bw="2" slack="0"/>
<pin id="369" dir="0" index="13" bw="1" slack="0"/>
<pin id="370" dir="0" index="14" bw="1" slack="0"/>
<pin id="371" dir="0" index="15" bw="1" slack="0"/>
<pin id="372" dir="0" index="16" bw="1" slack="0"/>
<pin id="373" dir="1" index="17" bw="0" slack="2147483647"/>
</pin_list>
<bind>
<opcode="fence(30) " fcode="fence"/>
<opset="fence_ln188/7 "/>
</bind>
</comp>

<comp id="391" class="1004" name="axi_last_4_loc_load_load_fu_391">
<pin_list>
<pin id="392" dir="0" index="0" bw="1" slack="8"/>
<pin id="393" dir="1" index="1" bw="1" slack="2147483647"/>
</pin_list>
<bind>
<opcode="load(27) " fcode="load"/>
<opset="axi_last_4_loc_load/9 "/>
</bind>
</comp>

<comp id="394" class="1005" name="axi_data_2_reg_394">
<pin_list>
<pin id="395" dir="0" index="0" bw="10" slack="1"/>
<pin id="396" dir="1" index="1" bw="10" slack="1"/>
</pin_list>
<bind>
<opset="axi_data_2 "/>
</bind>
</comp>

<comp id="401" class="1005" name="i_reg_401">
<pin_list>
<pin id="402" dir="0" index="0" bw="11" slack="0"/>
<pin id="403" dir="1" index="1" bw="11" slack="0"/>
</pin_list>
<bind>
<opset="i "/>
</bind>
</comp>

<comp id="408" class="1005" name="axi_last_4_loc_reg_408">
<pin_list>
<pin id="409" dir="0" index="0" bw="1" slack="6"/>
<pin id="410" dir="1" index="1" bw="1" slack="6"/>
</pin_list>
<bind>
<opset="axi_last_4_loc "/>
</bind>
</comp>

<comp id="414" class="1005" name="axi_data_3_loc_reg_414">
<pin_list>
<pin id="415" dir="0" index="0" bw="10" slack="4"/>
<pin id="416" dir="1" index="1" bw="10" slack="4"/>
</pin_list>
<bind>
<opset="axi_data_3_loc "/>
</bind>
</comp>

<comp id="420" class="1005" name="eol_loc_reg_420">
<pin_list>
<pin id="421" dir="0" index="0" bw="1" slack="4"/>
<pin id="422" dir="1" index="1" bw="1" slack="4"/>
</pin_list>
<bind>
<opset="eol_loc "/>
</bind>
</comp>

<comp id="426" class="1005" name="axi_last_loc_reg_426">
<pin_list>
<pin id="427" dir="0" index="0" bw="1" slack="1"/>
<pin id="428" dir="1" index="1" bw="1" slack="1"/>
</pin_list>
<bind>
<opset="axi_last_loc "/>
</bind>
</comp>

<comp id="432" class="1005" name="rows_reg_432">
<pin_list>
<pin id="433" dir="0" index="0" bw="11" slack="1"/>
<pin id="434" dir="1" index="1" bw="11" slack="1"/>
</pin_list>
<bind>
<opset="rows "/>
</bind>
</comp>

<comp id="437" class="1005" name="cols_reg_437">
<pin_list>
<pin id="438" dir="0" index="0" bw="11" slack="1"/>
<pin id="439" dir="1" index="1" bw="11" slack="1"/>
</pin_list>
<bind>
<opset="cols "/>
</bind>
</comp>

<comp id="445" class="1005" name="cmp10251_reg_445">
<pin_list>
<pin id="446" dir="0" index="0" bw="1" slack="3"/>
<pin id="447" dir="1" index="1" bw="1" slack="3"/>
</pin_list>
<bind>
<opset="cmp10251 "/>
</bind>
</comp>

<comp id="450" class="1005" name="xor_ln188_reg_450">
<pin_list>
<pin id="451" dir="0" index="0" bw="1" slack="1"/>
<pin id="452" dir="1" index="1" bw="1" slack="1"/>
</pin_list>
<bind>
<opset="xor_ln188 "/>
</bind>
</comp>

<comp id="461" class="1005" name="and_ln188_reg_461">
<pin_list>
<pin id="462" dir="0" index="0" bw="1" slack="0"/>
<pin id="463" dir="1" index="1" bw="1" slack="0"/>
</pin_list>
<bind>
<opset="and_ln188 "/>
</bind>
</comp>

<comp id="472" class="1005" name="select_ln188_reg_472">
<pin_list>
<pin id="473" dir="0" index="0" bw="1" slack="1"/>
<pin id="474" dir="1" index="1" bw="1" slack="1"/>
</pin_list>
<bind>
<opset="select_ln188 "/>
</bind>
</comp>

</comp_list>

<net_list>
<net id="73"><net_src comp="20" pin="0"/><net_sink comp="70" pin=0"/></net>

<net id="77"><net_src comp="20" pin="0"/><net_sink comp="74" pin=0"/></net>

<net id="81"><net_src comp="22" pin="0"/><net_sink comp="78" pin=0"/></net>

<net id="85"><net_src comp="22" pin="0"/><net_sink comp="82" pin=0"/></net>

<net id="89"><net_src comp="22" pin="0"/><net_sink comp="86" pin=0"/></net>

<net id="93"><net_src comp="22" pin="0"/><net_sink comp="90" pin=0"/></net>

<net id="98"><net_src comp="28" pin="0"/><net_sink comp="94" pin=0"/></net>

<net id="99"><net_src comp="18" pin="0"/><net_sink comp="94" pin=1"/></net>

<net id="104"><net_src comp="28" pin="0"/><net_sink comp="100" pin=0"/></net>

<net id="105"><net_src comp="16" pin="0"/><net_sink comp="100" pin=1"/></net>

<net id="109"><net_src comp="52" pin="0"/><net_sink comp="106" pin=0"/></net>

<net id="116"><net_src comp="106" pin="1"/><net_sink comp="110" pin=0"/></net>

<net id="117"><net_src comp="110" pin="4"/><net_sink comp="106" pin=0"/></net>

<net id="127"><net_src comp="121" pin="4"/><net_sink comp="118" pin=0"/></net>

<net id="140"><net_src comp="26" pin="0"/><net_sink comp="128" pin=0"/></net>

<net id="141"><net_src comp="0" pin="0"/><net_sink comp="128" pin=1"/></net>

<net id="142"><net_src comp="2" pin="0"/><net_sink comp="128" pin=2"/></net>

<net id="143"><net_src comp="4" pin="0"/><net_sink comp="128" pin=3"/></net>

<net id="144"><net_src comp="6" pin="0"/><net_sink comp="128" pin=4"/></net>

<net id="145"><net_src comp="8" pin="0"/><net_sink comp="128" pin=5"/></net>

<net id="146"><net_src comp="10" pin="0"/><net_sink comp="128" pin=6"/></net>

<net id="147"><net_src comp="12" pin="0"/><net_sink comp="128" pin=7"/></net>

<net id="165"><net_src comp="62" pin="0"/><net_sink comp="148" pin=0"/></net>

<net id="166"><net_src comp="110" pin="4"/><net_sink comp="148" pin=1"/></net>

<net id="167"><net_src comp="121" pin="4"/><net_sink comp="148" pin=2"/></net>

<net id="168"><net_src comp="14" pin="0"/><net_sink comp="148" pin=5"/></net>

<net id="169"><net_src comp="0" pin="0"/><net_sink comp="148" pin=6"/></net>

<net id="170"><net_src comp="2" pin="0"/><net_sink comp="148" pin=7"/></net>

<net id="171"><net_src comp="4" pin="0"/><net_sink comp="148" pin=8"/></net>

<net id="172"><net_src comp="6" pin="0"/><net_sink comp="148" pin=9"/></net>

<net id="173"><net_src comp="8" pin="0"/><net_sink comp="148" pin=10"/></net>

<net id="174"><net_src comp="10" pin="0"/><net_sink comp="148" pin=11"/></net>

<net id="175"><net_src comp="12" pin="0"/><net_sink comp="148" pin=12"/></net>

<net id="191"><net_src comp="64" pin="0"/><net_sink comp="176" pin=0"/></net>

<net id="192"><net_src comp="0" pin="0"/><net_sink comp="176" pin=4"/></net>

<net id="193"><net_src comp="2" pin="0"/><net_sink comp="176" pin=5"/></net>

<net id="194"><net_src comp="4" pin="0"/><net_sink comp="176" pin=6"/></net>

<net id="195"><net_src comp="6" pin="0"/><net_sink comp="176" pin=7"/></net>

<net id="196"><net_src comp="8" pin="0"/><net_sink comp="176" pin=8"/></net>

<net id="197"><net_src comp="10" pin="0"/><net_sink comp="176" pin=9"/></net>

<net id="198"><net_src comp="12" pin="0"/><net_sink comp="176" pin=10"/></net>

<net id="203"><net_src comp="24" pin="0"/><net_sink comp="199" pin=0"/></net>

<net id="207"><net_src comp="94" pin="2"/><net_sink comp="204" pin=0"/></net>

<net id="211"><net_src comp="100" pin="2"/><net_sink comp="208" pin=0"/></net>

<net id="216"><net_src comp="30" pin="0"/><net_sink comp="212" pin=0"/></net>

<net id="217"><net_src comp="208" pin="1"/><net_sink comp="212" pin=1"/></net>

<net id="222"><net_src comp="30" pin="0"/><net_sink comp="218" pin=0"/></net>

<net id="223"><net_src comp="204" pin="1"/><net_sink comp="218" pin=1"/></net>

<net id="243"><net_src comp="50" pin="0"/><net_sink comp="224" pin=0"/></net>

<net id="244"><net_src comp="0" pin="0"/><net_sink comp="224" pin=1"/></net>

<net id="245"><net_src comp="2" pin="0"/><net_sink comp="224" pin=2"/></net>

<net id="246"><net_src comp="4" pin="0"/><net_sink comp="224" pin=3"/></net>

<net id="247"><net_src comp="6" pin="0"/><net_sink comp="224" pin=4"/></net>

<net id="248"><net_src comp="8" pin="0"/><net_sink comp="224" pin=5"/></net>

<net id="249"><net_src comp="10" pin="0"/><net_sink comp="224" pin=6"/></net>

<net id="250"><net_src comp="12" pin="0"/><net_sink comp="224" pin=7"/></net>

<net id="251"><net_src comp="44" pin="0"/><net_sink comp="224" pin=8"/></net>

<net id="252"><net_src comp="0" pin="0"/><net_sink comp="224" pin=9"/></net>

<net id="253"><net_src comp="2" pin="0"/><net_sink comp="224" pin=10"/></net>

<net id="254"><net_src comp="4" pin="0"/><net_sink comp="224" pin=11"/></net>

<net id="255"><net_src comp="6" pin="0"/><net_sink comp="224" pin=12"/></net>

<net id="256"><net_src comp="8" pin="0"/><net_sink comp="224" pin=13"/></net>

<net id="257"><net_src comp="10" pin="0"/><net_sink comp="224" pin=14"/></net>

<net id="258"><net_src comp="12" pin="0"/><net_sink comp="224" pin=15"/></net>

<net id="259"><net_src comp="14" pin="0"/><net_sink comp="224" pin=16"/></net>

<net id="267"><net_src comp="218" pin="2"/><net_sink comp="263" pin=0"/></net>

<net id="268"><net_src comp="24" pin="0"/><net_sink comp="263" pin=1"/></net>

<net id="273"><net_src comp="263" pin="2"/><net_sink comp="269" pin=0"/></net>

<net id="274"><net_src comp="52" pin="0"/><net_sink comp="269" pin=1"/></net>

<net id="282"><net_src comp="275" pin="1"/><net_sink comp="278" pin=0"/></net>

<net id="287"><net_src comp="275" pin="1"/><net_sink comp="283" pin=0"/></net>

<net id="288"><net_src comp="60" pin="0"/><net_sink comp="283" pin=1"/></net>

<net id="292"><net_src comp="289" pin="1"/><net_sink comp="148" pin=3"/></net>

<net id="297"><net_src comp="110" pin="4"/><net_sink comp="293" pin=0"/></net>

<net id="302"><net_src comp="283" pin="2"/><net_sink comp="298" pin=0"/></net>

<net id="322"><net_src comp="50" pin="0"/><net_sink comp="303" pin=0"/></net>

<net id="323"><net_src comp="0" pin="0"/><net_sink comp="303" pin=1"/></net>

<net id="324"><net_src comp="2" pin="0"/><net_sink comp="303" pin=2"/></net>

<net id="325"><net_src comp="4" pin="0"/><net_sink comp="303" pin=3"/></net>

<net id="326"><net_src comp="6" pin="0"/><net_sink comp="303" pin=4"/></net>

<net id="327"><net_src comp="8" pin="0"/><net_sink comp="303" pin=5"/></net>

<net id="328"><net_src comp="10" pin="0"/><net_sink comp="303" pin=6"/></net>

<net id="329"><net_src comp="12" pin="0"/><net_sink comp="303" pin=7"/></net>

<net id="330"><net_src comp="14" pin="0"/><net_sink comp="303" pin=8"/></net>

<net id="331"><net_src comp="44" pin="0"/><net_sink comp="303" pin=9"/></net>

<net id="332"><net_src comp="0" pin="0"/><net_sink comp="303" pin=10"/></net>

<net id="333"><net_src comp="2" pin="0"/><net_sink comp="303" pin=11"/></net>

<net id="334"><net_src comp="4" pin="0"/><net_sink comp="303" pin=12"/></net>

<net id="335"><net_src comp="6" pin="0"/><net_sink comp="303" pin=13"/></net>

<net id="336"><net_src comp="8" pin="0"/><net_sink comp="303" pin=14"/></net>

<net id="337"><net_src comp="10" pin="0"/><net_sink comp="303" pin=15"/></net>

<net id="338"><net_src comp="12" pin="0"/><net_sink comp="303" pin=16"/></net>

<net id="342"><net_src comp="339" pin="1"/><net_sink comp="176" pin=3"/></net>

<net id="346"><net_src comp="343" pin="1"/><net_sink comp="176" pin=1"/></net>

<net id="352"><net_src comp="339" pin="1"/><net_sink comp="347" pin=1"/></net>

<net id="353"><net_src comp="118" pin="1"/><net_sink comp="347" pin=2"/></net>

<net id="354"><net_src comp="347" pin="3"/><net_sink comp="176" pin=2"/></net>

<net id="374"><net_src comp="50" pin="0"/><net_sink comp="355" pin=0"/></net>

<net id="375"><net_src comp="0" pin="0"/><net_sink comp="355" pin=1"/></net>

<net id="376"><net_src comp="2" pin="0"/><net_sink comp="355" pin=2"/></net>

<net id="377"><net_src comp="4" pin="0"/><net_sink comp="355" pin=3"/></net>

<net id="378"><net_src comp="6" pin="0"/><net_sink comp="355" pin=4"/></net>

<net id="379"><net_src comp="8" pin="0"/><net_sink comp="355" pin=5"/></net>

<net id="380"><net_src comp="10" pin="0"/><net_sink comp="355" pin=6"/></net>

<net id="381"><net_src comp="12" pin="0"/><net_sink comp="355" pin=7"/></net>

<net id="382"><net_src comp="14" pin="0"/><net_sink comp="355" pin=8"/></net>

<net id="383"><net_src comp="44" pin="0"/><net_sink comp="355" pin=9"/></net>

<net id="384"><net_src comp="0" pin="0"/><net_sink comp="355" pin=10"/></net>

<net id="385"><net_src comp="2" pin="0"/><net_sink comp="355" pin=11"/></net>

<net id="386"><net_src comp="4" pin="0"/><net_sink comp="355" pin=12"/></net>

<net id="387"><net_src comp="6" pin="0"/><net_sink comp="355" pin=13"/></net>

<net id="388"><net_src comp="8" pin="0"/><net_sink comp="355" pin=14"/></net>

<net id="389"><net_src comp="10" pin="0"/><net_sink comp="355" pin=15"/></net>

<net id="390"><net_src comp="12" pin="0"/><net_sink comp="355" pin=16"/></net>

<net id="397"><net_src comp="70" pin="1"/><net_sink comp="394" pin=0"/></net>

<net id="398"><net_src comp="394" pin="1"/><net_sink comp="128" pin=8"/></net>

<net id="399"><net_src comp="394" pin="1"/><net_sink comp="289" pin=0"/></net>

<net id="400"><net_src comp="394" pin="1"/><net_sink comp="176" pin=11"/></net>

<net id="404"><net_src comp="74" pin="1"/><net_sink comp="401" pin=0"/></net>

<net id="405"><net_src comp="401" pin="1"/><net_sink comp="199" pin=1"/></net>

<net id="406"><net_src comp="401" pin="1"/><net_sink comp="275" pin=0"/></net>

<net id="407"><net_src comp="401" pin="1"/><net_sink comp="298" pin=1"/></net>

<net id="411"><net_src comp="78" pin="1"/><net_sink comp="408" pin=0"/></net>

<net id="412"><net_src comp="408" pin="1"/><net_sink comp="176" pin=12"/></net>

<net id="413"><net_src comp="408" pin="1"/><net_sink comp="391" pin=0"/></net>

<net id="417"><net_src comp="82" pin="1"/><net_sink comp="414" pin=0"/></net>

<net id="418"><net_src comp="414" pin="1"/><net_sink comp="148" pin=14"/></net>

<net id="419"><net_src comp="414" pin="1"/><net_sink comp="343" pin=0"/></net>

<net id="423"><net_src comp="86" pin="1"/><net_sink comp="420" pin=0"/></net>

<net id="424"><net_src comp="420" pin="1"/><net_sink comp="148" pin=13"/></net>

<net id="425"><net_src comp="420" pin="1"/><net_sink comp="339" pin=0"/></net>

<net id="429"><net_src comp="90" pin="1"/><net_sink comp="426" pin=0"/></net>

<net id="430"><net_src comp="426" pin="1"/><net_sink comp="128" pin=9"/></net>

<net id="431"><net_src comp="426" pin="1"/><net_sink comp="260" pin=0"/></net>

<net id="435"><net_src comp="212" pin="2"/><net_sink comp="432" pin=0"/></net>

<net id="436"><net_src comp="432" pin="1"/><net_sink comp="278" pin=1"/></net>

<net id="440"><net_src comp="218" pin="2"/><net_sink comp="437" pin=0"/></net>

<net id="441"><net_src comp="437" pin="1"/><net_sink comp="148" pin=4"/></net>

<net id="448"><net_src comp="263" pin="2"/><net_sink comp="445" pin=0"/></net>

<net id="449"><net_src comp="445" pin="1"/><net_sink comp="347" pin=0"/></net>

<net id="453"><net_src comp="269" pin="2"/><net_sink comp="450" pin=0"/></net>

<net id="454"><net_src comp="450" pin="1"/><net_sink comp="293" pin=1"/></net>

<net id="464"><net_src comp="293" pin="2"/><net_sink comp="461" pin=0"/></net>

<net id="465"><net_src comp="461" pin="1"/><net_sink comp="110" pin=2"/></net>

<net id="475"><net_src comp="347" pin="3"/><net_sink comp="472" pin=0"/></net>

<net id="476"><net_src comp="472" pin="1"/><net_sink comp="176" pin=2"/></net>

</net_list>

</model> 
---------------- Datapath Model END ------------------

* FSMD analyzer results:
  - Output states:
	Port: imgBayer | {5 6 }
 - Input state : 
	Port: AXIvideo2MultiBayer : s_axis_video_V_data_V | {2 3 5 6 7 8 }
	Port: AXIvideo2MultiBayer : s_axis_video_V_keep_V | {2 3 5 6 7 8 }
	Port: AXIvideo2MultiBayer : s_axis_video_V_strb_V | {2 3 5 6 7 8 }
	Port: AXIvideo2MultiBayer : s_axis_video_V_user_V | {2 3 5 6 7 8 }
	Port: AXIvideo2MultiBayer : s_axis_video_V_last_V | {2 3 5 6 7 8 }
	Port: AXIvideo2MultiBayer : s_axis_video_V_id_V | {2 3 5 6 7 8 }
	Port: AXIvideo2MultiBayer : s_axis_video_V_dest_V | {2 3 5 6 7 8 }
	Port: AXIvideo2MultiBayer : Height_val | {3 }
	Port: AXIvideo2MultiBayer : WidthIn_val | {3 }
  - Chain level:
	State 1
		store_ln163 : 1
	State 2
	State 3
		rows : 1
		cols : 1
	State 4
		cmp10251 : 1
		xor_ln188 : 2
	State 5
		icmp_ln163 : 1
		i_4 : 1
		br_ln163 : 2
		call_ln188 : 1
		and_ln188 : 1
		store_ln163 : 2
	State 6
	State 7
		select_ln188 : 1
		call_ln188 : 2
	State 8
	State 9


============================================================
+ Verbose Summary: Datapath Resource usage 
============================================================

* Functional unit list:
|----------|-------------------------------------------------------------|---------|---------|
| Operation|                       Functional Unit                       |    FF   |   LUT   |
|----------|-------------------------------------------------------------|---------|---------|
|          | grp_AXIvideo2MultiBayer_Pipeline_loop_wait_for_start_fu_128 |    3    |    0    |
|          |      grp_AXIvideo2MultiBayer_Pipeline_loop_width_fu_148     |    27   |    38   |
|   call   |  grp_AXIvideo2MultiBayer_Pipeline_loop_wait_for_eol_fu_176  |    3    |    0    |
|          |               grp_reg_unsigned_short_s_fu_212               |    11   |    0    |
|          |               grp_reg_unsigned_short_s_fu_218               |    11   |    0    |
|----------|-------------------------------------------------------------|---------|---------|
|   icmp   |                       cmp10251_fu_263                       |    0    |    18   |
|          |                      icmp_ln163_fu_278                      |    0    |    18   |
|----------|-------------------------------------------------------------|---------|---------|
|    add   |                          i_4_fu_283                         |    0    |    18   |
|----------|-------------------------------------------------------------|---------|---------|
|    xor   |                       xor_ln188_fu_269                      |    0    |    2    |
|----------|-------------------------------------------------------------|---------|---------|
|    and   |                       and_ln188_fu_293                      |    0    |    2    |
|----------|-------------------------------------------------------------|---------|---------|
|  select  |                     select_ln188_fu_347                     |    0    |    2    |
|----------|-------------------------------------------------------------|---------|---------|
|   read   |                 WidthIn_val_read_read_fu_94                 |    0    |    0    |
|          |                 Height_val_read_read_fu_100                 |    0    |    0    |
|----------|-------------------------------------------------------------|---------|---------|
|   trunc  |                         empty_fu_204                        |    0    |    0    |
|          |                       empty_203_fu_208                      |    0    |    0    |
|----------|-------------------------------------------------------------|---------|---------|
|          |                      fence_ln141_fu_224                     |    0    |    0    |
|   fence  |                      fence_ln188_fu_303                     |    0    |    0    |
|          |                      fence_ln188_fu_355                     |    0    |    0    |
|----------|-------------------------------------------------------------|---------|---------|
|   Total  |                                                             |    55   |    98   |
|----------|-------------------------------------------------------------|---------|---------|

Memories:
N/A

* Register list:
+----------------------+--------+
|                      |   FF   |
+----------------------+--------+
|   and_ln188_reg_461  |    1   |
|  axi_data_2_reg_394  |   10   |
|axi_data_3_loc_reg_414|   10   |
|  axi_last_2_reg_118  |    1   |
|axi_last_4_loc_reg_408|    1   |
| axi_last_loc_reg_426 |    1   |
|   cmp10251_reg_445   |    1   |
|     cols_reg_437     |   11   |
|    eol_loc_reg_420   |    1   |
|       i_reg_401      |   11   |
|     rows_reg_432     |   11   |
| select_ln188_reg_472 |    1   |
|      sof_reg_106     |    1   |
|   xor_ln188_reg_450  |    1   |
+----------------------+--------+
|         Total        |   62   |
+----------------------+--------+

* Multiplexer (MUX) list: 
|-----------------------------------------------------------|------|------|------|--------||---------||---------||---------|
|                            Comp                           |  Pin | Size |  BW  | S x BW ||  Delay  ||    FF   ||   LUT   |
|-----------------------------------------------------------|------|------|------|--------||---------||---------||---------|
|                        sof_reg_106                        |  p0  |   2  |   1  |    2   ||    0    ||    9    |
| grp_AXIvideo2MultiBayer_Pipeline_loop_wait_for_eol_fu_176 |  p2  |   2  |   1  |    2   ||    0    ||    9    |
|-----------------------------------------------------------|------|------|------|--------||---------||---------||---------|
|                           Total                           |      |      |      |    4   ||  0.978  ||    0    ||    18   |
|-----------------------------------------------------------|------|------|------|--------||---------||---------||---------|



* Summary:
+-----------+--------+--------+--------+
|           |  Delay |   FF   |   LUT  |
+-----------+--------+--------+--------+
|  Function |    -   |   55   |   98   |
|   Memory  |    -   |    -   |    -   |
|Multiplexer|    0   |    0   |   18   |
|  Register |    -   |   62   |    -   |
+-----------+--------+--------+--------+
|   Total   |    0   |   117  |   116  |
+-----------+--------+--------+--------+
