

================================================================
== Vitis HLS Report for 'DebayerRatBorBatR'
================================================================
* Date:           Thu Nov 13 19:38:10 2025

* Version:        2024.2 (Build 5238294 on Nov  8 2024)
* Project:        prj
* Solution:       sol (Vivado IP Flow Target)
* Product family: zynquplus
* Target device:  xczu2cg-sfvc784-1-e


================================================================
== Performance Estimates
================================================================
+ Timing: 
    * Summary: 
    +--------+---------+----------+------------+
    |  Clock |  Target | Estimated| Uncertainty|
    +--------+---------+----------+------------+
    |ap_clk  |  6.67 ns|  4.808 ns|     1.80 ns|
    +--------+---------+----------+------------+

+ Latency: 
    * Summary: 
    +---------+---------+-----------+-----------+-----+---------+---------+
    |  Latency (cycles) |   Latency (absolute)  |    Interval   | Pipeline|
    |   min   |   max   |    min    |    max    | min |   max   |   Type  |
    +---------+---------+-----------+-----------+-----+---------+---------+
    |       11|  2086331|  73.337 ns|  13.910 ms|   11|  2086331|       no|
    +---------+---------+-----------+-----------+-----+---------+---------+

    + Detail: 
        * Instance: 
        +--------------------------------------------------------+---------------------------------------------+---------+---------+-----------+-----------+-----+------+------------------------------------------------+
        |                                                        |                                             |  Latency (cycles) |   Latency (absolute)  |  Interval  |                    Pipeline                    |
        |                        Instance                        |                    Module                   |   min   |   max   |    min    |    max    | min |  max |                      Type                      |
        +--------------------------------------------------------+---------------------------------------------+---------+---------+-----------+-----------+-----+------+------------------------------------------------+
        |grp_DebayerRatBorBatR_Pipeline_VITIS_LOOP_633_2_fu_176  |DebayerRatBorBatR_Pipeline_VITIS_LOOP_633_2  |        7|     1927|  46.669 ns|  12.847 us|    2|  1922|  loop auto-rewind stp (delay=0 clock cycles(s))|
        +--------------------------------------------------------+---------------------------------------------+---------+---------+-----------+-----------+-----+------+------------------------------------------------+

        * Loop: 
        +--------------------+---------+---------+-----------+-----------+-----------+----------+----------+
        |                    |  Latency (cycles) | Iteration |  Initiation Interval  |   Trip   |          |
        |      Loop Name     |   min   |   max   |  Latency  |  achieved |   target  |   Count  | Pipelined|
        +--------------------+---------+---------+-----------+-----------+-----------+----------+----------+
        |- VITIS_LOOP_630_1  |       10|  2086330|  10 ~ 1930|          -|          -|  1 ~ 1081|        no|
        +--------------------+---------+---------+-----------+-----------+-----------+----------+----------+



================================================================
== Utilization Estimates
================================================================
* Summary: 
+-----------------+---------+-----+-------+-------+-----+
|       Name      | BRAM_18K| DSP |   FF  |  LUT  | URAM|
+-----------------+---------+-----+-------+-------+-----+
|DSP              |        -|    -|      -|      -|    -|
|Expression       |        -|    -|      0|     91|    -|
|FIFO             |        -|    -|      -|      -|    -|
|Instance         |        8|    -|   2051|   2185|    0|
|Memory           |        -|    -|      -|      -|    -|
|Multiplexer      |        -|    -|      0|    107|    -|
|Register         |        -|    -|    406|      -|    -|
+-----------------+---------+-----+-------+-------+-----+
|Total            |        8|    0|   2457|   2383|    0|
+-----------------+---------+-----+-------+-------+-----+
|Available        |      300|  240|  94464|  47232|    0|
+-----------------+---------+-----+-------+-------+-----+
|Utilization (%)  |        2|    0|      2|      5|    0|
+-----------------+---------+-----+-------+-------+-----+

+ Detail: 
    * Instance: 
    +--------------------------------------------------------+---------------------------------------------+---------+----+------+------+-----+
    |                        Instance                        |                    Module                   | BRAM_18K| DSP|  FF  |  LUT | URAM|
    +--------------------------------------------------------+---------------------------------------------+---------+----+------+------+-----+
    |grp_DebayerRatBorBatR_Pipeline_VITIS_LOOP_633_2_fu_176  |DebayerRatBorBatR_Pipeline_VITIS_LOOP_633_2  |        8|   0|  2051|  2185|    0|
    +--------------------------------------------------------+---------------------------------------------+---------+----+------+------+-----+
    |Total                                                   |                                             |        8|   0|  2051|  2185|    0|
    +--------------------------------------------------------+---------------------------------------------+---------+----+------+------+-----+

    * DSP: 
    N/A

    * Memory: 
    N/A

    * FIFO: 
    N/A

    * Expression: 
    +----------------------+----------+----+---+----+------------+------------+
    |     Variable Name    | Operation| DSP| FF| LUT| Bitwidth P0| Bitwidth P1|
    +----------------------+----------+----+---+----+------------+------------+
    |loopHeight_fu_227_p2  |         +|   0|  0|  18|          11|           1|
    |loopWidth_fu_233_p2   |         +|   0|  0|  18|          11|           1|
    |y_4_fu_262_p2         |         +|   0|  0|  18|          11|           1|
    |icmp_ln630_fu_257_p2  |      icmp|   0|  0|  18|          11|          11|
    |ap_block_state1       |        or|   0|  0|   2|           1|           1|
    |and310_i_fu_322_p2    |       xor|   0|  0|   2|           1|           2|
    |xor_i_fu_333_p2       |       xor|   0|  0|  15|          15|          15|
    +----------------------+----------+----+---+----+------------+------------+
    |Total                 |          |   0|  0|  91|          61|          32|
    +----------------------+----------+----+---+----+------------+------------+

    * Multiplexer: 
    +--------------------------+----+-----------+-----+-----------+
    |           Name           | LUT| Input Size| Bits| Total Bits|
    +--------------------------+----+-----------+-----+-----------+
    |ap_NS_fsm                 |  26|          5|    1|          5|
    |ap_done                   |   9|          2|    1|          2|
    |bayerPhase_val11_blk_n    |   9|          2|    1|          2|
    |bayerPhase_val11_c_blk_n  |   9|          2|    1|          2|
    |height_val4_blk_n         |   9|          2|    1|          2|
    |height_val4_c_blk_n       |   9|          2|    1|          2|
    |real_start                |   9|          2|    1|          2|
    |width_val8_blk_n          |   9|          2|    1|          2|
    |width_val8_c_blk_n        |   9|          2|    1|          2|
    |y_fu_70                   |   9|          2|   11|         22|
    +--------------------------+----+-----------+-----+-----------+
    |Total                     | 107|         23|   20|         43|
    +--------------------------+----+-----------+-----+-----------+

    * Register: 
    +---------------------------------------------------------------------+----+----+-----+-----------+
    |                                 Name                                | FF | LUT| Bits| Const Bits|
    +---------------------------------------------------------------------+----+----+-----+-----------+
    |and310_i_reg_556                                                     |   1|   0|    1|          0|
    |ap_CS_fsm                                                            |   4|   0|    4|          0|
    |ap_done_reg                                                          |   1|   0|    1|          0|
    |grp_DebayerRatBorBatR_Pipeline_VITIS_LOOP_633_2_fu_176_ap_start_reg  |   1|   0|    1|          0|
    |height_val4_read_reg_441                                             |  11|   0|   11|          0|
    |loopHeight_reg_451                                                   |  11|   0|   11|          0|
    |loopWidth_reg_456                                                    |  11|   0|   11|          0|
    |p_0_0_09391396_lcssa1446_i_fu_82                                     |  10|   0|   10|          0|
    |p_0_0_09391396_lcssa1446_i_load_reg_486                              |  10|   0|   10|          0|
    |p_0_0_0939_114861498_lcssa1534_i_fu_118                              |  10|   0|   10|          0|
    |p_0_0_0939_114861498_lcssa1534_i_load_reg_531                        |  10|   0|   10|          0|
    |p_0_0_0939_21426_lcssa1458_i_fu_94                                   |  10|   0|   10|          0|
    |p_0_0_0939_21426_lcssa1458_i_load_reg_501                            |  10|   0|   10|          0|
    |p_0_0_09401393_lcssa1444_i_fu_78                                     |  10|   0|   10|          0|
    |p_0_0_09401393_lcssa1444_i_load_reg_481                              |  10|   0|   10|          0|
    |p_0_0_0940_114841496_lcssa1532_i_fu_114                              |  10|   0|   10|          0|
    |p_0_0_0940_114841496_lcssa1532_i_load_reg_526                        |  10|   0|   10|          0|
    |p_0_0_0940_21423_lcssa1456_i_fu_90                                   |  10|   0|   10|          0|
    |p_0_0_0940_21423_lcssa1456_i_load_reg_496                            |  10|   0|   10|          0|
    |p_0_0_09411390_lcssa1442_i_fu_74                                     |  10|   0|   10|          0|
    |p_0_0_09411390_lcssa1442_i_load_reg_476                              |  10|   0|   10|          0|
    |p_0_0_0941_114821494_lcssa1530_i_fu_110                              |  10|   0|   10|          0|
    |p_0_0_0941_114821494_lcssa1530_i_load_reg_521                        |  10|   0|   10|          0|
    |p_0_0_0941_21420_lcssa1454_i_fu_86                                   |  10|   0|   10|          0|
    |p_0_0_0941_21420_lcssa1454_i_load_reg_491                            |  10|   0|   10|          0|
    |p_0_0_0_0_09081499_lcssa1536_i_fu_122                                |  10|   0|   10|          0|
    |p_0_0_0_0_09081499_lcssa1536_i_load_reg_536                          |  10|   0|   10|          0|
    |p_0_0_0_0_09141487_lcssa1524_i_fu_98                                 |  10|   0|   10|          0|
    |p_0_0_0_0_09141487_lcssa1524_i_load_reg_506                          |  10|   0|   10|          0|
    |p_0_1_0_0_09091501_lcssa1538_i_fu_126                                |  10|   0|   10|          0|
    |p_0_1_0_0_09091501_lcssa1538_i_load_reg_541                          |  10|   0|   10|          0|
    |p_0_1_0_0_09151489_lcssa1526_i_fu_102                                |  10|   0|   10|          0|
    |p_0_1_0_0_09151489_lcssa1526_i_load_reg_511                          |  10|   0|   10|          0|
    |p_0_2_0_0_09101503_lcssa1540_i_fu_130                                |  10|   0|   10|          0|
    |p_0_2_0_0_09101503_lcssa1540_i_load_reg_546                          |  10|   0|   10|          0|
    |p_0_2_0_0_09161491_lcssa1528_i_fu_106                                |  10|   0|   10|          0|
    |p_0_2_0_0_09161491_lcssa1528_i_load_reg_516                          |  10|   0|   10|          0|
    |start_once_reg                                                       |   1|   0|    1|          0|
    |trunc_ln630_reg_551                                                  |   1|   0|    1|          0|
    |trunc_ln_reg_461                                                     |  15|   0|   15|          0|
    |width_val8_read_reg_436                                              |  11|   0|   11|          0|
    |x_phase_reg_446                                                      |   1|   0|    1|          0|
    |xor_i_reg_561                                                        |  15|   0|   15|          0|
    |y_3_reg_467                                                          |  11|   0|   11|          0|
    |y_fu_70                                                              |  11|   0|   11|          0|
    +---------------------------------------------------------------------+----+----+-----+-----------+
    |Total                                                                | 406|   0|  406|          0|
    +---------------------------------------------------------------------+----+----+-----+-----------+



================================================================
== Interface
================================================================
* Summary: 
+-----------------------------------+-----+-----+------------+--------------------+--------------+
|             RTL Ports             | Dir | Bits|  Protocol  |    Source Object   |    C Type    |
+-----------------------------------+-----+-----+------------+--------------------+--------------+
|ap_clk                             |   in|    1|  ap_ctrl_hs|   DebayerRatBorBatR|  return value|
|ap_rst                             |   in|    1|  ap_ctrl_hs|   DebayerRatBorBatR|  return value|
|ap_start                           |   in|    1|  ap_ctrl_hs|   DebayerRatBorBatR|  return value|
|start_full_n                       |   in|    1|  ap_ctrl_hs|   DebayerRatBorBatR|  return value|
|ap_done                            |  out|    1|  ap_ctrl_hs|   DebayerRatBorBatR|  return value|
|ap_continue                        |   in|    1|  ap_ctrl_hs|   DebayerRatBorBatR|  return value|
|ap_idle                            |  out|    1|  ap_ctrl_hs|   DebayerRatBorBatR|  return value|
|ap_ready                           |  out|    1|  ap_ctrl_hs|   DebayerRatBorBatR|  return value|
|start_out                          |  out|    1|  ap_ctrl_hs|   DebayerRatBorBatR|  return value|
|start_write                        |  out|    1|  ap_ctrl_hs|   DebayerRatBorBatR|  return value|
|imgG_dout                          |   in|   30|     ap_fifo|                imgG|       pointer|
|imgG_empty_n                       |   in|    1|     ap_fifo|                imgG|       pointer|
|imgG_read                          |  out|    1|     ap_fifo|                imgG|       pointer|
|imgG_num_data_valid                |   in|    3|     ap_fifo|                imgG|       pointer|
|imgG_fifo_cap                      |   in|    3|     ap_fifo|                imgG|       pointer|
|imgRB_din                          |  out|   30|     ap_fifo|               imgRB|       pointer|
|imgRB_full_n                       |   in|    1|     ap_fifo|               imgRB|       pointer|
|imgRB_write                        |  out|    1|     ap_fifo|               imgRB|       pointer|
|imgRB_num_data_valid               |   in|   32|     ap_fifo|               imgRB|       pointer|
|imgRB_fifo_cap                     |   in|   32|     ap_fifo|               imgRB|       pointer|
|height_val4_dout                   |   in|   11|     ap_fifo|         height_val4|       pointer|
|height_val4_empty_n                |   in|    1|     ap_fifo|         height_val4|       pointer|
|height_val4_read                   |  out|    1|     ap_fifo|         height_val4|       pointer|
|height_val4_num_data_valid         |   in|    3|     ap_fifo|         height_val4|       pointer|
|height_val4_fifo_cap               |   in|    3|     ap_fifo|         height_val4|       pointer|
|width_val8_dout                    |   in|   11|     ap_fifo|          width_val8|       pointer|
|width_val8_empty_n                 |   in|    1|     ap_fifo|          width_val8|       pointer|
|width_val8_read                    |  out|    1|     ap_fifo|          width_val8|       pointer|
|width_val8_num_data_valid          |   in|    3|     ap_fifo|          width_val8|       pointer|
|width_val8_fifo_cap                |   in|    3|     ap_fifo|          width_val8|       pointer|
|bayerPhase_val11_dout              |   in|   16|     ap_fifo|    bayerPhase_val11|       pointer|
|bayerPhase_val11_empty_n           |   in|    1|     ap_fifo|    bayerPhase_val11|       pointer|
|bayerPhase_val11_read              |  out|    1|     ap_fifo|    bayerPhase_val11|       pointer|
|bayerPhase_val11_num_data_valid    |   in|    3|     ap_fifo|    bayerPhase_val11|       pointer|
|bayerPhase_val11_fifo_cap          |   in|    3|     ap_fifo|    bayerPhase_val11|       pointer|
|height_val4_c_din                  |  out|   11|     ap_fifo|       height_val4_c|       pointer|
|height_val4_c_full_n               |   in|    1|     ap_fifo|       height_val4_c|       pointer|
|height_val4_c_write                |  out|    1|     ap_fifo|       height_val4_c|       pointer|
|height_val4_c_num_data_valid       |   in|    3|     ap_fifo|       height_val4_c|       pointer|
|height_val4_c_fifo_cap             |   in|    3|     ap_fifo|       height_val4_c|       pointer|
|width_val8_c_din                   |  out|   11|     ap_fifo|        width_val8_c|       pointer|
|width_val8_c_full_n                |   in|    1|     ap_fifo|        width_val8_c|       pointer|
|width_val8_c_write                 |  out|    1|     ap_fifo|        width_val8_c|       pointer|
|width_val8_c_num_data_valid        |   in|    3|     ap_fifo|        width_val8_c|       pointer|
|width_val8_c_fifo_cap              |   in|    3|     ap_fifo|        width_val8_c|       pointer|
|bayerPhase_val11_c_din             |  out|   16|     ap_fifo|  bayerPhase_val11_c|       pointer|
|bayerPhase_val11_c_full_n          |   in|    1|     ap_fifo|  bayerPhase_val11_c|       pointer|
|bayerPhase_val11_c_write           |  out|    1|     ap_fifo|  bayerPhase_val11_c|       pointer|
|bayerPhase_val11_c_num_data_valid  |   in|    3|     ap_fifo|  bayerPhase_val11_c|       pointer|
|bayerPhase_val11_c_fifo_cap        |   in|    3|     ap_fifo|  bayerPhase_val11_c|       pointer|
+-----------------------------------+-----+-----+------------+--------------------+--------------+

