

================================================================
== Vitis HLS Report for 'AXIvideo2MultiPixStream_Pipeline_loop_width'
================================================================
* Date:           Thu Nov 13 19:31:34 2025

* Version:        2024.2 (Build 5238294 on Nov  8 2024)
* Project:        prj
* Solution:       sol (Vivado IP Flow Target)
* Product family: zynquplus
* Target device:  xczu2cg-sfvc784-1-e


================================================================
== Performance Estimates
================================================================
+ Timing: 
    * Summary: 
    +--------+---------+----------+------------+
    |  Clock |  Target | Estimated| Uncertainty|
    +--------+---------+----------+------------+
    |ap_clk  |  6.67 ns|  2.256 ns|     1.80 ns|
    +--------+---------+----------+------------+

+ Latency: 
    * Summary: 
    +---------+---------+-----------+-----------+-----+------+------------------------------------------------+
    |  Latency (cycles) |   Latency (absolute)  |  Interval  |                    Pipeline                    |
    |   min   |   max   |    min    |    max    | min |  max |                      Type                      |
    +---------+---------+-----------+-----------+-----+------+------------------------------------------------+
    |        3|     1923|  20.001 ns|  12.821 us|    1|  1921|  loop auto-rewind stp (delay=0 clock cycles(s))|
    +---------+---------+-----------+-----------+-----+------+------------------------------------------------+

    + Detail: 
        * Instance: 
        N/A

        * Loop: 
        +--------------+---------+---------+----------+-----------+-----------+----------+----------+
        |              |  Latency (cycles) | Iteration|  Initiation Interval  |   Trip   |          |
        |   Loop Name  |   min   |   max   |  Latency |  achieved |   target  |   Count  | Pipelined|
        +--------------+---------+---------+----------+-----------+-----------+----------+----------+
        |- loop_width  |        1|     1921|         3|          1|          1|  0 ~ 1920|       yes|
        +--------------+---------+---------+----------+-----------+-----------+----------+----------+

============================================================
+ Verbose Summary: Synthesis Manager
============================================================
InlineROM: 1
ExposeGlobal: 0
============================================================
+ Verbose Summary: CDFG Model
============================================================
IsTopModel: 0
ResetActiveHigh: 1
IsCombinational: 0
IsDatapathOnly: 0
HasWiredReturn: 1
HasMFsm: 2
HasVarLatency: 1
IsPipeline: 0
IsRtlPipelined: 0
IsInstanceOverlapped: 0
IsDontTouch: 0
HasImplIP: 0
IsGatedGlobalClock: 0

+ Individual pipeline summary: 
  * Pipeline-0: initiation interval (II) = 1, depth = 3


============================================================
+ Verbose Summary: Schedule
============================================================
* Number of FSM states : 3
* Pipeline : 1
  Pipeline-0 : II = 1, D = 3, States = { 1 2 3 }
* Dataflow Pipeline: 0

* FSM state transitions: 
1 --> 2 
2 --> 3 
3 --> 

* FSM state operations: 

State 1 <SV = 0> <Delay = 1.92>
ST_1 : Operation 6 [1/1] (0.00ns)   --->   "%j = alloca i32 1" [E:/Dev/QianSai/mipi_dp_vivado/mipi_dp.runs/design_1_v_gamma_lut_0_0_synth_1/prj/sol/.autopilot/db/v_gamma_lut.cpp:191->E:/Dev/QianSai/mipi_dp_vivado/mipi_dp.runs/design_1_v_gamma_lut_0_0_synth_1/prj/sol/.autopilot/db/v_gamma_lut.cpp:143]   --->   Operation 6 'alloca' 'j' <Predicate = true> <Delay = 0.00>
ST_1 : Operation 7 [1/1] (0.00ns)   --->   "%axi_data = alloca i32 1" [E:/Dev/QianSai/mipi_dp_vivado/mipi_dp.runs/design_1_v_gamma_lut_0_0_synth_1/prj/sol/.autopilot/db/v_gamma_lut.cpp:166->E:/Dev/QianSai/mipi_dp_vivado/mipi_dp.runs/design_1_v_gamma_lut_0_0_synth_1/prj/sol/.autopilot/db/v_gamma_lut.cpp:143]   --->   Operation 7 'alloca' 'axi_data' <Predicate = true> <Delay = 0.00>
ST_1 : Operation 8 [1/1] (0.00ns)   --->   "%axi_last = alloca i32 1" [E:/Dev/QianSai/mipi_dp_vivado/mipi_dp.runs/design_1_v_gamma_lut_0_0_synth_1/prj/sol/.autopilot/db/v_gamma_lut.cpp:166->E:/Dev/QianSai/mipi_dp_vivado/mipi_dp.runs/design_1_v_gamma_lut_0_0_synth_1/prj/sol/.autopilot/db/v_gamma_lut.cpp:143]   --->   Operation 8 'alloca' 'axi_last' <Predicate = true> <Delay = 0.00>
ST_1 : Operation 9 [1/1] (0.00ns)   --->   "%specaxissidechannel_ln0 = specaxissidechannel void @_ssdm_op_SpecAXISSideChannel, i32 %s_axis_video_V_data_V, i4 %s_axis_video_V_keep_V, i4 %s_axis_video_V_strb_V, i1 %s_axis_video_V_user_V, i1 %s_axis_video_V_last_V, i1 %s_axis_video_V_id_V, i1 %s_axis_video_V_dest_V, void @empty_14"   --->   Operation 9 'specaxissidechannel' 'specaxissidechannel_ln0' <Predicate = true> <Delay = 0.00>
ST_1 : Operation 10 [1/1] (0.00ns)   --->   "%specinterface_ln0 = specinterface void @_ssdm_op_SpecInterface, i32 %s_axis_video_V_data_V, void @empty_11, i32 0, i32 0, void @empty_0, i32 0, i32 0, void @empty_3, void @empty_3, void @empty_3, i32 0, i32 0, i32 0, i32 0, void @empty_3, void @empty_3, i32 4294967295, i32 0, i32 0"   --->   Operation 10 'specinterface' 'specinterface_ln0' <Predicate = true> <Delay = 0.00>
ST_1 : Operation 11 [1/1] (0.00ns)   --->   "%specinterface_ln0 = specinterface void @_ssdm_op_SpecInterface, i4 %s_axis_video_V_keep_V, void @empty_11, i32 0, i32 0, void @empty_0, i32 0, i32 0, void @empty_3, void @empty_3, void @empty_3, i32 0, i32 0, i32 0, i32 0, void @empty_3, void @empty_3, i32 4294967295, i32 0, i32 0"   --->   Operation 11 'specinterface' 'specinterface_ln0' <Predicate = true> <Delay = 0.00>
ST_1 : Operation 12 [1/1] (0.00ns)   --->   "%specinterface_ln0 = specinterface void @_ssdm_op_SpecInterface, i4 %s_axis_video_V_strb_V, void @empty_11, i32 0, i32 0, void @empty_0, i32 0, i32 0, void @empty_3, void @empty_3, void @empty_3, i32 0, i32 0, i32 0, i32 0, void @empty_3, void @empty_3, i32 4294967295, i32 0, i32 0"   --->   Operation 12 'specinterface' 'specinterface_ln0' <Predicate = true> <Delay = 0.00>
ST_1 : Operation 13 [1/1] (0.00ns)   --->   "%specinterface_ln0 = specinterface void @_ssdm_op_SpecInterface, i1 %s_axis_video_V_user_V, void @empty_11, i32 0, i32 0, void @empty_0, i32 0, i32 0, void @empty_3, void @empty_3, void @empty_3, i32 0, i32 0, i32 0, i32 0, void @empty_3, void @empty_3, i32 4294967295, i32 0, i32 0"   --->   Operation 13 'specinterface' 'specinterface_ln0' <Predicate = true> <Delay = 0.00>
ST_1 : Operation 14 [1/1] (0.00ns)   --->   "%specinterface_ln0 = specinterface void @_ssdm_op_SpecInterface, i1 %s_axis_video_V_last_V, void @empty_11, i32 0, i32 0, void @empty_0, i32 0, i32 0, void @empty_3, void @empty_3, void @empty_3, i32 0, i32 0, i32 0, i32 0, void @empty_3, void @empty_3, i32 4294967295, i32 0, i32 0"   --->   Operation 14 'specinterface' 'specinterface_ln0' <Predicate = true> <Delay = 0.00>
ST_1 : Operation 15 [1/1] (0.00ns)   --->   "%specinterface_ln0 = specinterface void @_ssdm_op_SpecInterface, i1 %s_axis_video_V_id_V, void @empty_11, i32 0, i32 0, void @empty_0, i32 0, i32 0, void @empty_3, void @empty_3, void @empty_3, i32 0, i32 0, i32 0, i32 0, void @empty_3, void @empty_3, i32 4294967295, i32 0, i32 0"   --->   Operation 15 'specinterface' 'specinterface_ln0' <Predicate = true> <Delay = 0.00>
ST_1 : Operation 16 [1/1] (0.00ns)   --->   "%specinterface_ln0 = specinterface void @_ssdm_op_SpecInterface, i1 %s_axis_video_V_dest_V, void @empty_11, i32 0, i32 0, void @empty_0, i32 0, i32 0, void @empty_3, void @empty_3, void @empty_3, i32 0, i32 0, i32 0, i32 0, void @empty_3, void @empty_3, i32 4294967295, i32 0, i32 0"   --->   Operation 16 'specinterface' 'specinterface_ln0' <Predicate = true> <Delay = 0.00>
ST_1 : Operation 17 [1/1] (0.00ns)   --->   "%specinterface_ln0 = specinterface void @_ssdm_op_SpecInterface, i30 %imgRgb, void @empty_12, i32 0, i32 0, void @empty_3, i32 0, i32 0, void @empty_3, void @empty_3, void @empty_3, i32 0, i32 0, i32 0, i32 0, void @empty_3, void @empty_3, i32 4294967295, i32 0, i32 0"   --->   Operation 17 'specinterface' 'specinterface_ln0' <Predicate = true> <Delay = 0.00>
ST_1 : Operation 18 [1/1] (0.00ns)   --->   "%cols_read = read i11 @_ssdm_op_Read.ap_auto.i11, i11 %cols"   --->   Operation 18 'read' 'cols_read' <Predicate = true> <Delay = 0.00>
ST_1 : Operation 19 [1/1] (0.00ns)   --->   "%axi_data_2_read = read i30 @_ssdm_op_Read.ap_auto.i30, i30 %axi_data_2"   --->   Operation 19 'read' 'axi_data_2_read' <Predicate = true> <Delay = 0.00>
ST_1 : Operation 20 [1/1] (0.00ns)   --->   "%axi_last_2_read = read i1 @_ssdm_op_Read.ap_auto.i1, i1 %axi_last_2"   --->   Operation 20 'read' 'axi_last_2_read' <Predicate = true> <Delay = 0.00>
ST_1 : Operation 21 [1/1] (0.00ns)   --->   "%sof_4_read = read i1 @_ssdm_op_Read.ap_auto.i1, i1 %sof_4"   --->   Operation 21 'read' 'sof_4_read' <Predicate = true> <Delay = 0.00>
ST_1 : Operation 22 [1/1] (0.48ns)   --->   "%store_ln166 = store i1 %axi_last_2_read, i1 %axi_last" [E:/Dev/QianSai/mipi_dp_vivado/mipi_dp.runs/design_1_v_gamma_lut_0_0_synth_1/prj/sol/.autopilot/db/v_gamma_lut.cpp:166->E:/Dev/QianSai/mipi_dp_vivado/mipi_dp.runs/design_1_v_gamma_lut_0_0_synth_1/prj/sol/.autopilot/db/v_gamma_lut.cpp:143]   --->   Operation 22 'store' 'store_ln166' <Predicate = true> <Delay = 0.48>
ST_1 : Operation 23 [1/1] (0.48ns)   --->   "%store_ln166 = store i30 %axi_data_2_read, i30 %axi_data" [E:/Dev/QianSai/mipi_dp_vivado/mipi_dp.runs/design_1_v_gamma_lut_0_0_synth_1/prj/sol/.autopilot/db/v_gamma_lut.cpp:166->E:/Dev/QianSai/mipi_dp_vivado/mipi_dp.runs/design_1_v_gamma_lut_0_0_synth_1/prj/sol/.autopilot/db/v_gamma_lut.cpp:143]   --->   Operation 23 'store' 'store_ln166' <Predicate = true> <Delay = 0.48>
ST_1 : Operation 24 [1/1] (0.48ns)   --->   "%store_ln191 = store i11 0, i11 %j" [E:/Dev/QianSai/mipi_dp_vivado/mipi_dp.runs/design_1_v_gamma_lut_0_0_synth_1/prj/sol/.autopilot/db/v_gamma_lut.cpp:191->E:/Dev/QianSai/mipi_dp_vivado/mipi_dp.runs/design_1_v_gamma_lut_0_0_synth_1/prj/sol/.autopilot/db/v_gamma_lut.cpp:143]   --->   Operation 24 'store' 'store_ln191' <Predicate = true> <Delay = 0.48>
ST_1 : Operation 25 [1/1] (0.48ns)   --->   "%br_ln191 = br void %for.body12.i" [E:/Dev/QianSai/mipi_dp_vivado/mipi_dp.runs/design_1_v_gamma_lut_0_0_synth_1/prj/sol/.autopilot/db/v_gamma_lut.cpp:191->E:/Dev/QianSai/mipi_dp_vivado/mipi_dp.runs/design_1_v_gamma_lut_0_0_synth_1/prj/sol/.autopilot/db/v_gamma_lut.cpp:143]   --->   Operation 25 'br' 'br_ln191' <Predicate = true> <Delay = 0.48>
ST_1 : Operation 26 [1/1] (0.00ns)   --->   "%j_3 = load i11 %j" [E:/Dev/QianSai/mipi_dp_vivado/mipi_dp.runs/design_1_v_gamma_lut_0_0_synth_1/prj/sol/.autopilot/db/v_gamma_lut.cpp:191->E:/Dev/QianSai/mipi_dp_vivado/mipi_dp.runs/design_1_v_gamma_lut_0_0_synth_1/prj/sol/.autopilot/db/v_gamma_lut.cpp:143]   --->   Operation 26 'load' 'j_3' <Predicate = true> <Delay = 0.00>
ST_1 : Operation 27 [1/1] (0.94ns)   --->   "%icmp_ln191 = icmp_eq  i11 %j_3, i11 %cols_read" [E:/Dev/QianSai/mipi_dp_vivado/mipi_dp.runs/design_1_v_gamma_lut_0_0_synth_1/prj/sol/.autopilot/db/v_gamma_lut.cpp:191->E:/Dev/QianSai/mipi_dp_vivado/mipi_dp.runs/design_1_v_gamma_lut_0_0_synth_1/prj/sol/.autopilot/db/v_gamma_lut.cpp:143]   --->   Operation 27 'icmp' 'icmp_ln191' <Predicate = true> <Delay = 0.94> <CoreInst = "Cmp">   --->   Core 9 'Cmp' <Latency = 0> <II = 1> <Delay = 0.94> <FuncUnit> <Opcode : 'seteq' 'setne' 'setle' 'setge' 'setlt' 'setgt'> <InPorts = 2> <OutPorts = 1>
ST_1 : Operation 28 [1/1] (0.94ns)   --->   "%j_4 = add i11 %j_3, i11 1" [E:/Dev/QianSai/mipi_dp_vivado/mipi_dp.runs/design_1_v_gamma_lut_0_0_synth_1/prj/sol/.autopilot/db/v_gamma_lut.cpp:191->E:/Dev/QianSai/mipi_dp_vivado/mipi_dp.runs/design_1_v_gamma_lut_0_0_synth_1/prj/sol/.autopilot/db/v_gamma_lut.cpp:143]   --->   Operation 28 'add' 'j_4' <Predicate = true> <Delay = 0.94> <CoreInst = "Adder">   --->   Core 1 'Adder' <Latency = 0> <II = 1> <Delay = 0.94> <FuncUnit> <Opcode : 'add' 'sub'> <InPorts = 2> <OutPorts = 1>
ST_1 : Operation 29 [1/1] (0.00ns)   --->   "%br_ln191 = br i1 %icmp_ln191, void %for.body12.split.i, void %loop_wait_for_eol.loopexit.i.exitStub" [E:/Dev/QianSai/mipi_dp_vivado/mipi_dp.runs/design_1_v_gamma_lut_0_0_synth_1/prj/sol/.autopilot/db/v_gamma_lut.cpp:191->E:/Dev/QianSai/mipi_dp_vivado/mipi_dp.runs/design_1_v_gamma_lut_0_0_synth_1/prj/sol/.autopilot/db/v_gamma_lut.cpp:143]   --->   Operation 29 'br' 'br_ln191' <Predicate = true> <Delay = 0.00>
ST_1 : Operation 30 [1/1] (0.48ns)   --->   "%store_ln191 = store i11 %j_4, i11 %j" [E:/Dev/QianSai/mipi_dp_vivado/mipi_dp.runs/design_1_v_gamma_lut_0_0_synth_1/prj/sol/.autopilot/db/v_gamma_lut.cpp:191->E:/Dev/QianSai/mipi_dp_vivado/mipi_dp.runs/design_1_v_gamma_lut_0_0_synth_1/prj/sol/.autopilot/db/v_gamma_lut.cpp:143]   --->   Operation 30 'store' 'store_ln191' <Predicate = (!icmp_ln191)> <Delay = 0.48>
ST_1 : Operation 31 [1/1] (0.00ns)   --->   "%br_ln191 = br void %for.body12.i" [E:/Dev/QianSai/mipi_dp_vivado/mipi_dp.runs/design_1_v_gamma_lut_0_0_synth_1/prj/sol/.autopilot/db/v_gamma_lut.cpp:191->E:/Dev/QianSai/mipi_dp_vivado/mipi_dp.runs/design_1_v_gamma_lut_0_0_synth_1/prj/sol/.autopilot/db/v_gamma_lut.cpp:143]   --->   Operation 31 'br' 'br_ln191' <Predicate = (!icmp_ln191)> <Delay = 0.00>

State 2 <SV = 1> <Delay = 0.95>
ST_2 : Operation 32 [1/1] (0.00ns)   --->   "%eol = phi i1 0, void %newFuncRoot, i1 %axi_last_4, void %if.end.i"   --->   Operation 32 'phi' 'eol' <Predicate = true> <Delay = 0.00>
ST_2 : Operation 33 [1/1] (0.00ns)   --->   "%sof = phi i1 %sof_4_read, void %newFuncRoot, i1 0, void %if.end.i"   --->   Operation 33 'phi' 'sof' <Predicate = true> <Delay = 0.00>
ST_2 : Operation 34 [1/1] (0.00ns)   --->   "%speclooptripcount_ln0 = speclooptripcount void @_ssdm_op_SpecLoopTripCount, i64 0, i64 1920, i64 0"   --->   Operation 34 'speclooptripcount' 'speclooptripcount_ln0' <Predicate = true> <Delay = 0.00>
ST_2 : Operation 35 [1/1] (0.00ns)   --->   "%specpipeline_ln194 = specpipeline void @_ssdm_op_SpecPipeline, i32 1, i32 0, i32 0, i32 0, void @empty_3" [E:/Dev/QianSai/mipi_dp_vivado/mipi_dp.runs/design_1_v_gamma_lut_0_0_synth_1/prj/sol/.autopilot/db/v_gamma_lut.cpp:194->E:/Dev/QianSai/mipi_dp_vivado/mipi_dp.runs/design_1_v_gamma_lut_0_0_synth_1/prj/sol/.autopilot/db/v_gamma_lut.cpp:143]   --->   Operation 35 'specpipeline' 'specpipeline_ln194' <Predicate = (!icmp_ln191)> <Delay = 0.00>
ST_2 : Operation 36 [1/1] (0.00ns)   --->   "%specloopname_ln191 = specloopname void @_ssdm_op_SpecLoopName, void @empty_15" [E:/Dev/QianSai/mipi_dp_vivado/mipi_dp.runs/design_1_v_gamma_lut_0_0_synth_1/prj/sol/.autopilot/db/v_gamma_lut.cpp:191->E:/Dev/QianSai/mipi_dp_vivado/mipi_dp.runs/design_1_v_gamma_lut_0_0_synth_1/prj/sol/.autopilot/db/v_gamma_lut.cpp:143]   --->   Operation 36 'specloopname' 'specloopname_ln191' <Predicate = (!icmp_ln191)> <Delay = 0.00>
ST_2 : Operation 37 [1/1] (0.33ns)   --->   "%or_ln195 = or i1 %sof, i1 %eol" [E:/Dev/QianSai/mipi_dp_vivado/mipi_dp.runs/design_1_v_gamma_lut_0_0_synth_1/prj/sol/.autopilot/db/v_gamma_lut.cpp:195->E:/Dev/QianSai/mipi_dp_vivado/mipi_dp.runs/design_1_v_gamma_lut_0_0_synth_1/prj/sol/.autopilot/db/v_gamma_lut.cpp:143]   --->   Operation 37 'or' 'or_ln195' <Predicate = (!icmp_ln191)> <Delay = 0.33> <CoreInst = "LogicGate">   --->   Core 74 'LogicGate' <Latency = 0> <II = 1> <Delay = 0.33> <FuncUnit> <Opcode : 'and' 'or' 'xor'> <InPorts = 2> <OutPorts = 1>
ST_2 : Operation 38 [1/1] (0.00ns)   --->   "%br_ln195 = br i1 %or_ln195, void %if.else.i, void %if.end.i" [E:/Dev/QianSai/mipi_dp_vivado/mipi_dp.runs/design_1_v_gamma_lut_0_0_synth_1/prj/sol/.autopilot/db/v_gamma_lut.cpp:195->E:/Dev/QianSai/mipi_dp_vivado/mipi_dp.runs/design_1_v_gamma_lut_0_0_synth_1/prj/sol/.autopilot/db/v_gamma_lut.cpp:143]   --->   Operation 38 'br' 'br_ln195' <Predicate = (!icmp_ln191)> <Delay = 0.00>
ST_2 : Operation 39 [1/1] (0.13ns)   --->   "%empty = read i44 @_ssdm_op_Read.axis.volatile.i32P0A.i4P0A.i4P0A.i1P0A.i1P0A.i1P0A.i1P0A, i32 %s_axis_video_V_data_V, i4 %s_axis_video_V_keep_V, i4 %s_axis_video_V_strb_V, i1 %s_axis_video_V_user_V, i1 %s_axis_video_V_last_V, i1 %s_axis_video_V_id_V, i1 %s_axis_video_V_dest_V" [E:/Dev/QianSai/mipi_dp_vivado/mipi_dp.runs/design_1_v_gamma_lut_0_0_synth_1/prj/sol/.autopilot/db/v_gamma_lut.cpp:199->E:/Dev/QianSai/mipi_dp_vivado/mipi_dp.runs/design_1_v_gamma_lut_0_0_synth_1/prj/sol/.autopilot/db/v_gamma_lut.cpp:143]   --->   Operation 39 'read' 'empty' <Predicate = (!icmp_ln191 & !or_ln195)> <Delay = 0.13> <CoreInst = "regslice">   --->   Core 147 'regslice' <Latency = 0> <II = 1> <Delay = 0.90> <Adapter> <Opcode : 'read' 'write'>
ST_2 : Operation 40 [1/1] (0.00ns)   --->   "%p_cast9 = extractvalue i44 %empty" [E:/Dev/QianSai/mipi_dp_vivado/mipi_dp.runs/design_1_v_gamma_lut_0_0_synth_1/prj/sol/.autopilot/db/v_gamma_lut.cpp:199->E:/Dev/QianSai/mipi_dp_vivado/mipi_dp.runs/design_1_v_gamma_lut_0_0_synth_1/prj/sol/.autopilot/db/v_gamma_lut.cpp:143]   --->   Operation 40 'extractvalue' 'p_cast9' <Predicate = (!icmp_ln191 & !or_ln195)> <Delay = 0.00>
ST_2 : Operation 41 [1/1] (0.00ns)   --->   "%axi_last_5 = extractvalue i44 %empty" [E:/Dev/QianSai/mipi_dp_vivado/mipi_dp.runs/design_1_v_gamma_lut_0_0_synth_1/prj/sol/.autopilot/db/v_gamma_lut.cpp:199->E:/Dev/QianSai/mipi_dp_vivado/mipi_dp.runs/design_1_v_gamma_lut_0_0_synth_1/prj/sol/.autopilot/db/v_gamma_lut.cpp:143]   --->   Operation 41 'extractvalue' 'axi_last_5' <Predicate = (!icmp_ln191 & !or_ln195)> <Delay = 0.00>
ST_2 : Operation 42 [1/1] (0.00ns)   --->   "%axi_data_1 = trunc i32 %p_cast9" [E:/Dev/QianSai/mipi_dp_vivado/mipi_dp.runs/design_1_v_gamma_lut_0_0_synth_1/prj/sol/.autopilot/db/v_gamma_lut.cpp:199->E:/Dev/QianSai/mipi_dp_vivado/mipi_dp.runs/design_1_v_gamma_lut_0_0_synth_1/prj/sol/.autopilot/db/v_gamma_lut.cpp:143]   --->   Operation 42 'trunc' 'axi_data_1' <Predicate = (!icmp_ln191 & !or_ln195)> <Delay = 0.00>
ST_2 : Operation 43 [1/1] (0.48ns)   --->   "%store_ln166 = store i1 %axi_last_5, i1 %axi_last" [E:/Dev/QianSai/mipi_dp_vivado/mipi_dp.runs/design_1_v_gamma_lut_0_0_synth_1/prj/sol/.autopilot/db/v_gamma_lut.cpp:166->E:/Dev/QianSai/mipi_dp_vivado/mipi_dp.runs/design_1_v_gamma_lut_0_0_synth_1/prj/sol/.autopilot/db/v_gamma_lut.cpp:143]   --->   Operation 43 'store' 'store_ln166' <Predicate = (!icmp_ln191 & !or_ln195)> <Delay = 0.48>
ST_2 : Operation 44 [1/1] (0.48ns)   --->   "%store_ln166 = store i30 %axi_data_1, i30 %axi_data" [E:/Dev/QianSai/mipi_dp_vivado/mipi_dp.runs/design_1_v_gamma_lut_0_0_synth_1/prj/sol/.autopilot/db/v_gamma_lut.cpp:166->E:/Dev/QianSai/mipi_dp_vivado/mipi_dp.runs/design_1_v_gamma_lut_0_0_synth_1/prj/sol/.autopilot/db/v_gamma_lut.cpp:143]   --->   Operation 44 'store' 'store_ln166' <Predicate = (!icmp_ln191 & !or_ln195)> <Delay = 0.48>
ST_2 : Operation 45 [1/1] (0.00ns)   --->   "%br_ln0 = br void %if.end.i"   --->   Operation 45 'br' 'br_ln0' <Predicate = (!icmp_ln191 & !or_ln195)> <Delay = 0.00>
ST_2 : Operation 49 [1/1] (0.00ns)   --->   "%axi_data_load = load i30 %axi_data"   --->   Operation 49 'load' 'axi_data_load' <Predicate = (icmp_ln191)> <Delay = 0.00>
ST_2 : Operation 50 [1/1] (0.00ns)   --->   "%write_ln0 = write void @_ssdm_op_Write.ap_auto.i1P0A, i1 %eol_out, i1 %eol"   --->   Operation 50 'write' 'write_ln0' <Predicate = (icmp_ln191)> <Delay = 0.00>
ST_2 : Operation 51 [1/1] (0.00ns)   --->   "%write_ln0 = write void @_ssdm_op_Write.ap_auto.i30P0A, i30 %axi_data_3_out, i30 %axi_data_load"   --->   Operation 51 'write' 'write_ln0' <Predicate = (icmp_ln191)> <Delay = 0.00>
ST_2 : Operation 52 [1/1] (0.48ns)   --->   "%ret_ln0 = ret"   --->   Operation 52 'ret' 'ret_ln0' <Predicate = (icmp_ln191)> <Delay = 0.48>

State 3 <SV = 2> <Delay = 2.25>
ST_3 : Operation 46 [1/1] (0.00ns)   --->   "%axi_data_4 = load i30 %axi_data" [E:/Dev/QianSai/mipi_dp_vivado/mipi_dp.runs/design_1_v_gamma_lut_0_0_synth_1/prj/sol/.autopilot/db/v_gamma_lut.cpp:213->E:/Dev/QianSai/mipi_dp_vivado/mipi_dp.runs/design_1_v_gamma_lut_0_0_synth_1/prj/sol/.autopilot/db/v_gamma_lut.cpp:143]   --->   Operation 46 'load' 'axi_data_4' <Predicate = (!icmp_ln191)> <Delay = 0.00>
ST_3 : Operation 47 [1/1] (0.00ns)   --->   "%axi_last_4 = load i1 %axi_last"   --->   Operation 47 'load' 'axi_last_4' <Predicate = (!icmp_ln191)> <Delay = 0.00>
ST_3 : Operation 48 [1/1] ( I:2.25ns O:2.25ns )   --->   "%write_ln213 = write void @_ssdm_op_Write.ap_fifo.volatile.i30P0A, i30 %imgRgb, i30 %axi_data_4" [E:/Dev/QianSai/mipi_dp_vivado/mipi_dp.runs/design_1_v_gamma_lut_0_0_synth_1/prj/sol/.autopilot/db/v_gamma_lut.cpp:213->E:/Dev/QianSai/mipi_dp_vivado/mipi_dp.runs/design_1_v_gamma_lut_0_0_synth_1/prj/sol/.autopilot/db/v_gamma_lut.cpp:143]   --->   Operation 48 'write' 'write_ln213' <Predicate = (!icmp_ln191)> <Delay = 2.25> <CoreInst = "FIFO_SRL">   --->   Core 80 'FIFO_SRL' <Latency = 0> <II = 1> <Delay = 2.25> <Storage> <Opcode : 'read' 'write' 'nbread' 'nbwrite'> <Ports = 0> <Width = 30> <Depth = 16> <FIFO>


============================================================
+ Verbose Summary: Timing violations
============================================================
Target clock period: 6.667ns, clock uncertainty: 1.800ns.

 <State 1>: 1.926ns
The critical path consists of the following:
	'store' operation 0 bit ('store_ln191', E:/Dev/QianSai/mipi_dp_vivado/mipi_dp.runs/design_1_v_gamma_lut_0_0_synth_1/prj/sol/.autopilot/db/v_gamma_lut.cpp:191->E:/Dev/QianSai/mipi_dp_vivado/mipi_dp.runs/design_1_v_gamma_lut_0_0_synth_1/prj/sol/.autopilot/db/v_gamma_lut.cpp:143) of constant 0 on local variable 'j', E:/Dev/QianSai/mipi_dp_vivado/mipi_dp.runs/design_1_v_gamma_lut_0_0_synth_1/prj/sol/.autopilot/db/v_gamma_lut.cpp:191->E:/Dev/QianSai/mipi_dp_vivado/mipi_dp.runs/design_1_v_gamma_lut_0_0_synth_1/prj/sol/.autopilot/db/v_gamma_lut.cpp:143 [33]  (0.489 ns)
	'load' operation 11 bit ('j', E:/Dev/QianSai/mipi_dp_vivado/mipi_dp.runs/design_1_v_gamma_lut_0_0_synth_1/prj/sol/.autopilot/db/v_gamma_lut.cpp:191->E:/Dev/QianSai/mipi_dp_vivado/mipi_dp.runs/design_1_v_gamma_lut_0_0_synth_1/prj/sol/.autopilot/db/v_gamma_lut.cpp:143) on local variable 'j', E:/Dev/QianSai/mipi_dp_vivado/mipi_dp.runs/design_1_v_gamma_lut_0_0_synth_1/prj/sol/.autopilot/db/v_gamma_lut.cpp:191->E:/Dev/QianSai/mipi_dp_vivado/mipi_dp.runs/design_1_v_gamma_lut_0_0_synth_1/prj/sol/.autopilot/db/v_gamma_lut.cpp:143 [38]  (0.000 ns)
	'icmp' operation 1 bit ('icmp_ln191', E:/Dev/QianSai/mipi_dp_vivado/mipi_dp.runs/design_1_v_gamma_lut_0_0_synth_1/prj/sol/.autopilot/db/v_gamma_lut.cpp:191->E:/Dev/QianSai/mipi_dp_vivado/mipi_dp.runs/design_1_v_gamma_lut_0_0_synth_1/prj/sol/.autopilot/db/v_gamma_lut.cpp:143) [39]  (0.948 ns)
	'store' operation 0 bit ('store_ln191', E:/Dev/QianSai/mipi_dp_vivado/mipi_dp.runs/design_1_v_gamma_lut_0_0_synth_1/prj/sol/.autopilot/db/v_gamma_lut.cpp:191->E:/Dev/QianSai/mipi_dp_vivado/mipi_dp.runs/design_1_v_gamma_lut_0_0_synth_1/prj/sol/.autopilot/db/v_gamma_lut.cpp:143) of variable 'j', E:/Dev/QianSai/mipi_dp_vivado/mipi_dp.runs/design_1_v_gamma_lut_0_0_synth_1/prj/sol/.autopilot/db/v_gamma_lut.cpp:191->E:/Dev/QianSai/mipi_dp_vivado/mipi_dp.runs/design_1_v_gamma_lut_0_0_synth_1/prj/sol/.autopilot/db/v_gamma_lut.cpp:143 on local variable 'j', E:/Dev/QianSai/mipi_dp_vivado/mipi_dp.runs/design_1_v_gamma_lut_0_0_synth_1/prj/sol/.autopilot/db/v_gamma_lut.cpp:191->E:/Dev/QianSai/mipi_dp_vivado/mipi_dp.runs/design_1_v_gamma_lut_0_0_synth_1/prj/sol/.autopilot/db/v_gamma_lut.cpp:143 [60]  (0.489 ns)

 <State 2>: 0.955ns
The critical path consists of the following:
	'phi' operation 1 bit ('axi.last') with incoming values : ('axi.last') [36]  (0.000 ns)
	'or' operation 1 bit ('or_ln195', E:/Dev/QianSai/mipi_dp_vivado/mipi_dp.runs/design_1_v_gamma_lut_0_0_synth_1/prj/sol/.autopilot/db/v_gamma_lut.cpp:195->E:/Dev/QianSai/mipi_dp_vivado/mipi_dp.runs/design_1_v_gamma_lut_0_0_synth_1/prj/sol/.autopilot/db/v_gamma_lut.cpp:143) [46]  (0.331 ns)
	axis read operation ('empty', E:/Dev/QianSai/mipi_dp_vivado/mipi_dp.runs/design_1_v_gamma_lut_0_0_synth_1/prj/sol/.autopilot/db/v_gamma_lut.cpp:199->E:/Dev/QianSai/mipi_dp_vivado/mipi_dp.runs/design_1_v_gamma_lut_0_0_synth_1/prj/sol/.autopilot/db/v_gamma_lut.cpp:143) on port 's_axis_video_V_data_V' (E:/Dev/QianSai/mipi_dp_vivado/mipi_dp.runs/design_1_v_gamma_lut_0_0_synth_1/prj/sol/.autopilot/db/v_gamma_lut.cpp:199->E:/Dev/QianSai/mipi_dp_vivado/mipi_dp.runs/design_1_v_gamma_lut_0_0_synth_1/prj/sol/.autopilot/db/v_gamma_lut.cpp:143) [49]  (0.135 ns)
	'store' operation 0 bit ('store_ln166', E:/Dev/QianSai/mipi_dp_vivado/mipi_dp.runs/design_1_v_gamma_lut_0_0_synth_1/prj/sol/.autopilot/db/v_gamma_lut.cpp:166->E:/Dev/QianSai/mipi_dp_vivado/mipi_dp.runs/design_1_v_gamma_lut_0_0_synth_1/prj/sol/.autopilot/db/v_gamma_lut.cpp:143) of variable 'axi.last', E:/Dev/QianSai/mipi_dp_vivado/mipi_dp.runs/design_1_v_gamma_lut_0_0_synth_1/prj/sol/.autopilot/db/v_gamma_lut.cpp:199->E:/Dev/QianSai/mipi_dp_vivado/mipi_dp.runs/design_1_v_gamma_lut_0_0_synth_1/prj/sol/.autopilot/db/v_gamma_lut.cpp:143 on local variable 'axi.last', E:/Dev/QianSai/mipi_dp_vivado/mipi_dp.runs/design_1_v_gamma_lut_0_0_synth_1/prj/sol/.autopilot/db/v_gamma_lut.cpp:166->E:/Dev/QianSai/mipi_dp_vivado/mipi_dp.runs/design_1_v_gamma_lut_0_0_synth_1/prj/sol/.autopilot/db/v_gamma_lut.cpp:143 [53]  (0.489 ns)

 <State 3>: 2.256ns
The critical path consists of the following:
	'load' operation 30 bit ('axi.data', E:/Dev/QianSai/mipi_dp_vivado/mipi_dp.runs/design_1_v_gamma_lut_0_0_synth_1/prj/sol/.autopilot/db/v_gamma_lut.cpp:213->E:/Dev/QianSai/mipi_dp_vivado/mipi_dp.runs/design_1_v_gamma_lut_0_0_synth_1/prj/sol/.autopilot/db/v_gamma_lut.cpp:143) on local variable 'axi.data', E:/Dev/QianSai/mipi_dp_vivado/mipi_dp.runs/design_1_v_gamma_lut_0_0_synth_1/prj/sol/.autopilot/db/v_gamma_lut.cpp:166->E:/Dev/QianSai/mipi_dp_vivado/mipi_dp.runs/design_1_v_gamma_lut_0_0_synth_1/prj/sol/.autopilot/db/v_gamma_lut.cpp:143 [57]  (0.000 ns)
	fifo write operation ('write_ln213', E:/Dev/QianSai/mipi_dp_vivado/mipi_dp.runs/design_1_v_gamma_lut_0_0_synth_1/prj/sol/.autopilot/db/v_gamma_lut.cpp:213->E:/Dev/QianSai/mipi_dp_vivado/mipi_dp.runs/design_1_v_gamma_lut_0_0_synth_1/prj/sol/.autopilot/db/v_gamma_lut.cpp:143) on port 'imgRgb' (E:/Dev/QianSai/mipi_dp_vivado/mipi_dp.runs/design_1_v_gamma_lut_0_0_synth_1/prj/sol/.autopilot/db/v_gamma_lut.cpp:213->E:/Dev/QianSai/mipi_dp_vivado/mipi_dp.runs/design_1_v_gamma_lut_0_0_synth_1/prj/sol/.autopilot/db/v_gamma_lut.cpp:143) [59]  (2.256 ns)


============================================================
+ Verbose Summary: Binding
============================================================
N/A
* FSMD analyzer results:
  - Output states:
 - Input state : 
  - Chain level:
	State 1
	State 2
	State 3


============================================================
+ Verbose Summary: Datapath Resource usage 
============================================================
N/A
