

================================================================
== Vitis HLS Report for 'Gamma_Pipeline_VITIS_LOOP_327_4'
================================================================
* Date:           Thu Nov 13 19:31:35 2025

* Version:        2024.2 (Build 5238294 on Nov  8 2024)
* Project:        prj
* Solution:       sol (Vivado IP Flow Target)
* Product family: zynquplus
* Target device:  xczu2cg-sfvc784-1-e


================================================================
== Performance Estimates
================================================================
+ Timing: 
    * Summary: 
    +--------+---------+----------+------------+
    |  Clock |  Target | Estimated| Uncertainty|
    +--------+---------+----------+------------+
    |ap_clk  |  6.67 ns|  3.608 ns|     1.80 ns|
    +--------+---------+----------+------------+

+ Latency: 
    * Summary: 
    +---------+---------+----------+-----------+-----+------+------------------------------------------------+
    |  Latency (cycles) |  Latency (absolute)  |  Interval  |                    Pipeline                    |
    |   min   |   max   |    min   |    max    | min |  max |                      Type                      |
    +---------+---------+----------+-----------+-----+------+------------------------------------------------+
    |       67|     1923|  0.447 us|  12.821 us|   65|  1921|  loop auto-rewind stp (delay=0 clock cycles(s))|
    +---------+---------+----------+-----------+-----+------+------------------------------------------------+

    + Detail: 
        * Instance: 
        N/A

        * Loop: 
        +--------------------+---------+---------+----------+-----------+-----------+-----------+----------+
        |                    |  Latency (cycles) | Iteration|  Initiation Interval  |    Trip   |          |
        |      Loop Name     |   min   |   max   |  Latency |  achieved |   target  |   Count   | Pipelined|
        +--------------------+---------+---------+----------+-----------+-----------+-----------+----------+
        |- VITIS_LOOP_327_4  |       65|     1921|         3|          1|          1|  64 ~ 1920|       yes|
        +--------------------+---------+---------+----------+-----------+-----------+-----------+----------+

============================================================
+ Verbose Summary: Synthesis Manager
============================================================
InlineROM: 1
ExposeGlobal: 0
============================================================
+ Verbose Summary: CDFG Model
============================================================
IsTopModel: 0
ResetActiveHigh: 1
IsCombinational: 0
IsDatapathOnly: 0
HasWiredReturn: 1
HasMFsm: 2
HasVarLatency: 1
IsPipeline: 0
IsRtlPipelined: 0
IsInstanceOverlapped: 0
IsDontTouch: 0
HasImplIP: 0
IsGatedGlobalClock: 0

+ Individual pipeline summary: 
  * Pipeline-0: initiation interval (II) = 1, depth = 3


============================================================
+ Verbose Summary: Schedule
============================================================
* Number of FSM states : 3
* Pipeline : 1
  Pipeline-0 : II = 1, D = 3, States = { 1 2 3 }
* Dataflow Pipeline: 0

* FSM state transitions: 
1 --> 2 
2 --> 3 
3 --> 

* FSM state operations: 

State 1 <SV = 0> <Delay = 1.92>
ST_1 : Operation 6 [1/1] (0.00ns)   --->   "%x = alloca i32 1" [E:/Dev/QianSai/mipi_dp_vivado/mipi_dp.runs/design_1_v_gamma_lut_0_0_synth_1/prj/sol/.autopilot/db/v_gamma_lut.cpp:303->E:/Dev/QianSai/mipi_dp_vivado/mipi_dp.runs/design_1_v_gamma_lut_0_0_synth_1/prj/sol/.autopilot/db/v_gamma_lut.cpp:146]   --->   Operation 6 'alloca' 'x' <Predicate = true> <Delay = 0.00>
ST_1 : Operation 7 [1/1] (0.00ns)   --->   "%specinterface_ln0 = specinterface void @_ssdm_op_SpecInterface, i30 %imgRgb, void @empty_12, i32 0, i32 0, void @empty_3, i32 0, i32 0, void @empty_3, void @empty_3, void @empty_3, i32 0, i32 0, i32 0, i32 0, void @empty_3, void @empty_3, i32 4294967295, i32 0, i32 0"   --->   Operation 7 'specinterface' 'specinterface_ln0' <Predicate = true> <Delay = 0.00>
ST_1 : Operation 8 [1/1] (0.00ns)   --->   "%specinterface_ln0 = specinterface void @_ssdm_op_SpecInterface, i30 %imgGamma, void @empty_12, i32 0, i32 0, void @empty_3, i32 0, i32 0, void @empty_3, void @empty_3, void @empty_3, i32 0, i32 0, i32 0, i32 0, void @empty_3, void @empty_3, i32 4294967295, i32 0, i32 0"   --->   Operation 8 'specinterface' 'specinterface_ln0' <Predicate = true> <Delay = 0.00>
ST_1 : Operation 9 [1/1] (0.00ns)   --->   "%tmp = read i11 @_ssdm_op_Read.ap_auto.i11, i11 %empty"   --->   Operation 9 'read' 'tmp' <Predicate = true> <Delay = 0.00>
ST_1 : Operation 10 [1/1] (0.48ns)   --->   "%store_ln303 = store i11 0, i11 %x" [E:/Dev/QianSai/mipi_dp_vivado/mipi_dp.runs/design_1_v_gamma_lut_0_0_synth_1/prj/sol/.autopilot/db/v_gamma_lut.cpp:303->E:/Dev/QianSai/mipi_dp_vivado/mipi_dp.runs/design_1_v_gamma_lut_0_0_synth_1/prj/sol/.autopilot/db/v_gamma_lut.cpp:146]   --->   Operation 10 'store' 'store_ln303' <Predicate = true> <Delay = 0.48>
ST_1 : Operation 11 [1/1] (0.00ns)   --->   "%br_ln327 = br void %VITIS_LOOP_335_5.i" [E:/Dev/QianSai/mipi_dp_vivado/mipi_dp.runs/design_1_v_gamma_lut_0_0_synth_1/prj/sol/.autopilot/db/v_gamma_lut.cpp:327->E:/Dev/QianSai/mipi_dp_vivado/mipi_dp.runs/design_1_v_gamma_lut_0_0_synth_1/prj/sol/.autopilot/db/v_gamma_lut.cpp:146]   --->   Operation 11 'br' 'br_ln327' <Predicate = true> <Delay = 0.00>
ST_1 : Operation 12 [1/1] (0.00ns)   --->   "%x_1 = load i11 %x" [E:/Dev/QianSai/mipi_dp_vivado/mipi_dp.runs/design_1_v_gamma_lut_0_0_synth_1/prj/sol/.autopilot/db/v_gamma_lut.cpp:327->E:/Dev/QianSai/mipi_dp_vivado/mipi_dp.runs/design_1_v_gamma_lut_0_0_synth_1/prj/sol/.autopilot/db/v_gamma_lut.cpp:146]   --->   Operation 12 'load' 'x_1' <Predicate = true> <Delay = 0.00>
ST_1 : Operation 13 [1/1] (0.94ns)   --->   "%icmp_ln327 = icmp_eq  i11 %x_1, i11 %tmp" [E:/Dev/QianSai/mipi_dp_vivado/mipi_dp.runs/design_1_v_gamma_lut_0_0_synth_1/prj/sol/.autopilot/db/v_gamma_lut.cpp:327->E:/Dev/QianSai/mipi_dp_vivado/mipi_dp.runs/design_1_v_gamma_lut_0_0_synth_1/prj/sol/.autopilot/db/v_gamma_lut.cpp:146]   --->   Operation 13 'icmp' 'icmp_ln327' <Predicate = true> <Delay = 0.94> <CoreInst = "Cmp">   --->   Core 9 'Cmp' <Latency = 0> <II = 1> <Delay = 0.94> <FuncUnit> <Opcode : 'seteq' 'setne' 'setle' 'setge' 'setlt' 'setgt'> <InPorts = 2> <OutPorts = 1>
ST_1 : Operation 14 [1/1] (0.00ns)   --->   "%speclooptripcount_ln0 = speclooptripcount void @_ssdm_op_SpecLoopTripCount, i64 64, i64 1920, i64 0"   --->   Operation 14 'speclooptripcount' 'speclooptripcount_ln0' <Predicate = true> <Delay = 0.00>
ST_1 : Operation 15 [1/1] (0.94ns)   --->   "%x_2 = add i11 %x_1, i11 1" [E:/Dev/QianSai/mipi_dp_vivado/mipi_dp.runs/design_1_v_gamma_lut_0_0_synth_1/prj/sol/.autopilot/db/v_gamma_lut.cpp:327->E:/Dev/QianSai/mipi_dp_vivado/mipi_dp.runs/design_1_v_gamma_lut_0_0_synth_1/prj/sol/.autopilot/db/v_gamma_lut.cpp:146]   --->   Operation 15 'add' 'x_2' <Predicate = true> <Delay = 0.94> <CoreInst = "Adder">   --->   Core 1 'Adder' <Latency = 0> <II = 1> <Delay = 0.94> <FuncUnit> <Opcode : 'add' 'sub'> <InPorts = 2> <OutPorts = 1>
ST_1 : Operation 16 [1/1] (0.00ns)   --->   "%br_ln327 = br i1 %icmp_ln327, void %VITIS_LOOP_335_5.split.i, void %for.inc97.loopexit.i.exitStub" [E:/Dev/QianSai/mipi_dp_vivado/mipi_dp.runs/design_1_v_gamma_lut_0_0_synth_1/prj/sol/.autopilot/db/v_gamma_lut.cpp:327->E:/Dev/QianSai/mipi_dp_vivado/mipi_dp.runs/design_1_v_gamma_lut_0_0_synth_1/prj/sol/.autopilot/db/v_gamma_lut.cpp:146]   --->   Operation 16 'br' 'br_ln327' <Predicate = true> <Delay = 0.00>
ST_1 : Operation 17 [1/1] (0.48ns)   --->   "%store_ln303 = store i11 %x_2, i11 %x" [E:/Dev/QianSai/mipi_dp_vivado/mipi_dp.runs/design_1_v_gamma_lut_0_0_synth_1/prj/sol/.autopilot/db/v_gamma_lut.cpp:303->E:/Dev/QianSai/mipi_dp_vivado/mipi_dp.runs/design_1_v_gamma_lut_0_0_synth_1/prj/sol/.autopilot/db/v_gamma_lut.cpp:146]   --->   Operation 17 'store' 'store_ln303' <Predicate = (!icmp_ln327)> <Delay = 0.48>

State 2 <SV = 1> <Delay = 3.60>
ST_2 : Operation 18 [1/1] ( I:2.25ns O:2.25ns )   --->   "%imgRgb_read = read i30 @_ssdm_op_Read.ap_fifo.volatile.i30P0A, i30 %imgRgb" [E:/Dev/QianSai/mipi_dp_vivado/mipi_dp.runs/design_1_v_gamma_lut_0_0_synth_1/prj/sol/.autopilot/db/v_gamma_lut.cpp:333->E:/Dev/QianSai/mipi_dp_vivado/mipi_dp.runs/design_1_v_gamma_lut_0_0_synth_1/prj/sol/.autopilot/db/v_gamma_lut.cpp:146]   --->   Operation 18 'read' 'imgRgb_read' <Predicate = true> <Delay = 2.25> <CoreInst = "FIFO_SRL">   --->   Core 80 'FIFO_SRL' <Latency = 0> <II = 1> <Delay = 2.25> <Storage> <Opcode : 'read' 'write' 'nbread' 'nbwrite'> <Ports = 0> <Width = 30> <Depth = 16> <FIFO>
ST_2 : Operation 19 [1/1] (0.00ns)   --->   "%g = trunc i30 %imgRgb_read" [E:/Dev/QianSai/mipi_dp_vivado/mipi_dp.runs/design_1_v_gamma_lut_0_0_synth_1/prj/sol/.autopilot/db/v_gamma_lut.cpp:333->E:/Dev/QianSai/mipi_dp_vivado/mipi_dp.runs/design_1_v_gamma_lut_0_0_synth_1/prj/sol/.autopilot/db/v_gamma_lut.cpp:146]   --->   Operation 19 'trunc' 'g' <Predicate = true> <Delay = 0.00>
ST_2 : Operation 20 [1/1] (0.00ns)   --->   "%b = partselect i10 @_ssdm_op_PartSelect.i10.i30.i32.i32, i30 %imgRgb_read, i32 10, i32 19" [E:/Dev/QianSai/mipi_dp_vivado/mipi_dp.runs/design_1_v_gamma_lut_0_0_synth_1/prj/sol/.autopilot/db/v_gamma_lut.cpp:333->E:/Dev/QianSai/mipi_dp_vivado/mipi_dp.runs/design_1_v_gamma_lut_0_0_synth_1/prj/sol/.autopilot/db/v_gamma_lut.cpp:146]   --->   Operation 20 'partselect' 'b' <Predicate = true> <Delay = 0.00>
ST_2 : Operation 21 [1/1] (0.00ns)   --->   "%r = partselect i10 @_ssdm_op_PartSelect.i10.i30.i32.i32, i30 %imgRgb_read, i32 20, i32 29" [E:/Dev/QianSai/mipi_dp_vivado/mipi_dp.runs/design_1_v_gamma_lut_0_0_synth_1/prj/sol/.autopilot/db/v_gamma_lut.cpp:333->E:/Dev/QianSai/mipi_dp_vivado/mipi_dp.runs/design_1_v_gamma_lut_0_0_synth_1/prj/sol/.autopilot/db/v_gamma_lut.cpp:146]   --->   Operation 21 'partselect' 'r' <Predicate = true> <Delay = 0.00>
ST_2 : Operation 22 [1/1] (0.00ns)   --->   "%zext_ln341 = zext i10 %g" [E:/Dev/QianSai/mipi_dp_vivado/mipi_dp.runs/design_1_v_gamma_lut_0_0_synth_1/prj/sol/.autopilot/db/v_gamma_lut.cpp:341->E:/Dev/QianSai/mipi_dp_vivado/mipi_dp.runs/design_1_v_gamma_lut_0_0_synth_1/prj/sol/.autopilot/db/v_gamma_lut.cpp:146]   --->   Operation 22 'zext' 'zext_ln341' <Predicate = true> <Delay = 0.00>
ST_2 : Operation 23 [1/1] (0.00ns)   --->   "%lut_1_addr = getelementptr i10 %lut_1, i64 0, i64 %zext_ln341" [E:/Dev/QianSai/mipi_dp_vivado/mipi_dp.runs/design_1_v_gamma_lut_0_0_synth_1/prj/sol/.autopilot/db/v_gamma_lut.cpp:341->E:/Dev/QianSai/mipi_dp_vivado/mipi_dp.runs/design_1_v_gamma_lut_0_0_synth_1/prj/sol/.autopilot/db/v_gamma_lut.cpp:146]   --->   Operation 23 'getelementptr' 'lut_1_addr' <Predicate = true> <Delay = 0.00>
ST_2 : Operation 24 [2/2] (1.35ns)   --->   "%lut_1_load = load i10 %lut_1_addr" [E:/Dev/QianSai/mipi_dp_vivado/mipi_dp.runs/design_1_v_gamma_lut_0_0_synth_1/prj/sol/.autopilot/db/v_gamma_lut.cpp:341->E:/Dev/QianSai/mipi_dp_vivado/mipi_dp.runs/design_1_v_gamma_lut_0_0_synth_1/prj/sol/.autopilot/db/v_gamma_lut.cpp:146]   --->   Operation 24 'load' 'lut_1_load' <Predicate = true> <Delay = 1.35> <CoreInst = "RAM">   --->   Core 82 'RAM' <Latency = 1> <II = 1> <Delay = 1.35> <Storage> <Opcode : 'load' 'store'> <Ports = 2> <Width = 10> <Depth = 1024> <RAM>
ST_2 : Operation 25 [1/1] (0.00ns)   --->   "%zext_ln342 = zext i10 %b" [E:/Dev/QianSai/mipi_dp_vivado/mipi_dp.runs/design_1_v_gamma_lut_0_0_synth_1/prj/sol/.autopilot/db/v_gamma_lut.cpp:342->E:/Dev/QianSai/mipi_dp_vivado/mipi_dp.runs/design_1_v_gamma_lut_0_0_synth_1/prj/sol/.autopilot/db/v_gamma_lut.cpp:146]   --->   Operation 25 'zext' 'zext_ln342' <Predicate = true> <Delay = 0.00>
ST_2 : Operation 26 [1/1] (0.00ns)   --->   "%lut_2_addr = getelementptr i10 %lut_2, i64 0, i64 %zext_ln342" [E:/Dev/QianSai/mipi_dp_vivado/mipi_dp.runs/design_1_v_gamma_lut_0_0_synth_1/prj/sol/.autopilot/db/v_gamma_lut.cpp:342->E:/Dev/QianSai/mipi_dp_vivado/mipi_dp.runs/design_1_v_gamma_lut_0_0_synth_1/prj/sol/.autopilot/db/v_gamma_lut.cpp:146]   --->   Operation 26 'getelementptr' 'lut_2_addr' <Predicate = true> <Delay = 0.00>
ST_2 : Operation 27 [2/2] (1.35ns)   --->   "%lut_2_load = load i10 %lut_2_addr" [E:/Dev/QianSai/mipi_dp_vivado/mipi_dp.runs/design_1_v_gamma_lut_0_0_synth_1/prj/sol/.autopilot/db/v_gamma_lut.cpp:342->E:/Dev/QianSai/mipi_dp_vivado/mipi_dp.runs/design_1_v_gamma_lut_0_0_synth_1/prj/sol/.autopilot/db/v_gamma_lut.cpp:146]   --->   Operation 27 'load' 'lut_2_load' <Predicate = true> <Delay = 1.35> <CoreInst = "RAM">   --->   Core 82 'RAM' <Latency = 1> <II = 1> <Delay = 1.35> <Storage> <Opcode : 'load' 'store'> <Ports = 2> <Width = 10> <Depth = 1024> <RAM>
ST_2 : Operation 28 [1/1] (0.00ns)   --->   "%zext_ln343 = zext i10 %r" [E:/Dev/QianSai/mipi_dp_vivado/mipi_dp.runs/design_1_v_gamma_lut_0_0_synth_1/prj/sol/.autopilot/db/v_gamma_lut.cpp:343->E:/Dev/QianSai/mipi_dp_vivado/mipi_dp.runs/design_1_v_gamma_lut_0_0_synth_1/prj/sol/.autopilot/db/v_gamma_lut.cpp:146]   --->   Operation 28 'zext' 'zext_ln343' <Predicate = true> <Delay = 0.00>
ST_2 : Operation 29 [1/1] (0.00ns)   --->   "%lut_0_addr = getelementptr i10 %lut_0, i64 0, i64 %zext_ln343" [E:/Dev/QianSai/mipi_dp_vivado/mipi_dp.runs/design_1_v_gamma_lut_0_0_synth_1/prj/sol/.autopilot/db/v_gamma_lut.cpp:343->E:/Dev/QianSai/mipi_dp_vivado/mipi_dp.runs/design_1_v_gamma_lut_0_0_synth_1/prj/sol/.autopilot/db/v_gamma_lut.cpp:146]   --->   Operation 29 'getelementptr' 'lut_0_addr' <Predicate = true> <Delay = 0.00>
ST_2 : Operation 30 [2/2] (1.35ns)   --->   "%lut_0_load = load i10 %lut_0_addr" [E:/Dev/QianSai/mipi_dp_vivado/mipi_dp.runs/design_1_v_gamma_lut_0_0_synth_1/prj/sol/.autopilot/db/v_gamma_lut.cpp:343->E:/Dev/QianSai/mipi_dp_vivado/mipi_dp.runs/design_1_v_gamma_lut_0_0_synth_1/prj/sol/.autopilot/db/v_gamma_lut.cpp:146]   --->   Operation 30 'load' 'lut_0_load' <Predicate = true> <Delay = 1.35> <CoreInst = "RAM">   --->   Core 82 'RAM' <Latency = 1> <II = 1> <Delay = 1.35> <Storage> <Opcode : 'load' 'store'> <Ports = 2> <Width = 10> <Depth = 1024> <RAM>
ST_2 : Operation 39 [1/1] (0.48ns)   --->   "%ret_ln0 = ret"   --->   Operation 39 'ret' 'ret_ln0' <Predicate = (icmp_ln327)> <Delay = 0.48>

State 3 <SV = 2> <Delay = 3.60>
ST_3 : Operation 31 [1/1] (0.00ns)   --->   "%specpipeline_ln331 = specpipeline void @_ssdm_op_SpecPipeline, i32 4294967295, i32 0, i32 0, i32 0, void @empty_3" [E:/Dev/QianSai/mipi_dp_vivado/mipi_dp.runs/design_1_v_gamma_lut_0_0_synth_1/prj/sol/.autopilot/db/v_gamma_lut.cpp:331->E:/Dev/QianSai/mipi_dp_vivado/mipi_dp.runs/design_1_v_gamma_lut_0_0_synth_1/prj/sol/.autopilot/db/v_gamma_lut.cpp:146]   --->   Operation 31 'specpipeline' 'specpipeline_ln331' <Predicate = true> <Delay = 0.00>
ST_3 : Operation 32 [1/1] (0.00ns)   --->   "%specloopname_ln327 = specloopname void @_ssdm_op_SpecLoopName, void @empty_22" [E:/Dev/QianSai/mipi_dp_vivado/mipi_dp.runs/design_1_v_gamma_lut_0_0_synth_1/prj/sol/.autopilot/db/v_gamma_lut.cpp:327->E:/Dev/QianSai/mipi_dp_vivado/mipi_dp.runs/design_1_v_gamma_lut_0_0_synth_1/prj/sol/.autopilot/db/v_gamma_lut.cpp:146]   --->   Operation 32 'specloopname' 'specloopname_ln327' <Predicate = true> <Delay = 0.00>
ST_3 : Operation 33 [1/2] ( I:1.35ns O:1.35ns )   --->   "%lut_1_load = load i10 %lut_1_addr" [E:/Dev/QianSai/mipi_dp_vivado/mipi_dp.runs/design_1_v_gamma_lut_0_0_synth_1/prj/sol/.autopilot/db/v_gamma_lut.cpp:341->E:/Dev/QianSai/mipi_dp_vivado/mipi_dp.runs/design_1_v_gamma_lut_0_0_synth_1/prj/sol/.autopilot/db/v_gamma_lut.cpp:146]   --->   Operation 33 'load' 'lut_1_load' <Predicate = true> <Delay = 1.35> <CoreInst = "RAM">   --->   Core 82 'RAM' <Latency = 1> <II = 1> <Delay = 1.35> <Storage> <Opcode : 'load' 'store'> <Ports = 2> <Width = 10> <Depth = 1024> <RAM>
ST_3 : Operation 34 [1/2] ( I:1.35ns O:1.35ns )   --->   "%lut_2_load = load i10 %lut_2_addr" [E:/Dev/QianSai/mipi_dp_vivado/mipi_dp.runs/design_1_v_gamma_lut_0_0_synth_1/prj/sol/.autopilot/db/v_gamma_lut.cpp:342->E:/Dev/QianSai/mipi_dp_vivado/mipi_dp.runs/design_1_v_gamma_lut_0_0_synth_1/prj/sol/.autopilot/db/v_gamma_lut.cpp:146]   --->   Operation 34 'load' 'lut_2_load' <Predicate = true> <Delay = 1.35> <CoreInst = "RAM">   --->   Core 82 'RAM' <Latency = 1> <II = 1> <Delay = 1.35> <Storage> <Opcode : 'load' 'store'> <Ports = 2> <Width = 10> <Depth = 1024> <RAM>
ST_3 : Operation 35 [1/2] ( I:1.35ns O:1.35ns )   --->   "%lut_0_load = load i10 %lut_0_addr" [E:/Dev/QianSai/mipi_dp_vivado/mipi_dp.runs/design_1_v_gamma_lut_0_0_synth_1/prj/sol/.autopilot/db/v_gamma_lut.cpp:343->E:/Dev/QianSai/mipi_dp_vivado/mipi_dp.runs/design_1_v_gamma_lut_0_0_synth_1/prj/sol/.autopilot/db/v_gamma_lut.cpp:146]   --->   Operation 35 'load' 'lut_0_load' <Predicate = true> <Delay = 1.35> <CoreInst = "RAM">   --->   Core 82 'RAM' <Latency = 1> <II = 1> <Delay = 1.35> <Storage> <Opcode : 'load' 'store'> <Ports = 2> <Width = 10> <Depth = 1024> <RAM>
ST_3 : Operation 36 [1/1] (0.00ns)   --->   "%or_ln345_3_i = bitconcatenate i30 @_ssdm_op_BitConcatenate.i30.i10.i10.i10, i10 %lut_0_load, i10 %lut_2_load, i10 %lut_1_load" [E:/Dev/QianSai/mipi_dp_vivado/mipi_dp.runs/design_1_v_gamma_lut_0_0_synth_1/prj/sol/.autopilot/db/v_gamma_lut.cpp:345->E:/Dev/QianSai/mipi_dp_vivado/mipi_dp.runs/design_1_v_gamma_lut_0_0_synth_1/prj/sol/.autopilot/db/v_gamma_lut.cpp:146]   --->   Operation 36 'bitconcatenate' 'or_ln345_3_i' <Predicate = true> <Delay = 0.00>
ST_3 : Operation 37 [1/1] ( I:2.25ns O:2.25ns )   --->   "%write_ln345 = write void @_ssdm_op_Write.ap_fifo.volatile.i30P0A, i30 %imgGamma, i30 %or_ln345_3_i" [E:/Dev/QianSai/mipi_dp_vivado/mipi_dp.runs/design_1_v_gamma_lut_0_0_synth_1/prj/sol/.autopilot/db/v_gamma_lut.cpp:345->E:/Dev/QianSai/mipi_dp_vivado/mipi_dp.runs/design_1_v_gamma_lut_0_0_synth_1/prj/sol/.autopilot/db/v_gamma_lut.cpp:146]   --->   Operation 37 'write' 'write_ln345' <Predicate = true> <Delay = 2.25> <CoreInst = "FIFO_SRL">   --->   Core 80 'FIFO_SRL' <Latency = 0> <II = 1> <Delay = 2.25> <Storage> <Opcode : 'read' 'write' 'nbread' 'nbwrite'> <Ports = 0> <Width = 30> <Depth = 16> <FIFO>
ST_3 : Operation 38 [1/1] (0.00ns)   --->   "%br_ln327 = br void %VITIS_LOOP_335_5.i" [E:/Dev/QianSai/mipi_dp_vivado/mipi_dp.runs/design_1_v_gamma_lut_0_0_synth_1/prj/sol/.autopilot/db/v_gamma_lut.cpp:327->E:/Dev/QianSai/mipi_dp_vivado/mipi_dp.runs/design_1_v_gamma_lut_0_0_synth_1/prj/sol/.autopilot/db/v_gamma_lut.cpp:146]   --->   Operation 38 'br' 'br_ln327' <Predicate = true> <Delay = 0.00>


============================================================
+ Verbose Summary: Binding
============================================================
STG Binding: 
---------------- STG Properties BEGIN ----------------
- Is combinational: 0
- Is one-state seq: 0
- Is datapath-only: 0
- Is pipelined: 0
- Is top level: 0
Port [ Return ] is wired: 1; IO mode=ap_ctrl_hs:ce=0
Port [ empty]:  wired=1; compound=0; hidden=0; nouse=0; global=0; static=0; extern=0; dir=0; type=0; pingpong=0; private_global=0; IO mode=ap_stable:ce=0
Port [ imgRgb]:  wired=1; compound=1; hidden=0; nouse=0; global=0; static=0; extern=0; dir=0; type=3; pingpong=0; private_global=0; IO mode=ap_fifo:ce=0
Port [ lut_1]:  wired=1; compound=1; hidden=0; nouse=0; global=0; static=0; extern=0; dir=0; type=1; pingpong=0; private_global=0; MemPort=[13]; IO mode=ap_memory:ce=0
Port [ lut_2]:  wired=1; compound=1; hidden=0; nouse=0; global=0; static=0; extern=0; dir=0; type=1; pingpong=0; private_global=0; MemPort=[13]; IO mode=ap_memory:ce=0
Port [ lut_0]:  wired=1; compound=1; hidden=0; nouse=0; global=0; static=0; extern=0; dir=0; type=1; pingpong=0; private_global=0; MemPort=[13]; IO mode=ap_memory:ce=0
Port [ imgGamma]:  wired=1; compound=1; hidden=0; nouse=0; global=0; static=0; extern=0; dir=1; type=3; pingpong=0; private_global=0; IO mode=ap_fifo:ce=0
---------------- STG Properties END ------------------

---------------- Datapath Model BEGIN ----------------

<LifeTime>
<method=bitvector/>
x                     (alloca           ) [ 0100]
specinterface_ln0     (specinterface    ) [ 0000]
specinterface_ln0     (specinterface    ) [ 0000]
tmp                   (read             ) [ 0000]
store_ln303           (store            ) [ 0000]
br_ln327              (br               ) [ 0000]
x_1                   (load             ) [ 0000]
icmp_ln327            (icmp             ) [ 0110]
speclooptripcount_ln0 (speclooptripcount) [ 0000]
x_2                   (add              ) [ 0000]
br_ln327              (br               ) [ 0000]
store_ln303           (store            ) [ 0000]
imgRgb_read           (read             ) [ 0000]
g                     (trunc            ) [ 0000]
b                     (partselect       ) [ 0000]
r                     (partselect       ) [ 0000]
zext_ln341            (zext             ) [ 0000]
lut_1_addr            (getelementptr    ) [ 0101]
zext_ln342            (zext             ) [ 0000]
lut_2_addr            (getelementptr    ) [ 0101]
zext_ln343            (zext             ) [ 0000]
lut_0_addr            (getelementptr    ) [ 0101]
specpipeline_ln331    (specpipeline     ) [ 0000]
specloopname_ln327    (specloopname     ) [ 0000]
lut_1_load            (load             ) [ 0000]
lut_2_load            (load             ) [ 0000]
lut_0_load            (load             ) [ 0000]
or_ln345_3_i          (bitconcatenate   ) [ 0000]
write_ln345           (write            ) [ 0000]
br_ln327              (br               ) [ 0000]
ret_ln0               (ret              ) [ 0000]
</LifeTime>

<model>

<comp_list>
<comp id="0" class="1000" name="empty">
<pin_list>
<pin id="1" dir="1" index="0" bw="1" slack="0"/>
</pin_list>
<bind>
<StgValue><ssdm name="empty"/></StgValue>
</bind>
</comp>

<comp id="2" class="1000" name="imgRgb">
<pin_list>
<pin id="3" dir="1" index="0" bw="1" slack="0"/>
</pin_list>
<bind>
<StgValue><ssdm name="imgRgb"/></StgValue>
</bind>
</comp>

<comp id="4" class="1000" name="lut_1">
<pin_list>
<pin id="5" dir="1" index="0" bw="1" slack="0"/>
</pin_list>
<bind>
<StgValue><ssdm name="lut_1"/><MemPortTyVec>1 3 </MemPortTyVec>
</StgValue>
</bind>
</comp>

<comp id="6" class="1000" name="lut_2">
<pin_list>
<pin id="7" dir="1" index="0" bw="1" slack="0"/>
</pin_list>
<bind>
<StgValue><ssdm name="lut_2"/><MemPortTyVec>1 3 </MemPortTyVec>
</StgValue>
</bind>
</comp>

<comp id="8" class="1000" name="lut_0">
<pin_list>
<pin id="9" dir="1" index="0" bw="1" slack="0"/>
</pin_list>
<bind>
<StgValue><ssdm name="lut_0"/><MemPortTyVec>1 3 </MemPortTyVec>
</StgValue>
</bind>
</comp>

<comp id="10" class="1000" name="imgGamma">
<pin_list>
<pin id="11" dir="1" index="0" bw="1" slack="0"/>
</pin_list>
<bind>
<StgValue><ssdm name="imgGamma"/></StgValue>
</bind>
</comp>

<comp id="12" class="1001" name="const_12">
<pin_list>
<pin id="13" dir="1" index="0" bw="1" slack="0"/>
</pin_list>
<bind>
<StgValue><ssdm name=""/></StgValue>
</bind>
</comp>

<comp id="14" class="1001" name="const_14">
<pin_list>
<pin id="15" dir="1" index="0" bw="1" slack="2147483647"/>
</pin_list>
<bind>
<StgValue><ssdm name="_ssdm_op_SpecInterface"/></StgValue>
</bind>
</comp>

<comp id="16" class="1001" name="const_16">
<pin_list>
<pin id="17" dir="1" index="0" bw="1" slack="2147483647"/>
</pin_list>
<bind>
<StgValue><ssdm name="empty_12"/></StgValue>
</bind>
</comp>

<comp id="18" class="1001" name="const_18">
<pin_list>
<pin id="19" dir="1" index="0" bw="1" slack="2147483647"/>
</pin_list>
<bind>
<StgValue><ssdm name=""/></StgValue>
</bind>
</comp>

<comp id="20" class="1001" name="const_20">
<pin_list>
<pin id="21" dir="1" index="0" bw="1" slack="2147483647"/>
</pin_list>
<bind>
<StgValue><ssdm name="empty_3"/></StgValue>
</bind>
</comp>

<comp id="22" class="1001" name="const_22">
<pin_list>
<pin id="23" dir="1" index="0" bw="1" slack="2147483647"/>
</pin_list>
<bind>
<StgValue><ssdm name=""/></StgValue>
</bind>
</comp>

<comp id="24" class="1001" name="const_24">
<pin_list>
<pin id="25" dir="1" index="0" bw="1" slack="0"/>
</pin_list>
<bind>
<StgValue><ssdm name="_ssdm_op_Read.ap_auto.i11"/></StgValue>
</bind>
</comp>

<comp id="26" class="1001" name="const_26">
<pin_list>
<pin id="27" dir="1" index="0" bw="1" slack="0"/>
</pin_list>
<bind>
<StgValue><ssdm name=""/></StgValue>
</bind>
</comp>

<comp id="28" class="1001" name="const_28">
<pin_list>
<pin id="29" dir="1" index="0" bw="1" slack="2147483647"/>
</pin_list>
<bind>
<StgValue><ssdm name="_ssdm_op_SpecLoopTripCount"/></StgValue>
</bind>
</comp>

<comp id="30" class="1001" name="const_30">
<pin_list>
<pin id="31" dir="1" index="0" bw="1" slack="2147483647"/>
</pin_list>
<bind>
<StgValue><ssdm name=""/></StgValue>
</bind>
</comp>

<comp id="32" class="1001" name="const_32">
<pin_list>
<pin id="33" dir="1" index="0" bw="1" slack="2147483647"/>
</pin_list>
<bind>
<StgValue><ssdm name=""/></StgValue>
</bind>
</comp>

<comp id="34" class="1001" name="const_34">
<pin_list>
<pin id="35" dir="1" index="0" bw="1" slack="0"/>
</pin_list>
<bind>
<StgValue><ssdm name=""/></StgValue>
</bind>
</comp>

<comp id="36" class="1001" name="const_36">
<pin_list>
<pin id="37" dir="1" index="0" bw="1" slack="0"/>
</pin_list>
<bind>
<StgValue><ssdm name=""/></StgValue>
</bind>
</comp>

<comp id="38" class="1001" name="const_38">
<pin_list>
<pin id="39" dir="1" index="0" bw="1" slack="0"/>
</pin_list>
<bind>
<StgValue><ssdm name="_ssdm_op_Read.ap_fifo.volatile.i30P0A"/></StgValue>
</bind>
</comp>

<comp id="40" class="1001" name="const_40">
<pin_list>
<pin id="41" dir="1" index="0" bw="1" slack="0"/>
</pin_list>
<bind>
<StgValue><ssdm name="_ssdm_op_PartSelect.i10.i30.i32.i32"/></StgValue>
</bind>
</comp>

<comp id="42" class="1001" name="const_42">
<pin_list>
<pin id="43" dir="1" index="0" bw="1" slack="0"/>
</pin_list>
<bind>
<StgValue><ssdm name=""/></StgValue>
</bind>
</comp>

<comp id="44" class="1001" name="const_44">
<pin_list>
<pin id="45" dir="1" index="0" bw="1" slack="0"/>
</pin_list>
<bind>
<StgValue><ssdm name=""/></StgValue>
</bind>
</comp>

<comp id="46" class="1001" name="const_46">
<pin_list>
<pin id="47" dir="1" index="0" bw="1" slack="0"/>
</pin_list>
<bind>
<StgValue><ssdm name=""/></StgValue>
</bind>
</comp>

<comp id="48" class="1001" name="const_48">
<pin_list>
<pin id="49" dir="1" index="0" bw="1" slack="0"/>
</pin_list>
<bind>
<StgValue><ssdm name=""/></StgValue>
</bind>
</comp>

<comp id="50" class="1001" name="const_50">
<pin_list>
<pin id="51" dir="1" index="0" bw="1" slack="2147483647"/>
</pin_list>
<bind>
<StgValue><ssdm name="_ssdm_op_SpecPipeline"/></StgValue>
</bind>
</comp>

<comp id="52" class="1001" name="const_52">
<pin_list>
<pin id="53" dir="1" index="0" bw="1" slack="2147483647"/>
</pin_list>
<bind>
<StgValue><ssdm name="_ssdm_op_SpecLoopName"/></StgValue>
</bind>
</comp>

<comp id="54" class="1001" name="const_54">
<pin_list>
<pin id="55" dir="1" index="0" bw="1" slack="2147483647"/>
</pin_list>
<bind>
<StgValue><ssdm name="empty_22"/></StgValue>
</bind>
</comp>

<comp id="56" class="1001" name="const_56">
<pin_list>
<pin id="57" dir="1" index="0" bw="1" slack="0"/>
</pin_list>
<bind>
<StgValue><ssdm name="_ssdm_op_BitConcatenate.i30.i10.i10.i10"/></StgValue>
</bind>
</comp>

<comp id="58" class="1001" name="const_58">
<pin_list>
<pin id="59" dir="1" index="0" bw="1" slack="0"/>
</pin_list>
<bind>
<StgValue><ssdm name="_ssdm_op_Write.ap_fifo.volatile.i30P0A"/></StgValue>
</bind>
</comp>

<comp id="60" class="1004" name="x_fu_60">
<pin_list>
<pin id="61" dir="0" index="0" bw="1" slack="0"/>
<pin id="62" dir="1" index="1" bw="11" slack="0"/>
</pin_list>
<bind>
<opcode="alloca(26) " fcode="alloca"/>
<opset="x/1 "/>
</bind>
</comp>

<comp id="64" class="1004" name="tmp_read_fu_64">
<pin_list>
<pin id="65" dir="0" index="0" bw="11" slack="0"/>
<pin id="66" dir="0" index="1" bw="11" slack="0"/>
<pin id="67" dir="1" index="2" bw="11" slack="0"/>
</pin_list>
<bind>
<opcode="read(1150) " fcode="read"/>
<opset="tmp/1 "/>
</bind>
</comp>

<comp id="70" class="1004" name="imgRgb_read_read_fu_70">
<pin_list>
<pin id="71" dir="0" index="0" bw="30" slack="0"/>
<pin id="72" dir="0" index="1" bw="30" slack="0"/>
<pin id="73" dir="1" index="2" bw="30" slack="0"/>
</pin_list>
<bind>
<opcode="read(1150) " fcode="read"/>
<opset="imgRgb_read/2 "/>
</bind>
</comp>

<comp id="76" class="1004" name="write_ln345_write_fu_76">
<pin_list>
<pin id="77" dir="0" index="0" bw="0" slack="0"/>
<pin id="78" dir="0" index="1" bw="30" slack="0"/>
<pin id="79" dir="0" index="2" bw="30" slack="0"/>
<pin id="80" dir="1" index="3" bw="0" slack="2147483647"/>
</pin_list>
<bind>
<opcode="write(1151) " fcode="write"/>
<opset="write_ln345/3 "/>
</bind>
</comp>

<comp id="83" class="1004" name="lut_1_addr_gep_fu_83">
<pin_list>
<pin id="84" dir="0" index="0" bw="10" slack="0"/>
<pin id="85" dir="0" index="1" bw="1" slack="0"/>
<pin id="86" dir="0" index="2" bw="10" slack="0"/>
<pin id="87" dir="1" index="3" bw="10" slack="0"/>
</pin_list>
<bind>
<opcode="getelementptr(29) " fcode="getelementptr"/>
<opset="lut_1_addr/2 "/>
</bind>
</comp>

<comp id="90" class="1004" name="grp_access_fu_90">
<pin_list>
<pin id="91" dir="0" index="0" bw="10" slack="0"/>
<pin id="92" dir="0" index="1" bw="10" slack="2147483647"/>
<pin id="93" dir="0" index="2" bw="0" slack="2147483647"/>
<pin id="94" dir="1" index="3" bw="10" slack="0"/>
</pin_list>
<bind>
<opcode="load(27) " fcode="load"/>
<opset="lut_1_load/2 "/>
</bind>
</comp>

<comp id="96" class="1004" name="lut_2_addr_gep_fu_96">
<pin_list>
<pin id="97" dir="0" index="0" bw="10" slack="0"/>
<pin id="98" dir="0" index="1" bw="1" slack="0"/>
<pin id="99" dir="0" index="2" bw="10" slack="0"/>
<pin id="100" dir="1" index="3" bw="10" slack="0"/>
</pin_list>
<bind>
<opcode="getelementptr(29) " fcode="getelementptr"/>
<opset="lut_2_addr/2 "/>
</bind>
</comp>

<comp id="103" class="1004" name="grp_access_fu_103">
<pin_list>
<pin id="104" dir="0" index="0" bw="10" slack="0"/>
<pin id="105" dir="0" index="1" bw="10" slack="2147483647"/>
<pin id="106" dir="0" index="2" bw="0" slack="2147483647"/>
<pin id="107" dir="1" index="3" bw="10" slack="0"/>
</pin_list>
<bind>
<opcode="load(27) " fcode="load"/>
<opset="lut_2_load/2 "/>
</bind>
</comp>

<comp id="109" class="1004" name="lut_0_addr_gep_fu_109">
<pin_list>
<pin id="110" dir="0" index="0" bw="10" slack="0"/>
<pin id="111" dir="0" index="1" bw="1" slack="0"/>
<pin id="112" dir="0" index="2" bw="10" slack="0"/>
<pin id="113" dir="1" index="3" bw="10" slack="0"/>
</pin_list>
<bind>
<opcode="getelementptr(29) " fcode="getelementptr"/>
<opset="lut_0_addr/2 "/>
</bind>
</comp>

<comp id="116" class="1004" name="grp_access_fu_116">
<pin_list>
<pin id="117" dir="0" index="0" bw="10" slack="0"/>
<pin id="118" dir="0" index="1" bw="10" slack="2147483647"/>
<pin id="119" dir="0" index="2" bw="0" slack="2147483647"/>
<pin id="120" dir="1" index="3" bw="10" slack="0"/>
</pin_list>
<bind>
<opcode="load(27) " fcode="load"/>
<opset="lut_0_load/2 "/>
</bind>
</comp>

<comp id="122" class="1004" name="store_ln303_store_fu_122">
<pin_list>
<pin id="123" dir="0" index="0" bw="1" slack="0"/>
<pin id="124" dir="0" index="1" bw="11" slack="0"/>
<pin id="125" dir="1" index="2" bw="0" slack="2147483647"/>
</pin_list>
<bind>
<opcode="store(28) " fcode="store"/>
<opset="store_ln303/1 "/>
</bind>
</comp>

<comp id="127" class="1004" name="x_1_load_fu_127">
<pin_list>
<pin id="128" dir="0" index="0" bw="11" slack="0"/>
<pin id="129" dir="1" index="1" bw="11" slack="0"/>
</pin_list>
<bind>
<opcode="load(27) " fcode="load"/>
<opset="x_1/1 "/>
</bind>
</comp>

<comp id="130" class="1004" name="icmp_ln327_fu_130">
<pin_list>
<pin id="131" dir="0" index="0" bw="11" slack="0"/>
<pin id="132" dir="0" index="1" bw="11" slack="0"/>
<pin id="133" dir="1" index="2" bw="1" slack="1"/>
</pin_list>
<bind>
<opcode="icmp(45) " fcode="icmp"/>
<opset="icmp_ln327/1 "/>
</bind>
</comp>

<comp id="136" class="1004" name="x_2_fu_136">
<pin_list>
<pin id="137" dir="0" index="0" bw="11" slack="0"/>
<pin id="138" dir="0" index="1" bw="1" slack="0"/>
<pin id="139" dir="1" index="2" bw="11" slack="0"/>
</pin_list>
<bind>
<opcode="add(8) " fcode="add"/>
<opset="x_2/1 "/>
</bind>
</comp>

<comp id="142" class="1004" name="store_ln303_store_fu_142">
<pin_list>
<pin id="143" dir="0" index="0" bw="11" slack="0"/>
<pin id="144" dir="0" index="1" bw="11" slack="0"/>
<pin id="145" dir="1" index="2" bw="0" slack="2147483647"/>
</pin_list>
<bind>
<opcode="store(28) " fcode="store"/>
<opset="store_ln303/1 "/>
</bind>
</comp>

<comp id="147" class="1004" name="g_fu_147">
<pin_list>
<pin id="148" dir="0" index="0" bw="30" slack="0"/>
<pin id="149" dir="1" index="1" bw="10" slack="0"/>
</pin_list>
<bind>
<opcode="trunc(33) " fcode="trunc"/>
<opset="g/2 "/>
</bind>
</comp>

<comp id="151" class="1004" name="b_fu_151">
<pin_list>
<pin id="152" dir="0" index="0" bw="10" slack="0"/>
<pin id="153" dir="0" index="1" bw="30" slack="0"/>
<pin id="154" dir="0" index="2" bw="5" slack="0"/>
<pin id="155" dir="0" index="3" bw="6" slack="0"/>
<pin id="156" dir="1" index="4" bw="10" slack="0"/>
</pin_list>
<bind>
<opcode="partselect(1002) " fcode="partselect"/>
<opset="b/2 "/>
</bind>
</comp>

<comp id="161" class="1004" name="r_fu_161">
<pin_list>
<pin id="162" dir="0" index="0" bw="10" slack="0"/>
<pin id="163" dir="0" index="1" bw="30" slack="0"/>
<pin id="164" dir="0" index="2" bw="6" slack="0"/>
<pin id="165" dir="0" index="3" bw="6" slack="0"/>
<pin id="166" dir="1" index="4" bw="10" slack="0"/>
</pin_list>
<bind>
<opcode="partselect(1002) " fcode="partselect"/>
<opset="r/2 "/>
</bind>
</comp>

<comp id="171" class="1004" name="zext_ln341_fu_171">
<pin_list>
<pin id="172" dir="0" index="0" bw="10" slack="0"/>
<pin id="173" dir="1" index="1" bw="64" slack="0"/>
</pin_list>
<bind>
<opcode="zext(34) " fcode="zext"/>
<opset="zext_ln341/2 "/>
</bind>
</comp>

<comp id="176" class="1004" name="zext_ln342_fu_176">
<pin_list>
<pin id="177" dir="0" index="0" bw="10" slack="0"/>
<pin id="178" dir="1" index="1" bw="64" slack="0"/>
</pin_list>
<bind>
<opcode="zext(34) " fcode="zext"/>
<opset="zext_ln342/2 "/>
</bind>
</comp>

<comp id="181" class="1004" name="zext_ln343_fu_181">
<pin_list>
<pin id="182" dir="0" index="0" bw="10" slack="0"/>
<pin id="183" dir="1" index="1" bw="64" slack="0"/>
</pin_list>
<bind>
<opcode="zext(34) " fcode="zext"/>
<opset="zext_ln343/2 "/>
</bind>
</comp>

<comp id="186" class="1004" name="or_ln345_3_i_fu_186">
<pin_list>
<pin id="187" dir="0" index="0" bw="30" slack="0"/>
<pin id="188" dir="0" index="1" bw="10" slack="0"/>
<pin id="189" dir="0" index="2" bw="10" slack="0"/>
<pin id="190" dir="0" index="3" bw="10" slack="0"/>
<pin id="191" dir="1" index="4" bw="30" slack="0"/>
</pin_list>
<bind>
<opcode="bitconcatenate(1004) " fcode="bitconcatenate"/>
<opset="or_ln345_3_i/3 "/>
</bind>
</comp>

<comp id="197" class="1005" name="x_reg_197">
<pin_list>
<pin id="198" dir="0" index="0" bw="11" slack="0"/>
<pin id="199" dir="1" index="1" bw="11" slack="0"/>
</pin_list>
<bind>
<opset="x "/>
</bind>
</comp>

<comp id="204" class="1005" name="icmp_ln327_reg_204">
<pin_list>
<pin id="205" dir="0" index="0" bw="1" slack="1"/>
<pin id="206" dir="1" index="1" bw="1" slack="2147483647"/>
</pin_list>
<bind>
<opset="icmp_ln327 "/>
</bind>
</comp>

<comp id="208" class="1005" name="lut_1_addr_reg_208">
<pin_list>
<pin id="209" dir="0" index="0" bw="10" slack="1"/>
<pin id="210" dir="1" index="1" bw="10" slack="1"/>
</pin_list>
<bind>
<opset="lut_1_addr "/>
</bind>
</comp>

<comp id="213" class="1005" name="lut_2_addr_reg_213">
<pin_list>
<pin id="214" dir="0" index="0" bw="10" slack="1"/>
<pin id="215" dir="1" index="1" bw="10" slack="1"/>
</pin_list>
<bind>
<opset="lut_2_addr "/>
</bind>
</comp>

<comp id="218" class="1005" name="lut_0_addr_reg_218">
<pin_list>
<pin id="219" dir="0" index="0" bw="10" slack="1"/>
<pin id="220" dir="1" index="1" bw="10" slack="1"/>
</pin_list>
<bind>
<opset="lut_0_addr "/>
</bind>
</comp>

</comp_list>

<net_list>
<net id="63"><net_src comp="12" pin="0"/><net_sink comp="60" pin=0"/></net>

<net id="68"><net_src comp="24" pin="0"/><net_sink comp="64" pin=0"/></net>

<net id="69"><net_src comp="0" pin="0"/><net_sink comp="64" pin=1"/></net>

<net id="74"><net_src comp="38" pin="0"/><net_sink comp="70" pin=0"/></net>

<net id="75"><net_src comp="2" pin="0"/><net_sink comp="70" pin=1"/></net>

<net id="81"><net_src comp="58" pin="0"/><net_sink comp="76" pin=0"/></net>

<net id="82"><net_src comp="10" pin="0"/><net_sink comp="76" pin=1"/></net>

<net id="88"><net_src comp="4" pin="0"/><net_sink comp="83" pin=0"/></net>

<net id="89"><net_src comp="34" pin="0"/><net_sink comp="83" pin=1"/></net>

<net id="95"><net_src comp="83" pin="3"/><net_sink comp="90" pin=0"/></net>

<net id="101"><net_src comp="6" pin="0"/><net_sink comp="96" pin=0"/></net>

<net id="102"><net_src comp="34" pin="0"/><net_sink comp="96" pin=1"/></net>

<net id="108"><net_src comp="96" pin="3"/><net_sink comp="103" pin=0"/></net>

<net id="114"><net_src comp="8" pin="0"/><net_sink comp="109" pin=0"/></net>

<net id="115"><net_src comp="34" pin="0"/><net_sink comp="109" pin=1"/></net>

<net id="121"><net_src comp="109" pin="3"/><net_sink comp="116" pin=0"/></net>

<net id="126"><net_src comp="26" pin="0"/><net_sink comp="122" pin=0"/></net>

<net id="134"><net_src comp="127" pin="1"/><net_sink comp="130" pin=0"/></net>

<net id="135"><net_src comp="64" pin="2"/><net_sink comp="130" pin=1"/></net>

<net id="140"><net_src comp="127" pin="1"/><net_sink comp="136" pin=0"/></net>

<net id="141"><net_src comp="36" pin="0"/><net_sink comp="136" pin=1"/></net>

<net id="146"><net_src comp="136" pin="2"/><net_sink comp="142" pin=0"/></net>

<net id="150"><net_src comp="70" pin="2"/><net_sink comp="147" pin=0"/></net>

<net id="157"><net_src comp="40" pin="0"/><net_sink comp="151" pin=0"/></net>

<net id="158"><net_src comp="70" pin="2"/><net_sink comp="151" pin=1"/></net>

<net id="159"><net_src comp="42" pin="0"/><net_sink comp="151" pin=2"/></net>

<net id="160"><net_src comp="44" pin="0"/><net_sink comp="151" pin=3"/></net>

<net id="167"><net_src comp="40" pin="0"/><net_sink comp="161" pin=0"/></net>

<net id="168"><net_src comp="70" pin="2"/><net_sink comp="161" pin=1"/></net>

<net id="169"><net_src comp="46" pin="0"/><net_sink comp="161" pin=2"/></net>

<net id="170"><net_src comp="48" pin="0"/><net_sink comp="161" pin=3"/></net>

<net id="174"><net_src comp="147" pin="1"/><net_sink comp="171" pin=0"/></net>

<net id="175"><net_src comp="171" pin="1"/><net_sink comp="83" pin=2"/></net>

<net id="179"><net_src comp="151" pin="4"/><net_sink comp="176" pin=0"/></net>

<net id="180"><net_src comp="176" pin="1"/><net_sink comp="96" pin=2"/></net>

<net id="184"><net_src comp="161" pin="4"/><net_sink comp="181" pin=0"/></net>

<net id="185"><net_src comp="181" pin="1"/><net_sink comp="109" pin=2"/></net>

<net id="192"><net_src comp="56" pin="0"/><net_sink comp="186" pin=0"/></net>

<net id="193"><net_src comp="116" pin="3"/><net_sink comp="186" pin=1"/></net>

<net id="194"><net_src comp="103" pin="3"/><net_sink comp="186" pin=2"/></net>

<net id="195"><net_src comp="90" pin="3"/><net_sink comp="186" pin=3"/></net>

<net id="196"><net_src comp="186" pin="4"/><net_sink comp="76" pin=2"/></net>

<net id="200"><net_src comp="60" pin="1"/><net_sink comp="197" pin=0"/></net>

<net id="201"><net_src comp="197" pin="1"/><net_sink comp="122" pin=1"/></net>

<net id="202"><net_src comp="197" pin="1"/><net_sink comp="127" pin=0"/></net>

<net id="203"><net_src comp="197" pin="1"/><net_sink comp="142" pin=1"/></net>

<net id="207"><net_src comp="130" pin="2"/><net_sink comp="204" pin=0"/></net>

<net id="211"><net_src comp="83" pin="3"/><net_sink comp="208" pin=0"/></net>

<net id="212"><net_src comp="208" pin="1"/><net_sink comp="90" pin=0"/></net>

<net id="216"><net_src comp="96" pin="3"/><net_sink comp="213" pin=0"/></net>

<net id="217"><net_src comp="213" pin="1"/><net_sink comp="103" pin=0"/></net>

<net id="221"><net_src comp="109" pin="3"/><net_sink comp="218" pin=0"/></net>

<net id="222"><net_src comp="218" pin="1"/><net_sink comp="116" pin=0"/></net>

</net_list>

</model> 
---------------- Datapath Model END ------------------

* FSMD analyzer results:
  - Output states:
	Port: imgGamma | {3 }
 - Input state : 
	Port: Gamma_Pipeline_VITIS_LOOP_327_4 : empty | {1 }
	Port: Gamma_Pipeline_VITIS_LOOP_327_4 : imgRgb | {2 }
	Port: Gamma_Pipeline_VITIS_LOOP_327_4 : lut_1 | {2 3 }
	Port: Gamma_Pipeline_VITIS_LOOP_327_4 : lut_2 | {2 3 }
	Port: Gamma_Pipeline_VITIS_LOOP_327_4 : lut_0 | {2 3 }
  - Chain level:
	State 1
		store_ln303 : 1
		x_1 : 1
		icmp_ln327 : 2
		x_2 : 2
		br_ln327 : 3
		store_ln303 : 3
	State 2
		zext_ln341 : 1
		lut_1_addr : 2
		lut_1_load : 3
		zext_ln342 : 1
		lut_2_addr : 2
		lut_2_load : 3
		zext_ln343 : 1
		lut_0_addr : 2
		lut_0_load : 3
	State 3
		or_ln345_3_i : 1
		write_ln345 : 2


============================================================
+ Verbose Summary: Datapath Resource usage 
============================================================

* Functional unit list:
|----------|-------------------------|---------|---------|
| Operation|     Functional Unit     |    FF   |   LUT   |
|----------|-------------------------|---------|---------|
|   icmp   |    icmp_ln327_fu_130    |    0    |    18   |
|----------|-------------------------|---------|---------|
|    add   |        x_2_fu_136       |    0    |    18   |
|----------|-------------------------|---------|---------|
|   read   |      tmp_read_fu_64     |    0    |    0    |
|          |  imgRgb_read_read_fu_70 |    0    |    0    |
|----------|-------------------------|---------|---------|
|   write  | write_ln345_write_fu_76 |    0    |    0    |
|----------|-------------------------|---------|---------|
|   trunc  |         g_fu_147        |    0    |    0    |
|----------|-------------------------|---------|---------|
|partselect|         b_fu_151        |    0    |    0    |
|          |         r_fu_161        |    0    |    0    |
|----------|-------------------------|---------|---------|
|          |    zext_ln341_fu_171    |    0    |    0    |
|   zext   |    zext_ln342_fu_176    |    0    |    0    |
|          |    zext_ln343_fu_181    |    0    |    0    |
|----------|-------------------------|---------|---------|
|bitconcatenate|   or_ln345_3_i_fu_186   |    0    |    0    |
|----------|-------------------------|---------|---------|
|   Total  |                         |    0    |    36   |
|----------|-------------------------|---------|---------|

Memories:
N/A

* Register list:
+------------------+--------+
|                  |   FF   |
+------------------+--------+
|icmp_ln327_reg_204|    1   |
|lut_0_addr_reg_218|   10   |
|lut_1_addr_reg_208|   10   |
|lut_2_addr_reg_213|   10   |
|     x_reg_197    |   11   |
+------------------+--------+
|       Total      |   42   |
+------------------+--------+

* Multiplexer (MUX) list: 
|-------------------|------|------|------|--------||---------||---------||---------|
|        Comp       |  Pin | Size |  BW  | S x BW ||  Delay  ||    FF   ||   LUT   |
|-------------------|------|------|------|--------||---------||---------||---------|
|  grp_access_fu_90 |  p0  |   2  |  10  |   20   ||    0    ||    9    |
| grp_access_fu_103 |  p0  |   2  |  10  |   20   ||    0    ||    9    |
| grp_access_fu_116 |  p0  |   2  |  10  |   20   ||    0    ||    9    |
|-------------------|------|------|------|--------||---------||---------||---------|
|       Total       |      |      |      |   60   ||  1.467  ||    0    ||    27   |
|-------------------|------|------|------|--------||---------||---------||---------|



* Summary:
+-----------+--------+--------+--------+
|           |  Delay |   FF   |   LUT  |
+-----------+--------+--------+--------+
|  Function |    -   |    0   |   36   |
|   Memory  |    -   |    -   |    -   |
|Multiplexer|    1   |    0   |   27   |
|  Register |    -   |   42   |    -   |
+-----------+--------+--------+--------+
|   Total   |    1   |   42   |   63   |
+-----------+--------+--------+--------+
