

================================================================
== Vitis HLS Report for 'MultiPixStream2AXIvideo_Pipeline_VITIS_LOOP_258_2'
================================================================
* Date:           Thu Nov 13 19:31:37 2025

* Version:        2024.2 (Build 5238294 on Nov  8 2024)
* Project:        prj
* Solution:       sol (Vivado IP Flow Target)
* Product family: zynquplus
* Target device:  xczu2cg-sfvc784-1-e


================================================================
== Performance Estimates
================================================================
+ Timing: 
    * Summary: 
    +--------+---------+----------+------------+
    |  Clock |  Target | Estimated| Uncertainty|
    +--------+---------+----------+------------+
    |ap_clk  |  6.67 ns|  2.921 ns|     1.80 ns|
    +--------+---------+----------+------------+

+ Latency: 
    * Summary: 
    +---------+---------+----------+-----------+-----+------+------------------------------------------------+
    |  Latency (cycles) |  Latency (absolute)  |  Interval  |                    Pipeline                    |
    |   min   |   max   |    min   |    max    | min |  max |                      Type                      |
    +---------+---------+----------+-----------+-----+------+------------------------------------------------+
    |       67|     1923|  0.447 us|  12.821 us|   65|  1921|  loop auto-rewind stp (delay=0 clock cycles(s))|
    +---------+---------+----------+-----------+-----+------+------------------------------------------------+

    + Detail: 
        * Instance: 
        N/A

        * Loop: 
        +--------------------+---------+---------+----------+-----------+-----------+-----------+----------+
        |                    |  Latency (cycles) | Iteration|  Initiation Interval  |    Trip   |          |
        |      Loop Name     |   min   |   max   |  Latency |  achieved |   target  |   Count   | Pipelined|
        +--------------------+---------+---------+----------+-----------+-----------+-----------+----------+
        |- VITIS_LOOP_258_2  |       65|     1921|         2|          1|          1|  64 ~ 1920|       yes|
        +--------------------+---------+---------+----------+-----------+-----------+-----------+----------+

============================================================
+ Verbose Summary: Synthesis Manager
============================================================
InlineROM: 1
ExposeGlobal: 0
============================================================
+ Verbose Summary: CDFG Model
============================================================
IsTopModel: 0
ResetActiveHigh: 1
IsCombinational: 0
IsDatapathOnly: 0
HasWiredReturn: 1
HasMFsm: 2
HasVarLatency: 1
IsPipeline: 0
IsRtlPipelined: 0
IsInstanceOverlapped: 0
IsDontTouch: 0
HasImplIP: 0
IsGatedGlobalClock: 0

+ Individual pipeline summary: 
  * Pipeline-0: initiation interval (II) = 1, depth = 2


============================================================
+ Verbose Summary: Schedule
============================================================
* Number of FSM states : 2
* Pipeline : 1
  Pipeline-0 : II = 1, D = 2, States = { 1 2 }
* Dataflow Pipeline: 0

* FSM state transitions: 
1 --> 2 
2 --> 

* FSM state operations: 

State 1 <SV = 0> <Delay = 1.92>
ST_1 : Operation 5 [1/1] (0.00ns)   --->   "%j = alloca i32 1" [E:/Dev/QianSai/mipi_dp_vivado/mipi_dp.runs/design_1_v_gamma_lut_0_0_synth_1/prj/sol/.autopilot/db/v_gamma_lut.cpp:258->E:/Dev/QianSai/mipi_dp_vivado/mipi_dp.runs/design_1_v_gamma_lut_0_0_synth_1/prj/sol/.autopilot/db/v_gamma_lut.cpp:148]   --->   Operation 5 'alloca' 'j' <Predicate = true> <Delay = 0.00>
ST_1 : Operation 6 [1/1] (0.00ns)   --->   "%specaxissidechannel_ln0 = specaxissidechannel void @_ssdm_op_SpecAXISSideChannel, i32 %m_axis_video_V_data_V, i4 %m_axis_video_V_keep_V, i4 %m_axis_video_V_strb_V, i1 %m_axis_video_V_user_V, i1 %m_axis_video_V_last_V, i1 %m_axis_video_V_id_V, i1 %m_axis_video_V_dest_V, void @empty_13"   --->   Operation 6 'specaxissidechannel' 'specaxissidechannel_ln0' <Predicate = true> <Delay = 0.00>
ST_1 : Operation 7 [1/1] (0.00ns)   --->   "%specinterface_ln0 = specinterface void @_ssdm_op_SpecInterface, i32 %m_axis_video_V_data_V, i4 %m_axis_video_V_keep_V, i4 %m_axis_video_V_strb_V, i1 %m_axis_video_V_user_V, i1 %m_axis_video_V_last_V, i1 %m_axis_video_V_id_V, i1 %m_axis_video_V_dest_V, void @empty_11, i32 0, i32 0, void @empty_0, i32 0, i32 0, void @empty_3, void @empty_3, void @empty_3, i32 0, i32 0, i32 0, i32 0, void @empty_3, void @empty_3, i32 4294967295, i32 0, i32 0"   --->   Operation 7 'specinterface' 'specinterface_ln0' <Predicate = true> <Delay = 0.00>
ST_1 : Operation 8 [1/1] (0.00ns)   --->   "%specinterface_ln0 = specinterface void @_ssdm_op_SpecInterface, i30 %imgGamma, void @empty_12, i32 0, i32 0, void @empty_3, i32 0, i32 0, void @empty_3, void @empty_3, void @empty_3, i32 0, i32 0, i32 0, i32 0, void @empty_3, void @empty_3, i32 4294967295, i32 0, i32 0"   --->   Operation 8 'specinterface' 'specinterface_ln0' <Predicate = true> <Delay = 0.00>
ST_1 : Operation 9 [1/1] (0.00ns)   --->   "%sub_i_i_i_read = read i11 @_ssdm_op_Read.ap_auto.i11, i11 %sub_i_i_i"   --->   Operation 9 'read' 'sub_i_i_i_read' <Predicate = true> <Delay = 0.00>
ST_1 : Operation 10 [1/1] (0.00ns)   --->   "%tmp = read i11 @_ssdm_op_Read.ap_auto.i11, i11 %empty"   --->   Operation 10 'read' 'tmp' <Predicate = true> <Delay = 0.00>
ST_1 : Operation 11 [1/1] (0.00ns)   --->   "%sof_read = read i1 @_ssdm_op_Read.ap_auto.i1, i1 %sof"   --->   Operation 11 'read' 'sof_read' <Predicate = true> <Delay = 0.00>
ST_1 : Operation 12 [1/1] (0.48ns)   --->   "%store_ln258 = store i11 0, i11 %j" [E:/Dev/QianSai/mipi_dp_vivado/mipi_dp.runs/design_1_v_gamma_lut_0_0_synth_1/prj/sol/.autopilot/db/v_gamma_lut.cpp:258->E:/Dev/QianSai/mipi_dp_vivado/mipi_dp.runs/design_1_v_gamma_lut_0_0_synth_1/prj/sol/.autopilot/db/v_gamma_lut.cpp:148]   --->   Operation 12 'store' 'store_ln258' <Predicate = true> <Delay = 0.48>
ST_1 : Operation 13 [1/1] (0.48ns)   --->   "%br_ln258 = br void %for.body10.i" [E:/Dev/QianSai/mipi_dp_vivado/mipi_dp.runs/design_1_v_gamma_lut_0_0_synth_1/prj/sol/.autopilot/db/v_gamma_lut.cpp:258->E:/Dev/QianSai/mipi_dp_vivado/mipi_dp.runs/design_1_v_gamma_lut_0_0_synth_1/prj/sol/.autopilot/db/v_gamma_lut.cpp:148]   --->   Operation 13 'br' 'br_ln258' <Predicate = true> <Delay = 0.48>
ST_1 : Operation 14 [1/1] (0.00ns)   --->   "%j_1 = load i11 %j" [E:/Dev/QianSai/mipi_dp_vivado/mipi_dp.runs/design_1_v_gamma_lut_0_0_synth_1/prj/sol/.autopilot/db/v_gamma_lut.cpp:258->E:/Dev/QianSai/mipi_dp_vivado/mipi_dp.runs/design_1_v_gamma_lut_0_0_synth_1/prj/sol/.autopilot/db/v_gamma_lut.cpp:148]   --->   Operation 14 'load' 'j_1' <Predicate = true> <Delay = 0.00>
ST_1 : Operation 15 [1/1] (0.94ns)   --->   "%icmp_ln258 = icmp_eq  i11 %j_1, i11 %tmp" [E:/Dev/QianSai/mipi_dp_vivado/mipi_dp.runs/design_1_v_gamma_lut_0_0_synth_1/prj/sol/.autopilot/db/v_gamma_lut.cpp:258->E:/Dev/QianSai/mipi_dp_vivado/mipi_dp.runs/design_1_v_gamma_lut_0_0_synth_1/prj/sol/.autopilot/db/v_gamma_lut.cpp:148]   --->   Operation 15 'icmp' 'icmp_ln258' <Predicate = true> <Delay = 0.94> <CoreInst = "Cmp">   --->   Core 9 'Cmp' <Latency = 0> <II = 1> <Delay = 0.94> <FuncUnit> <Opcode : 'seteq' 'setne' 'setle' 'setge' 'setlt' 'setgt'> <InPorts = 2> <OutPorts = 1>
ST_1 : Operation 16 [1/1] (0.94ns)   --->   "%j_2 = add i11 %j_1, i11 1" [E:/Dev/QianSai/mipi_dp_vivado/mipi_dp.runs/design_1_v_gamma_lut_0_0_synth_1/prj/sol/.autopilot/db/v_gamma_lut.cpp:258->E:/Dev/QianSai/mipi_dp_vivado/mipi_dp.runs/design_1_v_gamma_lut_0_0_synth_1/prj/sol/.autopilot/db/v_gamma_lut.cpp:148]   --->   Operation 16 'add' 'j_2' <Predicate = true> <Delay = 0.94> <CoreInst = "Adder">   --->   Core 1 'Adder' <Latency = 0> <II = 1> <Delay = 0.94> <FuncUnit> <Opcode : 'add' 'sub'> <InPorts = 2> <OutPorts = 1>
ST_1 : Operation 17 [1/1] (0.00ns)   --->   "%br_ln258 = br i1 %icmp_ln258, void %for.body10.split.i, void %for.inc45.loopexit.i.exitStub" [E:/Dev/QianSai/mipi_dp_vivado/mipi_dp.runs/design_1_v_gamma_lut_0_0_synth_1/prj/sol/.autopilot/db/v_gamma_lut.cpp:258->E:/Dev/QianSai/mipi_dp_vivado/mipi_dp.runs/design_1_v_gamma_lut_0_0_synth_1/prj/sol/.autopilot/db/v_gamma_lut.cpp:148]   --->   Operation 17 'br' 'br_ln258' <Predicate = true> <Delay = 0.00>
ST_1 : Operation 18 [1/1] (0.94ns)   --->   "%axi_last = icmp_eq  i11 %sub_i_i_i_read, i11 %j_1" [E:/Dev/QianSai/mipi_dp_vivado/mipi_dp.runs/design_1_v_gamma_lut_0_0_synth_1/prj/sol/.autopilot/db/v_gamma_lut.cpp:268->E:/Dev/QianSai/mipi_dp_vivado/mipi_dp.runs/design_1_v_gamma_lut_0_0_synth_1/prj/sol/.autopilot/db/v_gamma_lut.cpp:148]   --->   Operation 18 'icmp' 'axi_last' <Predicate = (!icmp_ln258)> <Delay = 0.94> <CoreInst = "Cmp">   --->   Core 9 'Cmp' <Latency = 0> <II = 1> <Delay = 0.94> <FuncUnit> <Opcode : 'seteq' 'setne' 'setle' 'setge' 'setlt' 'setgt'> <InPorts = 2> <OutPorts = 1>
ST_1 : Operation 19 [1/1] (0.48ns)   --->   "%store_ln258 = store i11 %j_2, i11 %j" [E:/Dev/QianSai/mipi_dp_vivado/mipi_dp.runs/design_1_v_gamma_lut_0_0_synth_1/prj/sol/.autopilot/db/v_gamma_lut.cpp:258->E:/Dev/QianSai/mipi_dp_vivado/mipi_dp.runs/design_1_v_gamma_lut_0_0_synth_1/prj/sol/.autopilot/db/v_gamma_lut.cpp:148]   --->   Operation 19 'store' 'store_ln258' <Predicate = (!icmp_ln258)> <Delay = 0.48>
ST_1 : Operation 20 [1/1] (0.00ns)   --->   "%br_ln258 = br void %for.body10.i" [E:/Dev/QianSai/mipi_dp_vivado/mipi_dp.runs/design_1_v_gamma_lut_0_0_synth_1/prj/sol/.autopilot/db/v_gamma_lut.cpp:258->E:/Dev/QianSai/mipi_dp_vivado/mipi_dp.runs/design_1_v_gamma_lut_0_0_synth_1/prj/sol/.autopilot/db/v_gamma_lut.cpp:148]   --->   Operation 20 'br' 'br_ln258' <Predicate = (!icmp_ln258)> <Delay = 0.00>

State 2 <SV = 1> <Delay = 2.92>
ST_2 : Operation 21 [1/1] (0.00ns)   --->   "%sof_2 = phi i1 %sof_read, void %newFuncRoot, i1 0, void %for.body10.split.i"   --->   Operation 21 'phi' 'sof_2' <Predicate = true> <Delay = 0.00>
ST_2 : Operation 22 [1/1] (0.00ns)   --->   "%speclooptripcount_ln0 = speclooptripcount void @_ssdm_op_SpecLoopTripCount, i64 64, i64 1920, i64 0"   --->   Operation 22 'speclooptripcount' 'speclooptripcount_ln0' <Predicate = true> <Delay = 0.00>
ST_2 : Operation 23 [1/1] (0.00ns)   --->   "%specpipeline_ln261 = specpipeline void @_ssdm_op_SpecPipeline, i32 1, i32 0, i32 0, i32 0, void @empty_3" [E:/Dev/QianSai/mipi_dp_vivado/mipi_dp.runs/design_1_v_gamma_lut_0_0_synth_1/prj/sol/.autopilot/db/v_gamma_lut.cpp:261->E:/Dev/QianSai/mipi_dp_vivado/mipi_dp.runs/design_1_v_gamma_lut_0_0_synth_1/prj/sol/.autopilot/db/v_gamma_lut.cpp:148]   --->   Operation 23 'specpipeline' 'specpipeline_ln261' <Predicate = (!icmp_ln258)> <Delay = 0.00>
ST_2 : Operation 24 [1/1] (0.00ns)   --->   "%specloopname_ln258 = specloopname void @_ssdm_op_SpecLoopName, void @empty_19" [E:/Dev/QianSai/mipi_dp_vivado/mipi_dp.runs/design_1_v_gamma_lut_0_0_synth_1/prj/sol/.autopilot/db/v_gamma_lut.cpp:258->E:/Dev/QianSai/mipi_dp_vivado/mipi_dp.runs/design_1_v_gamma_lut_0_0_synth_1/prj/sol/.autopilot/db/v_gamma_lut.cpp:148]   --->   Operation 24 'specloopname' 'specloopname_ln258' <Predicate = (!icmp_ln258)> <Delay = 0.00>
ST_2 : Operation 25 [1/1] ( I:2.25ns O:2.25ns )   --->   "%axi_data = read i30 @_ssdm_op_Read.ap_fifo.volatile.i30P0A, i30 %imgGamma" [E:/Dev/QianSai/mipi_dp_vivado/mipi_dp.runs/design_1_v_gamma_lut_0_0_synth_1/prj/sol/.autopilot/db/v_gamma_lut.cpp:273->E:/Dev/QianSai/mipi_dp_vivado/mipi_dp.runs/design_1_v_gamma_lut_0_0_synth_1/prj/sol/.autopilot/db/v_gamma_lut.cpp:148]   --->   Operation 25 'read' 'axi_data' <Predicate = (!icmp_ln258)> <Delay = 2.25> <CoreInst = "FIFO_SRL">   --->   Core 80 'FIFO_SRL' <Latency = 0> <II = 1> <Delay = 2.25> <Storage> <Opcode : 'read' 'write' 'nbread' 'nbwrite'> <Ports = 0> <Width = 30> <Depth = 16> <FIFO>
ST_2 : Operation 26 [1/1] (0.00ns)   --->   "%zext_ln286 = zext i30 %axi_data" [E:/Dev/QianSai/mipi_dp_vivado/mipi_dp.runs/design_1_v_gamma_lut_0_0_synth_1/prj/sol/.autopilot/db/v_gamma_lut.cpp:286->E:/Dev/QianSai/mipi_dp_vivado/mipi_dp.runs/design_1_v_gamma_lut_0_0_synth_1/prj/sol/.autopilot/db/v_gamma_lut.cpp:148]   --->   Operation 26 'zext' 'zext_ln286' <Predicate = (!icmp_ln258)> <Delay = 0.00>
ST_2 : Operation 27 [1/1] (0.66ns)   --->   "%write_ln286 = write void @_ssdm_op_Write.axis.volatile.i32P0A.i4P0A.i4P0A.i1P0A.i1P0A.i1P0A.i1P0A, i32 %m_axis_video_V_data_V, i4 %m_axis_video_V_keep_V, i4 %m_axis_video_V_strb_V, i1 %m_axis_video_V_user_V, i1 %m_axis_video_V_last_V, i1 %m_axis_video_V_id_V, i1 %m_axis_video_V_dest_V, i32 %zext_ln286, i4 15, i4 0, i1 %sof_2, i1 %axi_last, i1 0, i1 0" [E:/Dev/QianSai/mipi_dp_vivado/mipi_dp.runs/design_1_v_gamma_lut_0_0_synth_1/prj/sol/.autopilot/db/v_gamma_lut.cpp:286->E:/Dev/QianSai/mipi_dp_vivado/mipi_dp.runs/design_1_v_gamma_lut_0_0_synth_1/prj/sol/.autopilot/db/v_gamma_lut.cpp:148]   --->   Operation 27 'write' 'write_ln286' <Predicate = (!icmp_ln258)> <Delay = 0.66> <CoreInst = "regslice">   --->   Core 147 'regslice' <Latency = 0> <II = 1> <Delay = 0.90> <Adapter> <Opcode : 'read' 'write'>
ST_2 : Operation 28 [1/1] (0.48ns)   --->   "%ret_ln0 = ret"   --->   Operation 28 'ret' 'ret_ln0' <Predicate = (icmp_ln258)> <Delay = 0.48>


============================================================
+ Verbose Summary: Timing violations
============================================================
Target clock period: 6.667ns, clock uncertainty: 1.800ns.

 <State 1>: 1.926ns
The critical path consists of the following:
	'store' operation 0 bit ('store_ln258', E:/Dev/QianSai/mipi_dp_vivado/mipi_dp.runs/design_1_v_gamma_lut_0_0_synth_1/prj/sol/.autopilot/db/v_gamma_lut.cpp:258->E:/Dev/QianSai/mipi_dp_vivado/mipi_dp.runs/design_1_v_gamma_lut_0_0_synth_1/prj/sol/.autopilot/db/v_gamma_lut.cpp:148) of constant 0 on local variable 'j', E:/Dev/QianSai/mipi_dp_vivado/mipi_dp.runs/design_1_v_gamma_lut_0_0_synth_1/prj/sol/.autopilot/db/v_gamma_lut.cpp:258->E:/Dev/QianSai/mipi_dp_vivado/mipi_dp.runs/design_1_v_gamma_lut_0_0_synth_1/prj/sol/.autopilot/db/v_gamma_lut.cpp:148 [19]  (0.489 ns)
	'load' operation 11 bit ('j', E:/Dev/QianSai/mipi_dp_vivado/mipi_dp.runs/design_1_v_gamma_lut_0_0_synth_1/prj/sol/.autopilot/db/v_gamma_lut.cpp:258->E:/Dev/QianSai/mipi_dp_vivado/mipi_dp.runs/design_1_v_gamma_lut_0_0_synth_1/prj/sol/.autopilot/db/v_gamma_lut.cpp:148) on local variable 'j', E:/Dev/QianSai/mipi_dp_vivado/mipi_dp.runs/design_1_v_gamma_lut_0_0_synth_1/prj/sol/.autopilot/db/v_gamma_lut.cpp:258->E:/Dev/QianSai/mipi_dp_vivado/mipi_dp.runs/design_1_v_gamma_lut_0_0_synth_1/prj/sol/.autopilot/db/v_gamma_lut.cpp:148 [23]  (0.000 ns)
	'icmp' operation 1 bit ('icmp_ln258', E:/Dev/QianSai/mipi_dp_vivado/mipi_dp.runs/design_1_v_gamma_lut_0_0_synth_1/prj/sol/.autopilot/db/v_gamma_lut.cpp:258->E:/Dev/QianSai/mipi_dp_vivado/mipi_dp.runs/design_1_v_gamma_lut_0_0_synth_1/prj/sol/.autopilot/db/v_gamma_lut.cpp:148) [24]  (0.948 ns)
	'store' operation 0 bit ('store_ln258', E:/Dev/QianSai/mipi_dp_vivado/mipi_dp.runs/design_1_v_gamma_lut_0_0_synth_1/prj/sol/.autopilot/db/v_gamma_lut.cpp:258->E:/Dev/QianSai/mipi_dp_vivado/mipi_dp.runs/design_1_v_gamma_lut_0_0_synth_1/prj/sol/.autopilot/db/v_gamma_lut.cpp:148) of variable 'j', E:/Dev/QianSai/mipi_dp_vivado/mipi_dp.runs/design_1_v_gamma_lut_0_0_synth_1/prj/sol/.autopilot/db/v_gamma_lut.cpp:258->E:/Dev/QianSai/mipi_dp_vivado/mipi_dp.runs/design_1_v_gamma_lut_0_0_synth_1/prj/sol/.autopilot/db/v_gamma_lut.cpp:148 on local variable 'j', E:/Dev/QianSai/mipi_dp_vivado/mipi_dp.runs/design_1_v_gamma_lut_0_0_synth_1/prj/sol/.autopilot/db/v_gamma_lut.cpp:258->E:/Dev/QianSai/mipi_dp_vivado/mipi_dp.runs/design_1_v_gamma_lut_0_0_synth_1/prj/sol/.autopilot/db/v_gamma_lut.cpp:148 [35]  (0.489 ns)

 <State 2>: 2.921ns
The critical path consists of the following:
	fifo read operation ('axi.data', E:/Dev/QianSai/mipi_dp_vivado/mipi_dp.runs/design_1_v_gamma_lut_0_0_synth_1/prj/sol/.autopilot/db/v_gamma_lut.cpp:273->E:/Dev/QianSai/mipi_dp_vivado/mipi_dp.runs/design_1_v_gamma_lut_0_0_synth_1/prj/sol/.autopilot/db/v_gamma_lut.cpp:148) on port 'imgGamma' (E:/Dev/QianSai/mipi_dp_vivado/mipi_dp.runs/design_1_v_gamma_lut_0_0_synth_1/prj/sol/.autopilot/db/v_gamma_lut.cpp:273->E:/Dev/QianSai/mipi_dp_vivado/mipi_dp.runs/design_1_v_gamma_lut_0_0_synth_1/prj/sol/.autopilot/db/v_gamma_lut.cpp:148) [32]  (2.256 ns)
	axis write operation ('write_ln286', E:/Dev/QianSai/mipi_dp_vivado/mipi_dp.runs/design_1_v_gamma_lut_0_0_synth_1/prj/sol/.autopilot/db/v_gamma_lut.cpp:286->E:/Dev/QianSai/mipi_dp_vivado/mipi_dp.runs/design_1_v_gamma_lut_0_0_synth_1/prj/sol/.autopilot/db/v_gamma_lut.cpp:148) on port 'm_axis_video_V_data_V' (E:/Dev/QianSai/mipi_dp_vivado/mipi_dp.runs/design_1_v_gamma_lut_0_0_synth_1/prj/sol/.autopilot/db/v_gamma_lut.cpp:286->E:/Dev/QianSai/mipi_dp_vivado/mipi_dp.runs/design_1_v_gamma_lut_0_0_synth_1/prj/sol/.autopilot/db/v_gamma_lut.cpp:148) [34]  (0.665 ns)


============================================================
+ Verbose Summary: Binding
============================================================
N/A
* FSMD analyzer results:
  - Output states:
 - Input state : 
  - Chain level:
	State 1
	State 2


============================================================
+ Verbose Summary: Datapath Resource usage 
============================================================
N/A
