

================================================================
== Vitis HLS Report for 'MultiPixStream2AXIvideo'
================================================================
* Date:           Thu Nov 13 19:36:43 2025

* Version:        2024.2 (Build 5238294 on Nov  8 2024)
* Project:        prj
* Solution:       sol (Vivado IP Flow Target)
* Product family: zynquplus
* Target device:  xczu2cg-sfvc784-1-e


================================================================
== Performance Estimates
================================================================
+ Timing: 
    * Summary: 
    +--------+---------+----------+------------+
    |  Clock |  Target | Estimated| Uncertainty|
    +--------+---------+----------+------------+
    |ap_clk  |  6.67 ns|  2.921 ns|     1.80 ns|
    +--------+---------+----------+------------+

+ Latency: 
    * Summary: 
    +---------+---------+-----------+-----------+------+---------+---------+
    |  Latency (cycles) |   Latency (absolute)  |    Interval    | Pipeline|
    |   min   |   max   |    min    |    max    |  min |   max   |   Type  |
    +---------+---------+-----------+-----------+------+---------+---------+
    |     4418|  2079002|  29.455 us|  13.861 ms|  4418|  2079002|       no|
    +---------+---------+-----------+-----------+------+---------+---------+

    + Detail: 
        * Instance: 
        N/A

        * Loop: 
        +--------------------+---------+---------+-----------+-----------+-----------+-----------+----------+
        |                    |  Latency (cycles) | Iteration |  Initiation Interval  |    Trip   |          |
        |      Loop Name     |   min   |   max   |  Latency  |  achieved |   target  |   Count   | Pipelined|
        +--------------------+---------+---------+-----------+-----------+-----------+-----------+----------+
        |- VITIS_LOOP_256_1  |     4416|  2079000|  69 ~ 1925|          -|          -|  64 ~ 1080|        no|
        +--------------------+---------+---------+-----------+-----------+-----------+-----------+----------+

============================================================
+ Verbose Summary: Synthesis Manager
============================================================
InlineROM: 1
ExposeGlobal: 0
============================================================
+ Verbose Summary: CDFG Model
============================================================
IsTopModel: 0
ResetActiveHigh: 1
IsCombinational: 2
IsDatapathOnly: 0
HasWiredReturn: 1
HasMFsm: 0
HasVarLatency: 1
IsPipeline: 0
IsRtlPipelined: 0
IsInstanceOverlapped: 0
IsDontTouch: 0
HasImplIP: 0
IsGatedGlobalClock: 0


============================================================
+ Verbose Summary: Schedule
============================================================
* Number of FSM states : 4
* Pipeline : 0
* Dataflow Pipeline: 0

* FSM state transitions: 
1 --> 2 
2 --> 3 4 
3 --> 2 
4 --> 

* FSM state operations: 

State 1 <SV = 0> <Delay = 0.94>
ST_1 : Operation 5 [1/1] (0.00ns)   --->   "%i = alloca i32 1" [E:/Dev/QianSai/mipi_dp_vivado/mipi_dp.runs/design_1_v_gamma_lut_1_0_synth_1/prj/sol/.autopilot/db/v_gamma_lut.cpp:256->E:/Dev/QianSai/mipi_dp_vivado/mipi_dp.runs/design_1_v_gamma_lut_1_0_synth_1/prj/sol/.autopilot/db/v_gamma_lut.cpp:148]   --->   Operation 5 'alloca' 'i' <Predicate = true> <Delay = 0.00>
ST_1 : Operation 6 [1/1] (0.00ns)   --->   "%specstablecontent_ln0 = specstablecontent void @_ssdm_op_SpecStableContent, i16 %height, void "   --->   Operation 6 'specstablecontent' 'specstablecontent_ln0' <Predicate = true> <Delay = 0.00>
ST_1 : Operation 7 [1/1] (0.00ns)   --->   "%specstablecontent_ln0 = specstablecontent void @_ssdm_op_SpecStableContent, i16 %width, void "   --->   Operation 7 'specstablecontent' 'specstablecontent_ln0' <Predicate = true> <Delay = 0.00>
ST_1 : Operation 8 [1/1] (0.00ns)   --->   "%rows = read i16 @_ssdm_op_Read.ap_auto.i16P0A, i16 %height" [E:/Dev/QianSai/mipi_dp_vivado/mipi_dp.runs/design_1_v_gamma_lut_1_0_synth_1/prj/sol/.autopilot/db/v_gamma_lut.cpp:132]   --->   Operation 8 'read' 'rows' <Predicate = true> <Delay = 0.00>
ST_1 : Operation 9 [1/1] (0.00ns)   --->   "%cols = read i16 @_ssdm_op_Read.ap_auto.i16P0A, i16 %width" [E:/Dev/QianSai/mipi_dp_vivado/mipi_dp.runs/design_1_v_gamma_lut_1_0_synth_1/prj/sol/.autopilot/db/v_gamma_lut.cpp:132]   --->   Operation 9 'read' 'cols' <Predicate = true> <Delay = 0.00>
ST_1 : Operation 10 [1/1] (0.00ns)   --->   "%empty = trunc i16 %cols" [E:/Dev/QianSai/mipi_dp_vivado/mipi_dp.runs/design_1_v_gamma_lut_1_0_synth_1/prj/sol/.autopilot/db/v_gamma_lut.cpp:132]   --->   Operation 10 'trunc' 'empty' <Predicate = true> <Delay = 0.00>
ST_1 : Operation 11 [1/1] (0.00ns)   --->   "%empty_52 = trunc i16 %rows" [E:/Dev/QianSai/mipi_dp_vivado/mipi_dp.runs/design_1_v_gamma_lut_1_0_synth_1/prj/sol/.autopilot/db/v_gamma_lut.cpp:132]   --->   Operation 11 'trunc' 'empty_52' <Predicate = true> <Delay = 0.00>
ST_1 : Operation 12 [1/1] (0.00ns)   --->   "%specaxissidechannel_ln0 = specaxissidechannel void @_ssdm_op_SpecAXISSideChannel, i32 %m_axis_video_V_data_V, i4 %m_axis_video_V_keep_V, i4 %m_axis_video_V_strb_V, i1 %m_axis_video_V_user_V, i1 %m_axis_video_V_last_V, i1 %m_axis_video_V_id_V, i1 %m_axis_video_V_dest_V, void @empty_13"   --->   Operation 12 'specaxissidechannel' 'specaxissidechannel_ln0' <Predicate = true> <Delay = 0.00>
ST_1 : Operation 13 [1/1] (0.00ns)   --->   "%specinterface_ln0 = specinterface void @_ssdm_op_SpecInterface, i30 %imgGamma, void @empty_12, i32 0, i32 0, void @empty_3, i32 0, i32 0, void @empty_3, void @empty_3, void @empty_3, i32 0, i32 0, i32 0, i32 0, void @empty_3, void @empty_3, i32 4294967295, i32 0, i32 0"   --->   Operation 13 'specinterface' 'specinterface_ln0' <Predicate = true> <Delay = 0.00>
ST_1 : Operation 14 [1/1] (0.00ns)   --->   "%specinterface_ln0 = specinterface void @_ssdm_op_SpecInterface, i1 %m_axis_video_V_dest_V, i1 %m_axis_video_V_id_V, i1 %m_axis_video_V_last_V, i1 %m_axis_video_V_user_V, i4 %m_axis_video_V_strb_V, i4 %m_axis_video_V_keep_V, i32 %m_axis_video_V_data_V, void @empty_11, i32 1, i32 1, void @empty_0, i32 0, i32 0, void @empty_3, void @empty_3, void @empty_3, i32 0, i32 0, i32 0, i32 0, void @empty_3, void @empty_3, i32 4294967295, i32 0, i32 0"   --->   Operation 14 'specinterface' 'specinterface_ln0' <Predicate = true> <Delay = 0.00>
ST_1 : Operation 15 [1/1] (0.94ns)   --->   "%sub_i_i_i = add i11 %empty, i11 2047" [E:/Dev/QianSai/mipi_dp_vivado/mipi_dp.runs/design_1_v_gamma_lut_1_0_synth_1/prj/sol/.autopilot/db/v_gamma_lut.cpp:132]   --->   Operation 15 'add' 'sub_i_i_i' <Predicate = true> <Delay = 0.94> <CoreInst = "Adder">   --->   Core 1 'Adder' <Latency = 0> <II = 1> <Delay = 0.94> <FuncUnit> <Opcode : 'add' 'sub'> <InPorts = 2> <OutPorts = 1>
ST_1 : Operation 16 [1/1] (0.48ns)   --->   "%store_ln256 = store i11 0, i11 %i" [E:/Dev/QianSai/mipi_dp_vivado/mipi_dp.runs/design_1_v_gamma_lut_1_0_synth_1/prj/sol/.autopilot/db/v_gamma_lut.cpp:256->E:/Dev/QianSai/mipi_dp_vivado/mipi_dp.runs/design_1_v_gamma_lut_1_0_synth_1/prj/sol/.autopilot/db/v_gamma_lut.cpp:148]   --->   Operation 16 'store' 'store_ln256' <Predicate = true> <Delay = 0.48>
ST_1 : Operation 17 [1/1] (0.48ns)   --->   "%br_ln256 = br void %VITIS_LOOP_258_2.i" [E:/Dev/QianSai/mipi_dp_vivado/mipi_dp.runs/design_1_v_gamma_lut_1_0_synth_1/prj/sol/.autopilot/db/v_gamma_lut.cpp:256->E:/Dev/QianSai/mipi_dp_vivado/mipi_dp.runs/design_1_v_gamma_lut_1_0_synth_1/prj/sol/.autopilot/db/v_gamma_lut.cpp:148]   --->   Operation 17 'br' 'br_ln256' <Predicate = true> <Delay = 0.48>

State 2 <SV = 1> <Delay = 2.38>
ST_2 : Operation 18 [1/1] (0.00ns)   --->   "%sof = phi i1 1, void %entry, i1 0, void %VITIS_LOOP_258_2.split.i"   --->   Operation 18 'phi' 'sof' <Predicate = true> <Delay = 0.00>
ST_2 : Operation 19 [1/1] (0.00ns)   --->   "%i_1 = load i11 %i" [E:/Dev/QianSai/mipi_dp_vivado/mipi_dp.runs/design_1_v_gamma_lut_1_0_synth_1/prj/sol/.autopilot/db/v_gamma_lut.cpp:256->E:/Dev/QianSai/mipi_dp_vivado/mipi_dp.runs/design_1_v_gamma_lut_1_0_synth_1/prj/sol/.autopilot/db/v_gamma_lut.cpp:148]   --->   Operation 19 'load' 'i_1' <Predicate = true> <Delay = 0.00>
ST_2 : Operation 20 [1/1] (0.94ns)   --->   "%icmp_ln256 = icmp_eq  i11 %i_1, i11 %empty_52" [E:/Dev/QianSai/mipi_dp_vivado/mipi_dp.runs/design_1_v_gamma_lut_1_0_synth_1/prj/sol/.autopilot/db/v_gamma_lut.cpp:256->E:/Dev/QianSai/mipi_dp_vivado/mipi_dp.runs/design_1_v_gamma_lut_1_0_synth_1/prj/sol/.autopilot/db/v_gamma_lut.cpp:148]   --->   Operation 20 'icmp' 'icmp_ln256' <Predicate = true> <Delay = 0.94> <CoreInst = "Cmp">   --->   Core 9 'Cmp' <Latency = 0> <II = 1> <Delay = 0.94> <FuncUnit> <Opcode : 'seteq' 'setne' 'setle' 'setge' 'setlt' 'setgt'> <InPorts = 2> <OutPorts = 1>
ST_2 : Operation 21 [1/1] (0.00ns)   --->   "%speclooptripcount_ln0 = speclooptripcount void @_ssdm_op_SpecLoopTripCount, i64 64, i64 1080, i64 0"   --->   Operation 21 'speclooptripcount' 'speclooptripcount_ln0' <Predicate = true> <Delay = 0.00>
ST_2 : Operation 22 [1/1] (0.94ns)   --->   "%i_2 = add i11 %i_1, i11 1" [E:/Dev/QianSai/mipi_dp_vivado/mipi_dp.runs/design_1_v_gamma_lut_1_0_synth_1/prj/sol/.autopilot/db/v_gamma_lut.cpp:256->E:/Dev/QianSai/mipi_dp_vivado/mipi_dp.runs/design_1_v_gamma_lut_1_0_synth_1/prj/sol/.autopilot/db/v_gamma_lut.cpp:148]   --->   Operation 22 'add' 'i_2' <Predicate = true> <Delay = 0.94> <CoreInst = "Adder">   --->   Core 1 'Adder' <Latency = 0> <II = 1> <Delay = 0.94> <FuncUnit> <Opcode : 'add' 'sub'> <InPorts = 2> <OutPorts = 1>
ST_2 : Operation 23 [1/1] (0.00ns)   --->   "%br_ln256 = br i1 %icmp_ln256, void %VITIS_LOOP_258_2.split.i, void %MultiPixStream2AXIvideo.exit" [E:/Dev/QianSai/mipi_dp_vivado/mipi_dp.runs/design_1_v_gamma_lut_1_0_synth_1/prj/sol/.autopilot/db/v_gamma_lut.cpp:256->E:/Dev/QianSai/mipi_dp_vivado/mipi_dp.runs/design_1_v_gamma_lut_1_0_synth_1/prj/sol/.autopilot/db/v_gamma_lut.cpp:148]   --->   Operation 23 'br' 'br_ln256' <Predicate = true> <Delay = 0.00>
ST_2 : Operation 24 [2/2] (1.43ns)   --->   "%call_ln132 = call void @MultiPixStream2AXIvideo_Pipeline_VITIS_LOOP_258_2, i1 %sof, i11 %empty, i11 %sub_i_i_i, i30 %imgGamma, i32 %m_axis_video_V_data_V, i4 %m_axis_video_V_keep_V, i4 %m_axis_video_V_strb_V, i1 %m_axis_video_V_user_V, i1 %m_axis_video_V_last_V, i1 %m_axis_video_V_id_V, i1 %m_axis_video_V_dest_V" [E:/Dev/QianSai/mipi_dp_vivado/mipi_dp.runs/design_1_v_gamma_lut_1_0_synth_1/prj/sol/.autopilot/db/v_gamma_lut.cpp:132]   --->   Operation 24 'call' 'call_ln132' <Predicate = (!icmp_ln256)> <Delay = 1.43> <CoreType = "Generic">   --->   Generic Core
ST_2 : Operation 25 [1/1] (0.48ns)   --->   "%store_ln256 = store i11 %i_2, i11 %i" [E:/Dev/QianSai/mipi_dp_vivado/mipi_dp.runs/design_1_v_gamma_lut_1_0_synth_1/prj/sol/.autopilot/db/v_gamma_lut.cpp:256->E:/Dev/QianSai/mipi_dp_vivado/mipi_dp.runs/design_1_v_gamma_lut_1_0_synth_1/prj/sol/.autopilot/db/v_gamma_lut.cpp:148]   --->   Operation 25 'store' 'store_ln256' <Predicate = (!icmp_ln256)> <Delay = 0.48>

State 3 <SV = 2> <Delay = 2.92>
ST_3 : Operation 26 [1/1] (0.00ns)   --->   "%specloopname_ln256 = specloopname void @_ssdm_op_SpecLoopName, void @empty_20" [E:/Dev/QianSai/mipi_dp_vivado/mipi_dp.runs/design_1_v_gamma_lut_1_0_synth_1/prj/sol/.autopilot/db/v_gamma_lut.cpp:256->E:/Dev/QianSai/mipi_dp_vivado/mipi_dp.runs/design_1_v_gamma_lut_1_0_synth_1/prj/sol/.autopilot/db/v_gamma_lut.cpp:148]   --->   Operation 26 'specloopname' 'specloopname_ln256' <Predicate = true> <Delay = 0.00>
ST_3 : Operation 27 [1/2] (2.92ns)   --->   "%call_ln132 = call void @MultiPixStream2AXIvideo_Pipeline_VITIS_LOOP_258_2, i1 %sof, i11 %empty, i11 %sub_i_i_i, i30 %imgGamma, i32 %m_axis_video_V_data_V, i4 %m_axis_video_V_keep_V, i4 %m_axis_video_V_strb_V, i1 %m_axis_video_V_user_V, i1 %m_axis_video_V_last_V, i1 %m_axis_video_V_id_V, i1 %m_axis_video_V_dest_V" [E:/Dev/QianSai/mipi_dp_vivado/mipi_dp.runs/design_1_v_gamma_lut_1_0_synth_1/prj/sol/.autopilot/db/v_gamma_lut.cpp:132]   --->   Operation 27 'call' 'call_ln132' <Predicate = true> <Delay = 2.92> <CoreType = "Generic">   --->   Generic Core
ST_3 : Operation 28 [1/1] (0.00ns)   --->   "%br_ln256 = br void %VITIS_LOOP_258_2.i" [E:/Dev/QianSai/mipi_dp_vivado/mipi_dp.runs/design_1_v_gamma_lut_1_0_synth_1/prj/sol/.autopilot/db/v_gamma_lut.cpp:256->E:/Dev/QianSai/mipi_dp_vivado/mipi_dp.runs/design_1_v_gamma_lut_1_0_synth_1/prj/sol/.autopilot/db/v_gamma_lut.cpp:148]   --->   Operation 28 'br' 'br_ln256' <Predicate = true> <Delay = 0.00>

State 4 <SV = 3> <Delay = 0.00>
ST_4 : Operation 29 [1/1] (0.00ns)   --->   "%ret_ln148 = ret" [E:/Dev/QianSai/mipi_dp_vivado/mipi_dp.runs/design_1_v_gamma_lut_1_0_synth_1/prj/sol/.autopilot/db/v_gamma_lut.cpp:148]   --->   Operation 29 'ret' 'ret_ln148' <Predicate = true> <Delay = 0.00>


============================================================
+ Verbose Summary: Timing violations
============================================================
Target clock period: 6.667ns, clock uncertainty: 1.800ns.

 <State 1>: 0.948ns
The critical path consists of the following:
	wire read operation ('cols', E:/Dev/QianSai/mipi_dp_vivado/mipi_dp.runs/design_1_v_gamma_lut_1_0_synth_1/prj/sol/.autopilot/db/v_gamma_lut.cpp:132) on port 'width' (E:/Dev/QianSai/mipi_dp_vivado/mipi_dp.runs/design_1_v_gamma_lut_1_0_synth_1/prj/sol/.autopilot/db/v_gamma_lut.cpp:132) [15]  (0.000 ns)
	'add' operation 11 bit ('sub_i_i_i', E:/Dev/QianSai/mipi_dp_vivado/mipi_dp.runs/design_1_v_gamma_lut_1_0_synth_1/prj/sol/.autopilot/db/v_gamma_lut.cpp:132) [21]  (0.948 ns)

 <State 2>: 2.385ns
The critical path consists of the following:
	'load' operation 11 bit ('i', E:/Dev/QianSai/mipi_dp_vivado/mipi_dp.runs/design_1_v_gamma_lut_1_0_synth_1/prj/sol/.autopilot/db/v_gamma_lut.cpp:256->E:/Dev/QianSai/mipi_dp_vivado/mipi_dp.runs/design_1_v_gamma_lut_1_0_synth_1/prj/sol/.autopilot/db/v_gamma_lut.cpp:148) on local variable 'i', E:/Dev/QianSai/mipi_dp_vivado/mipi_dp.runs/design_1_v_gamma_lut_1_0_synth_1/prj/sol/.autopilot/db/v_gamma_lut.cpp:256->E:/Dev/QianSai/mipi_dp_vivado/mipi_dp.runs/design_1_v_gamma_lut_1_0_synth_1/prj/sol/.autopilot/db/v_gamma_lut.cpp:148 [26]  (0.000 ns)
	'icmp' operation 1 bit ('icmp_ln256', E:/Dev/QianSai/mipi_dp_vivado/mipi_dp.runs/design_1_v_gamma_lut_1_0_synth_1/prj/sol/.autopilot/db/v_gamma_lut.cpp:256->E:/Dev/QianSai/mipi_dp_vivado/mipi_dp.runs/design_1_v_gamma_lut_1_0_synth_1/prj/sol/.autopilot/db/v_gamma_lut.cpp:148) [27]  (0.948 ns)
	'call' operation 0 bit ('call_ln132', E:/Dev/QianSai/mipi_dp_vivado/mipi_dp.runs/design_1_v_gamma_lut_1_0_synth_1/prj/sol/.autopilot/db/v_gamma_lut.cpp:132) to 'MultiPixStream2AXIvideo_Pipeline_VITIS_LOOP_258_2' [33]  (1.437 ns)

 <State 3>: 2.921ns
The critical path consists of the following:
	'call' operation 0 bit ('call_ln132', E:/Dev/QianSai/mipi_dp_vivado/mipi_dp.runs/design_1_v_gamma_lut_1_0_synth_1/prj/sol/.autopilot/db/v_gamma_lut.cpp:132) to 'MultiPixStream2AXIvideo_Pipeline_VITIS_LOOP_258_2' [33]  (2.921 ns)

 <State 4>: 0.000ns
The critical path consists of the following:


============================================================
+ Verbose Summary: Binding
============================================================
N/A
* FSMD analyzer results:
  - Output states:
 - Input state : 
  - Chain level:
	State 1
	State 2
	State 3
	State 4


============================================================
+ Verbose Summary: Datapath Resource usage 
============================================================
N/A
